{
  "C:/Users/Рома/perfumer/src/context/AuthContext.jsx": {
    "path": "C:/Users/Рома/perfumer/src/context/AuthContext.jsx",
    "statementMap": {
      "0": {
        "start": {
          "line": 2,
          "column": 9
        },
        "end": {
          "line": 2,
          "column": 23
        }
      },
      "1": {
        "start": {
          "line": 2,
          "column": 31
        },
        "end": {
          "line": 2,
          "column": 45
        }
      },
      "2": {
        "start": {
          "line": 4,
          "column": 27
        },
        "end": {
          "line": 4,
          "column": 42
        }
      },
      "3": {
        "start": {
          "line": 6,
          "column": 2
        },
        "end": {
          "line": 6,
          "column": 7
        }
      },
      "4": {
        "start": {
          "line": 7,
          "column": 26
        },
        "end": {
          "line": 11,
          "column": 4
        }
      },
      "5": {
        "start": {
          "line": 8,
          "column": 22
        },
        "end": {
          "line": 8,
          "column": 50
        }
      },
      "6": {
        "start": {
          "line": 9,
          "column": 23
        },
        "end": {
          "line": 9,
          "column": 52
        }
      },
      "7": {
        "start": {
          "line": 10,
          "column": 4
        },
        "end": {
          "line": 10,
          "column": 78
        }
      },
      "8": {
        "start": {
          "line": 12,
          "column": 21
        },
        "end": {
          "line": 12,
          "column": 34
        }
      },
      "9": {
        "start": {
          "line": 13,
          "column": 2
        },
        "end": {
          "line": 22,
          "column": 13
        }
      },
      "10": {
        "start": {
          "line": 14,
          "column": 4
        },
        "end": {
          "line": 21,
          "column": 5
        }
      },
      "11": {
        "start": {
          "line": 15,
          "column": 40
        },
        "end": {
          "line": 15,
          "column": 44
        }
      },
      "12": {
        "start": {
          "line": 16,
          "column": 6
        },
        "end": {
          "line": 16,
          "column": 64
        }
      },
      "13": {
        "start": {
          "line": 17,
          "column": 6
        },
        "end": {
          "line": 17,
          "column": 43
        }
      },
      "14": {
        "start": {
          "line": 19,
          "column": 6
        },
        "end": {
          "line": 19,
          "column": 38
        }
      },
      "15": {
        "start": {
          "line": 20,
          "column": 6
        },
        "end": {
          "line": 20,
          "column": 39
        }
      },
      "16": {
        "start": {
          "line": 23,
          "column": 16
        },
        "end": {
          "line": 51,
          "column": 3
        }
      },
      "17": {
        "start": {
          "line": 24,
          "column": 4
        },
        "end": {
          "line": 50,
          "column": 5
        }
      },
      "18": {
        "start": {
          "line": 25,
          "column": 22
        },
        "end": {
          "line": 25,
          "column": 50
        }
      },
      "19": {
        "start": {
          "line": 26,
          "column": 23
        },
        "end": {
          "line": 32,
          "column": 8
        }
      },
      "20": {
        "start": {
          "line": 33,
          "column": 19
        },
        "end": {
          "line": 33,
          "column": 40
        }
      },
      "21": {
        "start": {
          "line": 34,
          "column": 6
        },
        "end": {
          "line": 47,
          "column": 7
        }
      },
      "22": {
        "start": {
          "line": 35,
          "column": 8
        },
        "end": {
          "line": 35,
          "column": 50
        }
      },
      "23": {
        "start": {
          "line": 36,
          "column": 8
        },
        "end": {
          "line": 39,
          "column": 10
        }
      },
      "24": {
        "start": {
          "line": 40,
          "column": 8
        },
        "end": {
          "line": 40,
          "column": 48
        }
      },
      "25": {
        "start": {
          "line": 41,
          "column": 8
        },
        "end": {
          "line": 41,
          "column": 33
        }
      },
      "26": {
        "start": {
          "line": 43,
          "column": 8
        },
        "end": {
          "line": 46,
          "column": 10
        }
      },
      "27": {
        "start": {
          "line": 49,
          "column": 6
        },
        "end": {
          "line": 49,
          "column": 56
        }
      },
      "28": {
        "start": {
          "line": 52,
          "column": 19
        },
        "end": {
          "line": 78,
          "column": 3
        }
      },
      "29": {
        "start": {
          "line": 53,
          "column": 4
        },
        "end": {
          "line": 77,
          "column": 5
        }
      },
      "30": {
        "start": {
          "line": 54,
          "column": 22
        },
        "end": {
          "line": 54,
          "column": 50
        }
      },
      "31": {
        "start": {
          "line": 55,
          "column": 23
        },
        "end": {
          "line": 59,
          "column": 8
        }
      },
      "32": {
        "start": {
          "line": 60,
          "column": 19
        },
        "end": {
          "line": 60,
          "column": 40
        }
      },
      "33": {
        "start": {
          "line": 61,
          "column": 6
        },
        "end": {
          "line": 74,
          "column": 7
        }
      },
      "34": {
        "start": {
          "line": 62,
          "column": 8
        },
        "end": {
          "line": 62,
          "column": 50
        }
      },
      "35": {
        "start": {
          "line": 63,
          "column": 8
        },
        "end": {
          "line": 66,
          "column": 10
        }
      },
      "36": {
        "start": {
          "line": 67,
          "column": 8
        },
        "end": {
          "line": 67,
          "column": 48
        }
      },
      "37": {
        "start": {
          "line": 68,
          "column": 8
        },
        "end": {
          "line": 68,
          "column": 33
        }
      },
      "38": {
        "start": {
          "line": 70,
          "column": 8
        },
        "end": {
          "line": 73,
          "column": 10
        }
      },
      "39": {
        "start": {
          "line": 76,
          "column": 6
        },
        "end": {
          "line": 76,
          "column": 56
        }
      },
      "40": {
        "start": {
          "line": 79,
          "column": 17
        },
        "end": {
          "line": 83,
          "column": 3
        }
      },
      "41": {
        "start": {
          "line": 80,
          "column": 4
        },
        "end": {
          "line": 80,
          "column": 18
        }
      },
      "42": {
        "start": {
          "line": 81,
          "column": 4
        },
        "end": {
          "line": 81,
          "column": 36
        }
      },
      "43": {
        "start": {
          "line": 82,
          "column": 4
        },
        "end": {
          "line": 82,
          "column": 37
        }
      },
      "44": {
        "start": {
          "line": 84,
          "column": 16
        },
        "end": {
          "line": 90,
          "column": 3
        }
      },
      "45": {
        "start": {
          "line": 91,
          "column": 2
        },
        "end": {
          "line": 95,
          "column": 11
        }
      },
      "46": {
        "start": {
          "line": 97,
          "column": 0
        },
        "end": {
          "line": 97,
          "column": 49
        }
      },
      "47": {
        "start": {
          "line": 98,
          "column": 0
        },
        "end": {
          "line": 98,
          "column": 18
        }
      },
      "48": {
        "start": {
          "line": 100,
          "column": 2
        },
        "end": {
          "line": 100,
          "column": 8
        }
      },
      "49": {
        "start": {
          "line": 101,
          "column": 18
        },
        "end": {
          "line": 101,
          "column": 41
        }
      },
      "50": {
        "start": {
          "line": 102,
          "column": 2
        },
        "end": {
          "line": 104,
          "column": 3
        }
      },
      "51": {
        "start": {
          "line": 103,
          "column": 4
        },
        "end": {
          "line": 103,
          "column": 67
        }
      },
      "52": {
        "start": {
          "line": 105,
          "column": 2
        },
        "end": {
          "line": 105,
          "column": 17
        }
      },
      "53": {
        "start": {
          "line": 107,
          "column": 0
        },
        "end": {
          "line": 107,
          "column": 45
        }
      },
      "54": {
        "start": {
          "line": 109,
          "column": 0
        },
        "end": {
          "line": 109,
          "column": 33
        }
      },
      "55": {
        "start": {
          "line": 111,
          "column": 20
        },
        "end": {
          "line": 111,
          "column": 97
        }
      },
      "56": {
        "start": {
          "line": 112,
          "column": 0
        },
        "end": {
          "line": 126,
          "column": 1
        }
      },
      "57": {
        "start": {
          "line": 113,
          "column": 2
        },
        "end": {
          "line": 117,
          "column": 3
        }
      },
      "58": {
        "start": {
          "line": 114,
          "column": 4
        },
        "end": {
          "line": 116,
          "column": 6
        }
      },
      "59": {
        "start": {
          "line": 118,
          "column": 2
        },
        "end": {
          "line": 125,
          "column": 5
        }
      },
      "60": {
        "start": {
          "line": 119,
          "column": 4
        },
        "end": {
          "line": 119,
          "column": 120
        }
      },
      "61": {
        "start": {
          "line": 120,
          "column": 4
        },
        "end": {
          "line": 124,
          "column": 7
        }
      },
      "62": {
        "start": {
          "line": 121,
          "column": 6
        },
        "end": {
          "line": 121,
          "column": 31
        }
      },
      "63": {
        "start": {
          "line": 121,
          "column": 24
        },
        "end": {
          "line": 121,
          "column": 31
        }
      },
      "64": {
        "start": {
          "line": 122,
          "column": 32
        },
        "end": {
          "line": 122,
          "column": 169
        }
      },
      "65": {
        "start": {
          "line": 123,
          "column": 6
        },
        "end": {
          "line": 123,
          "column": 75
        }
      },
      "66": {
        "start": {
          "line": 123,
          "column": 29
        },
        "end": {
          "line": 123,
          "column": 75
        }
      },
      "67": {
        "start": {
          "line": 128,
          "column": 2
        },
        "end": {
          "line": 128,
          "column": 99
        }
      },
      "68": {
        "start": {
          "line": 131,
          "column": 2
        },
        "end": {
          "line": 131,
          "column": 62
        }
      }
    },
    "fnMap": {
      "0": {
        "name": "AuthProvider",
        "decl": {
          "start": {
            "line": 5,
            "column": 16
          },
          "end": {
            "line": 5,
            "column": 28
          }
        },
        "loc": {
          "start": {
            "line": 5,
            "column": 43
          },
          "end": {
            "line": 96,
            "column": 1
          }
        },
        "line": 5
      },
      "1": {
        "name": "(anonymous_1)",
        "decl": {
          "start": {
            "line": 7,
            "column": 35
          },
          "end": {
            "line": 7,
            "column": 36
          }
        },
        "loc": {
          "start": {
            "line": 7,
            "column": 41
          },
          "end": {
            "line": 11,
            "column": 3
          }
        },
        "line": 7
      },
      "2": {
        "name": "(anonymous_2)",
        "decl": {
          "start": {
            "line": 13,
            "column": 12
          },
          "end": {
            "line": 13,
            "column": 13
          }
        },
        "loc": {
          "start": {
            "line": 13,
            "column": 18
          },
          "end": {
            "line": 22,
            "column": 3
          }
        },
        "line": 13
      },
      "3": {
        "name": "(anonymous_3)",
        "decl": {
          "start": {
            "line": 23,
            "column": 16
          },
          "end": {
            "line": 23,
            "column": 17
          }
        },
        "loc": {
          "start": {
            "line": 23,
            "column": 43
          },
          "end": {
            "line": 51,
            "column": 3
          }
        },
        "line": 23
      },
      "4": {
        "name": "(anonymous_4)",
        "decl": {
          "start": {
            "line": 52,
            "column": 19
          },
          "end": {
            "line": 52,
            "column": 20
          }
        },
        "loc": {
          "start": {
            "line": 52,
            "column": 52
          },
          "end": {
            "line": 78,
            "column": 3
          }
        },
        "line": 52
      },
      "5": {
        "name": "(anonymous_5)",
        "decl": {
          "start": {
            "line": 79,
            "column": 17
          },
          "end": {
            "line": 79,
            "column": 18
          }
        },
        "loc": {
          "start": {
            "line": 79,
            "column": 23
          },
          "end": {
            "line": 83,
            "column": 3
          }
        },
        "line": 79
      },
      "6": {
        "name": "useAuth",
        "decl": {
          "start": {
            "line": 99,
            "column": 16
          },
          "end": {
            "line": 99,
            "column": 23
          }
        },
        "loc": {
          "start": {
            "line": 99,
            "column": 26
          },
          "end": {
            "line": 106,
            "column": 1
          }
        },
        "line": 99
      },
      "7": {
        "name": "(anonymous_7)",
        "decl": {
          "start": {
            "line": 118,
            "column": 52
          },
          "end": {
            "line": 118,
            "column": 53
          }
        },
        "loc": {
          "start": {
            "line": 118,
            "column": 72
          },
          "end": {
            "line": 125,
            "column": 3
          }
        },
        "line": 118
      },
      "8": {
        "name": "(anonymous_8)",
        "decl": {
          "start": {
            "line": 120,
            "column": 27
          },
          "end": {
            "line": 120,
            "column": 28
          }
        },
        "loc": {
          "start": {
            "line": 120,
            "column": 44
          },
          "end": {
            "line": 124,
            "column": 5
          }
        },
        "line": 120
      },
      "9": {
        "name": "$RefreshReg$",
        "decl": {
          "start": {
            "line": 127,
            "column": 9
          },
          "end": {
            "line": 127,
            "column": 21
          }
        },
        "loc": {
          "start": {
            "line": 127,
            "column": 32
          },
          "end": {
            "line": 129,
            "column": 1
          }
        },
        "line": 127
      },
      "10": {
        "name": "$RefreshSig$",
        "decl": {
          "start": {
            "line": 130,
            "column": 9
          },
          "end": {
            "line": 130,
            "column": 21
          }
        },
        "loc": {
          "start": {
            "line": 130,
            "column": 24
          },
          "end": {
            "line": 132,
            "column": 1
          }
        },
        "line": 130
      }
    },
    "branchMap": {
      "0": {
        "loc": {
          "start": {
            "line": 10,
            "column": 11
          },
          "end": {
            "line": 10,
            "column": 77
          }
        },
        "type": "cond-expr",
        "locations": [
          {
            "start": {
              "line": 10,
              "column": 23
            },
            "end": {
              "line": 10,
              "column": 70
            }
          },
          {
            "start": {
              "line": 10,
              "column": 73
            },
            "end": {
              "line": 10,
              "column": 77
            }
          }
        ],
        "line": 10
      },
      "1": {
        "loc": {
          "start": {
            "line": 14,
            "column": 4
          },
          "end": {
            "line": 21,
            "column": 5
          }
        },
        "type": "if",
        "locations": [
          {
            "start": {
              "line": 14,
              "column": 4
            },
            "end": {
              "line": 21,
              "column": 5
            }
          },
          {
            "start": {
              "line": 18,
              "column": 11
            },
            "end": {
              "line": 21,
              "column": 5
            }
          }
        ],
        "line": 14
      },
      "2": {
        "loc": {
          "start": {
            "line": 14,
            "column": 8
          },
          "end": {
            "line": 14,
            "column": 26
          }
        },
        "type": "binary-expr",
        "locations": [
          {
            "start": {
              "line": 14,
              "column": 8
            },
            "end": {
              "line": 14,
              "column": 12
            }
          },
          {
            "start": {
              "line": 14,
              "column": 16
            },
            "end": {
              "line": 14,
              "column": 26
            }
          }
        ],
        "line": 14
      },
      "3": {
        "loc": {
          "start": {
            "line": 34,
            "column": 6
          },
          "end": {
            "line": 47,
            "column": 7
          }
        },
        "type": "if",
        "locations": [
          {
            "start": {
              "line": 34,
              "column": 6
            },
            "end": {
              "line": 47,
              "column": 7
            }
          },
          {
            "start": {
              "line": 42,
              "column": 13
            },
            "end": {
              "line": 47,
              "column": 7
            }
          }
        ],
        "line": 34
      },
      "4": {
        "loc": {
          "start": {
            "line": 45,
            "column": 19
          },
          "end": {
            "line": 45,
            "column": 66
          }
        },
        "type": "binary-expr",
        "locations": [
          {
            "start": {
              "line": 45,
              "column": 19
            },
            "end": {
              "line": 45,
              "column": 31
            }
          },
          {
            "start": {
              "line": 45,
              "column": 35
            },
            "end": {
              "line": 45,
              "column": 66
            }
          }
        ],
        "line": 45
      },
      "5": {
        "loc": {
          "start": {
            "line": 61,
            "column": 6
          },
          "end": {
            "line": 74,
            "column": 7
          }
        },
        "type": "if",
        "locations": [
          {
            "start": {
              "line": 61,
              "column": 6
            },
            "end": {
              "line": 74,
              "column": 7
            }
          },
          {
            "start": {
              "line": 69,
              "column": 13
            },
            "end": {
              "line": 74,
              "column": 7
            }
          }
        ],
        "line": 61
      },
      "6": {
        "loc": {
          "start": {
            "line": 72,
            "column": 19
          },
          "end": {
            "line": 72,
            "column": 55
          }
        },
        "type": "binary-expr",
        "locations": [
          {
            "start": {
              "line": 72,
              "column": 19
            },
            "end": {
              "line": 72,
              "column": 31
            }
          },
          {
            "start": {
              "line": 72,
              "column": 35
            },
            "end": {
              "line": 72,
              "column": 55
            }
          }
        ],
        "line": 72
      },
      "7": {
        "loc": {
          "start": {
            "line": 102,
            "column": 2
          },
          "end": {
            "line": 104,
            "column": 3
          }
        },
        "type": "if",
        "locations": [
          {
            "start": {
              "line": 102,
              "column": 2
            },
            "end": {
              "line": 104,
              "column": 3
            }
          },
          {
            "start": {},
            "end": {}
          }
        ],
        "line": 102
      },
      "8": {
        "loc": {
          "start": {
            "line": 111,
            "column": 20
          },
          "end": {
            "line": 111,
            "column": 97
          }
        },
        "type": "binary-expr",
        "locations": [
          {
            "start": {
              "line": 111,
              "column": 20
            },
            "end": {
              "line": 111,
              "column": 60
            }
          },
          {
            "start": {
              "line": 111,
              "column": 64
            },
            "end": {
              "line": 111,
              "column": 97
            }
          }
        ],
        "line": 111
      },
      "9": {
        "loc": {
          "start": {
            "line": 112,
            "column": 0
          },
          "end": {
            "line": 126,
            "column": 1
          }
        },
        "type": "if",
        "locations": [
          {
            "start": {
              "line": 112,
              "column": 0
            },
            "end": {
              "line": 126,
              "column": 1
            }
          },
          {
            "start": {},
            "end": {}
          }
        ],
        "line": 112
      },
      "10": {
        "loc": {
          "start": {
            "line": 112,
            "column": 4
          },
          "end": {
            "line": 112,
            "column": 35
          }
        },
        "type": "binary-expr",
        "locations": [
          {
            "start": {
              "line": 112,
              "column": 4
            },
            "end": {
              "line": 112,
              "column": 19
            }
          },
          {
            "start": {
              "line": 112,
              "column": 23
            },
            "end": {
              "line": 112,
              "column": 35
            }
          }
        ],
        "line": 112
      },
      "11": {
        "loc": {
          "start": {
            "line": 113,
            "column": 2
          },
          "end": {
            "line": 117,
            "column": 3
          }
        },
        "type": "if",
        "locations": [
          {
            "start": {
              "line": 113,
              "column": 2
            },
            "end": {
              "line": 117,
              "column": 3
            }
          },
          {
            "start": {},
            "end": {}
          }
        ],
        "line": 113
      },
      "12": {
        "loc": {
          "start": {
            "line": 121,
            "column": 6
          },
          "end": {
            "line": 121,
            "column": 31
          }
        },
        "type": "if",
        "locations": [
          {
            "start": {
              "line": 121,
              "column": 6
            },
            "end": {
              "line": 121,
              "column": 31
            }
          },
          {
            "start": {},
            "end": {}
          }
        ],
        "line": 121
      },
      "13": {
        "loc": {
          "start": {
            "line": 123,
            "column": 6
          },
          "end": {
            "line": 123,
            "column": 75
          }
        },
        "type": "if",
        "locations": [
          {
            "start": {
              "line": 123,
              "column": 6
            },
            "end": {
              "line": 123,
              "column": 75
            }
          },
          {
            "start": {},
            "end": {}
          }
        ],
        "line": 123
      }
    },
    "s": {
      "0": 3,
      "1": 3,
      "2": 3,
      "3": 6,
      "4": 6,
      "5": 6,
      "6": 6,
      "7": 6,
      "8": 6,
      "9": 6,
      "10": 6,
      "11": 0,
      "12": 0,
      "13": 0,
      "14": 6,
      "15": 6,
      "16": 6,
      "17": 0,
      "18": 0,
      "19": 0,
      "20": 0,
      "21": 0,
      "22": 0,
      "23": 0,
      "24": 0,
      "25": 0,
      "26": 0,
      "27": 0,
      "28": 6,
      "29": 0,
      "30": 0,
      "31": 0,
      "32": 0,
      "33": 0,
      "34": 0,
      "35": 0,
      "36": 0,
      "37": 0,
      "38": 0,
      "39": 0,
      "40": 6,
      "41": 0,
      "42": 0,
      "43": 0,
      "44": 6,
      "45": 6,
      "46": 3,
      "47": 3,
      "48": 254,
      "49": 254,
      "50": 254,
      "51": 0,
      "52": 254,
      "53": 3,
      "54": 3,
      "55": 3,
      "56": 3,
      "57": 3,
      "58": 0,
      "59": 3,
      "60": 3,
      "61": 3,
      "62": 0,
      "63": 0,
      "64": 0,
      "65": 0,
      "66": 0,
      "67": 3,
      "68": 6
    },
    "f": {
      "0": 6,
      "1": 6,
      "2": 6,
      "3": 0,
      "4": 0,
      "5": 0,
      "6": 254,
      "7": 3,
      "8": 0,
      "9": 3,
      "10": 6
    },
    "b": {
      "0": [
        0,
        6
      ],
      "1": [
        0,
        6
      ],
      "2": [
        6,
        0
      ],
      "3": [
        0,
        0
      ],
      "4": [
        0,
        0
      ],
      "5": [
        0,
        0
      ],
      "6": [
        0,
        0
      ],
      "7": [
        0,
        254
      ],
      "8": [
        3,
        0
      ],
      "9": [
        3,
        0
      ],
      "10": [
        3,
        3
      ],
      "11": [
        0,
        3
      ],
      "12": [
        0,
        0
      ],
      "13": [
        0,
        0
      ]
    },
    "inputSourceMap": {
      "version": 3,
      "mappings": "AAuGS;;AAvGT,OAAOA,SAASC,eAAeC,YAAYC,UAAUC,iBAAiB;AAE/D,aAAMC,cAAcJ,cAAc;AAElC,gBAASK,aAAa,EAAEC,SAAS,GAAG;AAAAC,KAAA;AACzC,QAAM,CAACC,MAAMC,OAAO,IAAIP,SAAS,MAAM;AACrC,UAAMQ,YAAYC,aAAaC,QAAQ,MAAM;AAC7C,UAAMC,aAAaF,aAAaC,QAAQ,OAAO;AAE/C,WAAOF,YAAY,EAAE,GAAGI,KAAKC,MAAML,SAAS,GAAGM,OAAOH,WAAW,IAAI;AAAA,EACvE,CAAC;AAED,QAAMI,aAAaT,SAAS;AAE5BL,YAAU,MAAM;AACd,QAAIK,QAAQA,KAAKQ,OAAO;AACtB,YAAM,EAAEA,OAAO,GAAGE,YAAY,IAAIV;AAClCG,mBAAaQ,QAAQ,QAAQL,KAAKM,UAAUF,WAAW,CAAC;AACxDP,mBAAaQ,QAAQ,SAASH,KAAK;AAAA,IACrC,OAAO;AACLL,mBAAaU,WAAW,MAAM;AAC9BV,mBAAaU,WAAW,OAAO;AAAA,IACjC;AAAA,EACF,GAAG,CAACb,IAAI,CAAC;AAET,QAAMc,QAAQ,OAAOC,OAAOC,aAAa;AACvC,QAAI;AACF,YAAMC,UAAUC,YAAYC,IAAIC;AAEhC,YAAMC,WAAW,MAAMC,MAAM,GAAGL,OAAO,oBAAoB;AAAA,QACzDM,QAAQ;AAAA,QACRC,SAAS;AAAA,UACP,gBAAgB;AAAA,QAClB;AAAA,QACAC,MAAMnB,KAAKM,UAAU,EAAEG,OAAOC,SAAS,CAAC;AAAA,MAC1C,CAAC;AAED,YAAMU,OAAO,MAAML,SAASM,KAAK;AAEjC,UAAIN,SAASO,IAAI;AACfzB,qBAAaQ,QAAQ,SAASe,KAAKlB,KAAK;AACxCL,qBAAaQ;AAAAA,UACX;AAAA,UACAL,KAAKM,UAAU,EAAEiB,KAAKH,KAAKG,KAAKC,MAAMJ,KAAKI,MAAMf,OAAOW,KAAKX,MAAM,CAAC;AAAA,QACtE;AACAd,gBAAQ,EAAE,GAAGyB,MAAMlB,OAAOkB,KAAKlB,MAAM,CAAC;AACtC,eAAO,EAAEuB,SAAS,KAAK;AAAA,MACzB,OAAO;AACL,eAAO;AAAA,UACLA,SAAS;AAAA,UACTC,SAASN,KAAKM,WAAW;AAAA,QAC3B;AAAA,MACF;AAAA,IACF,SAASC,OAAO;AACd,aAAO,EAAEF,SAAS,OAAOC,SAASC,MAAMD,QAAQ;AAAA,IAClD;AAAA,EACF;AAEA,QAAME,WAAW,OAAOnB,OAAOe,MAAMd,aAAa;AAChD,QAAI;AACF,YAAMC,UAAUC,YAAYC,IAAIC;AAEhC,YAAMC,WAAW,MAAMC,MAAM,GAAGL,OAAO,uBAAuB;AAAA,QAC5DM,QAAQ;AAAA,QACRC,SAAS,EAAE,gBAAgB,mBAAmB;AAAA,QAC9CC,MAAMnB,KAAKM,UAAU,EAAEG,OAAOe,MAAMd,SAAS,CAAC;AAAA,MAChD,CAAC;AAED,YAAMU,OAAO,MAAML,SAASM,KAAK;AAEjC,UAAIN,SAASO,IAAI;AACfzB,qBAAaQ,QAAQ,SAASe,KAAKlB,KAAK;AACxCL,qBAAaQ;AAAAA,UACX;AAAA,UACAL,KAAKM,UAAU,EAAEiB,KAAKH,KAAKG,KAAKC,MAAMJ,KAAKI,MAAMf,OAAOW,KAAKX,MAAM,CAAC;AAAA,QACtE;AACAd,gBAAQ,EAAE,GAAGyB,MAAMlB,OAAOkB,KAAKlB,MAAM,CAAC;AACtC,eAAO,EAAEuB,SAAS,KAAK;AAAA,MACzB,OAAO;AACL,eAAO;AAAA,UACLA,SAAS;AAAA,UACTC,SAASN,KAAKM,WAAW;AAAA,QAC3B;AAAA,MACF;AAAA,IACF,SAASC,OAAO;AACd,aAAO,EAAEF,SAAS,OAAOC,SAASC,MAAMD,QAAQ;AAAA,IAClD;AAAA,EACF;AAEA,QAAMG,SAASA,MAAM;AACnBlC,YAAQ,IAAI;AACZE,iBAAaU,WAAW,MAAM;AAC9BV,iBAAaU,WAAW,OAAO;AAAA,EACjC;AAEA,QAAMuB,QAAQ;AAAA,IACZpC;AAAAA,IACAS;AAAAA,IACAK;AAAAA,IACAqB;AAAAA,IACAD;AAAAA,EACF;AAEA,SAAO,uBAAC,YAAY,UAAZ,EAAqB,OAAepC,YAArC;AAAA;AAAA;AAAA;AAAA,SAA8C;AACvD;AAACC,GApGeF,cAAY;AAAAwC,KAAZxC;AAsGT,gBAASyC,UAAU;AAAAC,MAAA;AACxB,QAAMC,UAAU/C,WAAWG,WAAW;AACtC,MAAI4C,YAAYC,QAAW;AACzB,UAAM,IAAIC,MAAM,6CAA6C;AAAA,EAC/D;AACA,SAAOF;AACT;AAACD,IANeD,SAAO;AAAA,IAAAD;AAAAM,aAAAN,IAAA",
      "names": [
        "React",
        "createContext",
        "useContext",
        "useState",
        "useEffect",
        "AuthContext",
        "AuthProvider",
        "children",
        "_s",
        "user",
        "setUser",
        "savedUser",
        "localStorage",
        "getItem",
        "savedToken",
        "JSON",
        "parse",
        "token",
        "isLoggedIn",
        "userDetails",
        "setItem",
        "stringify",
        "removeItem",
        "login",
        "email",
        "password",
        "baseUrl",
        "import",
        "env",
        "VITE_API_URL",
        "response",
        "fetch",
        "method",
        "headers",
        "body",
        "data",
        "json",
        "ok",
        "_id",
        "name",
        "success",
        "message",
        "error",
        "register",
        "logout",
        "value",
        "_c",
        "useAuth",
        "_s2",
        "context",
        "undefined",
        "Error",
        "$RefreshReg$"
      ],
      "ignoreList": [],
      "sources": [
        "C:/Users/Рома/perfumer/src/context/AuthContext.jsx"
      ],
      "file": "C:/Users/Рома/perfumer/src/context/AuthContext.jsx"
    },
    "_coverageSchema": "1a1c01bbd47fc00a2c39e90264f33305004495a9",
    "hash": "2fa6a07b4b8ae1afd7e3d03d1b9d9b3ff671bf2d"
  },
  "C:/Users/Рома/perfumer/src/components/Header/Header.jsx": {
    "path": "C:/Users/Рома/perfumer/src/components/Header/Header.jsx",
    "statementMap": {
      "0": {
        "start": {
          "line": 2,
          "column": 9
        },
        "end": {
          "line": 2,
          "column": 23
        }
      },
      "1": {
        "start": {
          "line": 9,
          "column": 2
        },
        "end": {
          "line": 9,
          "column": 7
        }
      },
      "2": {
        "start": {
          "line": 10,
          "column": 39
        },
        "end": {
          "line": 10,
          "column": 48
        }
      },
      "3": {
        "start": {
          "line": 11,
          "column": 19
        },
        "end": {
          "line": 11,
          "column": 32
        }
      },
      "4": {
        "start": {
          "line": 12,
          "column": 23
        },
        "end": {
          "line": 15,
          "column": 3
        }
      },
      "5": {
        "start": {
          "line": 13,
          "column": 4
        },
        "end": {
          "line": 13,
          "column": 13
        }
      },
      "6": {
        "start": {
          "line": 14,
          "column": 4
        },
        "end": {
          "line": 14,
          "column": 18
        }
      },
      "7": {
        "start": {
          "line": 16,
          "column": 2
        },
        "end": {
          "line": 146,
          "column": 11
        }
      },
      "8": {
        "start": {
          "line": 27,
          "column": 39
        },
        "end": {
          "line": 27,
          "column": 103
        }
      },
      "9": {
        "start": {
          "line": 43,
          "column": 39
        },
        "end": {
          "line": 43,
          "column": 103
        }
      },
      "10": {
        "start": {
          "line": 59,
          "column": 39
        },
        "end": {
          "line": 59,
          "column": 103
        }
      },
      "11": {
        "start": {
          "line": 94,
          "column": 39
        },
        "end": {
          "line": 94,
          "column": 103
        }
      },
      "12": {
        "start": {
          "line": 110,
          "column": 39
        },
        "end": {
          "line": 110,
          "column": 166
        }
      },
      "13": {
        "start": {
          "line": 148,
          "column": 0
        },
        "end": {
          "line": 150,
          "column": 3
        }
      },
      "14": {
        "start": {
          "line": 149,
          "column": 2
        },
        "end": {
          "line": 149,
          "column": 32
        }
      },
      "15": {
        "start": {
          "line": 151,
          "column": 0
        },
        "end": {
          "line": 151,
          "column": 12
        }
      },
      "16": {
        "start": {
          "line": 154,
          "column": 0
        },
        "end": {
          "line": 154,
          "column": 27
        }
      },
      "17": {
        "start": {
          "line": 156,
          "column": 20
        },
        "end": {
          "line": 156,
          "column": 97
        }
      },
      "18": {
        "start": {
          "line": 157,
          "column": 0
        },
        "end": {
          "line": 171,
          "column": 1
        }
      },
      "19": {
        "start": {
          "line": 158,
          "column": 2
        },
        "end": {
          "line": 162,
          "column": 3
        }
      },
      "20": {
        "start": {
          "line": 159,
          "column": 4
        },
        "end": {
          "line": 161,
          "column": 6
        }
      },
      "21": {
        "start": {
          "line": 163,
          "column": 2
        },
        "end": {
          "line": 170,
          "column": 5
        }
      },
      "22": {
        "start": {
          "line": 164,
          "column": 4
        },
        "end": {
          "line": 164,
          "column": 125
        }
      },
      "23": {
        "start": {
          "line": 165,
          "column": 4
        },
        "end": {
          "line": 169,
          "column": 7
        }
      },
      "24": {
        "start": {
          "line": 166,
          "column": 6
        },
        "end": {
          "line": 166,
          "column": 31
        }
      },
      "25": {
        "start": {
          "line": 166,
          "column": 24
        },
        "end": {
          "line": 166,
          "column": 31
        }
      },
      "26": {
        "start": {
          "line": 167,
          "column": 32
        },
        "end": {
          "line": 167,
          "column": 174
        }
      },
      "27": {
        "start": {
          "line": 168,
          "column": 6
        },
        "end": {
          "line": 168,
          "column": 75
        }
      },
      "28": {
        "start": {
          "line": 168,
          "column": 29
        },
        "end": {
          "line": 168,
          "column": 75
        }
      },
      "29": {
        "start": {
          "line": 173,
          "column": 2
        },
        "end": {
          "line": 173,
          "column": 104
        }
      },
      "30": {
        "start": {
          "line": 176,
          "column": 2
        },
        "end": {
          "line": 176,
          "column": 62
        }
      }
    },
    "fnMap": {
      "0": {
        "name": "Header",
        "decl": {
          "start": {
            "line": 8,
            "column": 9
          },
          "end": {
            "line": 8,
            "column": 15
          }
        },
        "loc": {
          "start": {
            "line": 8,
            "column": 18
          },
          "end": {
            "line": 147,
            "column": 1
          }
        },
        "line": 8
      },
      "1": {
        "name": "(anonymous_1)",
        "decl": {
          "start": {
            "line": 12,
            "column": 23
          },
          "end": {
            "line": 12,
            "column": 24
          }
        },
        "loc": {
          "start": {
            "line": 12,
            "column": 29
          },
          "end": {
            "line": 15,
            "column": 3
          }
        },
        "line": 12
      },
      "2": {
        "name": "(anonymous_2)",
        "decl": {
          "start": {
            "line": 27,
            "column": 21
          },
          "end": {
            "line": 27,
            "column": 22
          }
        },
        "loc": {
          "start": {
            "line": 27,
            "column": 39
          },
          "end": {
            "line": 27,
            "column": 103
          }
        },
        "line": 27
      },
      "3": {
        "name": "(anonymous_3)",
        "decl": {
          "start": {
            "line": 43,
            "column": 21
          },
          "end": {
            "line": 43,
            "column": 22
          }
        },
        "loc": {
          "start": {
            "line": 43,
            "column": 39
          },
          "end": {
            "line": 43,
            "column": 103
          }
        },
        "line": 43
      },
      "4": {
        "name": "(anonymous_4)",
        "decl": {
          "start": {
            "line": 59,
            "column": 21
          },
          "end": {
            "line": 59,
            "column": 22
          }
        },
        "loc": {
          "start": {
            "line": 59,
            "column": 39
          },
          "end": {
            "line": 59,
            "column": 103
          }
        },
        "line": 59
      },
      "5": {
        "name": "(anonymous_5)",
        "decl": {
          "start": {
            "line": 94,
            "column": 21
          },
          "end": {
            "line": 94,
            "column": 22
          }
        },
        "loc": {
          "start": {
            "line": 94,
            "column": 39
          },
          "end": {
            "line": 94,
            "column": 103
          }
        },
        "line": 94
      },
      "6": {
        "name": "(anonymous_6)",
        "decl": {
          "start": {
            "line": 110,
            "column": 21
          },
          "end": {
            "line": 110,
            "column": 22
          }
        },
        "loc": {
          "start": {
            "line": 110,
            "column": 39
          },
          "end": {
            "line": 110,
            "column": 166
          }
        },
        "line": 110
      },
      "7": {
        "name": "(anonymous_7)",
        "decl": {
          "start": {
            "line": 148,
            "column": 50
          },
          "end": {
            "line": 148,
            "column": 51
          }
        },
        "loc": {
          "start": {
            "line": 148,
            "column": 61
          },
          "end": {
            "line": 150,
            "column": 1
          }
        },
        "line": 148
      },
      "8": {
        "name": "(anonymous_8)",
        "decl": {
          "start": {
            "line": 163,
            "column": 52
          },
          "end": {
            "line": 163,
            "column": 53
          }
        },
        "loc": {
          "start": {
            "line": 163,
            "column": 72
          },
          "end": {
            "line": 170,
            "column": 3
          }
        },
        "line": 163
      },
      "9": {
        "name": "(anonymous_9)",
        "decl": {
          "start": {
            "line": 165,
            "column": 27
          },
          "end": {
            "line": 165,
            "column": 28
          }
        },
        "loc": {
          "start": {
            "line": 165,
            "column": 44
          },
          "end": {
            "line": 169,
            "column": 5
          }
        },
        "line": 165
      },
      "10": {
        "name": "$RefreshReg$",
        "decl": {
          "start": {
            "line": 172,
            "column": 9
          },
          "end": {
            "line": 172,
            "column": 21
          }
        },
        "loc": {
          "start": {
            "line": 172,
            "column": 32
          },
          "end": {
            "line": 174,
            "column": 1
          }
        },
        "line": 172
      },
      "11": {
        "name": "$RefreshSig$",
        "decl": {
          "start": {
            "line": 175,
            "column": 9
          },
          "end": {
            "line": 175,
            "column": 21
          }
        },
        "loc": {
          "start": {
            "line": 175,
            "column": 24
          },
          "end": {
            "line": 177,
            "column": 1
          }
        },
        "line": 175
      }
    },
    "branchMap": {
      "0": {
        "loc": {
          "start": {
            "line": 27,
            "column": 39
          },
          "end": {
            "line": 27,
            "column": 103
          }
        },
        "type": "cond-expr",
        "locations": [
          {
            "start": {
              "line": 27,
              "column": 50
            },
            "end": {
              "line": 27,
              "column": 86
            }
          },
          {
            "start": {
              "line": 27,
              "column": 89
            },
            "end": {
              "line": 27,
              "column": 103
            }
          }
        ],
        "line": 27
      },
      "1": {
        "loc": {
          "start": {
            "line": 43,
            "column": 39
          },
          "end": {
            "line": 43,
            "column": 103
          }
        },
        "type": "cond-expr",
        "locations": [
          {
            "start": {
              "line": 43,
              "column": 50
            },
            "end": {
              "line": 43,
              "column": 86
            }
          },
          {
            "start": {
              "line": 43,
              "column": 89
            },
            "end": {
              "line": 43,
              "column": 103
            }
          }
        ],
        "line": 43
      },
      "2": {
        "loc": {
          "start": {
            "line": 59,
            "column": 39
          },
          "end": {
            "line": 59,
            "column": 103
          }
        },
        "type": "cond-expr",
        "locations": [
          {
            "start": {
              "line": 59,
              "column": 50
            },
            "end": {
              "line": 59,
              "column": 86
            }
          },
          {
            "start": {
              "line": 59,
              "column": 89
            },
            "end": {
              "line": 59,
              "column": 103
            }
          }
        ],
        "line": 59
      },
      "3": {
        "loc": {
          "start": {
            "line": 71,
            "column": 6
          },
          "end": {
            "line": 105,
            "column": 7
          }
        },
        "type": "cond-expr",
        "locations": [
          {
            "start": {
              "line": 71,
              "column": 35
            },
            "end": {
              "line": 90,
              "column": 14
            }
          },
          {
            "start": {
              "line": 90,
              "column": 33
            },
            "end": {
              "line": 105,
              "column": 7
            }
          }
        ],
        "line": 71
      },
      "4": {
        "loc": {
          "start": {
            "line": 94,
            "column": 39
          },
          "end": {
            "line": 94,
            "column": 103
          }
        },
        "type": "cond-expr",
        "locations": [
          {
            "start": {
              "line": 94,
              "column": 50
            },
            "end": {
              "line": 94,
              "column": 86
            }
          },
          {
            "start": {
              "line": 94,
              "column": 89
            },
            "end": {
              "line": 94,
              "column": 103
            }
          }
        ],
        "line": 94
      },
      "5": {
        "loc": {
          "start": {
            "line": 110,
            "column": 39
          },
          "end": {
            "line": 110,
            "column": 166
          }
        },
        "type": "cond-expr",
        "locations": [
          {
            "start": {
              "line": 110,
              "column": 50
            },
            "end": {
              "line": 110,
              "column": 125
            }
          },
          {
            "start": {
              "line": 110,
              "column": 128
            },
            "end": {
              "line": 110,
              "column": 166
            }
          }
        ],
        "line": 110
      },
      "6": {
        "loc": {
          "start": {
            "line": 110,
            "column": 90
          },
          "end": {
            "line": 110,
            "column": 123
          }
        },
        "type": "cond-expr",
        "locations": [
          {
            "start": {
              "line": 110,
              "column": 101
            },
            "end": {
              "line": 110,
              "column": 118
            }
          },
          {
            "start": {
              "line": 110,
              "column": 121
            },
            "end": {
              "line": 110,
              "column": 123
            }
          }
        ],
        "line": 110
      },
      "7": {
        "loc": {
          "start": {
            "line": 156,
            "column": 20
          },
          "end": {
            "line": 156,
            "column": 97
          }
        },
        "type": "binary-expr",
        "locations": [
          {
            "start": {
              "line": 156,
              "column": 20
            },
            "end": {
              "line": 156,
              "column": 60
            }
          },
          {
            "start": {
              "line": 156,
              "column": 64
            },
            "end": {
              "line": 156,
              "column": 97
            }
          }
        ],
        "line": 156
      },
      "8": {
        "loc": {
          "start": {
            "line": 157,
            "column": 0
          },
          "end": {
            "line": 171,
            "column": 1
          }
        },
        "type": "if",
        "locations": [
          {
            "start": {
              "line": 157,
              "column": 0
            },
            "end": {
              "line": 171,
              "column": 1
            }
          },
          {
            "start": {},
            "end": {}
          }
        ],
        "line": 157
      },
      "9": {
        "loc": {
          "start": {
            "line": 157,
            "column": 4
          },
          "end": {
            "line": 157,
            "column": 35
          }
        },
        "type": "binary-expr",
        "locations": [
          {
            "start": {
              "line": 157,
              "column": 4
            },
            "end": {
              "line": 157,
              "column": 19
            }
          },
          {
            "start": {
              "line": 157,
              "column": 23
            },
            "end": {
              "line": 157,
              "column": 35
            }
          }
        ],
        "line": 157
      },
      "10": {
        "loc": {
          "start": {
            "line": 158,
            "column": 2
          },
          "end": {
            "line": 162,
            "column": 3
          }
        },
        "type": "if",
        "locations": [
          {
            "start": {
              "line": 158,
              "column": 2
            },
            "end": {
              "line": 162,
              "column": 3
            }
          },
          {
            "start": {},
            "end": {}
          }
        ],
        "line": 158
      },
      "11": {
        "loc": {
          "start": {
            "line": 166,
            "column": 6
          },
          "end": {
            "line": 166,
            "column": 31
          }
        },
        "type": "if",
        "locations": [
          {
            "start": {
              "line": 166,
              "column": 6
            },
            "end": {
              "line": 166,
              "column": 31
            }
          },
          {
            "start": {},
            "end": {}
          }
        ],
        "line": 166
      },
      "12": {
        "loc": {
          "start": {
            "line": 168,
            "column": 6
          },
          "end": {
            "line": 168,
            "column": 75
          }
        },
        "type": "if",
        "locations": [
          {
            "start": {
              "line": 168,
              "column": 6
            },
            "end": {
              "line": 168,
              "column": 75
            }
          },
          {
            "start": {},
            "end": {}
          }
        ],
        "line": 168
      }
    },
    "s": {
      "0": 3,
      "1": 22,
      "2": 22,
      "3": 22,
      "4": 22,
      "5": 0,
      "6": 0,
      "7": 22,
      "8": 22,
      "9": 22,
      "10": 22,
      "11": 22,
      "12": 22,
      "13": 3,
      "14": 3,
      "15": 3,
      "16": 3,
      "17": 3,
      "18": 3,
      "19": 3,
      "20": 0,
      "21": 3,
      "22": 3,
      "23": 3,
      "24": 0,
      "25": 0,
      "26": 0,
      "27": 0,
      "28": 0,
      "29": 3,
      "30": 3
    },
    "f": {
      "0": 22,
      "1": 0,
      "2": 22,
      "3": 22,
      "4": 22,
      "5": 22,
      "6": 22,
      "7": 3,
      "8": 3,
      "9": 0,
      "10": 3,
      "11": 3
    },
    "b": {
      "0": [
        18,
        4
      ],
      "1": [
        0,
        22
      ],
      "2": [
        0,
        22
      ],
      "3": [
        0,
        22
      ],
      "4": [
        0,
        22
      ],
      "5": [
        0,
        22
      ],
      "6": [
        0,
        0
      ],
      "7": [
        3,
        0
      ],
      "8": [
        3,
        0
      ],
      "9": [
        3,
        3
      ],
      "10": [
        0,
        3
      ],
      "11": [
        0,
        0
      ],
      "12": [
        0,
        0
      ]
    },
    "inputSourceMap": {
      "version": 3,
      "mappings": "AAiBM,SAiCI,UAjCJ;;AAjBN,OAAOA,WAAW;AAClB,SAASC,MAAMC,SAASC,mBAAmB;AAC3C,OAAOC,YAAY;AACnB,SAASC,eAAe;AACxB,OAAOC,eAAe;AAEtB,SAASC,SAAS;AAAAC,KAAA;AAChB,QAAM,EAAEC,YAAYC,MAAMC,OAAO,IAAIN,QAAQ;AAC7C,QAAMO,WAAWT,YAAY;AAE7B,QAAMU,eAAeA,MAAM;AACzBF,WAAO;AACPC,aAAS,GAAG;AAAA,EACd;AAEA,SACE,uBAAC,YAAO,WAAWR,OAAOU,QACxB;AAAA,2BAAC,QAAK,IAAG,KAAI,WAAWV,OAAOW,MAAM,wBAArC;AAAA;AAAA;AAAA;AAAA,WAEA;AAAA,IAEA,uBAAC,SAAI,WAAWX,OAAOY,KACrB;AAAA;AAAA,QAAC;AAAA;AAAA,UACC,IAAG;AAAA,UACH,WAAW,CAAC,EAAEC,SAAS,MACrBA,WAAW,GAAGb,OAAOc,OAAO,IAAId,OAAOe,MAAM,KAAKf,OAAOc;AAAAA,UAC1D;AAAA;AAAA,QAJH;AAAA;AAAA;AAAA;AAAA;AAAA;AAAA;AAAA;AAAA,MAOA;AAAA,MAEA;AAAA,QAAC;AAAA;AAAA,UACC,IAAG;AAAA,UACH,WAAW,CAAC,EAAED,SAAS,MACrBA,WAAW,GAAGb,OAAOc,OAAO,IAAId,OAAOe,MAAM,KAAKf,OAAOc;AAAAA,UAC1D;AAAA;AAAA,QAJH;AAAA;AAAA;AAAA;AAAA;AAAA;AAAA;AAAA;AAAA,MAOA;AAAA,MAEA;AAAA,QAAC;AAAA;AAAA,UACC,IAAG;AAAA,UACH,WAAW,CAAC,EAAED,SAAS,MACrBA,WAAW,GAAGb,OAAOc,OAAO,IAAId,OAAOe,MAAM,KAAKf,OAAOc;AAAAA,UAC1D;AAAA;AAAA,QAJH;AAAA;AAAA;AAAA;AAAA;AAAA;AAAA;AAAA;AAAA,MAOA;AAAA,MAECT,aACC,mCACE;AAAA,+BAAC,UAAK,WAAWL,OAAOgB,aAAa;AAAA;AAAA,UAAUV,KAAKW;AAAAA,UAAK;AAAA,aAAzD;AAAA;AAAA;AAAA;AAAA,eAA0D;AAAA,QAC1D,uBAAC,YAAO,SAASR,cAAc,WAAWT,OAAOkB,cAAc,qBAA/D;AAAA;AAAA;AAAA;AAAA,eAEA;AAAA,WAJF;AAAA;AAAA;AAAA;AAAA,aAKA,IAEA;AAAA,QAAC;AAAA;AAAA,UACC,IAAG;AAAA,UACH,WAAW,CAAC,EAAEL,SAAS,MACrBA,WAAW,GAAGb,OAAOc,OAAO,IAAId,OAAOe,MAAM,KAAKf,OAAOc;AAAAA,UAC1D;AAAA;AAAA,QAJH;AAAA;AAAA;AAAA;AAAA;AAAA;AAAA;AAAA;AAAA,MAOA;AAAA,MAGF;AAAA,QAAC;AAAA;AAAA,UACC,IAAG;AAAA,UACH,WAAW,CAAC,EAAED,SAAS,MACrBA,WACI,GAAGb,OAAOc,OAAO,IAAId,OAAOmB,QAAQ,IAAIN,WAAWb,OAAOoB,aAAa,EAAE,KACzE,GAAGpB,OAAOc,OAAO,IAAId,OAAOmB,QAAQ;AAAA,UAG1C;AAAA,YAAC;AAAA;AAAA,cACC,KAAKjB;AAAAA,cACL,KAAI;AAAA,cACJ,WAAWF,OAAOqB;AAAAA;AAAAA,YAHpB;AAAA;AAAA;AAAA;AAAA;AAAA;AAAA;AAAA;AAAA,UAGmC;AAAA;AAAA,QAXrC;AAAA;AAAA;AAAA;AAAA;AAAA;AAAA;AAAA;AAAA,MAaA;AAAA,SA3DF;AAAA;AAAA;AAAA;AAAA,WA4DA;AAAA,OAjEF;AAAA;AAAA;AAAA;AAAA,SAkEA;AAEJ;AAACjB,GA9EQD,QAAM;AAAA,UACwBF,SACpBF,WAAW;AAAA;AAAAuB,KAFrBnB;AAgFT,eAAeA;AAAO,IAAAmB;AAAAC,aAAAD,IAAA",
      "names": [
        "React",
        "Link",
        "NavLink",
        "useNavigate",
        "styles",
        "useAuth",
        "heartIcon",
        "Header",
        "_s",
        "isLoggedIn",
        "user",
        "logout",
        "navigate",
        "handleLogout",
        "header",
        "logo",
        "nav",
        "isActive",
        "navLink",
        "active",
        "welcomeUser",
        "name",
        "logoutButton",
        "iconLink",
        "iconActive",
        "heartIconImage",
        "_c",
        "$RefreshReg$"
      ],
      "ignoreList": [],
      "sources": [
        "C:/Users/Рома/perfumer/src/components/Header/Header.jsx"
      ],
      "file": "C:/Users/Рома/perfumer/src/components/Header/Header.jsx"
    },
    "_coverageSchema": "1a1c01bbd47fc00a2c39e90264f33305004495a9",
    "hash": "8d2f2ce1fb3bb28f7bf43ba2101beee15da73711"
  },
  "C:/Users/Рома/perfumer/src/components/Footer/Footer.jsx": {
    "path": "C:/Users/Рома/perfumer/src/components/Footer/Footer.jsx",
    "statementMap": {
      "0": {
        "start": {
          "line": 6,
          "column": 2
        },
        "end": {
          "line": 132,
          "column": 11
        }
      },
      "1": {
        "start": {
          "line": 134,
          "column": 0
        },
        "end": {
          "line": 134,
          "column": 12
        }
      },
      "2": {
        "start": {
          "line": 137,
          "column": 0
        },
        "end": {
          "line": 137,
          "column": 27
        }
      },
      "3": {
        "start": {
          "line": 139,
          "column": 20
        },
        "end": {
          "line": 139,
          "column": 97
        }
      },
      "4": {
        "start": {
          "line": 140,
          "column": 0
        },
        "end": {
          "line": 154,
          "column": 1
        }
      },
      "5": {
        "start": {
          "line": 141,
          "column": 2
        },
        "end": {
          "line": 145,
          "column": 3
        }
      },
      "6": {
        "start": {
          "line": 142,
          "column": 4
        },
        "end": {
          "line": 144,
          "column": 6
        }
      },
      "7": {
        "start": {
          "line": 146,
          "column": 2
        },
        "end": {
          "line": 153,
          "column": 5
        }
      },
      "8": {
        "start": {
          "line": 147,
          "column": 4
        },
        "end": {
          "line": 147,
          "column": 125
        }
      },
      "9": {
        "start": {
          "line": 148,
          "column": 4
        },
        "end": {
          "line": 152,
          "column": 7
        }
      },
      "10": {
        "start": {
          "line": 149,
          "column": 6
        },
        "end": {
          "line": 149,
          "column": 31
        }
      },
      "11": {
        "start": {
          "line": 149,
          "column": 24
        },
        "end": {
          "line": 149,
          "column": 31
        }
      },
      "12": {
        "start": {
          "line": 150,
          "column": 32
        },
        "end": {
          "line": 150,
          "column": 174
        }
      },
      "13": {
        "start": {
          "line": 151,
          "column": 6
        },
        "end": {
          "line": 151,
          "column": 75
        }
      },
      "14": {
        "start": {
          "line": 151,
          "column": 29
        },
        "end": {
          "line": 151,
          "column": 75
        }
      },
      "15": {
        "start": {
          "line": 156,
          "column": 2
        },
        "end": {
          "line": 156,
          "column": 104
        }
      },
      "16": {
        "start": {
          "line": 159,
          "column": 2
        },
        "end": {
          "line": 159,
          "column": 62
        }
      }
    },
    "fnMap": {
      "0": {
        "name": "Footer",
        "decl": {
          "start": {
            "line": 5,
            "column": 9
          },
          "end": {
            "line": 5,
            "column": 15
          }
        },
        "loc": {
          "start": {
            "line": 5,
            "column": 18
          },
          "end": {
            "line": 133,
            "column": 1
          }
        },
        "line": 5
      },
      "1": {
        "name": "(anonymous_1)",
        "decl": {
          "start": {
            "line": 146,
            "column": 52
          },
          "end": {
            "line": 146,
            "column": 53
          }
        },
        "loc": {
          "start": {
            "line": 146,
            "column": 72
          },
          "end": {
            "line": 153,
            "column": 3
          }
        },
        "line": 146
      },
      "2": {
        "name": "(anonymous_2)",
        "decl": {
          "start": {
            "line": 148,
            "column": 27
          },
          "end": {
            "line": 148,
            "column": 28
          }
        },
        "loc": {
          "start": {
            "line": 148,
            "column": 44
          },
          "end": {
            "line": 152,
            "column": 5
          }
        },
        "line": 148
      },
      "3": {
        "name": "$RefreshReg$",
        "decl": {
          "start": {
            "line": 155,
            "column": 9
          },
          "end": {
            "line": 155,
            "column": 21
          }
        },
        "loc": {
          "start": {
            "line": 155,
            "column": 32
          },
          "end": {
            "line": 157,
            "column": 1
          }
        },
        "line": 155
      },
      "4": {
        "name": "$RefreshSig$",
        "decl": {
          "start": {
            "line": 158,
            "column": 9
          },
          "end": {
            "line": 158,
            "column": 21
          }
        },
        "loc": {
          "start": {
            "line": 158,
            "column": 24
          },
          "end": {
            "line": 160,
            "column": 1
          }
        },
        "line": 158
      }
    },
    "branchMap": {
      "0": {
        "loc": {
          "start": {
            "line": 139,
            "column": 20
          },
          "end": {
            "line": 139,
            "column": 97
          }
        },
        "type": "binary-expr",
        "locations": [
          {
            "start": {
              "line": 139,
              "column": 20
            },
            "end": {
              "line": 139,
              "column": 60
            }
          },
          {
            "start": {
              "line": 139,
              "column": 64
            },
            "end": {
              "line": 139,
              "column": 97
            }
          }
        ],
        "line": 139
      },
      "1": {
        "loc": {
          "start": {
            "line": 140,
            "column": 0
          },
          "end": {
            "line": 154,
            "column": 1
          }
        },
        "type": "if",
        "locations": [
          {
            "start": {
              "line": 140,
              "column": 0
            },
            "end": {
              "line": 154,
              "column": 1
            }
          },
          {
            "start": {},
            "end": {}
          }
        ],
        "line": 140
      },
      "2": {
        "loc": {
          "start": {
            "line": 140,
            "column": 4
          },
          "end": {
            "line": 140,
            "column": 35
          }
        },
        "type": "binary-expr",
        "locations": [
          {
            "start": {
              "line": 140,
              "column": 4
            },
            "end": {
              "line": 140,
              "column": 19
            }
          },
          {
            "start": {
              "line": 140,
              "column": 23
            },
            "end": {
              "line": 140,
              "column": 35
            }
          }
        ],
        "line": 140
      },
      "3": {
        "loc": {
          "start": {
            "line": 141,
            "column": 2
          },
          "end": {
            "line": 145,
            "column": 3
          }
        },
        "type": "if",
        "locations": [
          {
            "start": {
              "line": 141,
              "column": 2
            },
            "end": {
              "line": 145,
              "column": 3
            }
          },
          {
            "start": {},
            "end": {}
          }
        ],
        "line": 141
      },
      "4": {
        "loc": {
          "start": {
            "line": 149,
            "column": 6
          },
          "end": {
            "line": 149,
            "column": 31
          }
        },
        "type": "if",
        "locations": [
          {
            "start": {
              "line": 149,
              "column": 6
            },
            "end": {
              "line": 149,
              "column": 31
            }
          },
          {
            "start": {},
            "end": {}
          }
        ],
        "line": 149
      },
      "5": {
        "loc": {
          "start": {
            "line": 151,
            "column": 6
          },
          "end": {
            "line": 151,
            "column": 75
          }
        },
        "type": "if",
        "locations": [
          {
            "start": {
              "line": 151,
              "column": 6
            },
            "end": {
              "line": 151,
              "column": 75
            }
          },
          {
            "start": {},
            "end": {}
          }
        ],
        "line": 151
      }
    },
    "s": {
      "0": 22,
      "1": 3,
      "2": 3,
      "3": 3,
      "4": 3,
      "5": 3,
      "6": 0,
      "7": 3,
      "8": 3,
      "9": 3,
      "10": 0,
      "11": 0,
      "12": 0,
      "13": 0,
      "14": 0,
      "15": 3,
      "16": 0
    },
    "f": {
      "0": 22,
      "1": 3,
      "2": 0,
      "3": 3,
      "4": 0
    },
    "b": {
      "0": [
        3,
        0
      ],
      "1": [
        3,
        0
      ],
      "2": [
        3,
        3
      ],
      "3": [
        0,
        3
      ],
      "4": [
        0,
        0
      ],
      "5": [
        0,
        0
      ]
    },
    "inputSourceMap": {
      "version": 3,
      "mappings": "AASU;AATV,OAAOA,WAAW;AAClB,SAASC,YAAY;AACrB,OAAOC,YAAY;AAEnB,SAASC,SAAS;AAChB,SACE,uBAAC,YAAO,WAAWD,OAAOE,QACxB;AAAA,2BAAC,SAAI,WAAWF,OAAOG,aACrB;AAAA,6BAAC,SAAI,WAAWH,OAAOI,OACrB;AAAA,+BAAC,SAAI,WAAWJ,OAAOK,MAAM,wBAA7B;AAAA;AAAA;AAAA;AAAA,eAAqC;AAAA,QACrC,uBAAC,OAAE,WAAWL,OAAOM,aAAY,oKAAjC;AAAA;AAAA;AAAA;AAAA,eAIA;AAAA,WANF;AAAA;AAAA;AAAA;AAAA,aAOA;AAAA,MAEA,uBAAC,SAAI,WAAWN,OAAOO,QACrB;AAAA,+BAAC,QAAG,WAAWP,OAAOQ,aAAa,yBAAnC;AAAA;AAAA;AAAA;AAAA,eAA4C;AAAA,QAC5C,uBAAC,SAAI,WAAWR,OAAOS,aACrB;AAAA;AAAA,YAAC;AAAA;AAAA,cACC,MAAK;AAAA,cACL,QAAO;AAAA,cACP,KAAI;AAAA,cACJ,WAAWT,OAAOU;AAAAA,cAAW;AAAA;AAAA,YAJ/B;AAAA;AAAA;AAAA;AAAA;AAAA;AAAA;AAAA;AAAA,UAOA;AAAA,UACA;AAAA,YAAC;AAAA;AAAA,cACC,MAAK;AAAA,cACL,QAAO;AAAA,cACP,KAAI;AAAA,cACJ,WAAWV,OAAOU;AAAAA,cAAW;AAAA;AAAA,YAJ/B;AAAA;AAAA;AAAA;AAAA;AAAA;AAAA;AAAA;AAAA,UAOA;AAAA,UACA;AAAA,YAAC;AAAA;AAAA,cACC,MAAK;AAAA,cACL,QAAO;AAAA,cACP,KAAI;AAAA,cACJ,WAAWV,OAAOU;AAAAA,cAAW;AAAA;AAAA,YAJ/B;AAAA;AAAA;AAAA;AAAA;AAAA;AAAA;AAAA;AAAA,UAOA;AAAA,aAxBF;AAAA;AAAA;AAAA;AAAA,eAyBA;AAAA,WA3BF;AAAA;AAAA;AAAA;AAAA,aA4BA;AAAA,SAtCF;AAAA;AAAA;AAAA;AAAA,WAuCA;AAAA,IAAO;AAAA,IACP,uBAAC,SAAI,WAAWV,OAAOW,WACrB;AAAA,6BAAC,UAAK,oDAAN;AAAA;AAAA;AAAA;AAAA,aAA0C;AAAA,MAC1C,uBAAC,SAAI,WAAWX,OAAOY,YACrB;AAAA,+BAAC,QAAK,IAAG,WAAU,WAAWZ,OAAOa,WAAU,yCAA/C;AAAA;AAAA;AAAA;AAAA,eAEA;AAAA,QACA,uBAAC,QAAK,IAAG,UAAS,WAAWb,OAAOa,WAAU,kCAA9C;AAAA;AAAA;AAAA;AAAA,eAEA;AAAA,WANF;AAAA;AAAA;AAAA;AAAA,aAOA;AAAA,SATF;AAAA;AAAA;AAAA;AAAA,WAUA;AAAA,OAnDF;AAAA;AAAA;AAAA;AAAA,SAoDA;AAEJ;AAACC,KAxDQb;AA0DT,eAAeA;AAAO,IAAAa;AAAAC,aAAAD,IAAA",
      "names": [
        "React",
        "Link",
        "styles",
        "Footer",
        "footer",
        "mainContent",
        "about",
        "logo",
        "description",
        "follow",
        "followTitle",
        "socialIcons",
        "socialLink",
        "bottomBar",
        "legalLinks",
        "legalLink",
        "_c",
        "$RefreshReg$"
      ],
      "ignoreList": [],
      "sources": [
        "C:/Users/Рома/perfumer/src/components/Footer/Footer.jsx"
      ],
      "file": "C:/Users/Рома/perfumer/src/components/Footer/Footer.jsx"
    },
    "_coverageSchema": "1a1c01bbd47fc00a2c39e90264f33305004495a9",
    "hash": "757219397c72dab69e1d8eae2e17b383469d76b3"
  },
  "C:/Users/Рома/perfumer/src/context/FavoritesContext.jsx": {
    "path": "C:/Users/Рома/perfumer/src/context/FavoritesContext.jsx",
    "statementMap": {
      "0": {
        "start": {
          "line": 2,
          "column": 9
        },
        "end": {
          "line": 2,
          "column": 23
        }
      },
      "1": {
        "start": {
          "line": 2,
          "column": 31
        },
        "end": {
          "line": 2,
          "column": 45
        }
      },
      "2": {
        "start": {
          "line": 4,
          "column": 32
        },
        "end": {
          "line": 4,
          "column": 47
        }
      },
      "3": {
        "start": {
          "line": 6,
          "column": 2
        },
        "end": {
          "line": 6,
          "column": 7
        }
      },
      "4": {
        "start": {
          "line": 7,
          "column": 36
        },
        "end": {
          "line": 10,
          "column": 4
        }
      },
      "5": {
        "start": {
          "line": 8,
          "column": 27
        },
        "end": {
          "line": 8,
          "column": 60
        }
      },
      "6": {
        "start": {
          "line": 9,
          "column": 4
        },
        "end": {
          "line": 9,
          "column": 60
        }
      },
      "7": {
        "start": {
          "line": 11,
          "column": 2
        },
        "end": {
          "line": 13,
          "column": 18
        }
      },
      "8": {
        "start": {
          "line": 12,
          "column": 4
        },
        "end": {
          "line": 12,
          "column": 65
        }
      },
      "9": {
        "start": {
          "line": 14,
          "column": 25
        },
        "end": {
          "line": 23,
          "column": 3
        }
      },
      "10": {
        "start": {
          "line": 15,
          "column": 4
        },
        "end": {
          "line": 22,
          "column": 7
        }
      },
      "11": {
        "start": {
          "line": 16,
          "column": 20
        },
        "end": {
          "line": 16,
          "column": 66
        }
      },
      "12": {
        "start": {
          "line": 16,
          "column": 46
        },
        "end": {
          "line": 16,
          "column": 65
        }
      },
      "13": {
        "start": {
          "line": 17,
          "column": 6
        },
        "end": {
          "line": 21,
          "column": 7
        }
      },
      "14": {
        "start": {
          "line": 18,
          "column": 8
        },
        "end": {
          "line": 18,
          "column": 64
        }
      },
      "15": {
        "start": {
          "line": 18,
          "column": 43
        },
        "end": {
          "line": 18,
          "column": 62
        }
      },
      "16": {
        "start": {
          "line": 20,
          "column": 8
        },
        "end": {
          "line": 20,
          "column": 43
        }
      },
      "17": {
        "start": {
          "line": 24,
          "column": 21
        },
        "end": {
          "line": 26,
          "column": 3
        }
      },
      "18": {
        "start": {
          "line": 25,
          "column": 4
        },
        "end": {
          "line": 25,
          "column": 53
        }
      },
      "19": {
        "start": {
          "line": 25,
          "column": 33
        },
        "end": {
          "line": 25,
          "column": 51
        }
      },
      "20": {
        "start": {
          "line": 27,
          "column": 16
        },
        "end": {
          "line": 31,
          "column": 3
        }
      },
      "21": {
        "start": {
          "line": 32,
          "column": 2
        },
        "end": {
          "line": 36,
          "column": 11
        }
      },
      "22": {
        "start": {
          "line": 38,
          "column": 0
        },
        "end": {
          "line": 38,
          "column": 54
        }
      },
      "23": {
        "start": {
          "line": 39,
          "column": 0
        },
        "end": {
          "line": 39,
          "column": 23
        }
      },
      "24": {
        "start": {
          "line": 41,
          "column": 2
        },
        "end": {
          "line": 41,
          "column": 8
        }
      },
      "25": {
        "start": {
          "line": 42,
          "column": 18
        },
        "end": {
          "line": 42,
          "column": 46
        }
      },
      "26": {
        "start": {
          "line": 43,
          "column": 2
        },
        "end": {
          "line": 45,
          "column": 3
        }
      },
      "27": {
        "start": {
          "line": 44,
          "column": 4
        },
        "end": {
          "line": 44,
          "column": 76
        }
      },
      "28": {
        "start": {
          "line": 46,
          "column": 2
        },
        "end": {
          "line": 46,
          "column": 17
        }
      },
      "29": {
        "start": {
          "line": 48,
          "column": 0
        },
        "end": {
          "line": 48,
          "column": 50
        }
      },
      "30": {
        "start": {
          "line": 50,
          "column": 0
        },
        "end": {
          "line": 50,
          "column": 38
        }
      },
      "31": {
        "start": {
          "line": 52,
          "column": 20
        },
        "end": {
          "line": 52,
          "column": 97
        }
      },
      "32": {
        "start": {
          "line": 53,
          "column": 0
        },
        "end": {
          "line": 67,
          "column": 1
        }
      },
      "33": {
        "start": {
          "line": 54,
          "column": 2
        },
        "end": {
          "line": 58,
          "column": 3
        }
      },
      "34": {
        "start": {
          "line": 55,
          "column": 4
        },
        "end": {
          "line": 57,
          "column": 6
        }
      },
      "35": {
        "start": {
          "line": 59,
          "column": 2
        },
        "end": {
          "line": 66,
          "column": 5
        }
      },
      "36": {
        "start": {
          "line": 60,
          "column": 4
        },
        "end": {
          "line": 60,
          "column": 125
        }
      },
      "37": {
        "start": {
          "line": 61,
          "column": 4
        },
        "end": {
          "line": 65,
          "column": 7
        }
      },
      "38": {
        "start": {
          "line": 62,
          "column": 6
        },
        "end": {
          "line": 62,
          "column": 31
        }
      },
      "39": {
        "start": {
          "line": 62,
          "column": 24
        },
        "end": {
          "line": 62,
          "column": 31
        }
      },
      "40": {
        "start": {
          "line": 63,
          "column": 32
        },
        "end": {
          "line": 63,
          "column": 174
        }
      },
      "41": {
        "start": {
          "line": 64,
          "column": 6
        },
        "end": {
          "line": 64,
          "column": 75
        }
      },
      "42": {
        "start": {
          "line": 64,
          "column": 29
        },
        "end": {
          "line": 64,
          "column": 75
        }
      },
      "43": {
        "start": {
          "line": 69,
          "column": 2
        },
        "end": {
          "line": 69,
          "column": 104
        }
      },
      "44": {
        "start": {
          "line": 72,
          "column": 2
        },
        "end": {
          "line": 72,
          "column": 62
        }
      }
    },
    "fnMap": {
      "0": {
        "name": "FavoritesProvider",
        "decl": {
          "start": {
            "line": 5,
            "column": 16
          },
          "end": {
            "line": 5,
            "column": 33
          }
        },
        "loc": {
          "start": {
            "line": 5,
            "column": 48
          },
          "end": {
            "line": 37,
            "column": 1
          }
        },
        "line": 5
      },
      "1": {
        "name": "(anonymous_1)",
        "decl": {
          "start": {
            "line": 7,
            "column": 45
          },
          "end": {
            "line": 7,
            "column": 46
          }
        },
        "loc": {
          "start": {
            "line": 7,
            "column": 51
          },
          "end": {
            "line": 10,
            "column": 3
          }
        },
        "line": 7
      },
      "2": {
        "name": "(anonymous_2)",
        "decl": {
          "start": {
            "line": 11,
            "column": 12
          },
          "end": {
            "line": 11,
            "column": 13
          }
        },
        "loc": {
          "start": {
            "line": 11,
            "column": 18
          },
          "end": {
            "line": 13,
            "column": 3
          }
        },
        "line": 11
      },
      "3": {
        "name": "(anonymous_3)",
        "decl": {
          "start": {
            "line": 14,
            "column": 25
          },
          "end": {
            "line": 14,
            "column": 26
          }
        },
        "loc": {
          "start": {
            "line": 14,
            "column": 38
          },
          "end": {
            "line": 23,
            "column": 3
          }
        },
        "line": 14
      },
      "4": {
        "name": "(anonymous_4)",
        "decl": {
          "start": {
            "line": 15,
            "column": 17
          },
          "end": {
            "line": 15,
            "column": 18
          }
        },
        "loc": {
          "start": {
            "line": 15,
            "column": 36
          },
          "end": {
            "line": 22,
            "column": 5
          }
        },
        "line": 15
      },
      "5": {
        "name": "(anonymous_5)",
        "decl": {
          "start": {
            "line": 16,
            "column": 39
          },
          "end": {
            "line": 16,
            "column": 40
          }
        },
        "loc": {
          "start": {
            "line": 16,
            "column": 46
          },
          "end": {
            "line": 16,
            "column": 65
          }
        },
        "line": 16
      },
      "6": {
        "name": "(anonymous_6)",
        "decl": {
          "start": {
            "line": 18,
            "column": 36
          },
          "end": {
            "line": 18,
            "column": 37
          }
        },
        "loc": {
          "start": {
            "line": 18,
            "column": 43
          },
          "end": {
            "line": 18,
            "column": 62
          }
        },
        "line": 18
      },
      "7": {
        "name": "(anonymous_7)",
        "decl": {
          "start": {
            "line": 24,
            "column": 21
          },
          "end": {
            "line": 24,
            "column": 22
          }
        },
        "loc": {
          "start": {
            "line": 24,
            "column": 36
          },
          "end": {
            "line": 26,
            "column": 3
          }
        },
        "line": 24
      },
      "8": {
        "name": "(anonymous_8)",
        "decl": {
          "start": {
            "line": 25,
            "column": 26
          },
          "end": {
            "line": 25,
            "column": 27
          }
        },
        "loc": {
          "start": {
            "line": 25,
            "column": 33
          },
          "end": {
            "line": 25,
            "column": 51
          }
        },
        "line": 25
      },
      "9": {
        "name": "useFavorites",
        "decl": {
          "start": {
            "line": 40,
            "column": 16
          },
          "end": {
            "line": 40,
            "column": 28
          }
        },
        "loc": {
          "start": {
            "line": 40,
            "column": 31
          },
          "end": {
            "line": 47,
            "column": 1
          }
        },
[...]
            "column": 97
          }
        },
        "type": "binary-expr",
        "locations": [
          {
            "start": {
              "line": 98,
              "column": 20
            },
            "end": {
              "line": 98,
              "column": 60
            }
          },
          {
            "start": {
              "line": 98,
              "column": 64
            },
            "end": {
              "line": 98,
              "column": 97
            }
          }
        ],
        "line": 98
      },
      "6": {
        "loc": {
          "start": {
            "line": 99,
            "column": 0
          },
          "end": {
            "line": 113,
            "column": 1
          }
        },
        "type": "if",
        "locations": [
          {
            "start": {
              "line": 99,
              "column": 0
            },
            "end": {
              "line": 113,
              "column": 1
            }
          },
          {
            "start": {},
            "end": {}
          }
        ],
        "line": 99
      },
      "7": {
        "loc": {
          "start": {
            "line": 99,
            "column": 4
          },
          "end": {
            "line": 99,
            "column": 35
          }
        },
        "type": "binary-expr",
        "locations": [
          {
            "start": {
              "line": 99,
              "column": 4
            },
            "end": {
              "line": 99,
              "column": 19
            }
          },
          {
            "start": {
              "line": 99,
              "column": 23
            },
            "end": {
              "line": 99,
              "column": 35
            }
          }
        ],
        "line": 99
      },
      "8": {
        "loc": {
          "start": {
            "line": 100,
            "column": 2
          },
          "end": {
            "line": 104,
            "column": 3
          }
        },
        "type": "if",
        "locations": [
          {
            "start": {
              "line": 100,
              "column": 2
            },
            "end": {
              "line": 104,
              "column": 3
            }
          },
          {
            "start": {},
            "end": {}
          }
        ],
        "line": 100
      },
      "9": {
        "loc": {
          "start": {
            "line": 108,
            "column": 6
          },
          "end": {
            "line": 108,
            "column": 31
          }
        },
        "type": "if",
        "locations": [
          {
            "start": {
              "line": 108,
              "column": 6
            },
            "end": {
              "line": 108,
              "column": 31
            }
          },
          {
            "start": {},
            "end": {}
          }
        ],
        "line": 108
      },
      "10": {
        "loc": {
          "start": {
            "line": 110,
            "column": 6
          },
          "end": {
            "line": 110,
            "column": 75
          }
        },
        "type": "if",
        "locations": [
          {
            "start": {
              "line": 110,
              "column": 6
            },
            "end": {
              "line": 110,
              "column": 75
            }
          },
          {
            "start": {},
            "end": {}
          }
        ],
        "line": 110
      }
    },
    "s": {
      "0": 3,
      "1": 0,
      "2": 0,
      "3": 0,
      "4": 0,
      "5": 0,
      "6": 0,
      "7": 0,
      "8": 3,
      "9": 0,
      "10": 3,
      "11": 3,
      "12": 3,
      "13": 3,
      "14": 3,
      "15": 0,
      "16": 3,
      "17": 3,
      "18": 3,
      "19": 0,
      "20": 0,
      "21": 0,
      "22": 0,
      "23": 0,
      "24": 3,
      "25": 3
    },
    "f": {
      "0": 0,
      "1": 0,
      "2": 0,
      "3": 0,
      "4": 3,
      "5": 0,
      "6": 3,
      "7": 3
    },
    "b": {
      "0": [
        0,
        0
      ],
      "1": [
        0,
        0
      ],
      "2": [
        0,
        0
      ],
      "3": [
        0,
        0,
        0
      ],
      "4": [
        0,
        0,
        0
      ],
      "5": [
        3,
        0
      ],
      "6": [
        3,
        0
      ],
      "7": [
        3,
        3
      ],
      "8": [
        0,
        3
      ],
      "9": [
        0,
        0
      ],
      "10": [
        0,
        0
      ]
    },
    "inputSourceMap": {
      "version": 3,
      "mappings": "AAoBM;;AApBN,OAAOA,WAAW;AAClB,SAASC,iBAAiB;AAC1B,OAAOC,YAAY;AACnB,OAAOC,YAAY;AACnB,OAAOC,iBAAiB;AACxB,OAAOC,cAAc;AACrB,OAAOC,YAAY;AAEnB,SAASC,kBAAkB;AAAAC,KAAA;AACzB,QAAM,EAAEC,UAAU,IAAIR,UAAU;AAEhC,QAAM,EAAES,MAAMC,aAAaC,SAASC,MAAM,IAAIR,SAAS,WAAW;AAClE,QAAMS,gBAAgBH,cAClBA,YAAYI;AAAAA,IACV,CAACC,YAAYA,QAAQC,MAAMC,YAAY,MAAMT,UAAUS,YAAY;AAAA,EACrE,IACA;AAEJ,SACE,uBAAC,SAAI,WAAWZ,OAAOa,MACrB;AAAA,2BAAC,YAAD;AAAA;AAAA;AAAA;AAAA,WAAO;AAAA,IACP,uBAAC,UAAK,WAAWb,OAAOc,aACtB;AAAA,6BAAC,QAAG,WAAWd,OAAOe,OAAQZ,uBAA9B;AAAA;AAAA;AAAA;AAAA,aAAwC;AAAA,MAExC,uBAAC,SAAI,WAAWH,OAAOgB,aACpBV;AAAAA,mBAAW,uBAAC,OAAE,WAAWN,OAAOiB,aAAa,+BAAlC;AAAA;AAAA;AAAA;AAAA,eAAiD;AAAA,QAC5DV,SAAS,uBAAC,OAAE,WAAWP,OAAOkB,WAAW,qCAAhC;AAAA;AAAA;AAAA;AAAA,eAAqD;AAAA,QAE9D,CAACZ,WACAE,cAAcW,SAAS,KACvBX,cAAcY;AAAAA,UAAI,CAACV,YACjB;AAAA,YAAC;AAAA;AAAA,cAEC,IAAIA,QAAQW;AAAAA,cACZ,OAAOX,QAAQC;AAAAA,cACf,MAAMD,QAAQY;AAAAA,cACd,MAAMZ,QAAQa;AAAAA,cACd,UAAUb,QAAQc;AAAAA;AAAAA,YALbd,QAAQW;AAAAA,YADf;AAAA;AAAA;AAAA;AAAA;AAAA;AAAA;AAAA,UAM6B;AAAA,QAE9B;AAAA,QAEF,CAACf,WAAWE,cAAcW,WAAW,KACpC,uBAAC,OAAE,WAAWnB,OAAOiB,aAAY;AAAA;AAAA,UACJd;AAAAA,UAAU;AAAA,aADvC;AAAA;AAAA;AAAA;AAAA,eAEA;AAAA,WApBJ;AAAA;AAAA;AAAA;AAAA,aAsBA;AAAA,SAzBF;AAAA;AAAA;AAAA;AAAA,WA0BA;AAAA,IACA,uBAAC,YAAD;AAAA;AAAA;AAAA;AAAA,WAAO;AAAA,OA7BT;AAAA;AAAA;AAAA;AAAA,SA8BA;AAEJ;AAACD,GA3CQD,iBAAe;AAAA,UACAN,WAEwBI,QAAQ;AAAA;AAAA0B,KAH/CxB;AA6CT,eAAeA;AAAgB,IAAAwB;AAAAC,aAAAD,IAAA",
      "names": [
        "React",
        "useParams",
        "Header",
        "Footer",
        "PerfumeCard",
        "useFetch",
        "styles",
        "BrandDetailPage",
        "_s",
        "brandName",
        "data",
        "allPerfumes",
        "loading",
        "error",
        "brandPerfumes",
        "filter",
        "perfume",
        "brand",
        "toLowerCase",
        "page",
        "mainContent",
        "title",
        "perfumeGrid",
        "loadingText",
        "errorText",
        "length",
        "map",
        "id",
        "name",
        "type",
        "imageUrl",
        "_c",
        "$RefreshReg$"
      ],
      "ignoreList": [],
      "sources": [
        "C:/Users/Рома/perfumer/src/pages/BrandDetailPage.jsx"
      ],
      "file": "C:/Users/Рома/perfumer/src/pages/BrandDetailPage.jsx"
    },
    "_coverageSchema": "1a1c01bbd47fc00a2c39e90264f33305004495a9",
    "hash": "b17835148e56b0d0e91968b83d1be78827c91cd4"
  },
  "C:/Users/Рома/perfumer/src/App.jsx": {
    "path": "C:/Users/Рома/perfumer/src/App.jsx",
    "statementMap": {
      "0": {
        "start": {
          "line": 16,
          "column": 2
        },
        "end": {
          "line": 116,
          "column": 11
        }
      },
      "1": {
        "start": {
          "line": 118,
          "column": 0
        },
        "end": {
          "line": 118,
          "column": 9
        }
      },
      "2": {
        "start": {
          "line": 121,
          "column": 0
        },
        "end": {
          "line": 121,
          "column": 24
        }
      },
      "3": {
        "start": {
          "line": 123,
          "column": 20
        },
        "end": {
          "line": 123,
          "column": 97
        }
      },
      "4": {
        "start": {
          "line": 124,
          "column": 0
        },
        "end": {
          "line": 138,
          "column": 1
        }
      },
      "5": {
        "start": {
          "line": 125,
          "column": 2
        },
        "end": {
          "line": 129,
          "column": 3
        }
      },
      "6": {
        "start": {
          "line": 126,
          "column": 4
        },
        "end": {
          "line": 128,
          "column": 6
        }
      },
      "7": {
        "start": {
          "line": 130,
          "column": 2
        },
        "end": {
          "line": 137,
          "column": 5
        }
      },
      "8": {
        "start": {
          "line": 131,
          "column": 4
        },
        "end": {
          "line": 131,
          "column": 104
        }
      },
      "9": {
        "start": {
          "line": 132,
          "column": 4
        },
        "end": {
          "line": 136,
          "column": 7
        }
      },
      "10": {
        "start": {
          "line": 133,
          "column": 6
        },
        "end": {
          "line": 133,
          "column": 31
        }
      },
      "11": {
        "start": {
          "line": 133,
          "column": 24
        },
        "end": {
          "line": 133,
          "column": 31
        }
      },
      "12": {
        "start": {
          "line": 134,
          "column": 32
        },
        "end": {
          "line": 134,
          "column": 153
        }
      },
      "13": {
        "start": {
          "line": 135,
          "column": 6
        },
        "end": {
          "line": 135,
          "column": 75
        }
      },
      "14": {
        "start": {
          "line": 135,
          "column": 29
        },
        "end": {
          "line": 135,
          "column": 75
        }
      },
      "15": {
        "start": {
          "line": 140,
          "column": 2
        },
        "end": {
          "line": 140,
          "column": 83
        }
      },
      "16": {
        "start": {
          "line": 143,
          "column": 2
        },
        "end": {
          "line": 143,
          "column": 62
        }
      }
    },
    "fnMap": {
      "0": {
        "name": "App",
        "decl": {
          "start": {
            "line": 15,
            "column": 9
          },
          "end": {
            "line": 15,
            "column": 12
          }
        },
        "loc": {
          "start": {
            "line": 15,
            "column": 15
          },
          "end": {
            "line": 117,
            "column": 1
          }
        },
        "line": 15
      },
      "1": {
        "name": "(anonymous_1)",
        "decl": {
          "start": {
            "line": 130,
            "column": 52
          },
          "end": {
            "line": 130,
            "column": 53
          }
        },
        "loc": {
          "start": {
            "line": 130,
            "column": 72
          },
          "end": {
            "line": 137,
            "column": 3
          }
        },
        "line": 130
      },
      "2": {
        "name": "(anonymous_2)",
        "decl": {
          "start": {
            "line": 132,
            "column": 27
          },
          "end": {
            "line": 132,
            "column": 28
          }
        },
        "loc": {
          "start": {
            "line": 132,
            "column": 44
          },
          "end": {
            "line": 136,
            "column": 5
          }
        },
        "line": 132
      },
      "3": {
        "name": "$RefreshReg$",
        "decl": {
          "start": {
            "line": 139,
            "column": 9
          },
          "end": {
            "line": 139,
            "column": 21
          }
        },
        "loc": {
          "start": {
            "line": 139,
            "column": 32
          },
          "end": {
            "line": 141,
            "column": 1
          }
        },
        "line": 139
      },
      "4": {
        "name": "$RefreshSig$",
        "decl": {
          "start": {
            "line": 142,
            "column": 9
          },
          "end": {
            "line": 142,
            "column": 21
          }
        },
        "loc": {
          "start": {
            "line": 142,
            "column": 24
          },
          "end": {
            "line": 144,
            "column": 1
          }
        },
        "line": 142
      }
    },
    "branchMap": {
      "0": {
        "loc": {
          "start": {
            "line": 123,
            "column": 20
          },
          "end": {
            "line": 123,
            "column": 97
          }
        },
        "type": "binary-expr",
        "locations": [
          {
            "start": {
              "line": 123,
              "column": 20
            },
            "end": {
              "line": 123,
              "column": 60
            }
          },
          {
            "start": {
              "line": 123,
              "column": 64
            },
            "end": {
              "line": 123,
              "column": 97
            }
          }
        ],
        "line": 123
      },
      "1": {
        "loc": {
          "start": {
            "line": 124,
            "column": 0
          },
          "end": {
            "line": 138,
            "column": 1
          }
        },
        "type": "if",
        "locations": [
          {
            "start": {
              "line": 124,
              "column": 0
            },
            "end": {
              "line": 138,
              "column": 1
            }
          },
          {
            "start": {},
            "end": {}
          }
        ],
        "line": 124
      },
      "2": {
        "loc": {
          "start": {
            "line": 124,
            "column": 4
          },
          "end": {
            "line": 124,
            "column": 35
          }
        },
        "type": "binary-expr",
        "locations": [
          {
            "start": {
              "line": 124,
              "column": 4
            },
            "end": {
              "line": 124,
              "column": 19
            }
          },
          {
            "start": {
              "line": 124,
              "column": 23
            },
            "end": {
              "line": 124,
              "column": 35
            }
          }
        ],
        "line": 124
      },
      "3": {
        "loc": {
          "start": {
            "line": 125,
            "column": 2
          },
          "end": {
            "line": 129,
            "column": 3
          }
        },
        "type": "if",
        "locations": [
          {
            "start": {
              "line": 125,
              "column": 2
            },
            "end": {
              "line": 129,
              "column": 3
            }
          },
          {
            "start": {},
            "end": {}
          }
        ],
        "line": 125
      },
      "4": {
        "loc": {
          "start": {
            "line": 133,
            "column": 6
          },
          "end": {
            "line": 133,
            "column": 31
          }
        },
        "type": "if",
        "locations": [
          {
            "start": {
              "line": 133,
              "column": 6
            },
            "end": {
              "line": 133,
              "column": 31
            }
          },
          {
            "start": {},
            "end": {}
          }
        ],
        "line": 133
      },
      "5": {
        "loc": {
          "start": {
            "line": 135,
            "column": 6
          },
          "end": {
            "line": 135,
            "column": 75
          }
        },
        "type": "if",
        "locations": [
          {
            "start": {
              "line": 135,
              "column": 6
            },
            "end": {
              "line": 135,
              "column": 75
            }
          },
          {
            "start": {},
            "end": {}
          }
        ],
        "line": 135
      }
    },
    "s": {
      "0": 6,
      "1": 3,
      "2": 3,
      "3": 3,
      "4": 3,
      "5": 3,
      "6": 0,
      "7": 3,
      "8": 3,
      "9": 3,
      "10": 0,
      "11": 0,
      "12": 0,
      "13": 0,
      "14": 0,
      "15": 3,
      "16": 0
    },
    "f": {
      "0": 6,
      "1": 3,
      "2": 0,
      "3": 3,
      "4": 0
    },
    "b": {
      "0": [
        3,
        0
      ],
      "1": [
        3,
        0
      ],
      "2": [
        3,
        3
      ],
      "3": [
        0,
        3
      ],
      "4": [
        0,
        0
      ],
      "5": [
        0,
        0
      ]
    },
    "inputSourceMap": {
      "version": 3,
      "mappings": "AAuBqC;AAvBrC,OAAOA,WAAW;AAClB,SAASC,eAAeC,QAAQC,aAAa;AAE7C,OAAOC,cAAc;AACrB,OAAOC,uBAAuB;AAC9B,OAAOC,gBAAgB;AACvB,OAAOC,mBAAmB;AAC1B,OAAOC,eAAe;AACtB,OAAOC,cAAc;AACrB,OAAOC,kBAAkB;AACzB,OAAOC,oBAAoB;AAC3B,OAAOC,qBAAqB;AAE5B,SAASC,yBAAyB;AAClC,SAASC,oBAAoB;AAE7B,SAASC,MAAM;AACb,SACE,uBAAC,qBACC,iCAAC,gBACE;AAAA;AAAA,IACD,uBAAC,iBACC,iCAAC,UACC;AAAA,6BAAC,SAAM,MAAK,KAAI,SAAS,uBAAC,cAAD;AAAA;AAAA;AAAA;AAAA,aAAS,KAAlC;AAAA;AAAA;AAAA;AAAA,aAAsC;AAAA,MACtC,uBAAC,SAAM,MAAK,WAAU,SAAS,uBAAC,gBAAD;AAAA;AAAA;AAAA;AAAA,aAAW,KAA1C;AAAA;AAAA;AAAA;AAAA,aAA8C;AAAA,MAC9C,uBAAC,SAAM,MAAK,sBAAqB,SAAS,uBAAC,qBAAD;AAAA;AAAA;AAAA;AAAA,aAAgB,KAA1D;AAAA;AAAA;AAAA;AAAA,aAA8D;AAAA,MAC9D,uBAAC,SAAM,MAAK,UAAS,SAAS,uBAAC,eAAD;AAAA;AAAA;AAAA;AAAA,aAAU,KAAxC;AAAA;AAAA;AAAA;AAAA,aAA4C;AAAA,MAC5C,uBAAC,SAAM,MAAK,SAAQ,SAAS,uBAAC,cAAD;AAAA;AAAA;AAAA;AAAA,aAAS,KAAtC;AAAA;AAAA;AAAA;AAAA,aAA0C;AAAA,MAC1C,uBAAC,SAAM,MAAK,gBAAe,SAAS,uBAAC,uBAAD;AAAA;AAAA;AAAA;AAAA,aAAkB,KAAtD;AAAA;AAAA;AAAA;AAAA,aAA0D;AAAA,MAC1D,uBAAC,SAAM,SAAS,uBAAC,oBAAD;AAAA;AAAA;AAAA;AAAA,aAAe,GAC7B,iCAAC,SAAM,MAAK,cAAa,SAAS,uBAAC,mBAAD;AAAA;AAAA;AAAA;AAAA,aAAc,KAAhD;AAAA;AAAA;AAAA;AAAA,aAAoD,KADtD;AAAA;AAAA;AAAA;AAAA,aAEA;AAAA,MACA,uBAAC,SAAM,MAAK,KAAI,SAAS,uBAAC,kBAAD;AAAA;AAAA;AAAA;AAAA,aAAa,KAAtC;AAAA;AAAA;AAAA;AAAA,aAA0C;AAAA,SAV5C;AAAA;AAAA;AAAA;AAAA,WAWA,KAZF;AAAA;AAAA;AAAA;AAAA,WAaA;AAAA,OAfF;AAAA;AAAA;AAAA;AAAA,SAgBA,KAjBF;AAAA;AAAA;AAAA;AAAA,SAkBA;AAEJ;AAACC,KAtBQD;AAwBT,eAAeA;AAAI,IAAAC;AAAAC,aAAAD,IAAA",
      "names": [
        "React",
        "BrowserRouter",
        "Routes",
        "Route",
        "HomePage",
        "PerfumeDetailPage",
        "BrandsPage",
        "FavoritesPage",
        "AboutPage",
        "AuthPage",
        "NotFoundPage",
        "ProtectedRoute",
        "BrandDetailPage",
        "FavoritesProvider",
        "AuthProvider",
        "App",
        "_c",
        "$RefreshReg$"
      ],
      "ignoreList": [],
      "sources": [
        "C:/Users/Рома/perfumer/src/App.jsx"
      ],
      "file": "C:/Users/Рома/perfumer/src/App.jsx"
    },
    "_coverageSchema": "1a1c01bbd47fc00a2c39e90264f33305004495a9",
    "hash": "572d066f9df1c47761f75067e4090fc500bd522a"
  },
  "C:/Users/Рома/perfumer/src/main.jsx": {
    "path": "C:/Users/Рома/perfumer/src/main.jsx",
    "statementMap": {
      "0": {
        "start": {
          "line": 6,
          "column": 0
        },
        "end": {
          "line": 16,
          "column": 2
        }
      }
    },
    "fnMap": {},
    "branchMap": {},
    "s": {
      "0": 3
    },
    "f": {},
    "b": {},
    "inputSourceMap": {
      "version": 3,
      "mappings": "AAOI;AAPJ,SAASA,kBAAkB;AAC3B,SAASC,kBAAkB;AAC3B,OAAO;AACP,OAAOC,SAAS;AAEhBD,WAAWE,SAASC,eAAe,MAAM,CAAC,EAAEC;AAAAA,EAC1C,uBAAC,cACC,iCAAC,SAAD;AAAA;AAAA;AAAA;AAAA,SAAI,KADN;AAAA;AAAA;AAAA;AAAA,SAEA;AACF",
      "names": [
        "StrictMode",
        "createRoot",
        "App",
        "document",
        "getElementById",
        "render"
      ],
      "ignoreList": [],
      "sources": [
        "C:/Users/Рома/perfumer/src/main.jsx"
      ],
      "file": "C:/Users/Рома/perfumer/src/main.jsx"
    },
    "_coverageSchema": "1a1c01bbd47fc00a2c39e90264f33305004495a9",
    "hash": "820398199e8c1e9c8be5ef21e8bf86e1573a8856"
  }
}