{
  "C:/Users/Рома/perfumer/src/context/AuthContext.jsx": {
    "path": "C:/Users/Рома/perfumer/src/context/AuthContext.jsx",
    "statementMap": {
      "0": {
        "start": {
          "line": 2,
          "column": 9
        },
        "end": {
          "line": 2,
          "column": 23
        }
      },
      "1": {
        "start": {
          "line": 2,
          "column": 31
        },
        "end": {
          "line": 2,
          "column": 45
        }
      },
      "2": {
        "start": {
          "line": 4,
          "column": 27
        },
        "end": {
          "line": 4,
          "column": 42
        }
      },
      "3": {
        "start": {
          "line": 6,
          "column": 2
        },
        "end": {
          "line": 6,
          "column": 7
        }
      },
      "4": {
        "start": {
          "line": 7,
          "column": 26
        },
        "end": {
          "line": 11,
          "column": 4
        }
      },
      "5": {
        "start": {
          "line": 8,
          "column": 22
        },
        "end": {
          "line": 8,
          "column": 50
        }
      },
      "6": {
        "start": {
          "line": 9,
          "column": 23
        },
        "end": {
          "line": 9,
          "column": 52
        }
      },
      "7": {
        "start": {
          "line": 10,
          "column": 4
        },
        "end": {
          "line": 10,
          "column": 78
        }
      },
      "8": {
        "start": {
          "line": 12,
          "column": 21
        },
        "end": {
          "line": 12,
          "column": 34
        }
      },
      "9": {
        "start": {
          "line": 13,
          "column": 2
        },
        "end": {
          "line": 22,
          "column": 13
        }
      },
      "10": {
        "start": {
          "line": 14,
          "column": 4
        },
        "end": {
          "line": 21,
          "column": 5
        }
      },
      "11": {
        "start": {
          "line": 15,
          "column": 40
        },
        "end": {
          "line": 15,
          "column": 44
        }
      },
      "12": {
        "start": {
          "line": 16,
          "column": 6
        },
        "end": {
          "line": 16,
          "column": 64
        }
      },
      "13": {
        "start": {
          "line": 17,
          "column": 6
        },
        "end": {
          "line": 17,
          "column": 43
        }
      },
      "14": {
        "start": {
          "line": 19,
          "column": 6
        },
        "end": {
          "line": 19,
          "column": 38
        }
      },
      "15": {
        "start": {
          "line": 20,
          "column": 6
        },
        "end": {
          "line": 20,
          "column": 39
        }
      },
      "16": {
        "start": {
          "line": 23,
          "column": 16
        },
        "end": {
          "line": 51,
          "column": 3
        }
      },
      "17": {
        "start": {
          "line": 24,
          "column": 4
        },
        "end": {
          "line": 50,
          "column": 5
        }
      },
      "18": {
        "start": {
          "line": 25,
          "column": 22
        },
        "end": {
          "line": 25,
          "column": 50
        }
      },
      "19": {
        "start": {
          "line": 26,
          "column": 23
        },
        "end": {
          "line": 32,
          "column": 8
        }
      },
      "20": {
        "start": {
          "line": 33,
          "column": 19
        },
        "end": {
          "line": 33,
          "column": 40
        }
      },
      "21": {
        "start": {
          "line": 34,
          "column": 6
        },
        "end": {
          "line": 47,
          "column": 7
        }
      },
      "22": {
        "start": {
          "line": 35,
          "column": 8
        },
        "end": {
          "line": 35,
          "column": 50
        }
      },
      "23": {
        "start": {
          "line": 36,
          "column": 8
        },
        "end": {
          "line": 39,
          "column": 10
        }
      },
      "24": {
        "start": {
          "line": 40,
          "column": 8
        },
        "end": {
          "line": 40,
          "column": 48
        }
      },
      "25": {
        "start": {
          "line": 41,
          "column": 8
        },
        "end": {
          "line": 41,
          "column": 33
        }
      },
      "26": {
        "start": {
          "line": 43,
          "column": 8
        },
        "end": {
          "line": 46,
          "column": 10
        }
      },
      "27": {
        "start": {
          "line": 49,
          "column": 6
        },
        "end": {
          "line": 49,
          "column": 56
        }
      },
      "28": {
        "start": {
          "line": 52,
          "column": 19
        },
        "end": {
          "line": 78,
          "column": 3
        }
      },
      "29": {
        "start": {
          "line": 53,
          "column": 4
        },
        "end": {
          "line": 77,
          "column": 5
        }
      },
      "30": {
        "start": {
          "line": 54,
          "column": 22
        },
        "end": {
          "line": 54,
          "column": 50
        }
      },
      "31": {
        "start": {
          "line": 55,
          "column": 23
        },
        "end": {
          "line": 59,
          "column": 8
        }
      },
      "32": {
        "start": {
          "line": 60,
          "column": 19
        },
        "end": {
          "line": 60,
          "column": 40
        }
      },
      "33": {
        "start": {
          "line": 61,
          "column": 6
        },
        "end": {
          "line": 74,
          "column": 7
        }
      },
      "34": {
        "start": {
          "line": 62,
          "column": 8
        },
        "end": {
          "line": 62,
          "column": 50
        }
      },
      "35": {
        "start": {
          "line": 63,
          "column": 8
        },
        "end": {
          "line": 66,
          "column": 10
        }
      },
      "36": {
        "start": {
          "line": 67,
          "column": 8
        },
        "end": {
          "line": 67,
          "column": 48
        }
      },
      "37": {
        "start": {
          "line": 68,
          "column": 8
        },
        "end": {
          "line": 68,
          "column": 33
        }
      },
      "38": {
        "start": {
          "line": 70,
          "column": 8
        },
        "end": {
          "line": 73,
          "column": 10
        }
      },
      "39": {
        "start": {
          "line": 76,
          "column": 6
        },
        "end": {
          "line": 76,
          "column": 56
        }
      },
      "40": {
        "start": {
          "line": 79,
          "column": 17
        },
        "end": {
          "line": 83,
          "column": 3
        }
      },
      "41": {
        "start": {
          "line": 80,
          "column": 4
        },
        "end": {
          "line": 80,
          "column": 18
        }
      },
      "42": {
        "start": {
          "line": 81,
          "column": 4
        },
        "end": {
          "line": 81,
          "column": 36
        }
      },
      "43": {
        "start": {
          "line": 82,
          "column": 4
        },
        "end": {
          "line": 82,
          "column": 37
        }
      },
      "44": {
        "start": {
          "line": 84,
          "column": 16
        },
        "end": {
          "line": 90,
          "column": 3
        }
      },
      "45": {
        "start": {
          "line": 91,
          "column": 2
        },
        "end": {
          "line": 95,
          "column": 11
        }
      },
      "46": {
        "start": {
          "line": 97,
          "column": 0
        },
        "end": {
          "line": 97,
          "column": 49
        }
      },
      "47": {
        "start": {
          "line": 98,
          "column": 0
        },
        "end": {
          "line": 98,
          "column": 18
        }
      },
      "48": {
        "start": {
          "line": 100,
          "column": 2
        },
        "end": {
          "line": 100,
          "column": 8
        }
      },
      "49": {
        "start": {
          "line": 101,
          "column": 18
        },
        "end": {
          "line": 101,
          "column": 41
        }
      },
      "50": {
        "start": {
          "line": 102,
          "column": 2
        },
        "end": {
          "line": 104,
          "column": 3
        }
      },
      "51": {
        "start": {
          "line": 103,
          "column": 4
        },
        "end": {
          "line": 103,
          "column": 67
        }
      },
      "52": {
        "start": {
          "line": 105,
          "column": 2
        },
        "end": {
          "line": 105,
          "column": 17
        }
      },
      "53": {
        "start": {
          "line": 107,
          "column": 0
        },
        "end": {
          "line": 107,
          "column": 45
        }
      },
      "54": {
        "start": {
          "line": 109,
          "column": 0
        },
        "end": {
          "line": 109,
          "column": 33
        }
      },
      "55": {
        "start": {
          "line": 111,
          "column": 20
        },
        "end": {
          "line": 111,
          "column": 97
        }
      },
      "56": {
        "start": {
          "line": 112,
          "column": 0
        },
        "end": {
          "line": 126,
          "column": 1
        }
      },
      "57": {
        "start": {
          "line": 113,
          "column": 2
        },
        "end": {
          "line": 117,
          "column": 3
        }
      },
      "58": {
        "start": {
          "line": 114,
          "column": 4
        },
        "end": {
          "line": 116,
          "column": 6
        }
      },
      "59": {
        "start": {
          "line": 118,
          "column": 2
        },
        "end": {
          "line": 125,
          "column": 5
        }
      },
      "60": {
        "start": {
          "line": 119,
          "column": 4
        },
        "end": {
          "line": 119,
          "column": 120
        }
      },
      "61": {
        "start": {
          "line": 120,
          "column": 4
        },
        "end": {
          "line": 124,
          "column": 7
        }
      },
      "62": {
        "start": {
          "line": 121,
          "column": 6
        },
        "end": {
          "line": 121,
          "column": 31
        }
      },
      "63": {
        "start": {
          "line": 121,
          "column": 24
        },
        "end": {
          "line": 121,
          "column": 31
        }
      },
      "64": {
        "start": {
          "line": 122,
          "column": 32
        },
        "end": {
          "line": 122,
          "column": 169
        }
      },
      "65": {
        "start": {
          "line": 123,
          "column": 6
        },
        "end": {
          "line": 123,
          "column": 75
        }
      },
      "66": {
        "start": {
          "line": 123,
          "column": 29
        },
        "end": {
          "line": 123,
          "column": 75
        }
      },
      "67": {
        "start": {
          "line": 128,
          "column": 2
        },
        "end": {
          "line": 128,
          "column": 99
        }
      },
      "68": {
        "start": {
          "line": 131,
          "column": 2
        },
        "end": {
          "line": 131,
          "column": 62
        }
      },
      "69": {
        "start": {
          "line": 3,
          "column": 27
        },
        "end": {
          "line": 3,
          "column": 42
        }
      },
      "70": {
        "start": {
          "line": 5,
          "column": 26
        },
        "end": {
          "line": 9,
          "column": 4
        }
      },
      "71": {
        "start": {
          "line": 6,
          "column": 22
        },
        "end": {
          "line": 6,
          "column": 50
        }
      },
      "72": {
        "start": {
          "line": 7,
          "column": 23
        },
        "end": {
          "line": 7,
          "column": 52
        }
      },
      "73": {
        "start": {
          "line": 8,
          "column": 4
        },
        "end": {
          "line": 8,
          "column": 78
        }
      },
      "74": {
        "start": {
          "line": 10,
          "column": 21
        },
        "end": {
          "line": 10,
          "column": 34
        }
      },
      "75": {
        "start": {
          "line": 11,
          "column": 2
        },
        "end": {
          "line": 20,
          "column": 13
        }
      },
      "76": {
        "start": {
          "line": 12,
          "column": 4
        },
        "end": {
          "line": 19,
          "column": 5
        }
      },
      "77": {
        "start": {
          "line": 13,
          "column": 40
        },
        "end": {
          "line": 13,
          "column": 44
        }
      },
      "78": {
        "start": {
          "line": 14,
          "column": 6
        },
        "end": {
          "line": 14,
          "column": 64
        }
      },
      "79": {
        "start": {
          "line": 15,
          "column": 6
        },
        "end": {
          "line": 15,
          "column": 43
        }
      },
      "80": {
        "start": {
          "line": 17,
          "column": 6
        },
        "end": {
          "line": 17,
          "column": 38
        }
      },
      "81": {
        "start": {
          "line": 18,
          "column": 6
        },
        "end": {
          "line": 18,
          "column": 39
        }
      },
      "82": {
        "start": {
          "line": 21,
          "column": 16
        },
        "end": {
          "line": 49,
          "column": 3
        }
      },
      "83": {
        "start": {
          "line": 22,
          "column": 4
        },
        "end": {
          "line": 48,
          "column": 5
        }
      },
      "84": {
        "start": {
          "line": 23,
          "column": 22
        },
        "end": {
          "line": 23,
          "column": 50
        }
      },
      "85": {
        "start": {
          "line": 24,
          "column": 23
        },
        "end": {
          "line": 30,
          "column": 8
        }
      },
      "86": {
        "start": {
          "line": 31,
          "column": 19
        },
        "end": {
          "line": 31,
          "column": 40
        }
      },
      "87": {
        "start": {
          "line": 32,
          "column": 6
        },
        "end": {
          "line": 45,
          "column": 7
        }
      },
      "88": {
        "start": {
          "line": 33,
          "column": 8
        },
        "end": {
          "line": 33,
          "column": 50
        }
      },
      "89": {
        "start": {
          "line": 34,
          "column": 8
        },
        "end": {
          "line": 37,
          "column": 10
        }
      },
      "90": {
        "start": {
          "line": 38,
          "column": 8
        },
        "end": {
          "line": 38,
          "column": 48
        }
      },
      "91": {
        "start": {
          "line": 39,
          "column": 8
        },
        "end": {
          "line": 39,
          "column": 33
        }
      },
      "92": {
        "start": {
          "line": 41,
          "column": 8
        },
        "end": {
          "line": 44,
          "column": 10
        }
      },
      "93": {
        "start": {
          "line": 47,
          "column": 6
        },
        "end": {
          "line": 47,
          "column": 56
        }
      },
      "94": {
        "start": {
          "line": 50,
          "column": 19
        },
        "end": {
          "line": 76,
          "column": 3
        }
      },
      "95": {
        "start": {
          "line": 51,
          "column": 4
        },
        "end": {
          "line": 75,
          "column": 5
        }
      },
      "96": {
        "start": {
          "line": 52,
          "column": 22
        },
        "end": {
          "line": 52,
          "column": 50
        }
      },
      "97": {
        "start": {
          "line": 53,
          "column": 23
        },
        "end": {
          "line": 57,
          "column": 8
        }
      },
      "98": {
        "start": {
          "line": 58,
          "column": 19
        },
        "end": {
          "line": 58,
          "column": 40
        }
      },
      "99": {
        "start": {
          "line": 59,
          "column": 6
        },
        "end": {
          "line": 72,
          "column": 7
        }
      },
      "100": {
        "start": {
          "line": 60,
          "column": 8
        },
        "end": {
          "line": 60,
          "column": 50
        }
      },
      "101": {
        "start": {
          "line": 61,
          "column": 8
        },
        "end": {
          "line": 64,
          "column": 10
        }
      },
      "102": {
        "start": {
          "line": 65,
          "column": 8
        },
        "end": {
          "line": 65,
          "column": 48
        }
      },
      "103": {
        "start": {
          "line": 66,
          "column": 8
        },
        "end": {
          "line": 66,
          "column": 33
        }
      },
      "104": {
        "start": {
          "line": 68,
          "column": 8
        },
        "end": {
          "line": 71,
          "column": 10
        }
      },
      "105": {
        "start": {
          "line": 74,
          "column": 6
        },
        "end": {
          "line": 74,
          "column": 56
        }
      },
      "106": {
        "start": {
          "line": 77,
          "column": 17
        },
        "end": {
          "line": 81,
          "column": 3
        }
      },
      "107": {
        "start": {
          "line": 78,
          "column": 4
        },
        "end": {
          "line": 78,
          "column": 18
        }
      },
      "108": {
        "start": {
          "line": 79,
          "column": 4
        },
        "end": {
          "line": 79,
          "column": 36
        }
      },
      "109": {
        "start": {
          "line": 80,
          "column": 4
        },
        "end": {
          "line": 80,
          "column": 37
        }
      },
      "110": {
        "start": {
          "line": 82,
          "column": 16
        },
        "end": {
          "line": 88,
          "column": 3
        }
      },
      "111": {
        "start": {
          "line": 89,
          "column": 2
        },
        "end": {
          "line": 93,
          "column": 11
        }
      },
      "112": {
        "start": {
          "line": 96,
          "column": 18
        },
        "end": {
          "line": 96,
          "column": 41
        }
      },
      "113": {
        "start": {
          "line": 97,
          "column": 2
        },
        "end": {
          "line": 99,
          "column": 3
        }
      },
      "114": {
        "start": {
          "line": 98,
          "column": 4
        },
        "end": {
          "line": 98,
          "column": 67
        }
      },
      "115": {
        "start": {
          "line": 100,
          "column": 2
        },
        "end": {
          "line": 100,
          "column": 17
        }
      }
    },
    "fnMap": {
      "0": {
        "name": "AuthProvider",
        "decl": {
          "start": {
            "line": 5,
            "column": 16
          },
          "end": {
            "line": 5,
            "column": 28
          }
        },
        "loc": {
          "start": {
            "line": 5,
            "column": 43
          },
          "end": {
            "line": 96,
            "column": 1
          }
        },
        "line": 5
      },
      "1": {
        "name": "(anonymous_1)",
        "decl": {
          "start": {
            "line": 7,
            "column": 35
          },
          "end": {
            "line": 7,
            "column": 36
          }
        },
        "loc": {
          "start": {
            "line": 7,
            "column": 41
          },
          "end": {
            "line": 11,
            "column": 3
          }
        },
        "line": 7
      },
      "2": {
        "name": "(anonymous_2)",
        "decl": {
          "start": {
            "line": 13,
            "column": 12
          },
          "end": {
            "line": 13,
            "column": 13
          }
        },
        "loc": {
          "start": {
            "line": 13,
            "column": 18
          },
          "end": {
            "line": 22,
            "column": 3
          }
        },
        "line": 13
      },
      "3": {
        "name": "(anonymous_3)",
        "decl": {
          "start": {
            "line": 23,
            "column": 16
          },
          "end": {
            "line": 23,
            "column": 17
          }
        },
        "loc": {
          "start": {
            "line": 23,
            "column": 43
          },
          "end": {
            "line": 51,
            "column": 3
          }
        },
        "line": 23
      },
      "4": {
        "name": "(anonymous_4)",
        "decl": {
          "start": {
            "line": 52,
            "column": 19
          },
          "end": {
            "line": 52,
            "column": 20
          }
        },
        "loc": {
          "start": {
            "line": 52,
            "column": 52
          },
          "end": {
            "line": 78,
            "column": 3
          }
        },
        "line": 52
      },
      "5": {
        "name": "(anonymous_5)",
        "decl": {
          "start": {
            "line": 79,
            "column": 17
          },
          "end": {
            "line": 79,
            "column": 18
          }
        },
        "loc": {
          "start": {
            "line": 79,
            "column": 23
          },
          "end": {
            "line": 83,
            "column": 3
          }
        },
        "line": 79
      },
      "6": {
        "name": "useAuth",
        "decl": {
          "start": {
            "line": 99,
            "column": 16
          },
          "end": {
            "line": 99,
            "column": 23
          }
        },
        "loc": {
          "start": {
            "line": 99,
            "column": 26
          },
          "end": {
            "line": 106,
            "column": 1
          }
        },
        "line": 99
      },
      "7": {
        "name": "(anonymous_7)",
        "decl": {
          "start": {
            "line": 118,
            "column": 52
          },
          "end": {
            "line": 118,
            "column": 53
          }
        },
        "loc": {
          "start": {
            "line": 118,
            "column": 72
          },
          "end": {
            "line": 125,
            "column": 3
          }
        },
        "line": 118
      },
      "8": {
        "name": "(anonymous_8)",
        "decl": {
          "start": {
            "line": 120,
            "column": 27
          },
          "end": {
            "line": 120,
            "column": 28
          }
        },
        "loc": {
          "start": {
            "line": 120,
            "column": 44
          },
          "end": {
            "line": 124,
            "column": 5
          }
        },
        "line": 120
      },
      "9": {
        "name": "$RefreshReg$",
        "decl": {
          "start": {
            "line": 127,
            "column": 9
          },
          "end": {
            "line": 127,
            "column": 21
          }
        },
        "loc": {
          "start": {
            "line": 127,
            "column": 32
          },
          "end": {
            "line": 129,
            "column": 1
          }
        },
        "line": 127
      },
      "10": {
        "name": "$RefreshSig$",
        "decl": {
          "start": {
            "line": 130,
            "column": 9
          },
          "end": {
            "line": 130,
            "column": 21
          }
        },
        "loc": {
          "start": {
            "line": 130,
            "column": 24
          },
          "end": {
            "line": 132,
            "column": 1
          }
        },
        "line": 130
      },
      "11": {
        "name": "AuthProvider",
        "decl": {
          "start": {
            "line": 4,
            "column": 16
          },
          "end": {
            "line": 4,
            "column": 28
          }
        },
        "loc": {
          "start": {
            "line": 4,
            "column": 43
          },
          "end": {
            "line": 94,
            "column": 1
          }
        },
        "line": 4
      },
      "12": {
        "name": "(anonymous_1)",
        "decl": {
          "start": {
            "line": 5,
            "column": 35
          },
          "end": {
            "line": 5,
            "column": 36
          }
        },
        "loc": {
          "start": {
            "line": 5,
            "column": 41
          },
          "end": {
            "line": 9,
            "column": 3
          }
        },
        "line": 5
      },
      "13": {
        "name": "(anonymous_2)",
        "decl": {
          "start": {
            "line": 11,
            "column": 12
          },
          "end": {
            "line": 11,
            "column": 13
          }
        },
        "loc": {
          "start": {
            "line": 11,
            "column": 18
          },
          "end": {
            "line": 20,
            "column": 3
          }
        },
        "line": 11
      },
      "14": {
        "name": "(anonymous_3)",
        "decl": {
          "start": {
            "line": 21,
            "column": 16
          },
          "end": {
            "line": 21,
            "column": 17
          }
        },
        "loc": {
          "start": {
            "line": 21,
            "column": 43
          },
          "end": {
            "line": 49,
            "column": 3
          }
        },
        "line": 21
      },
      "15": {
        "name": "(anonymous_4)",
        "decl": {
          "start": {
            "line": 50,
            "column": 19
          },
          "end": {
            "line": 50,
            "column": 20
          }
        },
        "loc": {
          "start": {
            "line": 50,
            "column": 52
          },
          "end": {
            "line": 76,
            "column": 3
          }
        },
        "line": 50
      },
      "16": {
        "name": "(anonymous_5)",
        "decl": {
          "start": {
            "line": 77,
            "column": 17
          },
          "end": {
            "line": 77,
            "column": 18
          }
        },
        "loc": {
          "start": {
            "line": 77,
            "column": 23
          },
          "end": {
            "line": 81,
            "column": 3
          }
        },
        "line": 77
      },
      "17": {
        "name": "useAuth",
        "decl": {
          "start": {
            "line": 95,
            "column": 16
          },
          "end": {
            "line": 95,
            "column": 23
          }
        },
        "loc": {
          "start": {
            "line": 95,
            "column": 26
          },
          "end": {
            "line": 101,
            "column": 1
          }
        },
        "line": 95
      }
    },
    "branchMap": {
      "0": {
        "loc": {
          "start": {
            "line": 10,
            "column": 11
          },
          "end": {
            "line": 10,
            "column": 77
          }
        },
        "type": "cond-expr",
        "locations": [
          {
            "start": {
              "line": 10,
              "column": 23
            },
            "end": {
              "line": 10,
              "column": 70
            }
          },
          {
            "start": {
              "line": 10,
              "column": 73
            },
            "end": {
              "line": 10,
              "column": 77
            }
          }
        ],
        "line": 10
      },
      "1": {
        "loc": {
          "start": {
            "line": 14,
            "column": 4
          },
          "end": {
            "line": 21,
            "column": 5
          }
        },
        "type": "if",
        "locations": [
          {
            "start": {
              "line": 14,
              "column": 4
            },
            "end": {
              "line": 21,
              "column": 5
            }
          },
          {
            "start": {
              "line": 18,
              "column": 11
            },
            "end": {
              "line": 21,
              "column": 5
            }
          }
        ],
        "line": 14
      },
      "2": {
        "loc": {
          "start": {
            "line": 14,
            "column": 8
          },
          "end": {
            "line": 14,
            "column": 26
          }
        },
        "type": "binary-expr",
        "locations": [
          {
            "start": {
              "line": 14,
              "column": 8
            },
            "end": {
              "line": 14,
              "column": 12
            }
          },
          {
            "start": {
              "line": 14,
              "column": 16
            },
            "end": {
              "line": 14,
              "column": 26
            }
          }
        ],
        "line": 14
      },
      "3": {
        "loc": {
          "start": {
            "line": 34,
            "column": 6
          },
          "end": {
            "line": 47,
            "column": 7
          }
        },
        "type": "if",
        "locations": [
          {
            "start": {
              "line": 34,
              "column": 6
            },
            "end": {
              "line": 47,
              "column": 7
            }
          },
          {
            "start": {
              "line": 42,
              "column": 13
            },
            "end": {
              "line": 47,
              "column": 7
            }
          }
        ],
        "line": 34
      },
      "4": {
        "loc": {
          "start": {
            "line": 45,
            "column": 19
          },
          "end": {
            "line": 45,
            "column": 66
          }
        },
        "type": "binary-expr",
        "locations": [
          {
            "start": {
              "line": 45,
              "column": 19
            },
            "end": {
              "line": 45,
              "column": 31
            }
          },
          {
            "start": {
              "line": 45,
              "column": 35
            },
            "end": {
              "line": 45,
              "column": 66
            }
          }
        ],
        "line": 45
      },
      "5": {
        "loc": {
          "start": {
            "line": 61,
            "column": 6
          },
          "end": {
            "line": 74,
            "column": 7
          }
        },
        "type": "if",
        "locations": [
          {
            "start": {
              "line": 61,
              "column": 6
            },
            "end": {
              "line": 74,
              "column": 7
            }
          },
          {
            "start": {
              "line": 69,
              "column": 13
            },
            "end": {
              "line": 74,
              "column": 7
            }
          }
        ],
        "line": 61
      },
      "6": {
        "loc": {
          "start": {
            "line": 72,
            "column": 19
          },
          "end": {
            "line": 72,
            "column": 55
          }
        },
        "type": "binary-expr",
        "locations": [
          {
            "start": {
              "line": 72,
              "column": 19
            },
            "end": {
              "line": 72,
              "column": 31
            }
          },
          {
            "start": {
              "line": 72,
              "column": 35
            },
            "end": {
              "line": 72,
              "column": 55
            }
          }
        ],
        "line": 72
      },
      "7": {
        "loc": {
          "start": {
            "line": 102,
            "column": 2
          },
          "end": {
            "line": 104,
            "column": 3
          }
        },
        "type": "if",
        "locations": [
          {
            "start": {
              "line": 102,
              "column": 2
            },
            "end": {
              "line": 104,
              "column": 3
            }
          },
          {
            "start": {},
            "end": {}
          }
        ],
        "line": 102
      },
      "8": {
        "loc": {
          "start": {
            "line": 111,
            "column": 20
          },
          "end": {
            "line": 111,
            "column": 97
          }
        },
        "type": "binary-expr",
        "locations": [
          {
            "start": {
              "line": 111,
              "column": 20
            },
            "end": {
              "line": 111,
              "column": 60
            }
          },
          {
            "start": {
              "line": 111,
              "column": 64
            },
            "end": {
              "line": 111,
              "column": 97
            }
          }
        ],
        "line": 111
      },
      "9": {
        "loc": {
          "start": {
            "line": 112,
            "column": 0
          },
          "end": {
            "line": 126,
            "column": 1
          }
        },
        "type": "if",
        "locations": [
          {
            "start": {
              "line": 112,
              "column": 0
            },
            "end": {
              "line": 126,
              "column": 1
            }
          },
          {
            "start": {},
            "end": {}
          }
        ],
        "line": 112
      },
      "10": {
        "loc": {
          "start": {
            "line": 112,
            "column": 4
          },
          "end": {
            "line": 112,
            "column": 35
          }
        },
        "type": "binary-expr",
        "locations": [
          {
            "start": {
              "line": 112,
              "column": 4
            },
            "end": {
              "line": 112,
              "column": 19
            }
          },
          {
            "start": {
              "line": 112,
              "column": 23
            },
            "end": {
              "line": 112,
              "column": 35
            }
          }
        ],
        "line": 112
      },
      "11": {
        "loc": {
          "start": {
            "line": 113,
            "column": 2
          },
          "end": {
            "line": 117,
            "column": 3
          }
        },
        "type": "if",
        "locations": [
          {
            "start": {
              "line": 113,
              "column": 2
            },
            "end": {
              "line": 117,
              "column": 3
            }
          },
          {
            "start": {},
            "end": {}
          }
        ],
        "line": 113
      },
      "12": {
        "loc": {
          "start": {
            "line": 121,
            "column": 6
          },
          "end": {
            "line": 121,
            "column": 31
          }
        },
        "type": "if",
        "locations": [
          {
            "start": {
              "line": 121,
              "column": 6
            },
            "end": {
              "line": 121,
              "column": 31
            }
          },
          {
            "start": {},
            "end": {}
          }
        ],
        "line": 121
      },
      "13": {
        "loc": {
          "start": {
            "line": 123,
            "column": 6
          },
          "end": {
            "line": 123,
            "column": 75
          }
        },
        "type": "if",
        "locations": [
          {
            "start": {
              "line": 123,
              "column": 6
            },
            "end": {
              "line": 123,
              "column": 75
            }
          },
          {
            "start": {},
            "end": {}
          }
        ],
        "line": 123
      },
      "14": {
        "loc": {
          "start": {
            "line": 8,
            "column": 11
          },
          "end": {
            "line": 8,
            "column": 77
          }
        },
        "type": "cond-expr",
        "locations": [
          {
            "start": {
              "line": 8,
              "column": 23
            },
            "end": {
              "line": 8,
              "column": 70
            }
          },
          {
            "start": {
              "line": 8,
              "column": 73
            },
            "end": {
              "line": 8,
              "column": 77
            }
          }
        ],
        "line": 8
      },
      "15": {
        "loc": {
          "start": {
            "line": 12,
            "column": 4
          },
          "end": {
            "line": 19,
            "column": 5
          }
        },
        "type": "if",
        "locations": [
          {
            "start": {
              "line": 12,
              "column": 4
            },
            "end": {
              "line": 19,
              "column": 5
            }
          },
          {
            "start": {
              "line": 16,
              "column": 11
            },
            "end": {
              "line": 19,
              "column": 5
            }
          }
        ],
        "line": 12
      },
      "16": {
        "loc": {
          "start": {
            "line": 12,
            "column": 8
          },
          "end": {
            "line": 12,
            "column": 26
          }
        },
        "type": "binary-expr",
        "locations": [
          {
            "start": {
              "line": 12,
              "column": 8
            },
            "end": {
              "line": 12,
              "column": 12
            }
          },
          {
            "start": {
              "line": 12,
              "column": 16
            },
            "end": {
              "line": 12,
              "column": 26
            }
          }
        ],
        "line": 12
      },
      "17": {
        "loc": {
          "start": {
            "line": 32,
            "column": 6
          },
          "end": {
            "line": 45,
            "column": 7
          }
        },
        "type": "if",
        "locations": [
          {
            "start": {
              "line": 32,
              "column": 6
            },
            "end": {
              "line": 45,
              "column": 7
            }
          },
          {
            "start": {
              "line": 40,
              "column": 13
            },
            "end": {
              "line": 45,
              "column": 7
            }
          }
        ],
        "line": 32
      },
      "18": {
        "loc": {
          "start": {
            "line": 43,
            "column": 19
          },
          "end": {
            "line": 43,
            "column": 66
          }
        },
        "type": "binary-expr",
        "locations": [
          {
            "start": {
              "line": 43,
              "column": 19
            },
            "end": {
              "line": 43,
              "column": 31
            }
          },
          {
            "start": {
              "line": 43,
              "column": 35
            },
            "end": {
              "line": 43,
              "column": 66
            }
          }
        ],
        "line": 43
      },
      "19": {
        "loc": {
          "start": {
            "line": 59,
            "column": 6
          },
          "end": {
            "line": 72,
            "column": 7
          }
        },
        "type": "if",
        "locations": [
          {
            "start": {
              "line": 59,
              "column": 6
            },
            "end": {
              "line": 72,
              "column": 7
            }
          },
          {
            "start": {
              "line": 67,
              "column": 13
            },
            "end": {
              "line": 72,
              "column": 7
            }
          }
        ],
        "line": 59
      },
      "20": {
        "loc": {
          "start": {
            "line": 70,
            "column": 19
          },
          "end": {
            "line": 70,
            "column": 55
          }
        },
        "type": "binary-expr",
        "locations": [
          {
            "start": {
              "line": 70,
              "column": 19
            },
            "end": {
              "line": 70,
              "column": 31
            }
          },
          {
            "start": {
              "line": 70,
              "column": 35
            },
            "end": {
              "line": 70,
              "column": 55
            }
          }
        ],
        "line": 70
      },
      "21": {
        "loc": {
          "start": {
            "line": 97,
            "column": 2
          },
          "end": {
            "line": 99,
            "column": 3
          }
        },
        "type": "if",
        "locations": [
          {
            "start": {
              "line": 97,
              "column": 2
            },
            "end": {
              "line": 99,
              "column": 3
            }
          },
          {
            "start": {},
            "end": {}
          }
        ],
        "line": 97
      }
    },
    "s": {
      "0": 4,
      "1": 4,
      "2": 4,
      "3": 82,
      "4": 9,
      "5": 78,
      "6": 9,
      "7": 9,
      "8": 82,
      "9": 9,
      "10": 9,
      "11": 76,
      "12": 76,
      "13": 76,
      "14": 79,
      "15": 6,
      "16": 9,
      "17": 0,
      "18": 2,
      "19": 2,
      "20": 2,
      "21": 2,
      "22": 2,
      "23": 2,
      "24": 2,
      "25": 0,
      "26": 2,
      "27": 0,
      "28": 9,
      "29": 0,
      "30": 0,
      "31": 0,
      "32": 0,
      "33": 0,
      "34": 0,
      "35": 0,
      "36": 0,
      "37": 0,
      "38": 0,
      "39": 0,
      "40": 9,
      "41": 2,
      "42": 0,
      "43": 0,
      "44": 9,
      "45": 9,
      "46": 4,
      "47": 232,
      "48": 237,
      "49": 9,
      "50": 9,
      "51": 0,
      "52": 9,
      "53": 4,
      "54": 4,
      "55": 4,
      "56": 4,
      "57": 4,
      "58": 0,
      "59": 4,
      "60": 4,
      "61": 4,
      "62": 0,
      "63": 0,
      "64": 0,
      "65": 0,
      "66": 0,
      "67": 4,
      "68": 8,
      "69": 41,
      "70": 73,
      "71": 69,
      "72": 69,
      "73": 78,
      "74": 82,
      "75": 73,
      "76": 73,
      "77": 14,
      "78": 14,
      "79": 14,
      "80": 71,
      "81": 77,
      "82": 73,
      "83": 2,
      "84": 11,
      "85": 2,
      "86": 2,
      "87": 2,
      "88": 2,
      "89": 2,
      "90": 2,
      "91": 2,
      "92": 0,
      "93": 0,
      "94": 73,
      "95": 0,
      "96": 9,
      "97": 0,
      "98": 0,
      "99": 0,
      "100": 0,
      "101": 0,
      "102": 0,
      "103": 0,
      "104": 0,
      "105": 0,
      "106": 73,
      "107": 2,
      "108": 2,
      "109": 11,
      "110": 73,
      "111": 73,
      "112": 228,
      "113": 228,
      "114": 0,
      "115": 228
    },
    "f": {
      "0": 9,
      "1": 82,
      "2": 82,
      "3": 73,
      "4": 73,
      "5": 73,
      "6": 9,
      "7": 4,
      "8": 0,
      "9": 4,
      "10": 8,
      "11": 73,
      "12": 69,
      "13": 82,
      "14": 11,
      "15": 9,
      "16": 11,
      "17": 228
    },
    "b": {
      "0": [
        3,
        6
      ],
      "1": [
        3,
        6
      ],
      "2": [
        14,
        71
      ],
      "3": [
        0,
        0
      ],
      "4": [
        0,
        0
      ],
      "5": [
        0,
        0
      ],
      "6": [
        0,
        0
      ],
      "7": [
        0,
        9
      ],
      "8": [
        4,
        0
      ],
      "9": [
        4,
        0
      ],
      "10": [
        4,
        4
      ],
      "11": [
        0,
        4
      ],
      "12": [
        0,
        0
      ],
      "13": [
        0,
        0
      ],
      "14": [
        3,
        66
      ],
      "15": [
        5,
        68
      ],
      "16": [
        73,
        5
      ],
      "17": [
        2,
        0
      ],
      "18": [
        0,
        0
      ],
      "19": [
        0,
        0
      ],
      "20": [
        0,
        0
      ],
      "21": [
        0,
        228
      ]
    },
    "inputSourceMap": {
      "version": 3,
      "mappings": "AAuGS;;AAvGT,OAAOA,SAASC,eAAeC,YAAYC,UAAUC,iBAAiB;AAE/D,aAAMC,cAAcJ,cAAc;AAElC,gBAASK,aAAa,EAAEC,SAAS,GAAG;AAAAC,KAAA;AACzC,QAAM,CAACC,MAAMC,OAAO,IAAIP,SAAS,MAAM;AACrC,UAAMQ,YAAYC,aAAaC,QAAQ,MAAM;AAC7C,UAAMC,aAAaF,aAAaC,QAAQ,OAAO;AAE/C,WAAOF,YAAY,EAAE,GAAGI,KAAKC,MAAML,SAAS,GAAGM,OAAOH,WAAW,IAAI;AAAA,EACvE,CAAC;AAED,QAAMI,aAAaT,SAAS;AAE5BL,YAAU,MAAM;AACd,QAAIK,QAAQA,KAAKQ,OAAO;AACtB,YAAM,EAAEA,OAAO,GAAGE,YAAY,IAAIV;AAClCG,mBAAaQ,QAAQ,QAAQL,KAAKM,UAAUF,WAAW,CAAC;AACxDP,mBAAaQ,QAAQ,SAASH,KAAK;AAAA,IACrC,OAAO;AACLL,mBAAaU,WAAW,MAAM;AAC9BV,mBAAaU,WAAW,OAAO;AAAA,IACjC;AAAA,EACF,GAAG,CAACb,IAAI,CAAC;AAET,QAAMc,QAAQ,OAAOC,OAAOC,aAAa;AACvC,QAAI;AACF,YAAMC,UAAUC,YAAYC,IAAIC;AAEhC,YAAMC,WAAW,MAAMC,MAAM,GAAGL,OAAO,oBAAoB;AAAA,QACzDM,QAAQ;AAAA,QACRC,SAAS;AAAA,UACP,gBAAgB;AAAA,QAClB;AAAA,QACAC,MAAMnB,KAAKM,UAAU,EAAEG,OAAOC,SAAS,CAAC;AAAA,MAC1C,CAAC;AAED,YAAMU,OAAO,MAAML,SAASM,KAAK;AAEjC,UAAIN,SAASO,IAAI;AACfzB,qBAAaQ,QAAQ,SAASe,KAAKlB,KAAK;AACxCL,qBAAaQ;AAAAA,UACX;AAAA,UACAL,KAAKM,UAAU,EAAEiB,KAAKH,KAAKG,KAAKC,MAAMJ,KAAKI,MAAMf,OAAOW,KAAKX,MAAM,CAAC;AAAA,QACtE;AACAd,gBAAQ,EAAE,GAAGyB,MAAMlB,OAAOkB,KAAKlB,MAAM,CAAC;AACtC,eAAO,EAAEuB,SAAS,KAAK;AAAA,MACzB,OAAO;AACL,eAAO;AAAA,UACLA,SAAS;AAAA,UACTC,SAASN,KAAKM,WAAW;AAAA,QAC3B;AAAA,MACF;AAAA,IACF,SAASC,OAAO;AACd,aAAO,EAAEF,SAAS,OAAOC,SAASC,MAAMD,QAAQ;AAAA,IAClD;AAAA,EACF;AAEA,QAAME,WAAW,OAAOnB,OAAOe,MAAMd,aAAa;AAChD,QAAI;AACF,YAAMC,UAAUC,YAAYC,IAAIC;AAEhC,YAAMC,WAAW,MAAMC,MAAM,GAAGL,OAAO,uBAAuB;AAAA,QAC5DM,QAAQ;AAAA,QACRC,SAAS,EAAE,gBAAgB,mBAAmB;AAAA,QAC9CC,MAAMnB,KAAKM,UAAU,EAAEG,OAAOe,MAAMd,SAAS,CAAC;AAAA,MAChD,CAAC;AAED,YAAMU,OAAO,MAAML,SAASM,KAAK;AAEjC,UAAIN,SAASO,IAAI;AACfzB,qBAAaQ,QAAQ,SAASe,KAAKlB,KAAK;AACxCL,qBAAaQ;AAAAA,UACX;AAAA,UACAL,KAAKM,UAAU,EAAEiB,KAAKH,KAAKG,KAAKC,MAAMJ,KAAKI,MAAMf,OAAOW,KAAKX,MAAM,CAAC;AAAA,QACtE;AACAd,gBAAQ,EAAE,GAAGyB,MAAMlB,OAAOkB,KAAKlB,MAAM,CAAC;AACtC,eAAO,EAAEuB,SAAS,KAAK;AAAA,MACzB,OAAO;AACL,eAAO;AAAA,UACLA,SAAS;AAAA,UACTC,SAASN,KAAKM,WAAW;AAAA,QAC3B;AAAA,MACF;AAAA,IACF,SAASC,OAAO;AACd,aAAO,EAAEF,SAAS,OAAOC,SAASC,MAAMD,QAAQ;AAAA,IAClD;AAAA,EACF;AAEA,QAAMG,SAASA,MAAM;AACnBlC,YAAQ,IAAI;AACZE,iBAAaU,WAAW,MAAM;AAC9BV,iBAAaU,WAAW,OAAO;AAAA,EACjC;AAEA,QAAMuB,QAAQ;AAAA,IACZpC;AAAAA,IACAS;AAAAA,IACAK;AAAAA,IACAqB;AAAAA,IACAD;AAAAA,EACF;AAEA,SAAO,uBAAC,YAAY,UAAZ,EAAqB,OAAepC,YAArC;AAAA;AAAA;AAAA;AAAA,SAA8C;AACvD;AAEAC,GAtGgBF,cAAY;AAAAwC,KAAZxC;AAuGT,gBAASyC,UAAU;AAAAC,MAAA;AACxB,QAAMC,UAAU/C,WAAWG,WAAW;AACtC,MAAI4C,YAAYC,QAAW;AACzB,UAAM,IAAIC,MAAM,6CAA6C;AAAA,EAC/D;AACA,SAAOF;AACT;AAACD,IANeD,SAAO;AAAA,IAAAD;AAAAM,aAAAN,IAAA",
      "names": [
        "React",
        "createContext",
        "useContext",
        "useState",
        "useEffect",
        "AuthContext",
        "AuthProvider",
        "children",
        "_s",
        "user",
        "setUser",
        "savedUser",
        "localStorage",
        "getItem",
        "savedToken",
        "JSON",
        "parse",
        "token",
        "isLoggedIn",
        "userDetails",
        "setItem",
        "stringify",
        "removeItem",
        "login",
        "email",
        "password",
        "baseUrl",
        "import",
        "env",
        "VITE_API_URL",
        "response",
        "fetch",
        "method",
        "headers",
        "body",
        "data",
        "json",
        "ok",
        "_id",
        "name",
        "success",
        "message",
        "error",
        "register",
        "logout",
        "value",
        "_c",
        "useAuth",
        "_s2",
        "context",
        "undefined",
        "Error",
        "$RefreshReg$"
      ],
      "ignoreList": [],
      "sources": [
        "C:/Users/Рома/perfumer/src/context/AuthContext.jsx"
      ],
      "file": "C:/Users/Рома/perfumer/src/context/AuthContext.jsx"
    },
    "_coverageSchema": "1a1c01bbd47fc00a2c39e90264f33305004495a9",
    "hash": "c2ef174afca0686134ea75690e8fca9c8ad83e29"
  },
  "C:/Users/Рома/perfumer/src/context/FavoritesContext.jsx": {
    "path": "C:/Users/Рома/perfumer/src/context/FavoritesContext.jsx",
    "statementMap": {
      "0": {
        "start": {
          "line": 2,
          "column": 9
        },
        "end": {
          "line": 2,
          "column": 23
        }
      },
      "1": {
        "start": {
          "line": 2,
          "column": 31
        },
        "end": {
          "line": 2,
          "column": 45
        }
      },
      "2": {
        "start": {
          "line": 4,
          "column": 32
        },
        "end": {
          "line": 4,
          "column": 47
        }
      },
      "3": {
        "start": {
          "line": 6,
          "column": 2
        },
        "end": {
          "line": 6,
          "column": 7
        }
      },
      "4": {
        "start": {
          "line": 7,
          "column": 36
        },
        "end": {
          "line": 10,
          "column": 4
        }
      },
      "5": {
        "start": {
          "line": 8,
          "column": 27
        },
        "end": {
          "line": 8,
          "column": 60
        }
      },
      "6": {
        "start": {
          "line": 9,
          "column": 4
        },
        "end": {
          "line": 9,
          "column": 60
        }
      },
      "7": {
        "start": {
          "line": 11,
          "column": 2
        },
        "end": {
          "line": 13,
          "column": 18
        }
      },
      "8": {
        "start": {
          "line": 12,
          "column": 4
        },
        "end": {
          "line": 12,
          "column": 65
        }
      },
      "9": {
        "start": {
          "line": 14,
          "column": 25
        },
        "end": {
          "line": 23,
          "column": 3
        }
      },
      "10": {
        "start": {
          "line": 15,
          "column": 4
        },
        "end": {
          "line": 22,
          "column": 7
        }
      },
      "11": {
        "start": {
          "line": 16,
          "column": 20
        },
        "end": {
          "line": 16,
          "column": 66
        }
      },
      "12": {
        "start": {
          "line": 16,
          "column": 46
        },
        "end": {
          "line": 16,
          "column": 65
        }
      },
      "13": {
        "start": {
          "line": 17,
          "column": 6
        },
        "end": {
          "line": 21,
          "column": 7
        }
      },
      "14": {
        "start": {
          "line": 18,
          "column": 8
        },
        "end": {
          "line": 18,
          "column": 64
        }
      },
      "15": {
        "start": {
          "line": 18,
          "column": 43
        },
        "end": {
          "line": 18,
          "column": 62
        }
      },
      "16": {
        "start": {
          "line": 20,
          "column": 8
        },
        "end": {
          "line": 20,
          "column": 43
        }
      },
      "17": {
        "start": {
          "line": 24,
          "column": 21
        },
        "end": {
          "line": 26,
          "column": 3
        }
      },
      "18": {
        "start": {
          "line": 25,
          "column": 4
        },
        "end": {
          "line": 25,
          "column": 53
        }
      },
      "19": {
        "start": {
          "line": 25,
          "column": 33
        },
        "end": {
          "line": 25,
          "column": 51
        }
      },
      "20": {
        "start": {
          "line": 27,
          "column": 16
        },
        "end": {
          "line": 31,
          "column": 3
        }
      },
      "21": {
        "start": {
          "line": 32,
          "column": 2
        },
        "end": {
          "line": 36,
          "column": 11
        }
      },
      "22": {
        "start": {
          "line": 38,
          "column": 0
        },
        "end": {
          "line": 38,
          "column": 54
        }
      },
      "23": {
        "start": {
          "line": 39,
          "column": 0
        },
        "end": {
          "line": 39,
          "column": 23
        }
      },
      "24": {
        "start": {
          "line": 41,
          "column": 2
        },
        "end": {
          "line": 41,
          "column": 8
        }
      },
      "25": {
        "start": {
          "line": 42,
          "column": 18
        },
        "end": {
          "line": 42,
          "column": 46
        }
      },
      "26": {
        "start": {
          "line": 43,
          "column": 2
        },
        "end": {
          "line": 45,
          "column": 3
        }
      },
      "27": {
        "start": {
          "line": 44,
          "column": 4
        },
        "end": {
          "line": 44,
          "column": 76
        }
      },
      "28": {
        "start": {
          "line": 46,
          "column": 2
        },
        "end": {
          "line": 46,
          "column": 17
        }
      },
      "29": {
        "start": {
          "line": 48,
          "column": 0
        },
        "end": {
          "line": 48,
          "column": 50
        }
      },
      "30": {
        "start": {
          "line": 50,
          "column": 0
        },
        "end": {
          "line": 50,
          "column": 38
        }
      },
      "31": {
        "start": {
          "line": 52,
          "column": 20
        },
        "end": {
          "line": 52,
          "column": 97
        }
      },
      "32": {
        "start": {
          "line": 53,
          "column": 0
        },
        "end": {
          "line": 67,
          "column": 1
        }
      },
      "33": {
        "start": {
          "line": 54,
          "column": 2
        },
        "end": {
          "line": 58,
          "column": 3
        }
      },
      "34": {
        "start": {
          "line": 55,
          "column": 4
        },
        "end": {
          "line": 57,
          "column": 6
        }
      },
      "35": {
        "start": {
          "line": 59,
          "column": 2
        },
        "end": {
          "line": 66,
          "column": 5
        }
      },
      "36": {
        "start": {
          "line": 60,
          "column": 4
        },
        "end": {
          "line": 60,
          "column": 125
        }
      },
      "37": {
        "start": {
          "line": 61,
          "column": 4
        },
        "end": {
          "line": 65,
          "column": 7
        }
      },
      "38": {
        "start": {
          "line": 62,
          "column": 6
        },
        "end": {
          "line": 62,
          "column": 31
        }
      },
      "39": {
        "start": {
          "line": 62,
          "column": 24
        },
        "end": {
          "line": 62,
          "column": 31
        }
      },
      "40": {
        "start": {
          "line": 63,
          "column": 32
        },
        "end": {
          "line": 63,
          "column": 174
        }
      },
      "41": {
        "start": {
          "line": 64,
          "column": 6
        },
        "end": {
          "line": 64,
          "column": 75
        }
      },
      "42": {
        "start": {
          "line": 64,
          "column": 29
        },
        "end": {
          "line": 64,
          "column": 75
        }
      },
      "43": {
        "start": {
          "line": 69,
          "column": 2
        },
        "end": {
          "line": 69,
          "column": 104
        }
      },
      "44": {
        "start": {
          "line": 72,
          "column": 2
        },
        "end": {
          "line": 72,
          "column": 62
        }
      },
      "45": {
        "start": {
          "line": 3,
          "column": 32
        },
        "end": {
          "line": 3,
          "column": 47
        }
      },
      "46": {
        "start": {
          "line": 5,
          "column": 36
        },
        "end": {
          "line": 8,
          "column": 4
        }
      },
      "47": {
        "start": {
          "line": 6,
          "column": 27
        },
        "end": {
          "line": 6,
          "column": 60
        }
      },
      "48": {
        "start": {
          "line": 7,
          "column": 4
        },
        "end": {
          "line": 7,
          "column": 60
        }
      },
      "49": {
        "start": {
          "line": 9,
          "column": 2
        },
        "end": {
          "line": 11,
          "column": 18
        }
      },
      "50": {
        "start": {
          "line": 10,
          "column": 4
        },
        "end": {
          "line": 10,
          "column": 65
        }
      },
      "51": {
        "start": {
          "line": 12,
          "column": 25
        },
        "end": {
          "line": 21,
          "column": 3
        }
      },
      "52": {
        "start": {
          "line": 13,
          "column": 4
        },
        "end": {
          "line": 20,
          "column": 7
        }
      },
      "53": {
        "start": {
          "line": 14,
          "column": 20
        },
        "end": {
          "line": 14,
          "column": 66
        }
      },
      "54": {
        "start": {
          "line": 14,
          "column": 46
        },
        "end": {
          "line": 14,
          "column": 65
        }
      },
      "55": {
        "start": {
          "line": 15,
          "column": 6
        },
        "end": {
          "line": 19,
          "column": 7
        }
      },
      "56": {
        "start": {
          "line": 16,
          "column": 8
        },
        "end": {
          "line": 16,
          "column": 64
        }
      },
      "57": {
        "start": {
          "line": 16,
          "column": 43
        },
        "end": {
          "line": 16,
          "column": 62
        }
      },
      "58": {
        "start": {
          "line": 18,
          "column": 8
        },
        "end": {
          "line": 18,
          "column": 43
        }
      },
      "59": {
        "start": {
          "line": 22,
          "column": 21
        },
        "end": {
          "line": 24,
          "column": 3
        }
      },
      "60": {
        "start": {
          "line": 23,
          "column": 4
        },
        "end": {
          "line": 23,
          "column": 53
        }
      },
      "61": {
        "start": {
          "line": 23,
          "column": 33
        },
        "end": {
          "line": 23,
          "column": 51
        }
      },
      "62": {
        "start": {
          "line": 25,
          "column": 16
        },
        "end": {
          "line": 29,
          "column": 3
        }
      },
      "63": {
        "start": {
          "line": 30,
          "column": 2
        },
        "end": {
          "line": 34,
          "column": 11
        }
      },
      "64": {
        "start": {
          "line": 37,
          "column": 18
        },
        "end": {
          "line": 37,
          "column": 46
        }
      },
      "65": {
        "start": {
          "line": 38,
          "column": 2
        },
        "end": {
          "line": 40,
          "column": 3
        }
      },
      "66": {
        "start": {
          "line": 39,
          "column": 4
        },
        "end": {
          "line": 39,
          "column": 76
        }
      },
      "67": {
        "start": {
          "line": 41,
          "column": 2
        },
        "end": {
          "line": 41,
          "column": 17
        }
      }
    },
    "fnMap": {
      "0": {
        "name": "FavoritesProvider",
        "decl": {
          "start": {
            "line": 5,
            "column": 16
          },
          "end": {
            "line": 5,
            "column": 33
          }
        },
        "loc": {
          "start": {
            "line": 5,
            "column": 48
          },
          "end": {
            "line": 37,
            "column": 1
          }
        },
        "line": 5
      },
      "1": {
        "name": "(anonymous_1)",
        "decl": {
          "start": {
            "line": 7,
            "column": 45
          },
          "end": {
            "line": 7,
            "column": 46
          }
        },
        "loc": {
          "start": {
            "line": 7,
            "column": 51
          },
          "end": {
            "line": 10,
            "column": 3
          }
        },
        "line": 7
      },
      "2": {
        "name": "(anonymous_2)",
        "decl": {
          "start": {
            "line": 11,
            "column": 12
          },
          "end": {
            "line": 11,
            "column": 13
          }
        },
        "loc": {
          "start": {
            "line": 11,
            "column": 18
          },
          "end": {
            "line": 13,
            "column": 3
          }
        },
        "line": 11
      },
      "3": {
        "name": "(anonymous_3)",
        "decl": {
          "start": {
            "line": 14,
            "column": 25
          },
          "end": {
            "line": 14,
            "column": 26
          }
        },
        "loc": {
          "start": {
            "line": 14,
            "column": 38
          },
          "end": {
            "line": 23,
            "column": 3
          }
        },
        "line": 14
      },
      "4": {
        "name": "(anonymous_4)",
        "decl": {
          "start": {
            "line": 15,
            "column": 17
          },
          "end": {
            "line": 15,
            "column": 18
          }
        },
        "loc": {
          "start": {
            "line": 15,
            "column": 36
          },
          "end": {
            "line": 22,
            "column": 5
          }
        },
        "line": 15
      },
      "5": {
        "name": "(anonymous_5)",
        "decl": {
          "start": {
            "line": 16,
            "column": 39
          },
          "end": {
            "line": 16,
            "column": 40
          }
        },
        "loc": {
          "start": {
            "line": 16,
            "column": 46
          },
          "end": {
            "line": 16,
            "column": 65
          }
        },
        "line": 16
      },
      "6": {
        "name": "(anonymous_6)",
        "decl": {
          "start": {
            "line": 18,
            "column": 36
          },
          "end": {
            "line": 18,
            "column": 37
          }
        },
        "loc": {
          "start": {
            "line": 18,
            "column": 43
          },
          "end": {
            "line": 18,
            "column": 62
          }
        },
        "line": 18
      },
      "7": {
        "name": "(anonymous_7)",
        "decl": {
          "start": {
            "line": 24,
            "column": 21
          },
          "end": {
            "line": 24,
            "column": 22
          }
        },
        "loc": {
          "start": {
            "line": 24,
            "column": 36
          },
          "end": {
            "line": 26,
            "column": 3
          }
        },
        "line": 24
      },
      "8": {
        "name": "(anonymous_8)",
        "decl": {
          "start": {
            "line": 25,
            "column": 26
          },
          "end": {
            "line": 25,
            "column": 27
          }
        },
        "loc": {
          "start": {
            "line": 25,
            "column": 33
          },
          "end": {
            "line": 25,
            "column": 51
          }
        },
        "line": 25
      },
      "9": {
        "name": "useFavorites",
        "decl": {
          "start": {
            "line": 40,
            "column": 16
          },
          "end": {
            "line": 40,
            "column": 28
          }
        },
        "loc": {
          "start": {
            "line": 40,
            "column": 31
          },
          "end": {
            "line": 47,
            "column": 1
          }
        },
        "line": 40
      },
      "10": {
        "name": "(anonymous_10)",
        "decl": {
          "start": {
            "line": 59,
            "column": 52
          },
          "end": {
            "line": 59,
            "column": 53
          }
        },
        "loc": {
          "start": {
            "line": 59,
            "column": 72
          },
          "end": {
            "line": 66,
            "column": 3
          }
        },
        "line": 59
      },
      "11": {
        "name": "(anonymous_11)",
        "decl": {
          "start": {
            "line": 61,
            "column": 27
          },
          "end": {
            "line": 61,
            "column": 28
          }
        },
        "loc": {
          "start": {
            "line": 61,
            "column": 44
          },
          "end": {
            "line": 65,
            "column": 5
          }
        },
        "line": 61
      },
      "12": {
        "name": "$RefreshReg$",
        "decl": {
          "start": {
            "line": 68,
            "column": 9
          },
          "end": {
            "line": 68,
            "column": 21
          }
        },
        "loc": {
          "start": {
            "line": 68,
            "column": 32
          },
          "end": {
            "line": 70,
            "column": 1
          }
        },
        "line": 68
      },
      "13": {
        "name": "$RefreshSig$",
        "decl": {
          "start": {
            "line": 71,
            "column": 9
          },
          "end": {
            "line": 71,
            "column": 21
          }
        },
        "loc": {
          "start": {
            "line": 71,
            "column": 24
          },
          "end": {
            "line": 73,
            "column": 1
          }
        },
        "line": 71
      },
      "14": {
        "name": "FavoritesProvider",
        "decl": {
          "start": {
            "line": 4,
            "column": 16
          },
          "end": {
            "line": 4,
            "column": 33
          }
        },
        "loc": {
          "start": {
            "line": 4,
            "column": 48
          },
          "end": {
            "line": 35,
            "column": 1
          }
        },
        "line": 4
      },
      "15": {
        "name": "(anonymous_1)",
        "decl": {
          "start": {
            "line": 5,
            "column": 45
          },
          "end": {
            "line": 5,
            "column": 46
          }
        },
        "loc": {
          "start": {
            "line": 5,
            "column": 51
          },
          "end": {
            "line": 8,
            "column": 3
          }
        },
        "line": 5
      },
      "16": {
        "name": "(anonymous_2)",
        "decl": {
          "start": {
            "line": 9,
            "column": 12
          },
          "end": {
            "line": 9,
            "column": 13
          }
        },
        "loc": {
          "start": {
            "line": 9,
            "column": 18
          },
          "end": {
            "line": 11,
            "column": 3
          }
        },
        "line": 9
      },
      "17": {
        "name": "(anonymous_3)",
        "decl": {
          "start": {
            "line": 12,
            "column": 25
          },
          "end": {
            "line": 12,
            "column": 26
          }
        },
        "loc": {
          "start": {
            "line": 12,
            "column": 38
          },
          "end": {
            "line": 21,
            "column": 3
          }
        },
        "line": 12
      },
      "18": {
        "name": "(anonymous_4)",
        "decl": {
          "start": {
            "line": 13,
            "column": 17
          },
          "end": {
            "line": 13,
            "column": 18
          }
        },
        "loc": {
          "start": {
            "line": 13,
            "column": 36
          },
          "end": {
            "line": 20,
            "column": 5
          }
        },
        "line": 13
      },
      "19": {
        "name": "(anonymous_5)",
        "decl": {
          "start": {
            "line": 14,
            "column": 39
          },
          "end": {
            "line": 14,
            "column": 40
          }
        },
        "loc": {
          "start": {
            "line": 14,
            "column": 46
          },
          "end": {
            "line": 14,
            "column": 65
          }
        },
        "line": 14
      },
      "20": {
        "name": "(anonymous_6)",
        "decl": {
          "start": {
            "line": 16,
            "column": 36
          },
          "end": {
            "line": 16,
            "column": 37
          }
        },
        "loc": {
          "start": {
            "line": 16,
            "column": 43
          },
          "end": {
            "line": 16,
            "column": 62
          }
        },
        "line": 16
      },
      "21": {
        "name": "(anonymous_7)",
        "decl": {
          "start": {
            "line": 22,
            "column": 21
          },
          "end": {
            "line": 22,
            "column": 22
          }
        },
        "loc": {
          "start": {
            "line": 22,
            "column": 36
          },
          "end": {
            "line": 24,
            "column": 3
          }
        },
        "line": 22
      },
      "22": {
        "name": "(anonymous_8)",
        "decl": {
          "start": {
            "line": 23,
            "column": 26
          },
          "end": {
            "line": 23,
            "column": 27
          }
        },
        "loc": {
          "start": {
            "line": 23,
            "column": 33
          },
          "end": {
            "line": 23,
            "column": 51
          }
        },
        "line": 23
      },
      "23": {
        "name": "useFavorites",
        "decl": {
          "start": {
            "line": 36,
            "column": 16
          },
          "end": {
            "line": 36,
            "column": 28
          }
        },
        "loc": {
          "start": {
            "line": 36,
            "column": 31
          },
          "end": {
            "line": 42,
            "column": 1
          }
        },
        "line": 36
      }
    },
    "branchMap": {
      "0": {
        "loc": {
          "start": {
            "line": 9,
            "column": 11
          },
          "end": {
            "line": 9,
            "column": 59
          }
        },
        "type": "cond-expr",
        "locations": [
          {
            "start": {
              "line": 9,
              "column": 28
            },
            "end": {
              "line": 9,
              "column": 54
            }
          },
          {
            "start": {
              "line": 9,
              "column": 57
            },
            "end": {
              "line": 9,
              "column": 59
            }
          }
        ],
        "line": 9
      },
      "1": {
        "loc": {
          "start": {
            "line": 17,
            "column": 6
          },
          "end": {
            "line": 21,
            "column": 7
          }
        },
        "type": "if",
        "locations": [
          {
            "start": {
              "line": 17,
              "column": 6
            },
            "end": {
              "line": 21,
              "column": 7
            }
          },
          {
            "start": {
              "line": 19,
              "column": 13
            },
            "end": {
              "line": 21,
              "column": 7
            }
          }
        ],
        "line": 17
      },
      "2": {
        "loc": {
          "start": {
            "line": 43,
            "column": 2
          },
          "end": {
            "line": 45,
            "column": 3
          }
        },
        "type": "if",
        "locations": [
          {
            "start": {
              "line": 43,
              "column": 2
            },
            "end": {
              "line": 45,
              "column": 3
            }
          },
          {
            "start": {},
            "end": {}
          }
        ],
        "line": 43
      },
      "3": {
        "loc": {
          "start": {
            "line": 52,
            "column": 20
          },
          "end": {
            "line": 52,
            "column": 97
          }
        },
        "type": "binary-expr",
        "locations": [
          {
            "start": {
              "line": 52,
              "column": 20
            },
            "end": {
              "line": 52,
              "column": 60
            }
          },
          {
            "start": {
              "line": 52,
              "column": 64
            },
            "end": {
              "line": 52,
              "column": 97
            }
          }
        ],
        "line": 52
      },
      "4": {
        "loc": {
          "start": {
            "line": 53,
            "column": 0
          },
          "end": {
            "line": 67,
            "column": 1
          }
        },
        "type": "if",
        "locations": [
          {
            "start": {
              "line": 53,
              "column": 0
            },
            "end": {
              "line": 67,
              "column": 1
            }
          },
          {
            "start": {},
            "end": {}
          }
        ],
        "line": 53
      },
      "5": {
        "loc": {
          "start": {
            "line": 53,
            "column": 4
          },
          "end": {
            "line": 53,
            "column": 35
          }
        },
        "type": "binary-expr",
        "locations": [
          {
            "start": {
              "line": 53,
              "column": 4
            },
            "end": {
              "line": 53,
              "column": 19
            }
          },
          {
            "start": {
              "line": 53,
              "column": 23
            },
            "end": {
              "line": 53,
              "column": 35
            }
          }
        ],
        "line": 53
      },
      "6": {
        "loc": {
          "start": {
            "line": 54,
            "column": 2
          },
          "end": {
            "line": 58,
            "column": 3
          }
        },
        "type": "if",
        "locations": [
          {
            "start": {
              "line": 54,
              "column": 2
            },
            "end": {
              "line": 58,
              "column": 3
            }
          },
          {
            "start": {},
            "end": {}
          }
        ],
        "line": 54
      },
      "7": {
        "loc": {
          "start": {
            "line": 62,
            "column": 6
          },
          "end": {
            "line": 62,
            "column": 31
          }
        },
        "type": "if",
        "locations": [
          {
            "start": {
              "line": 62,
              "column": 6
            },
            "end": {
              "line": 62,
              "column": 31
            }
          },
          {
            "start": {},
            "end": {}
          }
        ],
        "line": 62
      },
      "8": {
        "loc": {
          "start": {
            "line": 64,
            "column": 6
          },
          "end": {
            "line": 64,
            "column": 75
          }
        },
        "type": "if",
        "locations": [
          {
            "start": {
              "line": 64,
              "column": 6
            },
            "end": {
              "line": 64,
              "column": 75
            }
          },
          {
            "start": {},
            "end": {}
          }
        ],
        "line": 64
      },
      "9": {
        "loc": {
          "start": {
            "line": 7,
            "column": 11
          },
          "end": {
            "line": 7,
            "column": 59
          }
        },
        "type": "cond-expr",
        "locations": [
          {
            "start": {
              "line": 7,
              "column": 28
            },
            "end": {
              "line": 7,
              "column": 54
            }
          },
          {
            "start": {
              "line": 7,
              "column": 57
            },
            "end": {
              "line": 7,
              "column": 59
            }
          }
        ],
        "line": 7
      },
      "10": {
        "loc": {
          "start": {
            "line": 15,
            "column": 6
          },
          "end": {
            "line": 19,
            "column": 7
          }
        },
        "type": "if",
        "locations": [
          {
            "start": {
              "line": 15,
              "column": 6
            },
            "end": {
              "line": 19,
              "column": 7
            }
          },
          {
            "start": {
              "line": 17,
              "column": 13
            },
            "end": {
              "line": 19,
              "column": 7
            }
          }
        ],
        "line": 15
      },
      "11": {
        "loc": {
          "start": {
            "line": 38,
            "column": 2
          },
          "end": {
            "line": 40,
            "column": 3
          }
        },
        "type": "if",
        "locations": [
          {
            "start": {
              "line": 38,
              "column": 2
            },
            "end": {
              "line": 40,
              "column": 3
            }
          },
          {
            "start": {},
            "end": {}
          }
        ],
        "line": 38
      }
    },
    "s": {
      "0": 4,
      "1": 4,
      "2": 4,
      "3": 82,
      "4": 9,
      "5": 9,
      "6": 82,
      "7": 9,
      "8": 9,
      "9": 9,
      "10": 0,
      "11": 4,
      "12": 4,
      "13": 0,
[...]
          },
          "end": {
            "line": 25,
            "column": 47
          }
        },
        "loc": {
          "start": {
            "line": 25,
            "column": 52
          },
          "end": {
            "line": 40,
            "column": 3
          }
        },
        "line": 25
      },
      "3": {
        "name": "(anonymous_3)",
        "decl": {
          "start": {
            "line": 41,
            "column": 31
          },
          "end": {
            "line": 41,
            "column": 32
          }
        },
        "loc": {
          "start": {
            "line": 41,
            "column": 37
          },
          "end": {
            "line": 54,
            "column": 3
          }
        },
        "line": 41
      }
    },
    "branchMap": {},
    "s": {
      "0": 3,
      "1": 3,
      "2": 5,
      "3": 3,
      "4": 3,
      "5": 3,
      "6": 3,
      "7": 3,
      "8": 3,
      "9": 2,
      "10": 2
    },
    "f": {
      "0": 3,
      "1": 5,
      "2": 3,
      "3": 2
    },
    "b": {},
    "inputSourceMap": {
      "version": 3,
      "sources": [
        "C:/Users/Рома/perfumer/src/pages/HomePage.cy.jsx"
      ],
      "mappings": "AA4BQ;AA5BR,OAAO,WAAW;AAClB,OAAO,cAAc;AACrB,SAAS,oBAAoB;AAE7B,SAAS,gBAAgB,MAAM;AAC7B,aAAW,MAAM;AACf,OAAG,UAAU,OAAO,4BAA4B;AAAA,MAC9C,YAAY;AAAA,MACZ,MAAM;AAAA,QACJ;AAAA,UACE,KAAK;AAAA,UACL,MAAM;AAAA,UACN,OAAO;AAAA,UACP,UAAU;AAAA,QACZ;AAAA,QACA;AAAA,UACE,KAAK;AAAA,UACL,MAAM;AAAA,UACN,OAAO;AAAA,UACP,UAAU;AAAA,QACZ;AAAA,MACF;AAAA,IACF,CAAC,EAAE,GAAG,aAAa;AAAA,EACrB,CAAC;AAED,KAAG,yCAAyC,MAAM;AAChD,OAAG;AAAA,MACD,uBAAC,gBACC,iCAAC,cAAD;AAAA;AAAA;AAAA;AAAA,aAAU,KADZ;AAAA;AAAA;AAAA;AAAA,aAEA;AAAA,IACF;AAEA,OAAG,KAAK,cAAc;AAEtB,OAAG,SAAS,gBAAgB,EAAE,OAAO,YAAY;AACjD,OAAG,SAAS,gBAAgB,EAAE,OAAO,YAAY;AAAA,EACnD,CAAC;AAED,KAAG,0BAA0B,MAAM;AACjC,OAAG;AAAA,MACD,uBAAC,gBACC,iCAAC,cAAD;AAAA;AAAA;AAAA;AAAA,aAAU,KADZ;AAAA;AAAA;AAAA;AAAA,aAEA;AAAA,IACF;AACA,OAAG,IAAI,oBAAoB,EAAE,OAAO,aAAa,eAAe,UAAU;AAAA,EAC5E,CAAC;AACH,CAAC;",
      "names": []
    },
    "_coverageSchema": "1a1c01bbd47fc00a2c39e90264f33305004495a9",
    "hash": "70b1278458dba7f74a54fc746749284e16f31b37"
  },
  "C:/Users/Рома/perfumer/src/pages/NotFoundPage.cy.jsx": {
    "path": "C:/Users/Рома/perfumer/src/pages/NotFoundPage.cy.jsx",
    "statementMap": {
      "0": {
        "start": {
          "line": 5,
          "column": 0
        },
        "end": {
          "line": 22,
          "column": 3
        }
      },
      "1": {
        "start": {
          "line": 6,
          "column": 2
        },
        "end": {
          "line": 21,
          "column": 5
        }
      },
      "2": {
        "start": {
          "line": 7,
          "column": 4
        },
        "end": {
          "line": 17,
          "column": 6
        }
      },
      "3": {
        "start": {
          "line": 18,
          "column": 4
        },
        "end": {
          "line": 18,
          "column": 44
        }
      },
      "4": {
        "start": {
          "line": 19,
          "column": 4
        },
        "end": {
          "line": 19,
          "column": 61
        }
      },
      "5": {
        "start": {
          "line": 20,
          "column": 4
        },
        "end": {
          "line": 20,
          "column": 80
        }
      }
    },
    "fnMap": {
      "0": {
        "name": "(anonymous_0)",
        "decl": {
          "start": {
            "line": 5,
            "column": 29
          },
          "end": {
            "line": 5,
            "column": 30
          }
        },
        "loc": {
          "start": {
            "line": 5,
            "column": 35
          },
          "end": {
            "line": 22,
            "column": 1
          }
        },
        "line": 5
      },
      "1": {
        "name": "(anonymous_1)",
        "decl": {
          "start": {
            "line": 6,
            "column": 31
          },
          "end": {
            "line": 6,
            "column": 32
          }
        },
        "loc": {
          "start": {
            "line": 6,
            "column": 37
          },
          "end": {
            "line": 21,
            "column": 3
          }
        },
        "line": 6
      }
    },
    "branchMap": {},
    "s": {
      "0": 2,
      "1": 2,
      "2": 2,
      "3": 2,
      "4": 2,
      "5": 2
    },
    "f": {
      "0": 2,
      "1": 2
    },
    "b": {},
    "inputSourceMap": {
      "version": 3,
      "sources": [
        "C:/Users/Рома/perfumer/src/pages/NotFoundPage.cy.jsx"
      ],
      "mappings": "AAQQ;AARR,OAAO,WAAW;AAClB,OAAO,kBAAkB;AACzB,SAAS,oBAAoB;AAE7B,SAAS,oBAAoB,MAAM;AACjC,KAAG,0BAA0B,MAAM;AACjC,OAAG;AAAA,MACD,uBAAC,gBACC,iCAAC,kBAAD;AAAA;AAAA;AAAA;AAAA,aAAc,KADhB;AAAA;AAAA;AAAA;AAAA,aAEA;AAAA,IACF;AAEA,OAAG,SAAS,KAAK,EAAE,OAAO,YAAY;AACtC,OAAG,SAAS,sBAAsB,EAAE,OAAO,YAAY;AACvD,OAAG,SAAS,KAAK,wBAAwB,EAAE,OAAO,aAAa,QAAQ,GAAG;AAAA,EAC5E,CAAC;AACH,CAAC;",
      "names": []
    },
    "_coverageSchema": "1a1c01bbd47fc00a2c39e90264f33305004495a9",
    "hash": "438854fc688040ff3ded4d0a8520681bd3032a89"
  },
  "C:/Users/Рома/perfumer/src/pages/PerfumeDetail.cy.jsx": {
    "path": "C:/Users/Рома/perfumer/src/pages/PerfumeDetail.cy.jsx",
    "statementMap": {
      "0": {
        "start": {
          "line": 5,
          "column": 0
        },
        "end": {
          "line": 70,
          "column": 3
        }
      },
      "1": {
        "start": {
          "line": 6,
          "column": 2
        },
        "end": {
          "line": 20,
          "column": 5
        }
      },
      "2": {
        "start": {
          "line": 7,
          "column": 4
        },
        "end": {
          "line": 19,
          "column": 25
        }
      },
      "3": {
        "start": {
          "line": 21,
          "column": 2
        },
        "end": {
          "line": 46,
          "column": 5
        }
      },
      "4": {
        "start": {
          "line": 22,
          "column": 4
        },
        "end": {
          "line": 40,
          "column": 6
        }
      },
      "5": {
        "start": {
          "line": 41,
          "column": 4
        },
        "end": {
          "line": 41,
          "column": 28
        }
      },
      "6": {
        "start": {
          "line": 42,
          "column": 4
        },
        "end": {
          "line": 42,
          "column": 48
        }
      },
      "7": {
        "start": {
          "line": 43,
          "column": 4
        },
        "end": {
          "line": 43,
          "column": 62
        }
      },
      "8": {
        "start": {
          "line": 44,
          "column": 4
        },
        "end": {
          "line": 44,
          "column": 59
        }
      },
      "9": {
        "start": {
          "line": 45,
          "column": 4
        },
        "end": {
          "line": 45,
          "column": 47
        }
      },
      "10": {
        "start": {
          "line": 47,
          "column": 2
        },
        "end": {
          "line": 69,
          "column": 5
        }
      },
      "11": {
        "start": {
          "line": 48,
          "column": 4
        },
        "end": {
          "line": 66,
          "column": 6
        }
      },
      "12": {
        "start": {
          "line": 67,
          "column": 4
        },
        "end": {
          "line": 67,
          "column": 28
        }
      },
      "13": {
        "start": {
          "line": 68,
          "column": 4
        },
        "end": {
          "line": 68,
          "column": 52
        }
      }
    },
    "fnMap": {
      "0": {
        "name": "(anonymous_0)",
        "decl": {
          "start": {
            "line": 5,
            "column": 34
          },
          "end": {
            "line": 5,
            "column": 35
          }
        },
        "loc": {
          "start": {
            "line": 5,
            "column": 40
          },
          "end": {
            "line": 70,
            "column": 1
          }
        },
        "line": 5
      },
      "1": {
        "name": "(anonymous_1)",
        "decl": {
          "start": {
            "line": 6,
            "column": 13
          },
          "end": {
            "line": 6,
            "column": 14
          }
        },
        "loc": {
          "start": {
            "line": 6,
            "column": 19
          },
          "end": {
            "line": 20,
            "column": 3
          }
        },
        "line": 6
      },
      "2": {
        "name": "(anonymous_2)",
        "decl": {
          "start": {
            "line": 21,
            "column": 40
          },
          "end": {
            "line": 21,
            "column": 41
          }
        },
        "loc": {
          "start": {
            "line": 21,
            "column": 46
          },
          "end": {
            "line": 46,
            "column": 3
          }
        },
        "line": 21
      },
      "3": {
        "name": "(anonymous_3)",
        "decl": {
          "start": {
            "line": 47,
            "column": 49
          },
          "end": {
            "line": 47,
            "column": 50
          }
        },
        "loc": {
          "start": {
            "line": 47,
            "column": 55
          },
          "end": {
            "line": 69,
            "column": 3
          }
        },
        "line": 47
      }
    },
    "branchMap": {},
    "s": {
      "0": 3,
      "1": 3,
      "2": 5,
      "3": 3,
      "4": 3,
      "5": 3,
      "6": 3,
      "7": 3,
      "8": 3,
      "9": 3,
      "10": 3,
      "11": 2,
      "12": 2,
      "13": 2
    },
    "f": {
      "0": 3,
      "1": 5,
      "2": 3,
      "3": 2
    },
    "b": {},
    "inputSourceMap": {
      "version": 3,
      "sources": [
        "C:/Users/Рома/perfumer/src/pages/PerfumeDetail.cy.jsx"
      ],
      "mappings": "AAyB8C;AAzB9C,OAAO,WAAW;AAClB,OAAO,uBAAuB;AAC9B,SAAS,cAAc,QAAQ,aAAa;AAE5C,SAAS,yBAAyB,MAAM;AACtC,aAAW,MAAM;AACf,OAAG,UAAU,OAAO,4BAA4B;AAAA,MAC9C,YAAY;AAAA,MACZ,MAAM;AAAA,QACJ;AAAA,UACE,IAAI;AAAA,UACJ,OAAO;AAAA,UACP,MAAM;AAAA,UACN,UAAU;AAAA,UACV,aAAa;AAAA,UACb,OAAO,CAAC,EAAE,MAAM,UAAU,OAAO,IAAI,OAAO,OAAO,CAAC;AAAA,QACtD;AAAA,MACF;AAAA,IACF,CAAC,EAAE,GAAG,aAAa;AAAA,EACrB,CAAC;AAED,KAAG,mCAAmC,MAAM;AAC1C,OAAG;AAAA,MACD,uBAAC,gBAAa,gBAAgB,CAAC,cAAc,GAC3C,iCAAC,UACC,iCAAC,SAAM,MAAK,gBAAe,SAAS,uBAAC,uBAAD;AAAA;AAAA;AAAA;AAAA,aAAmB,KAAvD;AAAA;AAAA;AAAA;AAAA,aAA2D,KAD7D;AAAA;AAAA;AAAA;AAAA,aAEA,KAHF;AAAA;AAAA;AAAA;AAAA,aAIA;AAAA,IACF;AAEA,OAAG,KAAK,cAAc;AAEtB,OAAG,SAAS,UAAU,EAAE,OAAO,WAAW;AAC1C,OAAG,SAAS,MAAM,iBAAiB,EAAE,OAAO,YAAY;AACxD,OAAG,SAAS,oBAAoB,EAAE,OAAO,YAAY;AACrD,OAAG,SAAS,QAAQ,EAAE,OAAO,YAAY;AAAA,EAC3C,CAAC;AAED,KAAG,4CAA4C,MAAM;AACnD,OAAG;AAAA,MACD,uBAAC,gBAAa,gBAAgB,CAAC,cAAc,GAC3C,iCAAC,UACC,iCAAC,SAAM,MAAK,gBAAe,SAAS,uBAAC,uBAAD;AAAA;AAAA;AAAA;AAAA,aAAmB,KAAvD;AAAA;AAAA;AAAA;AAAA,aAA2D,KAD7D;AAAA;AAAA;AAAA;AAAA,aAEA,KAHF;AAAA;AAAA;AAAA;AAAA,aAIA;AAAA,IACF;AAEA,OAAG,KAAK,cAAc;AACtB,OAAG,SAAS,aAAa,EAAE,OAAO,YAAY;AAAA,EAChD,CAAC;AACH,CAAC;",
      "names": []
    },
    "_coverageSchema": "1a1c01bbd47fc00a2c39e90264f33305004495a9",
    "hash": "a0a110e82bfb08303e0fb7ada97cd2311e391b2f"
  },
  "C:/Users/Рома/perfumer/src/components/Footer/Footer.cy.jsx": {
    "path": "C:/Users/Рома/perfumer/src/components/Footer/Footer.cy.jsx",
    "statementMap": {
      "0": {
        "start": {
          "line": 5,
          "column": 0
        },
        "end": {
          "line": 35,
          "column": 3
        }
      },
      "1": {
        "start": {
          "line": 6,
          "column": 2
        },
        "end": {
          "line": 20,
          "column": 5
        }
      },
      "2": {
        "start": {
          "line": 7,
          "column": 4
        },
        "end": {
          "line": 17,
          "column": 6
        }
      },
      "3": {
        "start": {
          "line": 18,
          "column": 4
        },
        "end": {
          "line": 18,
          "column": 49
        }
      },
      "4": {
        "start": {
          "line": 19,
          "column": 4
        },
        "end": {
          "line": 19,
          "column": 59
        }
      },
      "5": {
        "start": {
          "line": 21,
          "column": 2
        },
        "end": {
          "line": 34,
          "column": 5
        }
      },
      "6": {
        "start": {
          "line": 22,
          "column": 4
        },
        "end": {
          "line": 32,
          "column": 6
        }
      },
      "7": {
        "start": {
          "line": 33,
          "column": 4
        },
        "end": {
          "line": 33,
          "column": 82
        }
      }
    },
    "fnMap": {
      "0": {
        "name": "(anonymous_0)",
        "decl": {
          "start": {
            "line": 5,
            "column": 23
          },
          "end": {
            "line": 5,
            "column": 24
          }
        },
        "loc": {
          "start": {
            "line": 5,
            "column": 29
          },
          "end": {
            "line": 35,
            "column": 1
          }
        },
        "line": 5
      },
      "1": {
        "name": "(anonymous_1)",
        "decl": {
          "start": {
            "line": 6,
            "column": 32
          },
          "end": {
            "line": 6,
            "column": 33
          }
        },
        "loc": {
          "start": {
            "line": 6,
            "column": 38
          },
          "end": {
            "line": 20,
            "column": 3
          }
        },
        "line": 6
      },
      "2": {
        "name": "(anonymous_2)",
        "decl": {
          "start": {
            "line": 21,
            "column": 39
          },
          "end": {
            "line": 21,
            "column": 40
          }
        },
        "loc": {
          "start": {
            "line": 21,
            "column": 45
          },
          "end": {
            "line": 34,
            "column": 3
          }
        },
        "line": 21
      }
    },
    "branchMap": {},
    "s": {
      "0": 3,
      "1": 3,
      "2": 3,
      "3": 3,
      "4": 3,
      "5": 3,
      "6": 2,
      "7": 2
    },
    "f": {
      "0": 3,
      "1": 3,
      "2": 2
    },
    "b": {},
    "inputSourceMap": {
      "version": 3,
      "sources": [
        "C:/Users/Рома/perfumer/src/components/Footer/Footer.cy.jsx"
      ],
      "mappings": "AAQQ;AARR,OAAO,WAAW;AAClB,OAAO,YAAY;AACnB,SAAS,oBAAoB;AAE7B,SAAS,cAAc,MAAM;AAC3B,KAAG,2BAA2B,MAAM;AAClC,OAAG;AAAA,MACD,uBAAC,gBACC,iCAAC,YAAD;AAAA;AAAA;AAAA;AAAA,aAAQ,KADV;AAAA;AAAA;AAAA;AAAA,aAEA;AAAA,IACF;AACA,OAAG,SAAS,UAAU,EAAE,OAAO,YAAY;AAC3C,OAAG,SAAS,oBAAoB,EAAE,OAAO,YAAY;AAAA,EACvD,CAAC;AAED,KAAG,kCAAkC,MAAM;AACzC,OAAG;AAAA,MACD,uBAAC,gBACC,iCAAC,YAAD;AAAA;AAAA;AAAA;AAAA,aAAQ,KADV;AAAA;AAAA;AAAA;AAAA,aAEA;AAAA,IACF;AACA,OAAG,SAAS,KAAK,IAAI,EAClB,OAAO,aAAa,MAAM,EAC1B,IAAI,WAAW,UAAU;AAAA,EAC9B,CAAC;AACH,CAAC;",
      "names": []
    },
    "_coverageSchema": "1a1c01bbd47fc00a2c39e90264f33305004495a9",
    "hash": "81f3a65bb07ae778fdd314e63483803671eb4bf6"
  },
  "C:/Users/Рома/perfumer/src/components/perfumecard/PerfumeCard.cy.jsx": {
    "path": "C:/Users/Рома/perfumer/src/components/perfumecard/PerfumeCard.cy.jsx",
    "statementMap": {
      "0": {
        "start": {
          "line": 5,
          "column": 0
        },
        "end": {
          "line": 48,
          "column": 3
        }
      },
      "1": {
        "start": {
          "line": 6,
          "column": 22
        },
        "end": {
          "line": 12,
          "column": 3
        }
      },
      "2": {
        "start": {
          "line": 13,
          "column": 2
        },
        "end": {
          "line": 32,
          "column": 5
        }
      },
      "3": {
        "start": {
          "line": 14,
          "column": 4
        },
        "end": {
          "line": 24,
          "column": 6
        }
      },
      "4": {
        "start": {
          "line": 25,
          "column": 4
        },
        "end": {
          "line": 25,
          "column": 47
        }
      },
      "5": {
        "start": {
          "line": 26,
          "column": 4
        },
        "end": {
          "line": 26,
          "column": 58
        }
      },
      "6": {
        "start": {
          "line": 27,
          "column": 4
        },
        "end": {
          "line": 31,
          "column": 6
        }
      },
      "7": {
        "start": {
          "line": 33,
          "column": 2
        },
        "end": {
          "line": 47,
          "column": 5
        }
      },
      "8": {
        "start": {
          "line": 34,
          "column": 4
        },
        "end": {
          "line": 34,
          "column": 32
        }
      },
      "9": {
        "start": {
          "line": 35,
          "column": 4
        },
        "end": {
          "line": 45,
          "column": 6
        }
      },
      "10": {
        "start": {
          "line": 46,
          "column": 4
        },
        "end": {
          "line": 46,
          "column": 84
        }
      }
    },
    "fnMap": {
      "0": {
        "name": "(anonymous_0)",
        "decl": {
          "start": {
            "line": 5,
            "column": 28
          },
          "end": {
            "line": 5,
            "column": 29
          }
        },
        "loc": {
          "start": {
            "line": 5,
            "column": 34
          },
          "end": {
            "line": 48,
            "column": 1
          }
        },
        "line": 5
      },
      "1": {
        "name": "(anonymous_1)",
        "decl": {
          "start": {
            "line": 13,
            "column": 31
          },
          "end": {
            "line": 13,
            "column": 32
          }
        },
        "loc": {
          "start": {
            "line": 13,
            "column": 37
          },
          "end": {
            "line": 32,
            "column": 3
          }
        },
        "line": 13
      },
      "2": {
        "name": "(anonymous_2)",
        "decl": {
          "start": {
            "line": 33,
            "column": 56
          },
          "end": {
            "line": 33,
            "column": 57
          }
        },
        "loc": {
          "start": {
            "line": 33,
            "column": 62
          },
          "end": {
            "line": 47,
            "column": 3
          }
        },
        "line": 33
      }
    },
    "branchMap": {},
    "s": {
      "0": 3,
      "1": 3,
      "2": 3,
      "3": 3,
      "4": 3,
      "5": 3,
      "6": 3,
      "7": 3,
      "8": 2,
      "9": 2,
      "10": 2
    },
    "f": {
      "0": 3,
      "1": 3,
      "2": 2
    },
    "b": {},
    "inputSourceMap": {
      "version": 3,
      "sources": [
        "C:/Users/Рома/perfumer/src/components/perfumecard/PerfumeCard.cy.jsx"
      ],
      "mappings": "AAgBQ;AAhBR,OAAO,WAAW;AAClB,OAAO,iBAAiB;AACxB,SAAS,oBAAoB;AAE7B,SAAS,mBAAmB,MAAM;AAChC,QAAM,cAAc;AAAA,IAClB,IAAI;AAAA,IACJ,OAAO;AAAA,IACP,MAAM;AAAA,IACN,MAAM;AAAA,IACN,UAAU;AAAA,EACZ;AAEA,KAAG,0BAA0B,MAAM;AACjC,OAAG;AAAA,MACD,uBAAC,gBACC,iCAAC,eAAa,GAAG,eAAjB;AAAA;AAAA;AAAA;AAAA,aAA8B,KADhC;AAAA;AAAA;AAAA;AAAA,aAEA;AAAA,IACF;AAEA,OAAG,SAAS,QAAQ,EAAE,OAAO,YAAY;AACzC,OAAG,SAAS,mBAAmB,EAAE,OAAO,YAAY;AAEpD,OAAG,IAAI,YAAY,YAAY,KAAK,IAAI,YAAY,IAAI,IAAI,EAAE;AAAA,MAC5D;AAAA,MACA;AAAA,MACA,YAAY;AAAA,IACd;AAAA,EACF,CAAC;AAED,KAAG,mDAAmD,MAAM;AAC1D,WAAO,aAAa,MAAM;AAE1B,OAAG;AAAA,MACD,uBAAC,gBACC,iCAAC,eAAa,GAAG,eAAjB;AAAA;AAAA;AAAA;AAAA,aAA8B,KADhC;AAAA;AAAA;AAAA;AAAA,aAEA;AAAA,IACF;AAEA,OAAG,IAAI,YAAY,EAChB,OAAO,aAAa,KAAK,EACzB,IAAI,WAAW,eAAe;AAAA,EACnC,CAAC;AACH,CAAC;",
      "names": []
    },
    "_coverageSchema": "1a1c01bbd47fc00a2c39e90264f33305004495a9",
    "hash": "a91b70f35eeb79f52ad72243148b520f07f0fde5"
  }
}