<?xml version="1.0" encoding="UTF-8"?>
<coverage generated="1764854256251" clover="3.2.0">
  <project timestamp="1764854256251" name="All files">
    <metrics statements="511" coveredstatements="414" conditionals="186" coveredconditionals="107" methods="173" coveredmethods="142" elements="870" coveredelements="663" complexity="0" loc="511" ncloc="511" packages="8" files="32" classes="32"/>
    <package name="cypress.support">
      <metrics statements="3" coveredstatements="3" conditionals="1" coveredconditionals="1" methods="1" coveredmethods="1"/>
      <file name="component.jsx" path="C:/Users/Рома/perfumer/cypress/support/component.jsx">
        <metrics statements="3" coveredstatements="3" conditionals="1" coveredconditionals="1" methods="1" coveredmethods="1"/>
        <line num="7" count="45" type="cond" truecount="1" falsecount="0"/>
        <line num="9" count="74" type="stmt"/>
        <line num="13" count="74" type="stmt"/>
      </file>
    </package>
    <package name="src">
      <metrics statements="25" coveredstatements="25" conditionals="1" coveredconditionals="1" methods="8" coveredmethods="8"/>
      <file name="App.cy.jsx" path="C:/Users/Рома/perfumer/src/App.cy.jsx">
        <metrics statements="9" coveredstatements="9" conditionals="0" coveredconditionals="0" methods="3" coveredmethods="3"/>
        <line num="4" count="2" type="stmt"/>
        <line num="5" count="2" type="stmt"/>
        <line num="6" count="2" type="stmt"/>
        <line num="11" count="2" type="stmt"/>
        <line num="14" count="2" type="stmt"/>
        <line num="15" count="2" type="stmt"/>
        <line num="17" count="2" type="stmt"/>
        <line num="19" count="2" type="stmt"/>
        <line num="20" count="2" type="stmt"/>
      </file>
      <file name="App.jsx" path="C:/Users/Рома/perfumer/src/App.jsx">
        <metrics statements="1" coveredstatements="1" conditionals="0" coveredconditionals="0" methods="1" coveredmethods="1"/>
        <line num="18" count="2" type="stmt"/>
      </file>
      <file name="ProtectedRoute.cy.jsx" path="C:/Users/Рома/perfumer/src/ProtectedRoute.cy.jsx">
        <metrics statements="10" coveredstatements="10" conditionals="0" coveredconditionals="0" methods="3" coveredmethods="3"/>
        <line num="6" count="3" type="stmt"/>
        <line num="7" count="3" type="stmt"/>
        <line num="8" count="3" type="stmt"/>
        <line num="10" count="3" type="stmt"/>
        <line num="22" count="3" type="stmt"/>
        <line num="23" count="3" type="stmt"/>
        <line num="26" count="3" type="stmt"/>
        <line num="27" count="2" type="stmt"/>
        <line num="29" count="2" type="stmt"/>
        <line num="40" count="2" type="stmt"/>
      </file>
      <file name="ProtectedRoute.jsx" path="C:/Users/Рома/perfumer/src/ProtectedRoute.jsx">
        <metrics statements="5" coveredstatements="5" conditionals="1" coveredconditionals="1" methods="1" coveredmethods="1"/>
        <line num="6" count="5" type="stmt"/>
        <line num="7" count="5" type="stmt"/>
        <line num="9" count="5" type="cond" truecount="1" falsecount="0"/>
        <line num="10" count="3" type="stmt"/>
        <line num="13" count="2" type="stmt"/>
      </file>
    </package>
    <package name="src.components.Footer">
      <metrics statements="9" coveredstatements="9" conditionals="0" coveredconditionals="0" methods="4" coveredmethods="4"/>
      <file name="Footer.cy.jsx" path="C:/Users/Рома/perfumer/src/components/Footer/Footer.cy.jsx">
        <metrics statements="8" coveredstatements="8" conditionals="0" coveredconditionals="0" methods="3" coveredmethods="3"/>
        <line num="5" count="3" type="stmt"/>
        <line num="6" count="3" type="stmt"/>
        <line num="7" count="3" type="stmt"/>
        <line num="12" count="3" type="stmt"/>
        <line num="13" count="3" type="stmt"/>
        <line num="16" count="3" type="stmt"/>
        <line num="17" count="2" type="stmt"/>
        <line num="22" count="2" type="stmt"/>
      </file>
      <file name="Footer.jsx" path="C:/Users/Рома/perfumer/src/components/Footer/Footer.jsx">
        <metrics statements="1" coveredstatements="1" conditionals="0" coveredconditionals="0" methods="1" coveredmethods="1"/>
        <line num="6" count="115" type="stmt"/>
      </file>
    </package>
    <package name="src.components.Header">
      <metrics statements="33" coveredstatements="32" conditionals="26" coveredconditionals="18" methods="19" coveredmethods="19"/>
      <file name="Header.cy.jsx" path="C:/Users/Рома/perfumer/src/components/Header/Header.cy.jsx">
        <metrics statements="14" coveredstatements="14" conditionals="0" coveredconditionals="0" methods="4" coveredmethods="4"/>
        <line num="5" count="8" type="stmt"/>
        <line num="6" count="8" type="stmt"/>
        <line num="7" count="8" type="stmt"/>
        <line num="9" count="8" type="stmt"/>
        <line num="15" count="8" type="stmt"/>
        <line num="18" count="8" type="stmt"/>
        <line num="19" count="6" type="stmt"/>
        <line num="20" count="6" type="stmt"/>
        <line num="22" count="6" type="stmt"/>
        <line num="28" count="6" type="stmt"/>
        <line num="29" count="6" type="stmt"/>
        <line num="32" count="8" type="stmt"/>
        <line num="33" count="4" type="stmt"/>
        <line num="38" count="4" type="stmt"/>
      </file>
      <file name="Header.jsx" path="C:/Users/Рома/perfumer/src/components/Header/Header.jsx">
        <metrics statements="19" coveredstatements="18" conditionals="26" coveredconditionals="18" methods="15" coveredmethods="15"/>
        <line num="7" count="247" type="stmt"/>
        <line num="8" count="128" type="stmt"/>
        <line num="9" count="128" type="stmt"/>
        <line num="11" count="9" type="stmt"/>
        <line num="12" count="0" type="stmt"/>
        <line num="13" count="119" type="stmt"/>
        <line num="16" count="9" type="stmt"/>
        <line num="23" count="128" type="cond" truecount="2" falsecount="0"/>
        <line num="26" count="128" type="cond" truecount="1" falsecount="1"/>
        <line num="32" count="128" type="cond" truecount="2" falsecount="0"/>
        <line num="35" count="128" type="cond" truecount="1" falsecount="1"/>
        <line num="41" count="128" type="cond" truecount="3" falsecount="1"/>
        <line num="44" count="128" type="cond" truecount="1" falsecount="1"/>
        <line num="58" count="123" type="cond" truecount="2" falsecount="0"/>
        <line num="61" count="125" type="cond" truecount="2" falsecount="0"/>
        <line num="68" count="128" type="cond" truecount="1" falsecount="1"/>
        <line num="71" count="128" type="cond" truecount="1" falsecount="1"/>
        <line num="85" count="4" type="stmt"/>
        <line num="87" count="4" type="stmt"/>
      </file>
    </package>
    <package name="src.components.perfumecard">
      <metrics statements="23" coveredstatements="18" conditionals="6" coveredconditionals="3" methods="5" coveredmethods="4"/>
      <file name="PerfumeCard.cy.jsx" path="C:/Users/Рома/perfumer/src/components/perfumecard/PerfumeCard.cy.jsx">
        <metrics statements="11" coveredstatements="11" conditionals="0" coveredconditionals="0" methods="3" coveredmethods="3"/>
        <line num="5" count="3" type="stmt"/>
        <line num="6" count="3" type="stmt"/>
        <line num="14" count="3" type="stmt"/>
        <line num="15" count="3" type="stmt"/>
        <line num="21" count="3" type="stmt"/>
        <line num="22" count="3" type="stmt"/>
        <line num="24" count="3" type="stmt"/>
        <line num="31" count="3" type="stmt"/>
        <line num="32" count="2" type="stmt"/>
        <line num="34" count="2" type="stmt"/>
        <line num="40" count="2" type="stmt"/>
      </file>
      <file name="PerfumeCard.jsx" path="C:/Users/Рома/perfumer/src/components/perfumecard/PerfumeCard.jsx">
        <metrics statements="12" coveredstatements="7" conditionals="6" coveredconditionals="3" methods="2" coveredmethods="1"/>
        <line num="12" count="17" type="stmt"/>
        <line num="14" count="17" type="stmt"/>
        <line num="15" count="17" type="stmt"/>
        <line num="16" count="17" type="stmt"/>
        <line num="18" count="17" type="stmt"/>
        <line num="20" count="17" type="stmt"/>
        <line num="21" count="0" type="stmt"/>
        <line num="22" count="0" type="stmt"/>
        <line num="24" count="0" type="cond" truecount="0" falsecount="2"/>
        <line num="25" count="0" type="stmt"/>
        <line num="27" count="0" type="stmt"/>
        <line num="31" count="17" type="stmt"/>
      </file>
    </package>
    <package name="src.context">
      <metrics statements="133" coveredstatements="106" conditionals="42" coveredconditionals="20" methods="42" coveredmethods="41"/>
      <file name="AuthContext.cy.jsx" path="C:/Users/Рома/perfumer/src/context/AuthContext.cy.jsx">
        <metrics statements="14" coveredstatements="14" conditionals="2" coveredconditionals="2" methods="4" coveredmethods="4"/>
        <line num="4" count="2" type="stmt"/>
        <line num="5" count="6" type="stmt"/>
        <line num="7" count="6" type="stmt"/>
        <line num="10" count="2" type="stmt"/>
        <line num="16" count="2" type="stmt"/>
        <line num="17" count="2" type="stmt"/>
        <line num="18" count="2" type="stmt"/>
        <line num="23" count="2" type="stmt"/>
        <line num="29" count="2" type="stmt"/>
        <line num="31" count="2" type="stmt"/>
        <line num="32" count="2" type="stmt"/>
        <line num="34" count="2" type="stmt"/>
        <line num="36" count="2" type="stmt"/>
        <line num="37" count="2" type="stmt"/>
      </file>
      <file name="AuthContext.jsx" path="C:/Users/Рома/perfumer/src/context/AuthContext.jsx">
        <metrics statements="72" coveredstatements="50" conditionals="30" coveredconditionals="13" methods="14" coveredmethods="14"/>
        <line num="1" count="41" type="stmt"/>
        <line num="3" count="4" type="stmt"/>
        <line num="5" count="232" type="stmt"/>
        <line num="6" count="69" type="stmt"/>
        <line num="7" count="78" type="cond" truecount="2" falsecount="0"/>
        <line num="8" count="9" type="stmt"/>
        <line num="10" count="82" type="cond" truecount="2" falsecount="0"/>
        <line num="11" count="73" type="stmt"/>
        <line num="13" count="82" type="cond" truecount="4" falsecount="0"/>
        <line num="15" count="14" type="stmt"/>
        <line num="16" count="14" type="cond" truecount="4" falsecount="0"/>
        <line num="17" count="76" type="stmt"/>
        <line num="18" count="76" type="stmt"/>
        <line num="19" count="76" type="stmt"/>
        <line num="20" count="77" type="stmt"/>
        <line num="21" count="79" type="stmt"/>
        <line num="22" count="6" type="stmt"/>
        <line num="23" count="73" type="stmt"/>
        <line num="24" count="2" type="stmt"/>
        <line num="26" count="11" type="stmt"/>
        <line num="27" count="2" type="stmt"/>
        <line num="28" count="2" type="stmt"/>
        <line num="30" count="2" type="stmt"/>
        <line num="35" count="2" type="stmt"/>
        <line num="36" count="2" type="cond" truecount="1" falsecount="1"/>
        <line num="38" count="2" type="stmt"/>
        <line num="40" count="2" type="cond" truecount="0" falsecount="2"/>
        <line num="41" count="2" type="stmt"/>
        <line num="42" count="2" type="stmt"/>
        <line num="43" count="2" type="stmt"/>
        <line num="45" count="2" type="stmt"/>
        <line num="46" count="2" type="stmt"/>
        <line num="47" count="0" type="stmt"/>
        <line num="49" count="2" type="cond" truecount="0" falsecount="2"/>
        <line num="53" count="0" type="stmt"/>
        <line num="55" count="0" type="stmt"/>
        <line num="56" count="73" type="stmt"/>
        <line num="57" count="0" type="stmt"/>
        <line num="59" count="9" type="stmt"/>
        <line num="60" count="0" type="stmt"/>
        <line num="61" count="0" type="stmt"/>
        <line num="63" count="0" type="stmt"/>
        <line num="66" count="0" type="stmt"/>
        <line num="67" count="0" type="cond" truecount="0" falsecount="2"/>
        <line num="69" count="0" type="stmt"/>
        <line num="71" count="0" type="cond" truecount="0" falsecount="2"/>
        <line num="72" count="0" type="stmt"/>
        <line num="73" count="0" type="stmt"/>
        <line num="74" count="0" type="stmt"/>
        <line num="76" count="0" type="stmt"/>
        <line num="77" count="0" type="stmt"/>
        <line num="78" count="0" type="stmt"/>
        <line num="80" count="0" type="cond" truecount="0" falsecount="2"/>
        <line num="84" count="0" type="stmt"/>
        <line num="86" count="0" type="stmt"/>
        <line num="87" count="73" type="stmt"/>
        <line num="88" count="2" type="stmt"/>
        <line num="90" count="9" type="stmt"/>
        <line num="91" count="13" type="stmt"/>
        <line num="92" count="0" type="stmt"/>
        <line num="93" count="73" type="stmt"/>
        <line num="96" count="9" type="stmt"/>
        <line num="100" count="73" type="stmt"/>
        <line num="104" count="9" type="stmt"/>
        <line num="105" count="228" type="stmt"/>
        <line num="107" count="228" type="cond" truecount="0" falsecount="1"/>
        <line num="108" count="465" type="stmt"/>
        <line num="109" count="9" type="stmt"/>
        <line num="110" count="9" type="cond" truecount="0" falsecount="1"/>
        <line num="111" count="0" type="stmt"/>
        <line num="113" count="9" type="stmt"/>
        <line num="114" count="4" type="stmt"/>
      </file>
      <file name="FavoritesContext.cy.jsx" path="C:/Users/Рома/perfumer/src/context/FavoritesContext.cy.jsx">
        <metrics statements="16" coveredstatements="16" conditionals="0" coveredconditionals="0" methods="4" coveredmethods="4"/>
        <line num="4" count="2" type="stmt"/>
        <line num="5" count="6" type="stmt"/>
        <line num="6" count="6" type="stmt"/>
        <line num="8" count="6" type="stmt"/>
        <line num="12" count="4" type="stmt"/>
        <line num="17" count="2" type="stmt"/>
        <line num="18" count="2" type="stmt"/>
        <line num="19" count="2" type="stmt"/>
        <line num="21" count="2" type="stmt"/>
        <line num="27" count="2" type="stmt"/>
        <line num="28" count="2" type="stmt"/>
        <line num="30" count="2" type="stmt"/>
        <line num="31" count="2" type="stmt"/>
        <line num="32" count="2" type="stmt"/>
        <line num="34" count="2" type="stmt"/>
        <line num="35" count="2" type="stmt"/>
      </file>
      <file name="FavoritesContext.jsx" path="C:/Users/Рома/perfumer/src/context/FavoritesContext.jsx">
        <metrics statements="31" coveredstatements="26" conditionals="10" coveredconditionals="5" methods="20" coveredmethods="19"/>
        <line num="1" count="41" type="stmt"/>
        <line num="3" count="4" type="stmt"/>
        <line num="5" count="151" type="stmt"/>
        <line num="6" count="69" type="cond" truecount="2" falsecount="0"/>
        <line num="7" count="9" type="stmt"/>
        <line num="8" count="82" type="cond" truecount="1" falsecount="1"/>
        <line num="9" count="73" type="stmt"/>
        <line num="11" count="9" type="stmt"/>
        <line num="12" count="73" type="stmt"/>
        <line num="13" count="4" type="stmt"/>
        <line num="15" count="11" type="stmt"/>
        <line num="16" count="4" type="cond" truecount="2" falsecount="0"/>
        <line num="17" count="4" type="stmt"/>
        <line num="18" count="0" type="cond" truecount="0" falsecount="2"/>
        <line num="19" count="4" type="stmt"/>
        <line num="21" count="73" type="stmt"/>
        <line num="23" count="73" type="stmt"/>
        <line num="24" count="30" type="stmt"/>
        <line num="26" count="9" type="stmt"/>
        <line num="27" count="73" type="stmt"/>
        <line num="30" count="9" type="stmt"/>
        <line num="32" count="73" type="stmt"/>
        <line num="36" count="9" type="stmt"/>
        <line num="41" count="49" type="stmt"/>
        <line num="43" count="49" type="cond" truecount="0" falsecount="1"/>
        <line num="44" count="98" type="stmt"/>
        <line num="45" count="0" type="stmt"/>
        <line num="46" count="0" type="cond" truecount="0" falsecount="1"/>
        <line num="47" count="0" type="stmt"/>
        <line num="49" count="0" type="stmt"/>
        <line num="50" count="4" type="stmt"/>
      </file>
    </package>
    <package name="src.hooks">
      <metrics statements="20" coveredstatements="18" conditionals="2" coveredconditionals="0" methods="3" coveredmethods="3"/>
      <file name="useFetch.jsx" path="C:/Users/Рома/perfumer/src/hooks/useFetch.jsx">
        <metrics statements="20" coveredstatements="18" conditionals="2" coveredconditionals="0" methods="3" coveredmethods="3"/>
        <line num="4" count="32" type="stmt"/>
        <line num="5" count="32" type="stmt"/>
        <line num="6" count="32" type="stmt"/>
        <line num="8" count="32" type="stmt"/>
        <line num="9" count="19" type="cond" truecount="0" falsecount="1"/>
        <line num="11" count="19" type="stmt"/>
        <line num="12" count="19" type="stmt"/>
        <line num="13" count="19" type="stmt"/>
        <line num="15" count="19" type="stmt"/>
        <line num="16" count="19" type="stmt"/>
        <line num="18" count="19" type="stmt"/>
        <line num="20" count="19" type="stmt"/>
        <line num="22" count="15" type="cond" truecount="0" falsecount="1"/>
        <line num="23" count="0" type="stmt"/>
        <line num="26" count="15" type="stmt"/>
        <line num="28" count="15" type="stmt"/>
        <line num="30" count="0" type="stmt"/>
        <line num="32" count="15" type="stmt"/>
        <line num="36" count="19" type="stmt"/>
        <line num="39" count="32" type="stmt"/>
      </file>
    </package>
    <package name="src.pages">
      <metrics statements="265" coveredstatements="203" conditionals="108" coveredconditionals="64" methods="91" coveredmethods="62"/>
      <file name="AboutPage.cy.jsx" path="C:/Users/Рома/perfumer/src/pages/AboutPage.cy.jsx">
        <metrics statements="8" coveredstatements="8" conditionals="0" coveredconditionals="0" methods="4" coveredmethods="2"/>
        <line num="7" count="2" type="stmt"/>
        <line num="8" count="2" type="stmt"/>
        <line num="9" count="2" type="stmt"/>
        <line num="15" count="2" type="stmt"/>
        <line num="17" count="2" type="stmt"/>
        <line num="27" count="2" type="stmt"/>
        <line num="28" count="2" type="stmt"/>
        <line num="29" count="2" type="stmt"/>
      </file>
      <file name="AboutPage.jsx" path="C:/Users/Рома/perfumer/src/pages/AboutPage.jsx">
        <metrics statements="1" coveredstatements="1" conditionals="0" coveredconditionals="0" methods="1" coveredmethods="1"/>
        <line num="7" count="2" type="stmt"/>
      </file>
      <file name="AuthPage.cy.jsx" path="C:/Users/Рома/perfumer/src/pages/AuthPage.cy.jsx">
        <metrics statements="23" coveredstatements="23" conditionals="1" coveredconditionals="1" methods="7" coveredmethods="5"/>
        <line num="7" count="4" type="stmt"/>
        <line num="8" count="4" type="cond" truecount="1" falsecount="0"/>
        <line num="9" count="9" type="stmt"/>
        <line num="17" count="9" type="stmt"/>
        <line num="19" count="9" type="stmt"/>
        <line num="30" count="4" type="stmt"/>
        <line num="31" count="4" type="stmt"/>
        <line num="32" count="4" type="stmt"/>
        <line num="33" count="4" type="stmt"/>
        <line num="34" count="4" type="stmt"/>
        <line num="37" count="4" type="stmt"/>
        <line num="38" count="3" type="stmt"/>
        <line num="39" count="3" type="stmt"/>
        <line num="40" count="3" type="stmt"/>
        <line num="41" count="3" type="stmt"/>
        <line num="44" count="4" type="stmt"/>
        <line num="45" count="2" type="stmt"/>
        <line num="46" count="2" type="stmt"/>
        <line num="48" count="2" type="stmt"/>
        <line num="50" count="2" type="stmt"/>
        <line num="51" count="2" type="stmt"/>
        <line num="53" count="2" type="stmt"/>
        <line num="55" count="2" type="stmt"/>
      </file>
      <file name="AuthPage.jsx" path="C:/Users/Рома/perfumer/src/pages/AuthPage.jsx">
        <metrics statements="38" coveredstatements="23" conditionals="26" coveredconditionals="17" methods="8" coveredmethods="5"/>
        <line num="9" count="71" type="stmt"/>
        <line num="10" count="71" type="stmt"/>
        <line num="12" count="71" type="stmt"/>
        <line num="14" count="71" type="stmt"/>
        <line num="15" count="71" type="stmt"/>
        <line num="16" count="71" type="stmt"/>
        <line num="17" count="71" type="stmt"/>
        <line num="18" count="71" type="stmt"/>
        <line num="20" count="71" type="stmt"/>
        <line num="21" count="5" type="stmt"/>
        <line num="22" count="5" type="stmt"/>
        <line num="24" count="5" type="cond" truecount="1" falsecount="1"/>
        <line num="25" count="5" type="cond" truecount="3" falsecount="0"/>
        <line num="26" count="3" type="stmt"/>
        <line num="27" count="3" type="stmt"/>
        <line num="29" count="2" type="stmt"/>
        <line num="30" count="2" type="cond" truecount="1" falsecount="1"/>
        <line num="31" count="0" type="stmt"/>
        <line num="33" count="2" type="stmt"/>
        <line num="36" count="0" type="cond" truecount="0" falsecount="1"/>
        <line num="37" count="0" type="stmt"/>
        <line num="38" count="0" type="stmt"/>
        <line num="40" count="0" type="cond" truecount="0" falsecount="4"/>
        <line num="41" count="0" type="stmt"/>
        <line num="42" count="0" type="stmt"/>
        <line num="45" count="0" type="stmt"/>
        <line num="47" count="0" type="cond" truecount="0" falsecount="2"/>
        <line num="48" count="0" type="stmt"/>
        <line num="50" count="0" type="stmt"/>
        <line num="55" count="71" type="stmt"/>
        <line num="64" count="9" type="stmt"/>
        <line num="65" count="9" type="stmt"/>
        <line num="73" count="0" type="stmt"/>
        <line num="74" count="0" type="stmt"/>
        <line num="91" count="28" type="stmt"/>
        <line num="109" count="0" type="stmt"/>
        <line num="122" count="18" type="stmt"/>
        <line num="140" count="0" type="stmt"/>
      </file>
      <file name="BrandDetailPage.cy.jsx" path="C:/Users/Рома/perfumer/src/pages/BrandDetailPage.cy.jsx">
        <metrics statements="9" coveredstatements="9" conditionals="0" coveredconditionals="0" methods="3" coveredmethods="3"/>
        <line num="5" count="2" type="stmt"/>
        <line num="6" count="2" type="stmt"/>
        <line num="7" count="2" type="stmt"/>
        <line num="16" count="2" type="stmt"/>
        <line num="17" count="2" type="stmt"/>
        <line num="25" count="2" type="stmt"/>
        <line num="27" count="2" type="stmt"/>
        <line num="28" count="2" type="stmt"/>
        <line num="29" count="2" type="stmt"/>
      </file>
      <file name="BrandDetailPage.jsx" path="C:/Users/Рома/perfumer/src/pages/BrandDetailPage.jsx">
        <metrics statements="6" coveredstatements="6" conditionals="12" coveredconditionals="10" methods="3" coveredmethods="3"/>
        <line num="10" count="4" type="stmt"/>
        <line num="12" count="4" type="stmt"/>
        <line num="13" count="4" type="cond" truecount="2" falsecount="0"/>
        <line num="15" count="4" type="stmt"/>
        <line num="19" count="4" type="stmt"/>
        <line num="32" count="2" type="stmt"/>
      </file>
      <file name="BrandsPage.cy.jsx" path="C:/Users/Рома/perfumer/src/pages/BrandsPage.cy.jsx">
        <metrics statements="12" coveredstatements="12" conditionals="0" coveredconditionals="0" methods="4" coveredmethods="4"/>
        <line num="5" count="3" type="stmt"/>
        <line num="6" count="3" type="stmt"/>
        <line num="7" count="5" type="stmt"/>
        <line num="16" count="3" type="stmt"/>
        <line num="17" count="3" type="stmt"/>
        <line num="22" count="3" type="stmt"/>
        <line num="23" count="3" type="stmt"/>
        <line num="26" count="3" type="stmt"/>
        <line num="27" count="2" type="stmt"/>
        <line num="32" count="2" type="stmt"/>
        <line num="33" count="2" type="stmt"/>
        <line num="34" count="2" type="stmt"/>
      </file>
      <file name="BrandsPage.jsx" path="C:/Users/Рома/perfumer/src/pages/BrandsPage.jsx">
        <metrics statements="13" coveredstatements="9" conditionals="5" coveredconditionals="4" methods="7" coveredmethods="5"/>
        <line num="7" count="5" type="stmt"/>
        <line num="25" count="5" type="stmt"/>
        <line num="28" count="7" type="stmt"/>
        <line num="30" count="7" type="stmt"/>
        <line num="31" count="0" type="stmt"/>
        <line num="32" count="0" type="cond" truecount="0" falsecount="1"/>
        <line num="33" count="0" type="stmt"/>
        <line num="37" count="7" type="stmt"/>
        <line num="46" count="105" type="stmt"/>
        <line num="65" count="182" type="stmt"/>
        <line num="68" count="0" type="stmt"/>
        <line num="81" count="4" type="stmt"/>
        <line num="89" count="8" type="stmt"/>
      </file>
      <file name="FavoritesPage.cy.jsx" path="C:/Users/Рома/perfumer/src/pages/FavoritesPage.cy.jsx">
        <metrics statements="12" coveredstatements="12" conditionals="0" coveredconditionals="0" methods="3" coveredmethods="3"/>
        <line num="5" count="3" type="stmt"/>
        <line num="6" count="3" type="stmt"/>
        <line num="7" count="3" type="stmt"/>
        <line num="9" count="3" type="stmt"/>
        <line num="15" count="3" type="stmt"/>
        <line num="18" count="3" type="stmt"/>
        <line num="19" count="2" type="stmt"/>
        <line num="22" count="2" type="stmt"/>
        <line num="24" count="2" type="stmt"/>
        <line num="30" count="2" type="stmt"/>
        <line num="31" count="2" type="stmt"/>
        <line num="32" count="2" type="stmt"/>
      </file>
      <file name="FavoritesPage.jsx" path="C:/Users/Рома/perfumer/src/pages/FavoritesPage.jsx">
        <metrics statements="3" coveredstatements="3" conditionals="2" coveredconditionals="2" methods="2" coveredmethods="2"/>
        <line num="10" count="5" type="stmt"/>
        <line num="12" count="5" type="stmt"/>
        <line num="25" count="2" type="stmt"/>
      </file>
      <file name="HomePage.cy.jsx" path="C:/Users/Рома/perfumer/src/pages/HomePage.cy.jsx">
        <metrics statements="11" coveredstatements="11" conditionals="0" coveredconditionals="0" methods="4" coveredmethods="4"/>
        <line num="5" count="3" type="stmt"/>
        <line num="6" count="3" type="stmt"/>
        <line num="7" count="5" type="stmt"/>
        <line num="26" count="3" type="stmt"/>
        <line num="27" count="3" type="stmt"/>
        <line num="33" count="3" type="stmt"/>
        <line num="35" count="3" type="stmt"/>
        <line num="36" count="3" type="stmt"/>
        <line num="39" count="3" type="stmt"/>
        <line num="40" count="2" type="stmt"/>
        <line num="45" count="2" type="stmt"/>
      </file>
      <file name="HomePage.jsx" path="C:/Users/Рома/perfumer/src/pages/HomePage.jsx">
        <metrics statements="88" coveredstatements="50" conditionals="42" coveredconditionals="15" methods="33" coveredmethods="15"/>
        <line num="10" count="5" type="stmt"/>
        <line num="20" count="5" type="stmt"/>
        <line num="60" count="11" type="stmt"/>
        <line num="61" count="11" type="stmt"/>
        <line num="62" count="11" type="stmt"/>
        <line num="63" count="11" type="stmt"/>
        <line num="64" count="11" type="stmt"/>
        <line num="66" count="11" type="stmt"/>
        <line num="67" count="11" type="stmt"/>
        <line num="69" count="11" type="stmt"/>
        <line num="70" count="11" type="stmt"/>
        <line num="71" count="11" type="stmt"/>
        <line num="72" count="11" type="stmt"/>
        <line num="74" count="11" type="stmt"/>
        <line num="76" count="11" type="stmt"/>
        <line num="77" count="11" type="cond" truecount="1" falsecount="0"/>
        <line num="79" count="4" type="stmt"/>
        <line num="80" count="24" type="stmt"/>
        <line num="81" count="48" type="stmt"/>
        <line num="84" count="24" type="stmt"/>
        <line num="91" count="11" type="stmt"/>
        <line num="92" count="0" type="stmt"/>
        <line num="95" count="11" type="stmt"/>
        <line num="96" count="7" type="stmt"/>
        <line num="97" count="0" type="stmt"/>
        <line num="99" count="7" type="stmt"/>
        <line num="102" count="11" type="stmt"/>
        <line num="103" count="11" type="stmt"/>
        <line num="104" count="11" type="cond" truecount="1" falsecount="2"/>
        <line num="105" count="0" type="stmt"/>
        <line num="106" count="0" type="stmt"/>
        <line num="107" count="0" type="stmt"/>
        <line num="108" count="0" type="stmt"/>
        <line num="109" count="0" type="stmt"/>
        <line num="113" count="11" type="stmt"/>
        <line num="114" count="11" type="cond" truecount="2" falsecount="1"/>
        <line num="115" count="0" type="stmt"/>
        <line num="118" count="0" type="cond" truecount="0" falsecount="2"/>
        <line num="124" count="11" type="stmt"/>
        <line num="125" count="11" type="cond" truecount="2" falsecount="1"/>
        <line num="126" count="0" type="stmt"/>
        <line num="128" count="0" type="cond" truecount="0" falsecount="2"/>
        <line num="133" count="11" type="stmt"/>
        <line num="134" count="0" type="stmt"/>
        <line num="135" count="0" type="stmt"/>
        <line num="138" count="11" type="stmt"/>
        <line num="139" count="0" type="stmt"/>
        <line num="140" count="0" type="stmt"/>
        <line num="141" count="0" type="stmt"/>
        <line num="142" count="0" type="stmt"/>
        <line num="143" count="0" type="stmt"/>
        <line num="146" count="11" type="stmt"/>
        <line num="147" count="0" type="stmt"/>
        <line num="148" count="0" type="stmt"/>
        <line num="149" count="0" type="stmt"/>
        <line num="152" count="11" type="stmt"/>
        <line num="153" count="0" type="cond" truecount="0" falsecount="1"/>
        <line num="156" count="11" type="stmt"/>
        <line num="158" count="0" type="cond" truecount="0" falsecount="1"/>
        <line num="162" count="0" type="stmt"/>
        <line num="165" count="7" type="stmt"/>
        <line num="166" count="7" type="stmt"/>
        <line num="169" count="11" type="stmt"/>
        <line num="170" count="0" type="cond" truecount="0" falsecount="1"/>
        <line num="171" count="0" type="cond" truecount="0" falsecount="2"/>
        <line num="172" count="0" type="stmt"/>
        <line num="176" count="11" type="stmt"/>
        <line num="177" count="11" type="cond" truecount="1" falsecount="0"/>
        <line num="178" count="7" type="stmt"/>
        <line num="179" count="4" type="cond" truecount="0" falsecount="1"/>
        <line num="180" count="0" type="stmt"/>
        <line num="185" count="4" type="cond" truecount="1" falsecount="1"/>
        <line num="186" count="4" type="cond" truecount="0" falsecount="1"/>
        <line num="187" count="0" type="cond" truecount="0" falsecount="1"/>
        <line num="188" count="0" type="stmt"/>
        <line num="189" count="0" type="stmt"/>
        <line num="191" count="4" type="stmt"/>
        <line num="192" count="8" type="stmt"/>
        <line num="196" count="11" type="stmt"/>
        <line num="230" count="0" type="stmt"/>
        <line num="233" count="0" type="stmt"/>
        <line num="256" count="33" type="stmt"/>
        <line num="259" count="0" type="stmt"/>
        <line num="281" count="0" type="stmt"/>
        <line num="292" count="0" type="stmt"/>
        <line num="303" count="24" type="cond" truecount="1" falsecount="1"/>
        <line num="337" count="0" type="stmt"/>
        <line num="351" count="0" type="stmt"/>
      </file>
      <file name="NotFoundPage.cy.jsx" path="C:/Users/Рома/perfumer/src/pages/NotFoundPage.cy.jsx">
        <metrics statements="6" coveredstatements="6" conditionals="0" coveredconditionals="0" methods="2" coveredmethods="2"/>
        <line num="5" count="2" type="stmt"/>
        <line num="6" count="2" type="stmt"/>
        <line num="7" count="2" type="stmt"/>
        <line num="13" count="2" type="stmt"/>
        <line num="14" count="2" type="stmt"/>
        <line num="15" count="2" type="stmt"/>
      </file>
      <file name="NotFoundPage.jsx" path="C:/Users/Рома/perfumer/src/pages/NotFoundPage.jsx">
        <metrics statements="1" coveredstatements="1" conditionals="0" coveredconditionals="0" methods="1" coveredmethods="1"/>
        <line num="8" count="2" type="stmt"/>
      </file>
      <file name="PerfumeDetail.cy.jsx" path="C:/Users/Рома/perfumer/src/pages/PerfumeDetail.cy.jsx">
        <metrics statements="14" coveredstatements="14" conditionals="0" coveredconditionals="0" methods="4" coveredmethods="4"/>
        <line num="5" count="3" type="stmt"/>
        <line num="6" count="3" type="stmt"/>
        <line num="7" count="5" type="stmt"/>
        <line num="22" count="3" type="stmt"/>
        <line num="23" count="3" type="stmt"/>
        <line num="31" count="3" type="stmt"/>
        <line num="33" count="3" type="stmt"/>
        <line num="34" count="3" type="stmt"/>
        <line num="35" count="3" type="stmt"/>
        <line num="36" count="3" type="stmt"/>
        <line num="39" count="3" type="stmt"/>
        <line num="40" count="2" type="stmt"/>
        <line num="48" count="2" type="stmt"/>
        <line num="49" count="2" type="stmt"/>
      </file>
      <file name="PerfumeDetail.jsx" path="C:/Users/Рома/perfumer/src/pages/PerfumeDetail.jsx">
        <metrics statements="20" coveredstatements="15" conditionals="20" coveredconditionals="15" methods="5" coveredmethods="3"/>
        <line num="13" count="10" type="stmt"/>
        <line num="14" count="10" type="stmt"/>
        <line num="16" count="10" type="stmt"/>
        <line num="17" count="10" type="stmt"/>
        <line num="18" count="10" type="stmt"/>
        <line num="20" count="10" type="cond" truecount="2" falsecount="0"/>
        <line num="22" count="10" type="cond" truecount="1" falsecount="0"/>
        <line num="23" count="5" type="stmt"/>
        <line num="34" count="5" type="cond" truecount="3" falsecount="0"/>
        <line num="35" count="2" type="stmt"/>
        <line num="51" count="3" type="stmt"/>
        <line num="53" count="3" type="stmt"/>
        <line num="54" count="0" type="stmt"/>
        <line num="56" count="0" type="cond" truecount="0" falsecount="2"/>
        <line num="57" count="0" type="stmt"/>
        <line num="59" count="0" type="stmt"/>
        <line num="63" count="3" type="stmt"/>
        <line num="70" count="3" type="stmt"/>
        <line num="97" count="3" type="stmt"/>
        <line num="117" count="0" type="stmt"/>
      </file>
    </package>
  </project>
</coverage>
