<?xml version="1.0" encoding="UTF-8"?>
<coverage generated="1765273014803" clover="3.2.0">
  <project timestamp="1765273014803" name="All files">
    <metrics statements="332" coveredstatements="197" conditionals="150" coveredconditionals="54" methods="101" coveredmethods="51" elements="583" coveredelements="302" complexity="0" loc="332" ncloc="332" packages="7" files="17" classes="17"/>
    <package name="src">
      <metrics statements="11" coveredstatements="8" conditionals="1" coveredconditionals="0" methods="3" coveredmethods="1"/>
      <file name="App.jsx" path="C:/Users/Рома/perfumer/src/App.jsx">
        <metrics statements="3" coveredstatements="3" conditionals="0" coveredconditionals="0" methods="1" coveredmethods="1"/>
        <line num="18" count="6" type="stmt"/>
        <line num="39" count="3" type="stmt"/>
        <line num="41" count="3" type="stmt"/>
      </file>
      <file name="ProtectedRoute.jsx" path="C:/Users/Рома/perfumer/src/ProtectedRoute.jsx">
        <metrics statements="7" coveredstatements="4" conditionals="1" coveredconditionals="0" methods="2" coveredmethods="0"/>
        <line num="6" count="3" type="stmt"/>
        <line num="7" count="3" type="stmt"/>
        <line num="9" count="0" type="cond" truecount="0" falsecount="1"/>
        <line num="10" count="0" type="stmt"/>
        <line num="13" count="0" type="stmt"/>
        <line num="14" count="3" type="stmt"/>
        <line num="16" count="3" type="stmt"/>
      </file>
      <file name="main.jsx" path="C:/Users/Рома/perfumer/src/main.jsx">
        <metrics statements="1" coveredstatements="1" conditionals="0" coveredconditionals="0" methods="0" coveredmethods="0"/>
        <line num="6" count="3" type="stmt"/>
      </file>
    </package>
    <package name="src.components.Footer">
      <metrics statements="3" coveredstatements="3" conditionals="0" coveredconditionals="0" methods="1" coveredmethods="1"/>
      <file name="Footer.jsx" path="C:/Users/Рома/perfumer/src/components/Footer/Footer.jsx">
        <metrics statements="3" coveredstatements="3" conditionals="0" coveredconditionals="0" methods="1" coveredmethods="1"/>
        <line num="6" count="22" type="stmt"/>
        <line num="61" count="3" type="stmt"/>
        <line num="63" count="3" type="stmt"/>
      </file>
    </package>
    <package name="src.components.Header">
      <metrics statements="14" coveredstatements="12" conditionals="14" coveredconditionals="7" methods="8" coveredmethods="7"/>
      <file name="Header.jsx" path="C:/Users/Рома/perfumer/src/components/Header/Header.jsx">
        <metrics statements="14" coveredstatements="12" conditionals="14" coveredconditionals="7" methods="8" coveredmethods="7"/>
        <line num="7" count="22" type="stmt"/>
        <line num="8" count="22" type="stmt"/>
        <line num="9" count="22" type="stmt"/>
        <line num="11" count="22" type="stmt"/>
        <line num="12" count="0" type="stmt"/>
        <line num="13" count="0" type="stmt"/>
        <line num="16" count="22" type="stmt"/>
        <line num="26" count="22" type="cond" truecount="2" falsecount="0"/>
        <line num="35" count="22" type="cond" truecount="1" falsecount="1"/>
        <line num="44" count="22" type="cond" truecount="1" falsecount="1"/>
        <line num="61" count="22" type="cond" truecount="1" falsecount="1"/>
        <line num="71" count="22" type="cond" truecount="1" falsecount="1"/>
        <line num="85" count="3" type="stmt"/>
        <line num="87" count="3" type="stmt"/>
      </file>
    </package>
    <package name="src.components.perfumecard">
      <metrics statements="15" coveredstatements="10" conditionals="6" coveredconditionals="2" methods="3" coveredmethods="2"/>
      <file name="PerfumeCard.jsx" path="C:/Users/Рома/perfumer/src/components/perfumecard/PerfumeCard.jsx">
        <metrics statements="15" coveredstatements="10" conditionals="6" coveredconditionals="2" methods="3" coveredmethods="2"/>
        <line num="11" count="228" type="stmt"/>
        <line num="12" count="228" type="stmt"/>
        <line num="14" count="228" type="stmt"/>
        <line num="15" count="228" type="stmt"/>
        <line num="16" count="228" type="stmt"/>
        <line num="18" count="228" type="stmt"/>
        <line num="20" count="228" type="stmt"/>
        <line num="21" count="0" type="stmt"/>
        <line num="22" count="0" type="stmt"/>
        <line num="24" count="0" type="cond" truecount="0" falsecount="2"/>
        <line num="25" count="0" type="stmt"/>
        <line num="27" count="0" type="stmt"/>
        <line num="31" count="228" type="stmt"/>
        <line num="60" count="3" type="stmt"/>
        <line num="62" count="3" type="stmt"/>
      </file>
    </package>
    <package name="src.context">
      <metrics statements="75" coveredstatements="40" conditionals="20" coveredconditionals="4" methods="17" coveredmethods="9"/>
      <file name="AuthContext.jsx" path="C:/Users/Рома/perfumer/src/context/AuthContext.jsx">
        <metrics statements="51" coveredstatements="22" conditionals="15" coveredconditionals="3" methods="7" coveredmethods="4"/>
        <line num="3" count="3" type="stmt"/>
        <line num="5" count="6" type="stmt"/>
        <line num="6" count="6" type="stmt"/>
        <line num="7" count="6" type="stmt"/>
        <line num="8" count="6" type="stmt"/>
        <line num="10" count="6" type="cond" truecount="1" falsecount="1"/>
        <line num="13" count="6" type="stmt"/>
        <line num="15" count="6" type="stmt"/>
        <line num="16" count="6" type="cond" truecount="2" falsecount="2"/>
        <line num="17" count="0" type="stmt"/>
        <line num="18" count="0" type="stmt"/>
        <line num="19" count="0" type="stmt"/>
        <line num="21" count="6" type="stmt"/>
        <line num="22" count="6" type="stmt"/>
        <line num="26" count="6" type="stmt"/>
        <line num="27" count="0" type="stmt"/>
        <line num="28" count="0" type="stmt"/>
        <line num="30" count="0" type="stmt"/>
        <line num="38" count="0" type="stmt"/>
        <line num="40" count="0" type="cond" truecount="0" falsecount="2"/>
        <line num="41" count="0" type="stmt"/>
        <line num="42" count="0" type="stmt"/>
        <line num="46" count="0" type="stmt"/>
        <line num="47" count="0" type="stmt"/>
        <line num="49" count="0" type="stmt"/>
        <line num="55" count="0" type="stmt"/>
        <line num="59" count="6" type="stmt"/>
        <line num="60" count="0" type="stmt"/>
        <line num="61" count="0" type="stmt"/>
        <line num="63" count="0" type="stmt"/>
        <line num="69" count="0" type="stmt"/>
        <line num="71" count="0" type="cond" truecount="0" falsecount="2"/>
        <line num="72" count="0" type="stmt"/>
        <line num="73" count="0" type="stmt"/>
        <line num="77" count="0" type="stmt"/>
        <line num="78" count="0" type="stmt"/>
        <line num="80" count="0" type="stmt"/>
        <line num="86" count="0" type="stmt"/>
        <line num="90" count="6" type="stmt"/>
        <line num="91" count="0" type="stmt"/>
        <line num="92" count="0" type="stmt"/>
        <line num="93" count="0" type="stmt"/>
        <line num="96" count="6" type="stmt"/>
        <line num="104" count="6" type="stmt"/>
        <line num="105" count="3" type="stmt"/>
        <line num="107" count="254" type="stmt"/>
        <line num="108" count="254" type="stmt"/>
        <line num="109" count="254" type="cond" truecount="0" falsecount="1"/>
        <line num="110" count="0" type="stmt"/>
        <line num="112" count="254" type="stmt"/>
        <line num="113" count="3" type="stmt"/>
      </file>
      <file name="FavoritesContext.jsx" path="C:/Users/Рома/perfumer/src/context/FavoritesContext.jsx">
        <metrics statements="24" coveredstatements="18" conditionals="5" coveredconditionals="1" methods="10" coveredmethods="5"/>
        <line num="3" count="3" type="stmt"/>
        <line num="5" count="6" type="stmt"/>
        <line num="6" count="6" type="stmt"/>
        <line num="7" count="6" type="stmt"/>
        <line num="8" count="6" type="cond" truecount="1" falsecount="1"/>
        <line num="11" count="6" type="stmt"/>
        <line num="12" count="6" type="stmt"/>
        <line num="15" count="6" type="stmt"/>
        <line num="16" count="0" type="stmt"/>
        <line num="17" count="0" type="stmt"/>
        <line num="18" count="0" type="cond" truecount="0" falsecount="2"/>
        <line num="19" count="0" type="stmt"/>
        <line num="21" count="0" type="stmt"/>
        <line num="26" count="6" type="stmt"/>
        <line num="27" count="230" type="stmt"/>
        <line num="30" count="6" type="stmt"/>
        <line num="36" count="6" type="stmt"/>
        <line num="41" count="3" type="stmt"/>
        <line num="43" count="254" type="stmt"/>
        <line num="44" count="254" type="stmt"/>
        <line num="45" count="254" type="cond" truecount="0" falsecount="1"/>
        <line num="46" count="0" type="stmt"/>
        <line num="48" count="254" type="stmt"/>
        <line num="49" count="3" type="stmt"/>
      </file>
    </package>
    <package name="src.hooks">
      <metrics statements="22" coveredstatements="20" conditionals="2" coveredconditionals="0" methods="3" coveredmethods="3"/>
      <file name="useFetch.jsx" path="C:/Users/Рома/perfumer/src/hooks/useFetch.jsx">
        <metrics statements="22" coveredstatements="20" conditionals="2" coveredconditionals="0" methods="3" coveredmethods="3"/>
        <line num="3" count="26" type="stmt"/>
        <line num="4" count="26" type="stmt"/>
        <line num="5" count="26" type="stmt"/>
        <line num="6" count="26" type="stmt"/>
        <line num="8" count="26" type="stmt"/>
        <line num="9" count="8" type="cond" truecount="0" falsecount="1"/>
        <line num="11" count="8" type="stmt"/>
        <line num="12" count="8" type="stmt"/>
        <line num="13" count="8" type="stmt"/>
        <line num="15" count="8" type="stmt"/>
        <line num="16" count="8" type="stmt"/>
        <line num="18" count="8" type="stmt"/>
        <line num="20" count="8" type="stmt"/>
        <line num="22" count="5" type="cond" truecount="0" falsecount="1"/>
        <line num="23" count="0" type="stmt"/>
        <line num="26" count="5" type="stmt"/>
        <line num="28" count="5" type="stmt"/>
        <line num="30" count="0" type="stmt"/>
        <line num="32" count="5" type="stmt"/>
        <line num="36" count="8" type="stmt"/>
        <line num="39" count="26" type="stmt"/>
        <line num="40" count="3" type="stmt"/>
      </file>
    </package>
    <package name="src.pages">
      <metrics statements="192" coveredstatements="104" conditionals="107" coveredconditionals="41" methods="66" coveredmethods="28"/>
      <file name="AboutPage.jsx" path="C:/Users/Рома/perfumer/src/pages/AboutPage.jsx">
        <metrics statements="3" coveredstatements="2" conditionals="0" coveredconditionals="0" methods="1" coveredmethods="0"/>
        <line num="7" count="0" type="stmt"/>
        <line num="65" count="3" type="stmt"/>
        <line num="67" count="3" type="stmt"/>
      </file>
      <file name="AuthPage.jsx" path="C:/Users/Рома/perfumer/src/pages/AuthPage.jsx">
        <metrics statements="41" coveredstatements="3" conditionals="26" coveredconditionals="0" methods="9" coveredmethods="0"/>
        <line num="8" count="0" type="stmt"/>
        <line num="9" count="0" type="stmt"/>
        <line num="10" count="0" type="stmt"/>
        <line num="12" count="3" type="stmt"/>
        <line num="14" count="0" type="stmt"/>
        <line num="15" count="0" type="stmt"/>
        <line num="16" count="0" type="stmt"/>
        <line num="17" count="0" type="stmt"/>
        <line num="18" count="0" type="stmt"/>
        <line num="20" count="0" type="stmt"/>
        <line num="21" count="0" type="stmt"/>
        <line num="22" count="0" type="stmt"/>
        <line num="24" count="0" type="cond" truecount="0" falsecount="2"/>
        <line num="25" count="0" type="cond" truecount="0" falsecount="3"/>
        <line num="26" count="0" type="stmt"/>
        <line num="27" count="0" type="stmt"/>
        <line num="29" count="0" type="stmt"/>
        <line num="30" count="0" type="cond" truecount="0" falsecount="2"/>
        <line num="31" count="0" type="stmt"/>
        <line num="33" count="0" type="stmt"/>
        <line num="36" count="0" type="cond" truecount="0" falsecount="1"/>
        <line num="37" count="0" type="stmt"/>
        <line num="38" count="0" type="stmt"/>
        <line num="40" count="0" type="cond" truecount="0" falsecount="4"/>
        <line num="41" count="0" type="stmt"/>
        <line num="42" count="0" type="stmt"/>
        <line num="45" count="0" type="stmt"/>
        <line num="47" count="0" type="cond" truecount="0" falsecount="2"/>
        <line num="48" count="0" type="stmt"/>
        <line num="50" count="0" type="stmt"/>
        <line num="55" count="0" type="stmt"/>
        <line num="64" count="0" type="stmt"/>
        <line num="65" count="0" type="stmt"/>
        <line num="73" count="0" type="stmt"/>
        <line num="74" count="0" type="stmt"/>
        <line num="91" count="0" type="stmt"/>
        <line num="109" count="0" type="stmt"/>
        <line num="122" count="0" type="stmt"/>
        <line num="140" count="0" type="stmt"/>
        <line num="155" count="3" type="stmt"/>
        <line num="157" count="3" type="stmt"/>
      </file>
      <file name="BrandDetailPage.jsx" path="C:/Users/Рома/perfumer/src/pages/BrandDetailPage.jsx">
        <metrics statements="9" coveredstatements="3" conditionals="12" coveredconditionals="0" methods="4" coveredmethods="0"/>
        <line num="9" count="0" type="stmt"/>
        <line num="10" count="0" type="stmt"/>
        <line num="12" count="3" type="stmt"/>
        <line num="13" count="0" type="cond" truecount="0" falsecount="2"/>
        <line num="15" count="0" type="stmt"/>
        <line num="19" count="0" type="stmt"/>
        <line num="32" count="0" type="stmt"/>
        <line num="52" count="3" type="stmt"/>
        <line num="54" count="3" type="stmt"/>
      </file>
      <file name="BrandsPage.jsx" path="C:/Users/Рома/perfumer/src/pages/BrandsPage.jsx">
        <metrics statements="16" coveredstatements="5" conditionals="5" coveredconditionals="0" methods="8" coveredmethods="0"/>
        <line num="7" count="3" type="stmt"/>
        <line num="25" count="3" type="stmt"/>
        <line num="27" count="0" type="stmt"/>
        <line num="28" count="3" type="stmt"/>
        <line num="30" count="0" type="stmt"/>
        <line num="31" count="0" type="stmt"/>
        <line num="32" count="0" type="cond" truecount="0" falsecount="1"/>
        <line num="33" count="0" type="stmt"/>
        <line num="37" count="0" type="stmt"/>
        <line num="46" count="0" type="stmt"/>
        <line num="65" count="0" type="stmt"/>
        <line num="68" count="0" type="stmt"/>
        <line num="81" count="0" type="stmt"/>
        <line num="89" count="0" type="stmt"/>
        <line num="105" count="3" type="stmt"/>
        <line num="107" count="3" type="stmt"/>
      </file>
      <file name="FavoritesPage.jsx" path="C:/Users/Рома/perfumer/src/pages/FavoritesPage.jsx">
        <metrics statements="6" coveredstatements="3" conditionals="2" coveredconditionals="0" methods="3" coveredmethods="0"/>
        <line num="9" count="0" type="stmt"/>
        <line num="10" count="3" type="stmt"/>
        <line num="12" count="0" type="stmt"/>
        <line num="25" count="0" type="stmt"/>
        <line num="46" count="3" type="stmt"/>
        <line num="48" count="3" type="stmt"/>
      </file>
      <file name="HomePage.jsx" path="C:/Users/Рома/perfumer/src/pages/HomePage.jsx">
        <metrics statements="91" coveredstatements="68" conditionals="42" coveredconditionals="28" methods="34" coveredmethods="23"/>
        <line num="10" count="3" type="stmt"/>
        <line num="20" count="3" type="stmt"/>
        <line num="59" count="22" type="stmt"/>
        <line num="60" count="22" type="stmt"/>
        <line num="61" count="22" type="stmt"/>
        <line num="62" count="22" type="stmt"/>
        <line num="63" count="22" type="stmt"/>
        <line num="64" count="22" type="stmt"/>
        <line num="66" count="22" type="stmt"/>
        <line num="67" count="22" type="stmt"/>
        <line num="69" count="22" type="stmt"/>
        <line num="70" count="22" type="stmt"/>
        <line num="71" count="22" type="stmt"/>
        <line num="72" count="22" type="stmt"/>
        <line num="74" count="22" type="stmt"/>
        <line num="76" count="22" type="stmt"/>
        <line num="77" count="14" type="cond" truecount="1" falsecount="0"/>
        <line num="79" count="8" type="stmt"/>
        <line num="80" count="48" type="stmt"/>
        <line num="81" count="272" type="stmt"/>
        <line num="84" count="48" type="stmt"/>
        <line num="91" count="22" type="stmt"/>
        <line num="92" count="0" type="stmt"/>
        <line num="95" count="22" type="stmt"/>
        <line num="96" count="6" type="stmt"/>
        <line num="97" count="0" type="stmt"/>
        <line num="99" count="6" type="stmt"/>
        <line num="102" count="22" type="stmt"/>
        <line num="103" count="10" type="stmt"/>
        <line num="104" count="10" type="cond" truecount="1" falsecount="2"/>
        <line num="105" count="0" type="stmt"/>
        <line num="106" count="0" type="stmt"/>
        <line num="107" count="0" type="stmt"/>
        <line num="108" count="0" type="stmt"/>
        <line num="109" count="0" type="stmt"/>
        <line num="113" count="22" type="stmt"/>
        <line num="114" count="16" type="cond" truecount="3" falsecount="0"/>
        <line num="115" count="4" type="stmt"/>
        <line num="118" count="104" type="cond" truecount="2" falsecount="0"/>
        <line num="124" count="22" type="stmt"/>
        <line num="125" count="16" type="cond" truecount="3" falsecount="0"/>
        <line num="126" count="4" type="stmt"/>
        <line num="128" count="104" type="cond" truecount="2" falsecount="0"/>
        <line num="133" count="22" type="stmt"/>
        <line num="134" count="1" type="stmt"/>
        <line num="135" count="1" type="stmt"/>
        <line num="138" count="22" type="stmt"/>
        <line num="139" count="1" type="stmt"/>
        <line num="140" count="1" type="stmt"/>
        <line num="141" count="1" type="stmt"/>
        <line num="142" count="1" type="stmt"/>
        <line num="143" count="1" type="stmt"/>
        <line num="146" count="22" type="stmt"/>
        <line num="147" count="0" type="stmt"/>
        <line num="148" count="0" type="stmt"/>
        <line num="149" count="0" type="stmt"/>
        <line num="152" count="22" type="stmt"/>
        <line num="153" count="1" type="cond" truecount="0" falsecount="1"/>
        <line num="156" count="22" type="stmt"/>
        <line num="158" count="3" type="cond" truecount="1" falsecount="0"/>
        <line num="162" count="1" type="stmt"/>
        <line num="165" count="6" type="stmt"/>
        <line num="166" count="6" type="stmt"/>
        <line num="169" count="22" type="stmt"/>
        <line num="170" count="0" type="cond" truecount="0" falsecount="1"/>
        <line num="171" count="0" type="cond" truecount="0" falsecount="2"/>
        <line num="172" count="0" type="stmt"/>
        <line num="176" count="22" type="stmt"/>
        <line num="177" count="22" type="cond" truecount="1" falsecount="0"/>
        <line num="178" count="10" type="stmt"/>
        <line num="179" count="12" type="cond" truecount="0" falsecount="1"/>
        <line num="180" count="0" type="stmt"/>
        <line num="185" count="12" type="cond" truecount="1" falsecount="1"/>
        <line num="186" count="12" type="cond" truecount="0" falsecount="1"/>
        <line num="187" count="0" type="cond" truecount="0" falsecount="1"/>
        <line num="188" count="0" type="stmt"/>
        <line num="189" count="0" type="stmt"/>
        <line num="191" count="12" type="stmt"/>
        <line num="192" count="280" type="stmt"/>
        <line num="196" count="22" type="stmt"/>
        <line num="230" count="10" type="stmt"/>
        <line num="233" count="0" type="stmt"/>
        <line num="256" count="66" type="stmt"/>
        <line num="259" count="0" type="stmt"/>
        <line num="281" count="0" type="stmt"/>
        <line num="292" count="0" type="stmt"/>
        <line num="303" count="48" type="cond" truecount="1" falsecount="1"/>
        <line num="337" count="0" type="stmt"/>
        <line num="351" count="0" type="stmt"/>
        <line num="364" count="3" type="stmt"/>
        <line num="366" count="3" type="stmt"/>
      </file>
      <file name="NotFoundPage.jsx" path="C:/Users/Рома/perfumer/src/pages/NotFoundPage.jsx">
        <metrics statements="3" coveredstatements="2" conditionals="0" coveredconditionals="0" methods="1" coveredmethods="0"/>
        <line num="8" count="0" type="stmt"/>
        <line num="24" count="3" type="stmt"/>
        <line num="26" count="3" type="stmt"/>
      </file>
      <file name="PerfumeDetail.jsx" path="C:/Users/Рома/perfumer/src/pages/PerfumeDetail.jsx">
        <metrics statements="23" coveredstatements="18" conditionals="20" coveredconditionals="13" methods="6" coveredmethods="5"/>
        <line num="12" count="4" type="stmt"/>
        <line num="13" count="4" type="stmt"/>
        <line num="14" count="4" type="stmt"/>
        <line num="16" count="4" type="stmt"/>
        <line num="17" count="4" type="stmt"/>
        <line num="18" count="4" type="stmt"/>
        <line num="20" count="4" type="cond" truecount="2" falsecount="0"/>
        <line num="22" count="4" type="cond" truecount="1" falsecount="0"/>
        <line num="23" count="2" type="stmt"/>
        <line num="34" count="2" type="cond" truecount="2" falsecount="1"/>
        <line num="35" count="0" type="stmt"/>
        <line num="51" count="2" type="stmt"/>
        <line num="53" count="2" type="stmt"/>
        <line num="54" count="0" type="stmt"/>
        <line num="56" count="0" type="cond" truecount="0" falsecount="2"/>
        <line num="57" count="0" type="stmt"/>
        <line num="59" count="0" type="stmt"/>
        <line num="63" count="2" type="stmt"/>
        <line num="70" count="2" type="stmt"/>
        <line num="97" count="14" type="stmt"/>
        <line num="117" count="8" type="stmt"/>
        <line num="140" count="3" type="stmt"/>
        <line num="142" count="3" type="stmt"/>
      </file>
    </package>
  </project>
</coverage>
