{"total": {"lines":{"total":511,"covered":414,"skipped":0,"pct":81.01},"statements":{"total":569,"covered":456,"skipped":0,"pct":80.14},"functions":{"total":173,"covered":142,"skipped":0,"pct":82.08},"branches":{"total":186,"covered":107,"skipped":0,"pct":57.52},"branchesTrue":{"total":0,"covered":0,"skipped":0,"pct":100}}
,"C:/Users/Рома/perfumer/cypress/support/component.jsx": {"lines":{"total":3,"covered":3,"skipped":0,"pct":100},"functions":{"total":1,"covered":1,"skipped":0,"pct":100},"statements":{"total":3,"covered":3,"skipped":0,"pct":100},"branches":{"total":1,"covered":1,"skipped":0,"pct":100}}
,"C:/Users/Рома/perfumer/src/App.cy.jsx": {"lines":{"total":9,"covered":9,"skipped":0,"pct":100},"functions":{"total":3,"covered":3,"skipped":0,"pct":100},"statements":{"total":9,"covered":9,"skipped":0,"pct":100},"branches":{"total":0,"covered":0,"skipped":0,"pct":100}}
,"C:/Users/Рома/perfumer/src/App.jsx": {"lines":{"total":1,"covered":1,"skipped":0,"pct":100},"functions":{"total":1,"covered":1,"skipped":0,"pct":100},"statements":{"total":1,"covered":1,"skipped":0,"pct":100},"branches":{"total":0,"covered":0,"skipped":0,"pct":100}}
,"C:/Users/Рома/perfumer/src/ProtectedRoute.cy.jsx": {"lines":{"total":10,"covered":10,"skipped":0,"pct":100},"functions":{"total":3,"covered":3,"skipped":0,"pct":100},"statements":{"total":10,"covered":10,"skipped":0,"pct":100},"branches":{"total":0,"covered":0,"skipped":0,"pct":100}}
,"C:/Users/Рома/perfumer/src/ProtectedRoute.jsx": {"lines":{"total":5,"covered":5,"skipped":0,"pct":100},"functions":{"total":1,"covered":1,"skipped":0,"pct":100},"statements":{"total":5,"covered":5,"skipped":0,"pct":100},"branches":{"total":1,"covered":1,"skipped":0,"pct":100}}
,"C:/Users/Рома/perfumer/src/components/Footer/Footer.cy.jsx": {"lines":{"total":8,"covered":8,"skipped":0,"pct":100},"functions":{"total":3,"covered":3,"skipped":0,"pct":100},"statements":{"total":8,"covered":8,"skipped":0,"pct":100},"branches":{"total":0,"covered":0,"skipped":0,"pct":100}}
,"C:/Users/Рома/perfumer/src/components/Footer/Footer.jsx": {"lines":{"total":1,"covered":1,"skipped":0,"pct":100},"functions":{"total":1,"covered":1,"skipped":0,"pct":100},"statements":{"total":1,"covered":1,"skipped":0,"pct":100},"branches":{"total":0,"covered":0,"skipped":0,"pct":100}}
,"C:/Users/Рома/perfumer/src/components/Header/Header.cy.jsx": {"lines":{"total":14,"covered":14,"skipped":0,"pct":100},"functions":{"total":4,"covered":4,"skipped":0,"pct":100},"statements":{"total":14,"covered":14,"skipped":0,"pct":100},"branches":{"total":0,"covered":0,"skipped":0,"pct":100}}
,"C:/Users/Рома/perfumer/src/components/Header/Header.jsx": {"lines":{"total":19,"covered":18,"skipped":0,"pct":94.73},"functions":{"total":15,"covered":15,"skipped":0,"pct":100},"statements":{"total":25,"covered":22,"skipped":0,"pct":88},"branches":{"total":26,"covered":18,"skipped":0,"pct":69.23}}
,"C:/Users/Рома/perfumer/src/components/perfumecard/PerfumeCard.cy.jsx": {"lines":{"total":11,"covered":11,"skipped":0,"pct":100},"functions":{"total":3,"covered":3,"skipped":0,"pct":100},"statements":{"total":11,"covered":11,"skipped":0,"pct":100},"branches":{"total":0,"covered":0,"skipped":0,"pct":100}}
,"C:/Users/Рома/perfumer/src/components/perfumecard/PerfumeCard.jsx": {"lines":{"total":12,"covered":7,"skipped":0,"pct":58.33},"functions":{"total":2,"covered":1,"skipped":0,"pct":50},"statements":{"total":12,"covered":7,"skipped":0,"pct":58.33},"branches":{"total":6,"covered":3,"skipped":0,"pct":50}}
,"C:/Users/Рома/perfumer/src/context/AuthContext.cy.jsx": {"lines":{"total":14,"covered":14,"skipped":0,"pct":100},"functions":{"total":4,"covered":4,"skipped":0,"pct":100},"statements":{"total":14,"covered":14,"skipped":0,"pct":100},"branches":{"total":2,"covered":2,"skipped":0,"pct":100}}
,"C:/Users/Рома/perfumer/src/context/AuthContext.jsx": {"lines":{"total":72,"covered":50,"skipped":0,"pct":69.44},"functions":{"total":14,"covered":14,"skipped":0,"pct":100},"statements":{"total":96,"covered":67,"skipped":0,"pct":69.79},"branches":{"total":30,"covered":13,"skipped":0,"pct":43.33}}
,"C:/Users/Рома/perfumer/src/context/FavoritesContext.cy.jsx": {"lines":{"total":16,"covered":16,"skipped":0,"pct":100},"functions":{"total":4,"covered":4,"skipped":0,"pct":100},"statements":{"total":16,"covered":16,"skipped":0,"pct":100},"branches":{"total":0,"covered":0,"skipped":0,"pct":100}}
,"C:/Users/Рома/perfumer/src/context/FavoritesContext.jsx": {"lines":{"total":31,"covered":26,"skipped":0,"pct":83.87},"functions":{"total":20,"covered":19,"skipped":0,"pct":95},"statements":{"total":48,"covered":41,"skipped":0,"pct":85.41},"branches":{"total":10,"covered":5,"skipped":0,"pct":50}}
,"C:/Users/Рома/perfumer/src/hooks/useFetch.jsx": {"lines":{"total":20,"covered":18,"skipped":0,"pct":90},"functions":{"total":3,"covered":3,"skipped":0,"pct":100},"statements":{"total":21,"covered":18,"skipped":0,"pct":85.71},"branches":{"total":2,"covered":0,"skipped":0,"pct":0}}
,"C:/Users/Рома/perfumer/src/pages/AboutPage.cy.jsx": {"lines":{"total":8,"covered":8,"skipped":0,"pct":100},"functions":{"total":4,"covered":2,"skipped":0,"pct":50},"statements":{"total":9,"covered":8,"skipped":0,"pct":88.88},"branches":{"total":0,"covered":0,"skipped":0,"pct":100}}
,"C:/Users/Рома/perfumer/src/pages/AboutPage.jsx": {"lines":{"total":1,"covered":1,"skipped":0,"pct":100},"functions":{"total":1,"covered":1,"skipped":0,"pct":100},"statements":{"total":1,"covered":1,"skipped":0,"pct":100},"branches":{"total":0,"covered":0,"skipped":0,"pct":100}}
,"C:/Users/Рома/perfumer/src/pages/AuthPage.cy.jsx": {"lines":{"total":23,"covered":23,"skipped":0,"pct":100},"functions":{"total":7,"covered":5,"skipped":0,"pct":71.42},"statements":{"total":24,"covered":23,"skipped":0,"pct":95.83},"branches":{"total":1,"covered":1,"skipped":0,"pct":100}}
,"C:/Users/Рома/perfumer/src/pages/AuthPage.jsx": {"lines":{"total":38,"covered":23,"skipped":0,"pct":60.52},"functions":{"total":8,"covered":5,"skipped":0,"pct":62.5},"statements":{"total":38,"covered":23,"skipped":0,"pct":60.52},"branches":{"total":26,"covered":17,"skipped":0,"pct":65.38}}
,"C:/Users/Рома/perfumer/src/pages/BrandDetailPage.cy.jsx": {"lines":{"total":9,"covered":9,"skipped":0,"pct":100},"functions":{"total":3,"covered":3,"skipped":0,"pct":100},"statements":{"total":9,"covered":9,"skipped":0,"pct":100},"branches":{"total":0,"covered":0,"skipped":0,"pct":100}}
,"C:/Users/Рома/perfumer/src/pages/BrandDetailPage.jsx": {"lines":{"total":6,"covered":6,"skipped":0,"pct":100},"functions":{"total":3,"covered":3,"skipped":0,"pct":100},"statements":{"total":6,"covered":6,"skipped":0,"pct":100},"branches":{"total":12,"covered":10,"skipped":0,"pct":83.33}}
,"C:/Users/Рома/perfumer/src/pages/BrandsPage.cy.jsx": {"lines":{"total":12,"covered":12,"skipped":0,"pct":100},"functions":{"total":4,"covered":4,"skipped":0,"pct":100},"statements":{"total":12,"covered":12,"skipped":0,"pct":100},"branches":{"total":0,"covered":0,"skipped":0,"pct":100}}
,"C:/Users/Рома/perfumer/src/pages/BrandsPage.jsx": {"lines":{"total":13,"covered":9,"skipped":0,"pct":69.23},"functions":{"total":7,"covered":5,"skipped":0,"pct":71.42},"statements":{"total":13,"covered":9,"skipped":0,"pct":69.23},"branches":{"total":5,"covered":4,"skipped":0,"pct":80}}
,"C:/Users/Рома/perfumer/src/pages/FavoritesPage.cy.jsx": {"lines":{"total":12,"covered":12,"skipped":0,"pct":100},"functions":{"total":3,"covered":3,"skipped":0,"pct":100},"statements":{"total":12,"covered":12,"skipped":0,"pct":100},"branches":{"total":0,"covered":0,"skipped":0,"pct":100}}
,"C:/Users/Рома/perfumer/src/pages/FavoritesPage.jsx": {"lines":{"total":3,"covered":3,"skipped":0,"pct":100},"functions":{"total":2,"covered":2,"skipped":0,"pct":100},"statements":{"total":3,"covered":3,"skipped":0,"pct":100},"branches":{"total":2,"covered":2,"skipped":0,"pct":100}}
,"C:/Users/Рома/perfumer/src/pages/HomePage.cy.jsx": {"lines":{"total":11,"covered":11,"skipped":0,"pct":100},"functions":{"total":4,"covered":4,"skipped":0,"pct":100},"statements":{"total":11,"covered":11,"skipped":0,"pct":100},"branches":{"total":0,"covered":0,"skipped":0,"pct":100}}
,"C:/Users/Рома/perfumer/src/pages/HomePage.jsx": {"lines":{"total":88,"covered":50,"skipped":0,"pct":56.81},"functions":{"total":33,"covered":15,"skipped":0,"pct":45.45},"statements":{"total":95,"covered":55,"skipped":0,"pct":57.89},"branches":{"total":42,"covered":15,"skipped":0,"pct":35.71}}
,"C:/Users/Рома/perfumer/src/pages/NotFoundPage.cy.jsx": {"lines":{"total":6,"covered":6,"skipped":0,"pct":100},"functions":{"total":2,"covered":2,"skipped":0,"pct":100},"statements":{"total":6,"covered":6,"skipped":0,"pct":100},"branches":{"total":0,"covered":0,"skipped":0,"pct":100}}
,"C:/Users/Рома/perfumer/src/pages/NotFoundPage.jsx": {"lines":{"total":1,"covered":1,"skipped":0,"pct":100},"functions":{"total":1,"covered":1,"skipped":0,"pct":100},"statements":{"total":1,"covered":1,"skipped":0,"pct":100},"branches":{"total":0,"covered":0,"skipped":0,"pct":100}}
,"C:/Users/Рома/perfumer/src/pages/PerfumeDetail.cy.jsx": {"lines":{"total":14,"covered":14,"skipped":0,"pct":100},"functions":{"total":4,"covered":4,"skipped":0,"pct":100},"statements":{"total":14,"covered":14,"skipped":0,"pct":100},"branches":{"total":0,"covered":0,"skipped":0,"pct":100}}
,"C:/Users/Рома/perfumer/src/pages/PerfumeDetail.jsx": {"lines":{"total":20,"covered":15,"skipped":0,"pct":75},"functions":{"total":5,"covered":3,"skipped":0,"pct":60},"statements":{"total":21,"covered":16,"skipped":0,"pct":76.19},"branches":{"total":20,"covered":15,"skipped":0,"pct":75}}
}
