{"total": {"lines":{"total":607,"covered":575,"skipped":0,"pct":94.72},"statements":{"total":804,"covered":737,"skipped":0,"pct":91.66},"functions":{"total":244,"covered":229,"skipped":0,"pct":93.85},"branches":{"total":302,"covered":197,"skipped":0,"pct":65.23},"branchesTrue":{"total":0,"covered":0,"skipped":0,"pct":100}}
,"C:/Users/Рома/perfumer/cypress/support/component.jsx": {"lines":{"total":3,"covered":3,"skipped":0,"pct":100},"functions":{"total":1,"covered":1,"skipped":0,"pct":100},"statements":{"total":3,"covered":3,"skipped":0,"pct":100},"branches":{"total":1,"covered":1,"skipped":0,"pct":100}}
,"C:/Users/Рома/perfumer/src/App.cy.jsx": {"lines":{"total":9,"covered":9,"skipped":0,"pct":100},"functions":{"total":3,"covered":3,"skipped":0,"pct":100},"statements":{"total":9,"covered":9,"skipped":0,"pct":100},"branches":{"total":0,"covered":0,"skipped":0,"pct":100}}
,"C:/Users/Рома/perfumer/src/App.jsx": {"lines":{"total":3,"covered":3,"skipped":0,"pct":100},"functions":{"total":1,"covered":1,"skipped":0,"pct":100},"statements":{"total":3,"covered":3,"skipped":0,"pct":100},"branches":{"total":0,"covered":0,"skipped":0,"pct":100}}
,"C:/Users/Рома/perfumer/src/ProtectedRoute.cy.jsx": {"lines":{"total":10,"covered":10,"skipped":0,"pct":100},"functions":{"total":3,"covered":3,"skipped":0,"pct":100},"statements":{"total":10,"covered":10,"skipped":0,"pct":100},"branches":{"total":0,"covered":0,"skipped":0,"pct":100}}
,"C:/Users/Рома/perfumer/src/ProtectedRoute.jsx": {"lines":{"total":8,"covered":7,"skipped":0,"pct":87.5},"functions":{"total":3,"covered":1,"skipped":0,"pct":33.33},"statements":{"total":15,"covered":13,"skipped":0,"pct":86.66},"branches":{"total":2,"covered":1,"skipped":0,"pct":50}}
,"C:/Users/Рома/perfumer/src/main.jsx": {"lines":{"total":1,"covered":1,"skipped":0,"pct":100},"functions":{"total":0,"covered":0,"skipped":0,"pct":100},"statements":{"total":1,"covered":1,"skipped":0,"pct":100},"branches":{"total":0,"covered":0,"skipped":0,"pct":100}}
,"C:/Users/Рома/perfumer/src/components/Footer/Footer.cy.jsx": {"lines":{"total":8,"covered":8,"skipped":0,"pct":100},"functions":{"total":3,"covered":3,"skipped":0,"pct":100},"statements":{"total":8,"covered":8,"skipped":0,"pct":100},"branches":{"total":0,"covered":0,"skipped":0,"pct":100}}
,"C:/Users/Рома/perfumer/src/components/Footer/Footer.jsx": {"lines":{"total":3,"covered":3,"skipped":0,"pct":100},"functions":{"total":1,"covered":1,"skipped":0,"pct":100},"statements":{"total":3,"covered":3,"skipped":0,"pct":100},"branches":{"total":0,"covered":0,"skipped":0,"pct":100}}
,"C:/Users/Рома/perfumer/src/components/Header/Header.cy.jsx": {"lines":{"total":14,"covered":14,"skipped":0,"pct":100},"functions":{"total":4,"covered":4,"skipped":0,"pct":100},"statements":{"total":14,"covered":14,"skipped":0,"pct":100},"branches":{"total":0,"covered":0,"skipped":0,"pct":100}}
,"C:/Users/Рома/perfumer/src/components/Header/Header.jsx": {"lines":{"total":19,"covered":19,"skipped":0,"pct":100},"functions":{"total":15,"covered":15,"skipped":0,"pct":100},"statements":{"total":25,"covered":23,"skipped":0,"pct":92},"branches":{"total":26,"covered":19,"skipped":0,"pct":73.07}}
,"C:/Users/Рома/perfumer/src/components/perfumecard/PerfumeCard.cy.jsx": {"lines":{"total":11,"covered":11,"skipped":0,"pct":100},"functions":{"total":3,"covered":3,"skipped":0,"pct":100},"statements":{"total":11,"covered":11,"skipped":0,"pct":100},"branches":{"total":0,"covered":0,"skipped":0,"pct":100}}
,"C:/Users/Рома/perfumer/src/components/perfumecard/PerfumeCard.jsx": {"lines":{"total":15,"covered":13,"skipped":0,"pct":86.66},"functions":{"total":5,"covered":5,"skipped":0,"pct":100},"statements":{"total":28,"covered":20,"skipped":0,"pct":71.42},"branches":{"total":12,"covered":5,"skipped":0,"pct":41.66}}
,"C:/Users/Рома/perfumer/src/context/AuthContext.cy.jsx": {"lines":{"total":14,"covered":14,"skipped":0,"pct":100},"functions":{"total":4,"covered":4,"skipped":0,"pct":100},"statements":{"total":14,"covered":14,"skipped":0,"pct":100},"branches":{"total":2,"covered":2,"skipped":0,"pct":100}}
,"C:/Users/Рома/perfumer/src/context/AuthContext.jsx": {"lines":{"total":71,"covered":66,"skipped":0,"pct":92.95},"functions":{"total":14,"covered":14,"skipped":0,"pct":100},"statements":{"total":96,"covered":90,"skipped":0,"pct":93.75},"branches":{"total":30,"covered":17,"skipped":0,"pct":56.66}}
,"C:/Users/Рома/perfumer/src/context/FavoritesContext.cy.jsx": {"lines":{"total":16,"covered":16,"skipped":0,"pct":100},"functions":{"total":4,"covered":4,"skipped":0,"pct":100},"statements":{"total":16,"covered":16,"skipped":0,"pct":100},"branches":{"total":0,"covered":0,"skipped":0,"pct":100}}
,"C:/Users/Рома/perfumer/src/context/FavoritesContext.jsx": {"lines":{"total":30,"covered":28,"skipped":0,"pct":93.33},"functions":{"total":20,"covered":20,"skipped":0,"pct":100},"statements":{"total":48,"covered":45,"skipped":0,"pct":93.75},"branches":{"total":10,"covered":5,"skipped":0,"pct":50}}
,"C:/Users/Рома/perfumer/src/hooks/useFetch.jsx": {"lines":{"total":23,"covered":23,"skipped":0,"pct":100},"functions":{"total":6,"covered":6,"skipped":0,"pct":100},"statements":{"total":38,"covered":37,"skipped":0,"pct":97.36},"branches":{"total":4,"covered":0,"skipped":0,"pct":0}}
,"C:/Users/Рома/perfumer/src/pages/AboutPage.cy.jsx": {"lines":{"total":8,"covered":8,"skipped":0,"pct":100},"functions":{"total":4,"covered":2,"skipped":0,"pct":50},"statements":{"total":9,"covered":8,"skipped":0,"pct":88.88},"branches":{"total":0,"covered":0,"skipped":0,"pct":100}}
,"C:/Users/Рома/perfumer/src/pages/AboutPage.jsx": {"lines":{"total":3,"covered":3,"skipped":0,"pct":100},"functions":{"total":1,"covered":1,"skipped":0,"pct":100},"statements":{"total":3,"covered":3,"skipped":0,"pct":100},"branches":{"total":0,"covered":0,"skipped":0,"pct":100}}
,"C:/Users/Рома/perfumer/src/pages/AuthPage.cy.jsx": {"lines":{"total":23,"covered":23,"skipped":0,"pct":100},"functions":{"total":7,"covered":5,"skipped":0,"pct":71.42},"statements":{"total":24,"covered":23,"skipped":0,"pct":95.83},"branches":{"total":1,"covered":1,"skipped":0,"pct":100}}
,"C:/Users/Рома/perfumer/src/pages/AuthPage.jsx": {"lines":{"total":55,"covered":55,"skipped":0,"pct":100},"functions":{"total":17,"covered":17,"skipped":0,"pct":100},"statements":{"total":72,"covered":71,"skipped":0,"pct":98.61},"branches":{"total":52,"covered":48,"skipped":0,"pct":92.3}}
,"C:/Users/Рома/perfumer/src/pages/BrandDetailPage.cy.jsx": {"lines":{"total":9,"covered":9,"skipped":0,"pct":100},"functions":{"total":3,"covered":3,"skipped":0,"pct":100},"statements":{"total":9,"covered":9,"skipped":0,"pct":100},"branches":{"total":0,"covered":0,"skipped":0,"pct":100}}
,"C:/Users/Рома/perfumer/src/pages/BrandDetailPage.jsx": {"lines":{"total":11,"covered":9,"skipped":0,"pct":81.81},"functions":{"total":7,"covered":5,"skipped":0,"pct":71.42},"statements":{"total":16,"covered":13,"skipped":0,"pct":81.25},"branches":{"total":24,"covered":10,"skipped":0,"pct":41.66}}
,"C:/Users/Рома/perfumer/src/pages/BrandsPage.cy.jsx": {"lines":{"total":12,"covered":12,"skipped":0,"pct":100},"functions":{"total":4,"covered":4,"skipped":0,"pct":100},"statements":{"total":12,"covered":12,"skipped":0,"pct":100},"branches":{"total":0,"covered":0,"skipped":0,"pct":100}}
,"C:/Users/Рома/perfumer/src/pages/BrandsPage.jsx": {"lines":{"total":23,"covered":18,"skipped":0,"pct":78.26},"functions":{"total":15,"covered":11,"skipped":0,"pct":73.33},"statements":{"total":30,"covered":20,"skipped":0,"pct":66.66},"branches":{"total":10,"covered":6,"skipped":0,"pct":60}}
,"C:/Users/Рома/perfumer/src/pages/FavoritesPage.cy.jsx": {"lines":{"total":12,"covered":12,"skipped":0,"pct":100},"functions":{"total":3,"covered":3,"skipped":0,"pct":100},"statements":{"total":12,"covered":12,"skipped":0,"pct":100},"branches":{"total":0,"covered":0,"skipped":0,"pct":100}}
,"C:/Users/Рома/perfumer/src/pages/FavoritesPage.jsx": {"lines":{"total":7,"covered":6,"skipped":0,"pct":85.71},"functions":{"total":5,"covered":3,"skipped":0,"pct":60},"statements":{"total":11,"covered":9,"skipped":0,"pct":81.81},"branches":{"total":4,"covered":2,"skipped":0,"pct":50}}
,"C:/Users/Рома/perfumer/src/pages/HomePage.cy.jsx": {"lines":{"total":11,"covered":11,"skipped":0,"pct":100},"functions":{"total":4,"covered":4,"skipped":0,"pct":100},"statements":{"total":11,"covered":11,"skipped":0,"pct":100},"branches":{"total":0,"covered":0,"skipped":0,"pct":100}}
,"C:/Users/Рома/perfumer/src/pages/HomePage.jsx": {"lines":{"total":121,"covered":111,"skipped":0,"pct":91.73},"functions":{"total":66,"covered":65,"skipped":0,"pct":98.48},"statements":{"total":184,"covered":165,"skipped":0,"pct":89.67},"branches":{"total":84,"covered":50,"skipped":0,"pct":59.52}}
,"C:/Users/Рома/perfumer/src/pages/NotFoundPage.cy.jsx": {"lines":{"total":6,"covered":6,"skipped":0,"pct":100},"functions":{"total":2,"covered":2,"skipped":0,"pct":100},"statements":{"total":6,"covered":6,"skipped":0,"pct":100},"branches":{"total":0,"covered":0,"skipped":0,"pct":100}}
,"C:/Users/Рома/perfumer/src/pages/NotFoundPage.jsx": {"lines":{"total":3,"covered":3,"skipped":0,"pct":100},"functions":{"total":1,"covered":1,"skipped":0,"pct":100},"statements":{"total":3,"covered":3,"skipped":0,"pct":100},"branches":{"total":0,"covered":0,"skipped":0,"pct":100}}
,"C:/Users/Рома/perfumer/src/pages/PerfumeDetail.cy.jsx": {"lines":{"total":14,"covered":14,"skipped":0,"pct":100},"functions":{"total":4,"covered":4,"skipped":0,"pct":100},"statements":{"total":14,"covered":14,"skipped":0,"pct":100},"branches":{"total":0,"covered":0,"skipped":0,"pct":100}}
,"C:/Users/Рома/perfumer/src/pages/PerfumeDetail.jsx": {"lines":{"total":31,"covered":27,"skipped":0,"pct":87.09},"functions":{"total":11,"covered":11,"skipped":0,"pct":100},"statements":{"total":46,"covered":38,"skipped":0,"pct":82.6},"branches":{"total":40,"covered":30,"skipped":0,"pct":75}}
}
