{"C:/Users/Рома/perfumer/cypress/support/component.jsx": {"path":"C:/Users/Рома/perfumer/cypress/support/component.jsx","statementMap":{"0":{"start":{"line":7,"column":0},"end":{"line":14,"column":null}},"1":{"start":{"line":9,"column":4},"end":{"line":11,"column":null}},"2":{"start":{"line":13,"column":2},"end":{"line":13,"column":null}}},"fnMap":{"0":{"name":"(anonymous_0)","decl":{"start":{"line":7,"column":30},"end":{"line":7,"column":31}},"loc":{"start":{"line":7,"column":59},"end":{"line":14,"column":1}}}},"branchMap":{"0":{"loc":{"start":{"line":7,"column":42},"end":{"line":7,"column":59}},"type":"default-arg","locations":[{"start":{"line":7,"column":52},"end":{"line":7,"column":59}}]}},"s":{"0":43,"1":67,"2":67},"f":{"0":67},"b":{"0":[67]}}
,"C:/Users/Рома/perfumer/src/App.cy.jsx": {"path":"C:/Users/Рома/perfumer/src/App.cy.jsx","statementMap":{"0":{"start":{"line":4,"column":0},"end":{"line":22,"column":null}},"1":{"start":{"line":5,"column":2},"end":{"line":12,"column":null}},"2":{"start":{"line":6,"column":4},"end":{"line":9,"column":null}},"3":{"start":{"line":11,"column":4},"end":{"line":11,"column":null}},"4":{"start":{"line":14,"column":2},"end":{"line":21,"column":null}},"5":{"start":{"line":15,"column":4},"end":{"line":15,"column":null}},"6":{"start":{"line":17,"column":4},"end":{"line":17,"column":null}},"7":{"start":{"line":19,"column":4},"end":{"line":19,"column":null}},"8":{"start":{"line":20,"column":4},"end":{"line":20,"column":null}}},"fnMap":{"0":{"name":"(anonymous_0)","decl":{"start":{"line":4,"column":20},"end":{"line":4,"column":26}},"loc":{"start":{"line":4,"column":26},"end":{"line":22,"column":1}}},"1":{"name":"(anonymous_1)","decl":{"start":{"line":5,"column":13},"end":{"line":5,"column":19}},"loc":{"start":{"line":5,"column":19},"end":{"line":12,"column":3}}},"2":{"name":"(anonymous_2)","decl":{"start":{"line":14,"column":43},"end":{"line":14,"column":49}},"loc":{"start":{"line":14,"column":49},"end":{"line":21,"column":3}}}},"branchMap":{},"s":{"0":4,"1":4,"2":4,"3":4,"4":4,"5":4,"6":4,"7":4,"8":4},"f":{"0":4,"1":4,"2":4},"b":{}}
,"C:/Users/Рома/perfumer/src/App.jsx": {"path":"C:/Users/Рома/perfumer/src/App.jsx","statementMap":{"0":{"start":{"line":18,"column":2},"end":{"line":37,"column":null}},"1":{"start":{"line":39,"column":1},"end":{"line":17,"column":15}},"2":{"start":{"line":41,"column":19},"end":{"line":41,"column":null}}},"fnMap":{"0":{"name":"App","decl":{"start":{"line":17,"column":9},"end":{"line":17,"column":15}},"loc":{"start":{"line":17,"column":15},"end":{"line":39,"column":1}}}},"branchMap":{},"s":{"0":14,"1":7,"2":7},"f":{"0":14},"b":{}}
,"C:/Users/Рома/perfumer/src/ProtectedRoute.cy.jsx": {"path":"C:/Users/Рома/perfumer/src/ProtectedRoute.cy.jsx","statementMap":{"0":{"start":{"line":6,"column":0},"end":{"line":42,"column":null}},"1":{"start":{"line":7,"column":2},"end":{"line":24,"column":null}},"2":{"start":{"line":8,"column":21},"end":{"line":8,"column":null}},"3":{"start":{"line":10,"column":4},"end":{"line":21,"column":null}},"4":{"start":{"line":22,"column":4},"end":{"line":22,"column":null}},"5":{"start":{"line":23,"column":4},"end":{"line":23,"column":null}},"6":{"start":{"line":26,"column":2},"end":{"line":41,"column":null}},"7":{"start":{"line":27,"column":21},"end":{"line":27,"column":null}},"8":{"start":{"line":29,"column":4},"end":{"line":39,"column":null}},"9":{"start":{"line":40,"column":4},"end":{"line":40,"column":null}}},"fnMap":{"0":{"name":"(anonymous_0)","decl":{"start":{"line":6,"column":31},"end":{"line":6,"column":37}},"loc":{"start":{"line":6,"column":37},"end":{"line":42,"column":1}}},"1":{"name":"(anonymous_1)","decl":{"start":{"line":7,"column":47},"end":{"line":7,"column":53}},"loc":{"start":{"line":7,"column":53},"end":{"line":24,"column":3}}},"2":{"name":"(anonymous_2)","decl":{"start":{"line":26,"column":48},"end":{"line":26,"column":54}},"loc":{"start":{"line":26,"column":54},"end":{"line":41,"column":3}}}},"branchMap":{},"s":{"0":3,"1":3,"2":3,"3":3,"4":3,"5":3,"6":3,"7":2,"8":2,"9":2},"f":{"0":3,"1":3,"2":2},"b":{}}
,"C:/Users/Рома/perfumer/src/ProtectedRoute.jsx": {"path":"C:/Users/Рома/perfumer/src/ProtectedRoute.jsx","statementMap":{"0":{"start":{"line":6,"column":23},"end":{"line":14,"column":2}},"1":{"start":{"line":6,"column":29},"end":{"line":6,"column":null}},"2":{"start":{"line":7,"column":25},"end":{"line":7,"column":null}},"3":{"start":{"line":9,"column":2},"end":{"line":11,"column":null}},"4":{"start":{"line":10,"column":4},"end":{"line":10,"column":null}},"5":{"start":{"line":13,"column":2},"end":{"line":13,"column":null}},"6":{"start":{"line":14,"column":2},"end":{"line":7,"column":33}},"7":{"start":{"line":6,"column":20},"end":{"line":7,"column":33}},"8":{"start":{"line":7,"column":32},"end":{"line":6,"column":20}},"9":{"start":{"line":16,"column":30},"end":{"line":16,"column":null}},"10":{"start":{"line":4,"column":9},"end":{"line":13,"column":10}},"11":{"start":{"line":6,"column":23},"end":{"line":6,"column":null}},"12":{"start":{"line":6,"column":29},"end":{"line":10,"column":12}},"13":{"start":{"line":7,"column":2},"end":{"line":10,"column":12}},"14":{"start":{"line":10,"column":11},"end":{"line":13,"column":10}}},"fnMap":{"0":{"name":"(anonymous_0)","decl":{"start":{"line":6,"column":23},"end":{"line":6,"column":29}},"loc":{"start":{"line":6,"column":29},"end":{"line":14,"column":2}}},"1":{"name":"(anonymous_1)","decl":{"start":{"line":6,"column":20},"end":{"line":6,"column":23}},"loc":{"start":{"line":6,"column":20},"end":{"line":7,"column":33}}},"2":{"name":"(anonymous_0)","decl":{"start":{"line":4,"column":9},"end":{"line":4,"column":24}},"loc":{"start":{"line":4,"column":24},"end":{"line":13,"column":10}}}},"branchMap":{"0":{"loc":{"start":{"line":9,"column":2},"end":{"line":11,"column":null}},"type":"if","locations":[{"start":{"line":9,"column":2},"end":{"line":11,"column":null}}]},"1":{"loc":{"start":{"line":6,"column":29},"end":{"line":10,"column":12}},"type":"if","locations":[{"start":{"line":6,"column":29},"end":{"line":10,"column":12}}]}},"s":{"0":7,"1":5,"2":3,"3":5,"4":5,"5":0,"6":7,"7":0,"8":7,"9":7,"10":5,"11":12,"12":12,"13":10,"14":9},"f":{"0":0,"1":0,"2":5},"b":{"0":[0],"1":[3]}}
,"C:/Users/Рома/perfumer/src/main.jsx": {"path":"C:/Users/Рома/perfumer/src/main.jsx","statementMap":{"0":{"start":{"line":6,"column":0},"end":{"line":10,"column":null}}},"fnMap":{},"branchMap":{},"s":{"0":5},"f":{},"b":{}}
,"C:/Users/Рома/perfumer/src/components/Footer/Footer.cy.jsx": {"path":"C:/Users/Рома/perfumer/src/components/Footer/Footer.cy.jsx","statementMap":{"0":{"start":{"line":5,"column":0},"end":{"line":26,"column":null}},"1":{"start":{"line":6,"column":2},"end":{"line":14,"column":null}},"2":{"start":{"line":7,"column":4},"end":{"line":11,"column":null}},"3":{"start":{"line":12,"column":4},"end":{"line":12,"column":null}},"4":{"start":{"line":13,"column":4},"end":{"line":13,"column":null}},"5":{"start":{"line":16,"column":2},"end":{"line":25,"column":null}},"6":{"start":{"line":17,"column":4},"end":{"line":21,"column":null}},"7":{"start":{"line":22,"column":4},"end":{"line":24,"column":null}}},"fnMap":{"0":{"name":"(anonymous_0)","decl":{"start":{"line":5,"column":23},"end":{"line":5,"column":29}},"loc":{"start":{"line":5,"column":29},"end":{"line":26,"column":1}}},"1":{"name":"(anonymous_1)","decl":{"start":{"line":6,"column":32},"end":{"line":6,"column":38}},"loc":{"start":{"line":6,"column":38},"end":{"line":14,"column":3}}},"2":{"name":"(anonymous_2)","decl":{"start":{"line":16,"column":39},"end":{"line":16,"column":45}},"loc":{"start":{"line":16,"column":45},"end":{"line":25,"column":3}}}},"branchMap":{},"s":{"0":3,"1":3,"2":3,"3":3,"4":3,"5":3,"6":2,"7":2},"f":{"0":3,"1":3,"2":2},"b":{}}
,"C:/Users/Рома/perfumer/src/components/Footer/Footer.jsx": {"path":"C:/Users/Рома/perfumer/src/components/Footer/Footer.jsx","statementMap":{"0":{"start":{"line":6,"column":2},"end":{"line":59,"column":null}},"1":{"start":{"line":61,"column":1},"end":{"line":5,"column":18}},"2":{"start":{"line":63,"column":22},"end":{"line":63,"column":null}}},"fnMap":{"0":{"name":"Footer","decl":{"start":{"line":5,"column":9},"end":{"line":5,"column":18}},"loc":{"start":{"line":5,"column":18},"end":{"line":61,"column":1}}}},"branchMap":{},"s":{"0":355,"1":7,"2":7},"f":{"0":355},"b":{}}
,"C:/Users/Рома/perfumer/src/components/Header/Header.cy.jsx": {"path":"C:/Users/Рома/perfumer/src/components/Header/Header.cy.jsx","statementMap":{"0":{"start":{"line":5,"column":0},"end":{"line":40,"column":null}},"1":{"start":{"line":6,"column":2},"end":{"line":16,"column":null}},"2":{"start":{"line":7,"column":4},"end":{"line":7,"column":null}},"3":{"start":{"line":9,"column":4},"end":{"line":13,"column":null}},"4":{"start":{"line":15,"column":4},"end":{"line":15,"column":null}},"5":{"start":{"line":18,"column":2},"end":{"line":30,"column":null}},"6":{"start":{"line":19,"column":4},"end":{"line":19,"column":null}},"7":{"start":{"line":20,"column":4},"end":{"line":20,"column":null}},"8":{"start":{"line":22,"column":4},"end":{"line":26,"column":null}},"9":{"start":{"line":28,"column":4},"end":{"line":28,"column":null}},"10":{"start":{"line":29,"column":4},"end":{"line":29,"column":null}},"11":{"start":{"line":32,"column":2},"end":{"line":39,"column":null}},"12":{"start":{"line":33,"column":4},"end":{"line":37,"column":null}},"13":{"start":{"line":38,"column":4},"end":{"line":38,"column":null}}},"fnMap":{"0":{"name":"(anonymous_0)","decl":{"start":{"line":5,"column":23},"end":{"line":5,"column":29}},"loc":{"start":{"line":5,"column":29},"end":{"line":40,"column":1}}},"1":{"name":"(anonymous_1)","decl":{"start":{"line":6,"column":34},"end":{"line":6,"column":40}},"loc":{"start":{"line":6,"column":40},"end":{"line":16,"column":3}}},"2":{"name":"(anonymous_2)","decl":{"start":{"line":18,"column":47},"end":{"line":18,"column":53}},"loc":{"start":{"line":18,"column":53},"end":{"line":30,"column":3}}},"3":{"name":"(anonymous_3)","decl":{"start":{"line":32,"column":39},"end":{"line":32,"column":45}},"loc":{"start":{"line":32,"column":45},"end":{"line":39,"column":3}}}},"branchMap":{},"s":{"0":4,"1":4,"2":4,"3":4,"4":4,"5":4,"6":3,"7":3,"8":3,"9":3,"10":3,"11":4,"12":2,"13":2},"f":{"0":4,"1":4,"2":3,"3":2},"b":{}}
,"C:/Users/Рома/perfumer/src/components/Header/Header.jsx": {"path":"C:/Users/Рома/perfumer/src/components/Header/Header.jsx","statementMap":{"0":{"start":{"line":7,"column":18},"end":{"line":7,"column":null}},"1":{"start":{"line":8,"column":39},"end":{"line":8,"column":null}},"2":{"start":{"line":9,"column":19},"end":{"line":9,"column":null}},"3":{"start":{"line":11,"column":23},"end":{"line":14,"column":null}},"4":{"start":{"line":12,"column":4},"end":{"line":12,"column":null}},"5":{"start":{"line":13,"column":4},"end":{"line":13,"column":null}},"6":{"start":{"line":16,"column":2},"end":{"line":83,"column":null}},"7":{"start":{"line":26,"column":12},"end":{"line":26,"column":null}},"8":{"start":{"line":35,"column":12},"end":{"line":35,"column":null}},"9":{"start":{"line":44,"column":12},"end":{"line":44,"column":null}},"10":{"start":{"line":61,"column":14},"end":{"line":61,"column":null}},"11":{"start":{"line":71,"column":12},"end":{"line":73,"column":null}},"12":{"start":{"line":85,"column":1},"end":{"line":9,"column":31}},"13":{"start":{"line":7,"column":15},"end":{"line":9,"column":31}},"14":{"start":{"line":9,"column":30},"end":{"line":7,"column":15}},"15":{"start":{"line":87,"column":22},"end":{"line":87,"column":null}},"16":{"start":{"line":8,"column":22},"end":{"line":12,"column":11}},"17":{"start":{"line":9,"column":2},"end":{"line":9,"column":19}},"18":{"start":{"line":11,"column":2},"end":{"line":11,"column":23}},"19":{"start":{"line":13,"column":4},"end":{"line":17,"column":5}},"20":{"start":{"line":23,"column":9},"end":{"line":23,"column":null}},"21":{"start":{"line":32,"column":9},"end":{"line":32,"column":null}},"22":{"start":{"line":41,"column":9},"end":{"line":41,"column":null}},"23":{"start":{"line":58,"column":11},"end":{"line":58,"column":null}},"24":{"start":{"line":68,"column":9},"end":{"line":68,"column":null}}},"fnMap":{"0":{"name":"Header","decl":{"start":{"line":7,"column":9},"end":{"line":7,"column":15}},"loc":{"start":{"line":7,"column":18},"end":{"line":85,"column":1}}},"1":{"name":"(anonymous_1)","decl":{"start":{"line":11,"column":23},"end":{"line":11,"column":29}},"loc":{"start":{"line":11,"column":29},"end":{"line":14,"column":null}}},"2":{"name":"(anonymous_2)","decl":{"start":{"line":25,"column":21},"end":{"line":25,"column":22}},"loc":{"start":{"line":26,"column":12},"end":{"line":26,"column":null}}},"3":{"name":"(anonymous_3)","decl":{"start":{"line":34,"column":21},"end":{"line":34,"column":22}},"loc":{"start":{"line":35,"column":12},"end":{"line":35,"column":null}}},"4":{"name":"(anonymous_4)","decl":{"start":{"line":43,"column":21},"end":{"line":43,"column":22}},"loc":{"start":{"line":44,"column":12},"end":{"line":44,"column":null}}},"5":{"name":"(anonymous_5)","decl":{"start":{"line":60,"column":23},"end":{"line":60,"column":24}},"loc":{"start":{"line":61,"column":14},"end":{"line":61,"column":null}}},"6":{"name":"(anonymous_6)","decl":{"start":{"line":70,"column":21},"end":{"line":70,"column":22}},"loc":{"start":{"line":71,"column":12},"end":{"line":73,"column":null}}},"7":{"name":"(anonymous_7)","decl":{"start":{"line":7,"column":15},"end":{"line":7,"column":18}},"loc":{"start":{"line":7,"column":15},"end":{"line":9,"column":31}}},"8":{"name":"Header","decl":{"start":{"line":5,"column":7},"end":{"line":5,"column":22}},"loc":{"start":{"line":5,"column":7},"end":{"line":17,"column":5}}},"9":{"name":"(anonymous_1)","decl":{"start":{"line":8,"column":22},"end":{"line":8,"column":28}},"loc":{"start":{"line":8,"column":28},"end":{"line":12,"column":11}}},"10":{"name":"(anonymous_2)","decl":{"start":{"line":23,"column":9},"end":{"line":23,"column":null}},"loc":{"start":{"line":23,"column":9},"end":{"line":23,"column":null}}},"11":{"name":"(anonymous_3)","decl":{"start":{"line":32,"column":9},"end":{"line":32,"column":null}},"loc":{"start":{"line":32,"column":9},"end":{"line":32,"column":null}}},"12":{"name":"(anonymous_4)","decl":{"start":{"line":41,"column":9},"end":{"line":41,"column":null}},"loc":{"start":{"line":41,"column":9},"end":{"line":41,"column":null}}},"13":{"name":"(anonymous_5)","decl":{"start":{"line":58,"column":11},"end":{"line":58,"column":null}},"loc":{"start":{"line":58,"column":11},"end":{"line":58,"column":null}}},"14":{"name":"(anonymous_6)","decl":{"start":{"line":68,"column":9},"end":{"line":68,"column":null}},"loc":{"start":{"line":68,"column":9},"end":{"line":68,"column":null}}}},"branchMap":{"0":{"loc":{"start":{"line":26,"column":12},"end":{"line":26,"column":null}},"type":"cond-expr","locations":[{"start":{"line":26,"column":23},"end":{"line":26,"column":62}},{"start":{"line":26,"column":62},"end":{"line":26,"column":null}}]},"1":{"loc":{"start":{"line":35,"column":12},"end":{"line":35,"column":null}},"type":"cond-expr","locations":[{"start":{"line":35,"column":23},"end":{"line":35,"column":62}},{"start":{"line":35,"column":62},"end":{"line":35,"column":null}}]},"2":{"loc":{"start":{"line":44,"column":12},"end":{"line":44,"column":null}},"type":"cond-expr","locations":[{"start":{"line":44,"column":23},"end":{"line":44,"column":62}},{"start":{"line":44,"column":62},"end":{"line":44,"column":null}}]},"3":{"loc":{"start":{"line":50,"column":9},"end":{"line":65,"column":null}},"type":"cond-expr","locations":[{"start":{"line":51,"column":10},"end":{"line":56,"column":null}},{"start":{"line":58,"column":10},"end":{"line":65,"column":null}}]},"4":{"loc":{"start":{"line":61,"column":14},"end":{"line":61,"column":null}},"type":"cond-expr","locations":[{"start":{"line":61,"column":25},"end":{"line":61,"column":64}},{"start":{"line":61,"column":64},"end":{"line":61,"column":null}}]},"5":{"loc":{"start":{"line":71,"column":12},"end":{"line":73,"column":null}},"type":"cond-expr","locations":[{"start":{"line":72,"column":16},"end":{"line":72,"column":null}},{"start":{"line":73,"column":16},"end":{"line":73,"column":null}}]},"6":{"loc":{"start":{"line":72,"column":56},"end":{"line":72,"column":89}},"type":"cond-expr","locations":[{"start":{"line":72,"column":67},"end":{"line":72,"column":87}},{"start":{"line":72,"column":87},"end":{"line":72,"column":89}}]},"7":{"loc":{"start":{"line":23,"column":9},"end":{"line":23,"column":null}},"type":"cond-expr","locations":[{"start":{"line":23,"column":9},"end":{"line":23,"column":null}},{"start":{"line":23,"column":9},"end":{"line":23,"column":null}}]},"8":{"loc":{"start":{"line":32,"column":9},"end":{"line":32,"column":null}},"type":"cond-expr","locations":[{"start":{"line":32,"column":9},"end":{"line":32,"column":null}},{"start":{"line":32,"column":9},"end":{"line":32,"column":null}}]},"9":{"loc":{"start":{"line":41,"column":9},"end":{"line":41,"column":null}},"type":"cond-expr","locations":[{"start":{"line":41,"column":9},"end":{"line":41,"column":null}},{"start":{"line":41,"column":9},"end":{"line":41,"column":null}}]},"10":{"loc":{"start":{"line":41,"column":8},"end":{"line":58,"column":11}},"type":"cond-expr","locations":[{"start":{"line":41,"column":8},"end":{"line":51,"column":null}},{"start":{"line":51,"column":10},"end":{"line":58,"column":11}}]},"11":{"loc":{"start":{"line":58,"column":11},"end":{"line":58,"column":null}},"type":"cond-expr","locations":[{"start":{"line":58,"column":11},"end":{"line":58,"column":null}},{"start":{"line":58,"column":11},"end":{"line":58,"column":null}}]},"12":{"loc":{"start":{"line":68,"column":9},"end":{"line":68,"column":null}},"type":"cond-expr","locations":[{"start":{"line":68,"column":9},"end":{"line":68,"column":null}},{"start":{"line":68,"column":9},"end":{"line":68,"column":null}}]}},"s":{"0":482,"1":361,"2":361,"3":240,"4":1,"5":122,"6":240,"7":361,"8":361,"9":361,"10":357,"11":361,"12":7,"13":7,"14":7,"15":7,"16":121,"17":0,"18":0,"19":121,"20":361,"21":361,"22":361,"23":356,"24":361},"f":{"0":240,"1":122,"2":361,"3":361,"4":361,"5":357,"6":361,"7":7,"8":121,"9":240,"10":361,"11":361,"12":361,"13":356,"14":361},"b":{"0":[28,212],"1":[0,240],"2":[0,240],"3":[4,236],"4":[211,146],"5":[0,240],"6":[0,0],"7":[107,14],"8":[4,117],"9":[0,121],"10":[5,116],"11":[4,352],"12":[0,121]}}
,"C:/Users/Рома/perfumer/src/components/perfumecard/PerfumeCard.cy.jsx": {"path":"C:/Users/Рома/perfumer/src/components/perfumecard/PerfumeCard.cy.jsx","statementMap":{"0":{"start":{"line":5,"column":0},"end":{"line":44,"column":null}},"1":{"start":{"line":6,"column":22},"end":{"line":12,"column":null}},"2":{"start":{"line":14,"column":2},"end":{"line":29,"column":null}},"3":{"start":{"line":15,"column":4},"end":{"line":19,"column":null}},"4":{"start":{"line":21,"column":4},"end":{"line":21,"column":null}},"5":{"start":{"line":22,"column":4},"end":{"line":22,"column":null}},"6":{"start":{"line":24,"column":4},"end":{"line":28,"column":null}},"7":{"start":{"line":31,"column":2},"end":{"line":43,"column":null}},"8":{"start":{"line":32,"column":4},"end":{"line":32,"column":null}},"9":{"start":{"line":34,"column":4},"end":{"line":38,"column":null}},"10":{"start":{"line":40,"column":4},"end":{"line":42,"column":null}}},"fnMap":{"0":{"name":"(anonymous_0)","decl":{"start":{"line":5,"column":28},"end":{"line":5,"column":34}},"loc":{"start":{"line":5,"column":34},"end":{"line":44,"column":1}}},"1":{"name":"(anonymous_1)","decl":{"start":{"line":14,"column":31},"end":{"line":14,"column":37}},"loc":{"start":{"line":14,"column":37},"end":{"line":29,"column":3}}},"2":{"name":"(anonymous_2)","decl":{"start":{"line":31,"column":56},"end":{"line":31,"column":62}},"loc":{"start":{"line":31,"column":62},"end":{"line":43,"column":3}}}},"branchMap":{},"s":{"0":3,"1":3,"2":3,"3":3,"4":3,"5":3,"6":3,"7":3,"8":2,"9":2,"10":2},"f":{"0":3,"1":3,"2":2},"b":{}}
,"C:/Users/Рома/perfumer/src/components/perfumecard/PerfumeCard.jsx": {"path":"C:/Users/Рома/perfumer/src/components/perfumecard/PerfumeCard.jsx","statementMap":{"0":{"start":{"line":11,"column":58},"end":{"line":11,"column":null}},"1":{"start":{"line":12,"column":18},"end":{"line":12,"column":null}},"2":{"start":{"line":14,"column":41},"end":{"line":14,"column":null}},"3":{"start":{"line":15,"column":25},"end":{"line":15,"column":null}},"4":{"start":{"line":16,"column":19},"end":{"line":16,"column":null}},"5":{"start":{"line":18,"column":16},"end":{"line":18,"column":null}},"6":{"start":{"line":20,"column":30},"end":{"line":29,"column":null}},"7":{"start":{"line":21,"column":4},"end":{"line":21,"column":null}},"8":{"start":{"line":22,"column":4},"end":{"line":22,"column":null}},"9":{"start":{"line":24,"column":4},"end":{"line":28,"column":null}},"10":{"start":{"line":25,"column":6},"end":{"line":25,"column":null}},"11":{"start":{"line":27,"column":6},"end":{"line":27,"column":null}},"12":{"start":{"line":31,"column":2},"end":{"line":58,"column":null}},"13":{"start":{"line":60,"column":1},"end":{"line":16,"column":31}},"14":{"start":{"line":11,"column":20},"end":{"line":16,"column":31}},"15":{"start":{"line":16,"column":30},"end":{"line":11,"column":20}},"16":{"start":{"line":62,"column":27},"end":{"line":62,"column":null}},"17":{"start":{"line":11,"column":9},"end":{"line":11,"column":55}},"18":{"start":{"line":12,"column":24},"end":{"line":12,"column":37}},"19":{"start":{"line":14,"column":10},"end":{"line":14,"column":37}},"20":{"start":{"line":15,"column":10},"end":{"line":15,"column":33}},"21":{"start":{"line":16,"column":19},"end":{"line":27,"column":15}},"22":{"start":{"line":18,"column":2},"end":{"line":18,"column":27}},"23":{"start":{"line":20,"column":2},"end":{"line":20,"column":30}},"24":{"start":{"line":21,"column":4},"end":{"line":26,"column":11}},"25":{"start":{"line":22,"column":6},"end":{"line":22,"column":null}},"26":{"start":{"line":25,"column":6},"end":{"line":25,"column":28}},"27":{"start":{"line":27,"column":22},"end":{"line":32,"column":5}}},"fnMap":{"0":{"name":"PerfumeCard","decl":{"start":{"line":11,"column":9},"end":{"line":11,"column":20}},"loc":{"start":{"line":11,"column":58},"end":{"line":60,"column":1}}},"1":{"name":"(anonymous_1)","decl":{"start":{"line":20,"column":30},"end":{"line":20,"column":31}},"loc":{"start":{"line":20,"column":37},"end":{"line":29,"column":null}}},"2":{"name":"(anonymous_2)","decl":{"start":{"line":11,"column":20},"end":{"line":11,"column":21}},"loc":{"start":{"line":11,"column":20},"end":{"line":16,"column":31}}},"3":{"name":"PerfumeCard","decl":{"start":{"line":9,"column":7},"end":{"line":9,"column":28}},"loc":{"start":{"line":9,"column":28},"end":{"line":32,"column":5}}},"4":{"name":"(anonymous_1)","decl":{"start":{"line":16,"column":19},"end":{"line":16,"column":30}},"loc":{"start":{"line":16,"column":31},"end":{"line":27,"column":15}}}},"branchMap":{"0":{"loc":{"start":{"line":24,"column":4},"end":{"line":28,"column":null}},"type":"if","locations":[{"start":{"line":24,"column":4},"end":{"line":28,"column":null}},{"start":{"line":26,"column":11},"end":{"line":28,"column":null}}]},"1":{"loc":{"start":{"line":36,"column":17},"end":{"line":36,"column":null}},"type":"cond-expr","locations":[{"start":{"line":36,"column":25},"end":{"line":36,"column":43}},{"start":{"line":36,"column":43},"end":{"line":36,"column":null}}]},"2":{"loc":{"start":{"line":42,"column":9},"end":{"line":48,"column":null}},"type":"cond-expr","locations":[{"start":{"line":43,"column":10},"end":{"line":43,"column":null}},{"start":{"line":45,"column":10},"end":{"line":48,"column":null}}]},"3":{"loc":{"start":{"line":21,"column":4},"end":{"line":26,"column":11}},"type":"if","locations":[{"start":{"line":21,"column":4},"end":{"line":26,"column":11}},{"start":{"line":24,"column":8},"end":{"line":26,"column":11}}]},"4":{"loc":{"start":{"line":35,"column":11},"end":{"line":35,"column":null}},"type":"cond-expr","locations":[{"start":{"line":35,"column":11},"end":{"line":35,"column":null}},{"start":{"line":35,"column":11},"end":{"line":35,"column":null}}]},"5":{"loc":{"start":{"line":34,"column":8},"end":{"line":45,"column":11}},"type":"cond-expr","locations":[{"start":{"line":34,"column":8},"end":{"line":43,"column":11}},{"start":{"line":43,"column":10},"end":{"line":45,"column":11}}]}},"s":{"0":297,"1":280,"2":280,"3":280,"4":280,"5":297,"6":280,"7":0,"8":0,"9":0,"10":0,"11":0,"12":280,"13":7,"14":3,"15":7,"16":7,"17":17,"18":297,"19":17,"20":17,"21":17,"22":0,"23":0,"24":280,"25":280,"26":0,"27":17},"f":{"0":280,"1":17,"2":3,"3":17,"4":280},"b":{"0":[0,0],"1":[0,280],"2":[0,280],"3":[0,0],"4":[2,15],"5":[0,17]}}
,"C:/Users/Рома/perfumer/src/context/AuthContext.cy.jsx": {"path":"C:/Users/Рома/perfumer/src/context/AuthContext.cy.jsx","statementMap":{"0":{"start":{"line":4,"column":22},"end":{"line":14,"column":null}},"1":{"start":{"line":5,"column":34},"end":{"line":5,"column":null}},"2":{"start":{"line":7,"column":2},"end":{"line":12,"column":null}},"3":{"start":{"line":10,"column":29},"end":{"line":10,"column":63}},"4":{"start":{"line":16,"column":0},"end":{"line":39,"column":null}},"5":{"start":{"line":17,"column":2},"end":{"line":38,"column":null}},"6":{"start":{"line":18,"column":4},"end":{"line":21,"column":null}},"7":{"start":{"line":23,"column":4},"end":{"line":27,"column":null}},"8":{"start":{"line":29,"column":4},"end":{"line":29,"column":null}},"9":{"start":{"line":31,"column":4},"end":{"line":31,"column":null}},"10":{"start":{"line":32,"column":4},"end":{"line":32,"column":null}},"11":{"start":{"line":34,"column":4},"end":{"line":34,"column":null}},"12":{"start":{"line":36,"column":4},"end":{"line":36,"column":null}},"13":{"start":{"line":37,"column":4},"end":{"line":37,"column":null}}},"fnMap":{"0":{"name":"(anonymous_0)","decl":{"start":{"line":4,"column":22},"end":{"line":4,"column":28}},"loc":{"start":{"line":4,"column":28},"end":{"line":14,"column":null}}},"1":{"name":"(anonymous_1)","decl":{"start":{"line":10,"column":23},"end":{"line":10,"column":29}},"loc":{"start":{"line":10,"column":29},"end":{"line":10,"column":63}}},"2":{"name":"(anonymous_2)","decl":{"start":{"line":16,"column":24},"end":{"line":16,"column":30}},"loc":{"start":{"line":16,"column":30},"end":{"line":39,"column":1}}},"3":{"name":"(anonymous_3)","decl":{"start":{"line":17,"column":33},"end":{"line":17,"column":39}},"loc":{"start":{"line":17,"column":39},"end":{"line":38,"column":3}}}},"branchMap":{"0":{"loc":{"start":{"line":9,"column":34},"end":{"line":9,"column":61}},"type":"cond-expr","locations":[{"start":{"line":9,"column":41},"end":{"line":9,"column":53}},{"start":{"line":9,"column":53},"end":{"line":9,"column":61}}]}},"s":{"0":2,"1":6,"2":6,"3":2,"4":2,"5":2,"6":2,"7":2,"8":2,"9":2,"10":2,"11":2,"12":2,"13":2},"f":{"0":6,"1":2,"2":2,"3":2},"b":{"0":[2,4]}}
,"C:/Users/Рома/perfumer/src/context/AuthContext.jsx": {"path":"C:/Users/Рома/perfumer/src/context/AuthContext.jsx","statementMap":{"0":{"start":{"line":3,"column":27},"end":{"line":3,"column":null}},"1":{"start":{"line":5,"column":43},"end":{"line":5,"column":null}},"2":{"start":{"line":6,"column":26},"end":{"line":11,"column":null}},"3":{"start":{"line":7,"column":22},"end":{"line":7,"column":null}},"4":{"start":{"line":8,"column":23},"end":{"line":8,"column":null}},"5":{"start":{"line":10,"column":4},"end":{"line":10,"column":null}},"6":{"start":{"line":13,"column":21},"end":{"line":13,"column":null}},"7":{"start":{"line":15,"column":2},"end":{"line":24,"column":null}},"8":{"start":{"line":16,"column":4},"end":{"line":23,"column":null}},"9":{"start":{"line":17,"column":40},"end":{"line":17,"column":null}},"10":{"start":{"line":18,"column":6},"end":{"line":18,"column":null}},"11":{"start":{"line":19,"column":6},"end":{"line":19,"column":null}},"12":{"start":{"line":21,"column":6},"end":{"line":21,"column":null}},"13":{"start":{"line":22,"column":6},"end":{"line":22,"column":null}},"14":{"start":{"line":26,"column":16},"end":{"line":57,"column":null}},"15":{"start":{"line":27,"column":4},"end":{"line":56,"column":null}},"16":{"start":{"line":28,"column":22},"end":{"line":28,"column":null}},"17":{"start":{"line":30,"column":23},"end":{"line":36,"column":null}},"18":{"start":{"line":38,"column":19},"end":{"line":38,"column":null}},"19":{"start":{"line":40,"column":6},"end":{"line":53,"column":null}},"20":{"start":{"line":41,"column":8},"end":{"line":41,"column":null}},"21":{"start":{"line":42,"column":8},"end":{"line":45,"column":null}},"22":{"start":{"line":46,"column":8},"end":{"line":46,"column":null}},"23":{"start":{"line":47,"column":8},"end":{"line":47,"column":null}},"24":{"start":{"line":49,"column":8},"end":{"line":52,"column":null}},"25":{"start":{"line":55,"column":6},"end":{"line":55,"column":null}},"26":{"start":{"line":59,"column":19},"end":{"line":88,"column":null}},"27":{"start":{"line":60,"column":4},"end":{"line":87,"column":null}},"28":{"start":{"line":61,"column":22},"end":{"line":61,"column":null}},"29":{"start":{"line":63,"column":23},"end":{"line":67,"column":null}},"30":{"start":{"line":69,"column":19},"end":{"line":69,"column":null}},"31":{"start":{"line":71,"column":6},"end":{"line":84,"column":null}},"32":{"start":{"line":72,"column":8},"end":{"line":72,"column":null}},"33":{"start":{"line":73,"column":8},"end":{"line":76,"column":null}},"34":{"start":{"line":77,"column":8},"end":{"line":77,"column":null}},"35":{"start":{"line":78,"column":8},"end":{"line":78,"column":null}},"36":{"start":{"line":80,"column":8},"end":{"line":83,"column":null}},"37":{"start":{"line":86,"column":6},"end":{"line":86,"column":null}},"38":{"start":{"line":90,"column":17},"end":{"line":94,"column":null}},"39":{"start":{"line":91,"column":4},"end":{"line":91,"column":null}},"40":{"start":{"line":92,"column":4},"end":{"line":92,"column":null}},"41":{"start":{"line":93,"column":4},"end":{"line":93,"column":null}},"42":{"start":{"line":96,"column":16},"end":{"line":102,"column":null}},"43":{"start":{"line":104,"column":2},"end":{"line":104,"column":null}},"44":{"start":{"line":105,"column":1},"end":{"line":5,"column":29}},"45":{"start":{"line":5,"column":28},"end":{"line":null,"column":-1}},"46":{"start":{"line":107,"column":26},"end":{"line":107,"column":null}},"47":{"start":{"line":108,"column":18},"end":{"line":108,"column":null}},"48":{"start":{"line":109,"column":2},"end":{"line":111,"column":null}},"49":{"start":{"line":110,"column":4},"end":{"line":110,"column":null}},"50":{"start":{"line":112,"column":2},"end":{"line":112,"column":null}},"51":{"start":{"line":113,"column":1},"end":{"line":107,"column":26}},"52":{"start":{"line":107,"column":23},"end":{"line":107,"column":26}},"53":{"start":{"line":1,"column":16},"end":{"line":1,"column":43}},"54":{"start":{"line":5,"column":16},"end":{"line":8,"column":10}},"55":{"start":{"line":6,"column":22},"end":{"line":6,"column":null}},"56":{"start":{"line":7,"column":4},"end":{"line":7,"column":null}},"57":{"start":{"line":10,"column":11},"end":{"line":10,"column":39}},"58":{"start":{"line":11,"column":2},"end":{"line":22,"column":19}},"59":{"start":{"line":13,"column":2},"end":{"line":21,"column":19}},"60":{"start":{"line":15,"column":18},"end":{"line":15,"column":null}},"61":{"start":{"line":16,"column":4},"end":{"line":16,"column":null}},"62":{"start":{"line":17,"column":6},"end":{"line":17,"column":null}},"63":{"start":{"line":19,"column":6},"end":{"line":19,"column":41}},"64":{"start":{"line":20,"column":4},"end":{"line":20,"column":null}},"65":{"start":{"line":23,"column":4},"end":{"line":55,"column":13}},"66":{"start":{"line":24,"column":2},"end":{"line":54,"column":13}},"67":{"start":{"line":26,"column":16},"end":{"line":26,"column":null}},"68":{"start":{"line":27,"column":8},"end":{"line":33,"column":null}},"69":{"start":{"line":35,"column":19},"end":{"line":35,"column":47}},"70":{"start":{"line":36,"column":6},"end":{"line":50,"column":null}},"71":{"start":{"line":38,"column":6},"end":{"line":38,"column":null}},"72":{"start":{"line":40,"column":6},"end":{"line":42,"column":null}},"73":{"start":{"line":43,"column":10},"end":{"line":44,"column":48}},"74":{"start":{"line":45,"column":8},"end":{"line":45,"column":null}},"75":{"start":{"line":47,"column":8},"end":{"line":49,"column":null}},"76":{"start":{"line":53,"column":6},"end":{"line":53,"column":null}},"77":{"start":{"line":56,"column":4},"end":{"line":86,"column":13}},"78":{"start":{"line":57,"column":2},"end":{"line":85,"column":13}},"79":{"start":{"line":59,"column":19},"end":{"line":59,"column":52}},"80":{"start":{"line":60,"column":8},"end":{"line":64,"column":null}},"81":{"start":{"line":66,"column":19},"end":{"line":66,"column":44}},"82":{"start":{"line":67,"column":6},"end":{"line":81,"column":null}},"83":{"start":{"line":69,"column":6},"end":{"line":69,"column":null}},"84":{"start":{"line":71,"column":6},"end":{"line":73,"column":null}},"85":{"start":{"line":74,"column":10},"end":{"line":75,"column":48}},"86":{"start":{"line":76,"column":8},"end":{"line":76,"column":null}},"87":{"start":{"line":78,"column":8},"end":{"line":80,"column":null}},"88":{"start":{"line":84,"column":6},"end":{"line":84,"column":null}},"89":{"start":{"line":87,"column":4},"end":{"line":92,"column":17}},"90":{"start":{"line":88,"column":2},"end":{"line":88,"column":null}},"91":{"start":{"line":90,"column":2},"end":{"line":90,"column":null}},"92":{"start":{"line":93,"column":4},"end":{"line":99,"column":null}},"93":{"start":{"line":100,"column":4},"end":{"line":104,"column":10}},"94":{"start":{"line":105,"column":0},"end":{"line":105,"column":1}},"95":{"start":{"line":105,"column":1},"end":{"line":107,"column":16}}},"fnMap":{"0":{"name":"AuthProvider","decl":{"start":{"line":5,"column":16},"end":{"line":5,"column":28}},"loc":{"start":{"line":5,"column":43},"end":{"line":105,"column":1}}},"1":{"name":"(anonymous_1)","decl":{"start":{"line":6,"column":35},"end":{"line":6,"column":41}},"loc":{"start":{"line":6,"column":41},"end":{"line":11,"column":3}}},"2":{"name":"(anonymous_2)","decl":{"start":{"line":15,"column":12},"end":{"line":15,"column":18}},"loc":{"start":{"line":15,"column":18},"end":{"line":24,"column":5}}},"3":{"name":"(anonymous_3)","decl":{"start":{"line":26,"column":16},"end":{"line":26,"column":23}},"loc":{"start":{"line":26,"column":43},"end":{"line":57,"column":null}}},"4":{"name":"(anonymous_4)","decl":{"start":{"line":59,"column":19},"end":{"line":59,"column":26}},"loc":{"start":{"line":59,"column":52},"end":{"line":88,"column":null}}},"5":{"name":"(anonymous_5)","decl":{"start":{"line":90,"column":17},"end":{"line":90,"column":23}},"loc":{"start":{"line":90,"column":23},"end":{"line":94,"column":null}}},"6":{"name":"useAuth","decl":{"start":{"line":107,"column":16},"end":{"line":107,"column":23}},"loc":{"start":{"line":107,"column":26},"end":{"line":113,"column":1}}},"7":{"name":"AuthProvider","decl":{"start":{"line":3,"column":13},"end":{"line":3,"column":41}},"loc":{"start":{"line":3,"column":41},"end":{"line":104,"column":10}}},"8":{"name":"(anonymous_1)","decl":{"start":{"line":5,"column":31},"end":{"line":5,"column":40}},"loc":{"start":{"line":5,"column":40},"end":{"line":8,"column":10}}},"9":{"name":"(anonymous_2)","decl":{"start":{"line":11,"column":3},"end":{"line":11,"column":null}},"loc":{"start":{"line":11,"column":3},"end":{"line":22,"column":19}}},"10":{"name":"(anonymous_3)","decl":{"start":{"line":23,"column":4},"end":{"line":23,"column":null}},"loc":{"start":{"line":23,"column":4},"end":{"line":55,"column":13}}},"11":{"name":"(anonymous_4)","decl":{"start":{"line":56,"column":4},"end":{"line":56,"column":null}},"loc":{"start":{"line":56,"column":4},"end":{"line":86,"column":13}}},"12":{"name":"(anonymous_5)","decl":{"start":{"line":87,"column":4},"end":{"line":87,"column":null}},"loc":{"start":{"line":87,"column":4},"end":{"line":92,"column":17}}},"13":{"name":"useAuth","decl":{"start":{"line":104,"column":55},"end":{"line":104,"column":null}},"loc":{"start":{"line":104,"column":55},"end":{"line":108,"column":8}}}},"branchMap":{"0":{"loc":{"start":{"line":10,"column":11},"end":{"line":10,"column":null}},"type":"cond-expr","locations":[{"start":{"line":10,"column":23},"end":{"line":10,"column":73}},{"start":{"line":10,"column":73},"end":{"line":10,"column":null}}]},"1":{"loc":{"start":{"line":16,"column":4},"end":{"line":23,"column":null}},"type":"if","locations":[{"start":{"line":16,"column":4},"end":{"line":23,"column":null}},{"start":{"line":20,"column":11},"end":{"line":23,"column":null}}]},"2":{"loc":{"start":{"line":16,"column":8},"end":{"line":16,"column":28}},"type":"binary-expr","locations":[{"start":{"line":16,"column":8},"end":{"line":16,"column":16}},{"start":{"line":16,"column":16},"end":{"line":16,"column":28}}]},"3":{"loc":{"start":{"line":40,"column":6},"end":{"line":53,"column":null}},"type":"if","locations":[{"start":{"line":40,"column":6},"end":{"line":53,"column":null}},{"start":{"line":48,"column":13},"end":{"line":53,"column":null}}]},"4":{"loc":{"start":{"line":51,"column":19},"end":{"line":51,"column":null}},"type":"binary-expr","locations":[{"start":{"line":51,"column":19},"end":{"line":51,"column":35}},{"start":{"line":51,"column":35},"end":{"line":51,"column":null}}]},"5":{"loc":{"start":{"line":71,"column":6},"end":{"line":84,"column":null}},"type":"if","locations":[{"start":{"line":71,"column":6},"end":{"line":84,"column":null}},{"start":{"line":79,"column":13},"end":{"line":84,"column":null}}]},"6":{"loc":{"start":{"line":82,"column":19},"end":{"line":82,"column":null}},"type":"binary-expr","locations":[{"start":{"line":82,"column":19},"end":{"line":82,"column":35}},{"start":{"line":82,"column":35},"end":{"line":82,"column":null}}]},"7":{"loc":{"start":{"line":109,"column":2},"end":{"line":111,"column":null}},"type":"if","locations":[{"start":{"line":109,"column":2},"end":{"line":111,"column":null}}]},"8":{"loc":{"start":{"line":7,"column":10},"end":{"line":7,"column":null}},"type":"cond-expr","locations":[{"start":{"line":7,"column":22},"end":{"line":7,"column":null}},{"start":{"line":7,"column":49},"end":{"line":7,"column":null}}]},"9":{"loc":{"start":{"line":13,"column":2},"end":{"line":21,"column":19}},"type":"if","locations":[{"start":{"line":13,"column":2},"end":{"line":21,"column":19}},{"start":{"line":18,"column":6},"end":{"line":21,"column":19}}]},"10":{"loc":{"start":{"line":13,"column":8},"end":{"line":13,"column":30}},"type":"binary-expr","locations":[{"start":{"line":13,"column":8},"end":{"line":13,"column":21}},{"start":{"line":13,"column":8},"end":{"line":13,"column":30}}]},"11":{"loc":{"start":{"line":36,"column":6},"end":{"line":50,"column":null}},"type":"if","locations":[{"start":{"line":36,"column":6},"end":{"line":50,"column":null}},{"start":{"line":46,"column":8},"end":{"line":50,"column":null}}]},"12":{"loc":{"start":{"line":49,"column":15},"end":{"line":49,"column":null}},"type":"binary-expr","locations":[{"start":{"line":49,"column":15},"end":{"line":49,"column":null}},{"start":{"line":49,"column":15},"end":{"line":49,"column":null}}]},"13":{"loc":{"start":{"line":67,"column":6},"end":{"line":81,"column":null}},"type":"if","locations":[{"start":{"line":67,"column":6},"end":{"line":81,"column":null}},{"start":{"line":77,"column":8},"end":{"line":81,"column":null}}]},"14":{"loc":{"start":{"line":80,"column":15},"end":{"line":80,"column":null}},"type":"binary-expr","locations":[{"start":{"line":80,"column":15},"end":{"line":80,"column":null}},{"start":{"line":80,"column":15},"end":{"line":80,"column":null}}]},"15":{"loc":{"start":{"line":105,"column":1},"end":{"line":107,"column":16}},"type":"if","locations":[{"start":{"line":105,"column":1},"end":{"line":107,"column":16}}]}},"s":{"0":7,"1":160,"2":18,"3":83,"4":14,"5":14,"6":91,"7":18,"8":16,"9":74,"10":74,"11":74,"12":88,"13":15,"14":18,"15":1,"16":3,"17":3,"18":3,"19":3,"20":2,"21":2,"22":2,"23":0,"24":3,"25":0,"26":18,"27":1,"28":1,"29":1,"30":1,"31":1,"32":1,"33":1,"34":1,"35":1,"36":0,"37":0,"38":18,"39":23,"40":1,"41":1,"42":18,"43":18,"44":7,"45":237,"46":1196,"47":736,"48":736,"49":0,"50":736,"51":7,"52":7,"53":41,"54":73,"55":69,"56":87,"57":87,"58":73,"59":73,"60":23,"61":21,"62":21,"63":69,"64":84,"65":73,"66":2,"67":20,"68":3,"69":3,"70":3,"71":3,"72":3,"73":2,"74":3,"75":1,"76":1,"77":73,"78":0,"79":18,"80":1,"81":1,"82":1,"83":1,"84":1,"85":1,"86":1,"87":1,"88":1,"89":73,"90":2,"91":2,"92":73,"93":73,"94":230,"95":230},"f":{"0":18,"1":87,"2":89,"3":74,"4":74,"5":74,"6":736,"7":73,"8":69,"9":91,"10":20,"11":18,"12":20,"13":230},"b":{"0":[0,14],"1":[1,15],"2":[21,69],"3":[0,1],"4":[1,0],"5":[1,0],"6":[0,0],"7":[0],"8":[3,66],"9":[5,68],"10":[73,5],"11":[2,0],"12":[0,1],"13":[0,0],"14":[1,0],"15":[0]}}
,"C:/Users/Рома/perfumer/src/context/FavoritesContext.cy.jsx": {"path":"C:/Users/Рома/perfumer/src/context/FavoritesContext.cy.jsx","statementMap":{"0":{"start":{"line":4,"column":22},"end":{"line":15,"column":null}},"1":{"start":{"line":5,"column":52},"end":{"line":5,"column":null}},"2":{"start":{"line":6,"column":22},"end":{"line":6,"column":null}},"3":{"start":{"line":8,"column":2},"end":{"line":13,"column":null}},"4":{"start":{"line":12,"column":29},"end":{"line":12,"column":58}},"5":{"start":{"line":17,"column":0},"end":{"line":37,"column":null}},"6":{"start":{"line":18,"column":2},"end":{"line":36,"column":null}},"7":{"start":{"line":19,"column":4},"end":{"line":19,"column":null}},"8":{"start":{"line":21,"column":4},"end":{"line":25,"column":null}},"9":{"start":{"line":27,"column":4},"end":{"line":27,"column":null}},"10":{"start":{"line":28,"column":4},"end":{"line":28,"column":null}},"11":{"start":{"line":30,"column":4},"end":{"line":30,"column":null}},"12":{"start":{"line":31,"column":4},"end":{"line":31,"column":null}},"13":{"start":{"line":32,"column":4},"end":{"line":32,"column":null}},"14":{"start":{"line":34,"column":4},"end":{"line":34,"column":null}},"15":{"start":{"line":35,"column":4},"end":{"line":35,"column":null}}},"fnMap":{"0":{"name":"(anonymous_0)","decl":{"start":{"line":4,"column":22},"end":{"line":4,"column":28}},"loc":{"start":{"line":4,"column":28},"end":{"line":15,"column":null}}},"1":{"name":"(anonymous_1)","decl":{"start":{"line":12,"column":23},"end":{"line":12,"column":29}},"loc":{"start":{"line":12,"column":29},"end":{"line":12,"column":58}}},"2":{"name":"(anonymous_2)","decl":{"start":{"line":17,"column":29},"end":{"line":17,"column":35}},"loc":{"start":{"line":17,"column":35},"end":{"line":37,"column":1}}},"3":{"name":"(anonymous_3)","decl":{"start":{"line":18,"column":42},"end":{"line":18,"column":48}},"loc":{"start":{"line":18,"column":48},"end":{"line":36,"column":3}}}},"branchMap":{},"s":{"0":2,"1":6,"2":6,"3":6,"4":4,"5":2,"6":2,"7":2,"8":2,"9":2,"10":2,"11":2,"12":2,"13":2,"14":2,"15":2},"f":{"0":6,"1":4,"2":2,"3":2},"b":{}}
,"C:/Users/Рома/perfumer/src/context/FavoritesContext.jsx": {"path":"C:/Users/Рома/perfumer/src/context/FavoritesContext.jsx","statementMap":{"0":{"start":{"line":3,"column":32},"end":{"line":3,"column":null}},"1":{"start":{"line":5,"column":48},"end":{"line":5,"column":null}},"2":{"start":{"line":6,"column":36},"end":{"line":9,"column":null}},"3":{"start":{"line":7,"column":27},"end":{"line":7,"column":null}},"4":{"start":{"line":8,"column":4},"end":{"line":8,"column":null}},"5":{"start":{"line":11,"column":2},"end":{"line":13,"column":null}},"6":{"start":{"line":12,"column":4},"end":{"line":12,"column":null}},"7":{"start":{"line":15,"column":25},"end":{"line":24,"column":null}},"8":{"start":{"line":16,"column":4},"end":{"line":23,"column":null}},"9":{"start":{"line":17,"column":20},"end":{"line":17,"column":null}},"10":{"start":{"line":17,"column":46},"end":{"line":17,"column":65}},"11":{"start":{"line":18,"column":6},"end":{"line":22,"column":null}},"12":{"start":{"line":19,"column":8},"end":{"line":19,"column":null}},"13":{"start":{"line":19,"column":43},"end":{"line":19,"column":62}},"14":{"start":{"line":21,"column":8},"end":{"line":21,"column":null}},"15":{"start":{"line":26,"column":21},"end":{"line":28,"column":null}},"16":{"start":{"line":27,"column":4},"end":{"line":27,"column":null}},"17":{"start":{"line":27,"column":33},"end":{"line":27,"column":51}},"18":{"start":{"line":30,"column":16},"end":{"line":34,"column":null}},"19":{"start":{"line":36,"column":2},"end":{"line":39,"column":null}},"20":{"start":{"line":41,"column":1},"end":{"line":5,"column":34}},"21":{"start":{"line":5,"column":33},"end":{"line":null,"column":-1}},"22":{"start":{"line":43,"column":31},"end":{"line":43,"column":null}},"23":{"start":{"line":44,"column":18},"end":{"line":44,"column":null}},"24":{"start":{"line":45,"column":2},"end":{"line":47,"column":null}},"25":{"start":{"line":46,"column":4},"end":{"line":46,"column":null}},"26":{"start":{"line":48,"column":2},"end":{"line":48,"column":null}},"27":{"start":{"line":49,"column":1},"end":{"line":43,"column":31}},"28":{"start":{"line":43,"column":28},"end":{"line":43,"column":31}},"29":{"start":{"line":1,"column":31},"end":{"line":1,"column":53}},"30":{"start":{"line":5,"column":36},"end":{"line":7,"column":10}},"31":{"start":{"line":6,"column":2},"end":{"line":6,"column":null}},"32":{"start":{"line":8,"column":4},"end":{"line":11,"column":18}},"33":{"start":{"line":9,"column":3},"end":{"line":9,"column":null}},"34":{"start":{"line":12,"column":25},"end":{"line":21,"column":null}},"35":{"start":{"line":13,"column":2},"end":{"line":21,"column":15}},"36":{"start":{"line":15,"column":8},"end":{"line":15,"column":null}},"37":{"start":{"line":15,"column":38},"end":{"line":15,"column":null}},"38":{"start":{"line":16,"column":4},"end":{"line":20,"column":13}},"39":{"start":{"line":17,"column":6},"end":{"line":17,"column":65}},"40":{"start":{"line":17,"column":40},"end":{"line":17,"column":63}},"41":{"start":{"line":19,"column":8},"end":{"line":19,"column":43}},"42":{"start":{"line":23,"column":5},"end":{"line":26,"column":8}},"43":{"start":{"line":24,"column":2},"end":{"line":24,"column":null}},"44":{"start":{"line":27,"column":11},"end":{"line":31,"column":null}},"45":{"start":{"line":32,"column":4},"end":{"line":37,"column":5}},"46":{"start":{"line":41,"column":0},"end":{"line":41,"column":1}},"47":{"start":{"line":41,"column":1},"end":{"line":43,"column":16}}},"fnMap":{"0":{"name":"FavoritesProvider","decl":{"start":{"line":5,"column":16},"end":{"line":5,"column":33}},"loc":{"start":{"line":5,"column":48},"end":{"line":41,"column":1}}},"1":{"name":"(anonymous_1)","decl":{"start":{"line":6,"column":45},"end":{"line":6,"column":51}},"loc":{"start":{"line":6,"column":51},"end":{"line":9,"column":3}}},"2":{"name":"(anonymous_2)","decl":{"start":{"line":11,"column":12},"end":{"line":11,"column":18}},"loc":{"start":{"line":11,"column":18},"end":{"line":13,"column":5}}},"3":{"name":"(anonymous_3)","decl":{"start":{"line":15,"column":25},"end":{"line":15,"column":26}},"loc":{"start":{"line":15,"column":38},"end":{"line":24,"column":null}}},"4":{"name":"(anonymous_4)","decl":{"start":{"line":16,"column":17},"end":{"line":16,"column":18}},"loc":{"start":{"line":16,"column":36},"end":{"line":23,"column":5}}},"5":{"name":"(anonymous_5)","decl":{"start":{"line":17,"column":39},"end":{"line":17,"column":40}},"loc":{"start":{"line":17,"column":46},"end":{"line":17,"column":65}}},"6":{"name":"(anonymous_6)","decl":{"start":{"line":19,"column":36},"end":{"line":19,"column":37}},"loc":{"start":{"line":19,"column":43},"end":{"line":19,"column":62}}},"7":{"name":"(anonymous_7)","decl":{"start":{"line":26,"column":21},"end":{"line":26,"column":22}},"loc":{"start":{"line":26,"column":36},"end":{"line":28,"column":null}}},"8":{"name":"(anonymous_8)","decl":{"start":{"line":27,"column":26},"end":{"line":27,"column":27}},"loc":{"start":{"line":27,"column":33},"end":{"line":27,"column":51}}},"9":{"name":"useFavorites","decl":{"start":{"line":43,"column":16},"end":{"line":43,"column":28}},"loc":{"start":{"line":43,"column":31},"end":{"line":49,"column":1}}},"10":{"name":"FavoritesProvider","decl":{"start":{"line":3,"column":13},"end":{"line":3,"column":46}},"loc":{"start":{"line":3,"column":46},"end":{"line":37,"column":5}}},"11":{"name":"(anonymous_1)","decl":{"start":{"line":5,"column":45},"end":{"line":5,"column":48}},"loc":{"start":{"line":5,"column":48},"end":{"line":7,"column":10}}},"12":{"name":"(anonymous_2)","decl":{"start":{"line":8,"column":11},"end":{"line":8,"column":28}},"loc":{"start":{"line":8,"column":11},"end":{"line":11,"column":12}}},"13":{"name":"(anonymous_3)","decl":{"start":{"line":12,"column":25},"end":{"line":12,"column":38}},"loc":{"start":{"line":12,"column":38},"end":{"line":21,"column":null}}},"14":{"name":"(anonymous_4)","decl":{"start":{"line":13,"column":16},"end":{"line":13,"column":null}},"loc":{"start":{"line":13,"column":16},"end":{"line":21,"column":15}}},"15":{"name":"(anonymous_5)","decl":{"start":{"line":15,"column":38},"end":{"line":15,"column":null}},"loc":{"start":{"line":15,"column":38},"end":{"line":15,"column":null}}},"16":{"name":"(anonymous_6)","decl":{"start":{"line":17,"column":34},"end":{"line":17,"column":39}},"loc":{"start":{"line":17,"column":40},"end":{"line":17,"column":63}}},"17":{"name":"(anonymous_7)","decl":{"start":{"line":23,"column":5},"end":{"line":23,"column":null}},"loc":{"start":{"line":23,"column":5},"end":{"line":26,"column":8}}},"18":{"name":"(anonymous_8)","decl":{"start":{"line":24,"column":2},"end":{"line":24,"column":null}},"loc":{"start":{"line":24,"column":2},"end":{"line":24,"column":null}}},"19":{"name":"useFavorites","decl":{"start":{"line":39,"column":4},"end":{"line":39,"column":null}},"loc":{"start":{"line":39,"column":4},"end":{"line":44,"column":8}}}},"branchMap":{"0":{"loc":{"start":{"line":8,"column":11},"end":{"line":8,"column":null}},"type":"cond-expr","locations":[{"start":{"line":8,"column":28},"end":{"line":8,"column":57}},{"start":{"line":8,"column":57},"end":{"line":8,"column":null}}]},"1":{"loc":{"start":{"line":18,"column":6},"end":{"line":22,"column":null}},"type":"if","locations":[{"start":{"line":18,"column":6},"end":{"line":22,"column":null}},{"start":{"line":20,"column":13},"end":{"line":22,"column":null}}]},"2":{"loc":{"start":{"line":45,"column":2},"end":{"line":47,"column":null}},"type":"if","locations":[{"start":{"line":45,"column":2},"end":{"line":47,"column":null}}]},"3":{"loc":{"start":{"line":6,"column":9},"end":{"line":6,"column":null}},"type":"cond-expr","locations":[{"start":{"line":6,"column":20},"end":{"line":6,"column":null}},{"start":{"line":6,"column":51},"end":{"line":6,"column":null}}]},"4":{"loc":{"start":{"line":16,"column":4},"end":{"line":20,"column":13}},"type":"if","locations":[{"start":{"line":16,"column":4},"end":{"line":20,"column":13}},{"start":{"line":18,"column":10},"end":{"line":20,"column":13}}]},"5":{"loc":{"start":{"line":41,"column":1},"end":{"line":43,"column":16}},"type":"if","locations":[{"start":{"line":41,"column":1},"end":{"line":43,"column":16}}]}},"s":{"0":7,"1":156,"2":14,"3":14,"4":87,"5":14,"6":14,"7":14,"8":0,"9":4,"10":4,"11":0,"12":4,"13":4,"14":73,"15":14,"16":282,"17":73,"18":14,"19":14,"20":7,"21":56,"22":414,"23":316,"24":316,"25":0,"26":316,"27":7,"28":7,"29":41,"30":73,"31":69,"32":73,"33":73,"34":73,"35":4,"36":4,"37":16,"38":4,"39":2,"40":2,"41":2,"42":73,"43":30,"44":73,"45":73,"46":49,"47":49},"f":{"0":14,"1":87,"2":87,"3":73,"4":73,"5":4,"6":4,"7":355,"8":73,"9":316,"10":73,"11":83,"12":87,"13":18,"14":18,"15":2,"16":2,"17":40,"18":18,"19":49},"b":{"0":[0,14],"1":[0,0],"2":[0],"3":[2,67],"4":[2,2],"5":[0]}}
,"C:/Users/Рома/perfumer/src/hooks/useFetch.jsx": {"path":"C:/Users/Рома/perfumer/src/hooks/useFetch.jsx","statementMap":{"0":{"start":{"line":3,"column":28},"end":{"line":3,"column":null}},"1":{"start":{"line":4,"column":26},"end":{"line":4,"column":null}},"2":{"start":{"line":5,"column":32},"end":{"line":5,"column":null}},"3":{"start":{"line":6,"column":28},"end":{"line":6,"column":null}},"4":{"start":{"line":8,"column":2},"end":{"line":37,"column":null}},"5":{"start":{"line":9,"column":4},"end":{"line":9,"column":null}},"6":{"start":{"line":9,"column":19},"end":{"line":9,"column":null}},"7":{"start":{"line":11,"column":22},"end":{"line":34,"column":null}},"8":{"start":{"line":12,"column":6},"end":{"line":12,"column":null}},"9":{"start":{"line":13,"column":6},"end":{"line":13,"column":null}},"10":{"start":{"line":15,"column":6},"end":{"line":33,"column":null}},"11":{"start":{"line":16,"column":24},"end":{"line":16,"column":null}},"12":{"start":{"line":18,"column":24},"end":{"line":18,"column":null}},"13":{"start":{"line":20,"column":25},"end":{"line":20,"column":null}},"14":{"start":{"line":22,"column":8},"end":{"line":24,"column":null}},"15":{"start":{"line":23,"column":10},"end":{"line":23,"column":null}},"16":{"start":{"line":26,"column":23},"end":{"line":26,"column":null}},"17":{"start":{"line":28,"column":8},"end":{"line":28,"column":null}},"18":{"start":{"line":30,"column":8},"end":{"line":30,"column":null}},"19":{"start":{"line":32,"column":8},"end":{"line":32,"column":null}},"20":{"start":{"line":36,"column":4},"end":{"line":36,"column":null}},"21":{"start":{"line":39,"column":2},"end":{"line":39,"column":null}},"22":{"start":{"line":40,"column":1},"end":{"line":3,"column":18}},"23":{"start":{"line":3,"column":18},"end":{"line":3,"column":null}},"24":{"start":{"line":5,"column":2},"end":{"line":34,"column":null}},"25":{"start":{"line":6,"column":2},"end":{"line":6,"column":28}},"26":{"start":{"line":6,"column":16},"end":{"line":6,"column":28}},"27":{"start":{"line":8,"column":18},"end":{"line":32,"column":19}},"28":{"start":{"line":11,"column":4},"end":{"line":11,"column":22}},"29":{"start":{"line":12,"column":6},"end":{"line":31,"column":7}},"30":{"start":{"line":13,"column":19},"end":{"line":13,"column":null}},"31":{"start":{"line":15,"column":10},"end":{"line":15,"column":null}},"32":{"start":{"line":18,"column":8},"end":{"line":22,"column":12}},"33":{"start":{"line":20,"column":8},"end":{"line":20,"column":null}},"34":{"start":{"line":23,"column":20},"end":{"line":23,"column":49}},"35":{"start":{"line":24,"column":8},"end":{"line":24,"column":null}},"36":{"start":{"line":28,"column":8},"end":{"line":28,"column":22}},"37":{"start":{"line":32,"column":24},"end":{"line":33,"column":null}}},"fnMap":{"0":{"name":"useFetch","decl":{"start":{"line":3,"column":9},"end":{"line":3,"column":17}},"loc":{"start":{"line":3,"column":28},"end":{"line":40,"column":1}}},"1":{"name":"(anonymous_1)","decl":{"start":{"line":8,"column":12},"end":{"line":8,"column":18}},"loc":{"start":{"line":8,"column":18},"end":{"line":37,"column":5}}},"2":{"name":"(anonymous_2)","decl":{"start":{"line":11,"column":22},"end":{"line":11,"column":34}},"loc":{"start":{"line":11,"column":34},"end":{"line":34,"column":null}}},"3":{"name":"useFetch","decl":{"start":{"line":1,"column":9},"end":{"line":1,"column":19}},"loc":{"start":{"line":1,"column":19},"end":{"line":36,"column":null}}},"4":{"name":"(anonymous_1)","decl":{"start":{"line":5,"column":9},"end":{"line":5,"column":18}},"loc":{"start":{"line":5,"column":18},"end":{"line":33,"column":null}}},"5":{"name":"(anonymous_2)","decl":{"start":{"line":8,"column":18},"end":{"line":8,"column":null}},"loc":{"start":{"line":8,"column":18},"end":{"line":32,"column":19}}}},"branchMap":{"0":{"loc":{"start":{"line":9,"column":4},"end":{"line":9,"column":null}},"type":"if","locations":[{"start":{"line":9,"column":4},"end":{"line":9,"column":null}}]},"1":{"loc":{"start":{"line":22,"column":8},"end":{"line":24,"column":null}},"type":"if","locations":[{"start":{"line":22,"column":8},"end":{"line":24,"column":null}}]},"2":{"loc":{"start":{"line":6,"column":2},"end":{"line":6,"column":28}},"type":"if","locations":[{"start":{"line":6,"column":2},"end":{"line":6,"column":28}}]},"3":{"loc":{"start":{"line":18,"column":8},"end":{"line":22,"column":12}},"type":"if","locations":[{"start":{"line":18,"column":8},"end":{"line":22,"column":12}}]}},"s":{"0":70,"1":70,"2":70,"3":70,"4":36,"5":62,"6":19,"7":46,"8":31,"9":31,"10":46,"11":62,"12":28,"13":12,"14":26,"15":19,"16":26,"17":25,"18":42,"19":40,"20":116,"21":36,"22":7,"23":34,"24":34,"25":19,"26":0,"27":55,"28":55,"29":31,"30":31,"31":31,"32":28,"33":12,"34":16,"35":27,"36":6,"37":31},"f":{"0":36,"1":12,"2":46,"3":34,"4":55,"5":31},"b":{"0":[0],"1":[0],"2":[0],"3":[0]}}
,"C:/Users/Рома/perfumer/src/pages/AboutPage.cy.jsx": {"path":"C:/Users/Рома/perfumer/src/pages/AboutPage.cy.jsx","statementMap":{"0":{"start":{"line":7,"column":0},"end":{"line":31,"column":null}},"1":{"start":{"line":8,"column":2},"end":{"line":30,"column":null}},"2":{"start":{"line":9,"column":26},"end":{"line":13,"column":null}},"3":{"start":{"line":15,"column":31},"end":{"line":15,"column":null}},"4":{"start":{"line":15,"column":66},"end":{"line":15,"column":72}},"5":{"start":{"line":17,"column":4},"end":{"line":25,"column":null}},"6":{"start":{"line":27,"column":4},"end":{"line":27,"column":null}},"7":{"start":{"line":28,"column":4},"end":{"line":28,"column":null}},"8":{"start":{"line":29,"column":4},"end":{"line":29,"column":null}}},"fnMap":{"0":{"name":"(anonymous_0)","decl":{"start":{"line":7,"column":26},"end":{"line":7,"column":32}},"loc":{"start":{"line":7,"column":32},"end":{"line":31,"column":1}}},"1":{"name":"(anonymous_1)","decl":{"start":{"line":8,"column":59},"end":{"line":8,"column":65}},"loc":{"start":{"line":8,"column":65},"end":{"line":30,"column":3}}},"2":{"name":"(anonymous_2)","decl":{"start":{"line":12,"column":14},"end":{"line":12,"column":20}},"loc":{"start":{"line":12,"column":20},"end":{"line":12,"column":null}}},"3":{"name":"(anonymous_3)","decl":{"start":{"line":15,"column":60},"end":{"line":15,"column":66}},"loc":{"start":{"line":15,"column":66},"end":{"line":15,"column":72}}}},"branchMap":{},"s":{"0":2,"1":2,"2":2,"3":2,"4":0,"5":2,"6":2,"7":2,"8":2},"f":{"0":2,"1":2,"2":0,"3":0},"b":{}}
,"C:/Users/Рома/perfumer/src/pages/AboutPage.jsx": {"path":"C:/Users/Рома/perfumer/src/pages/AboutPage.jsx","statementMap":{"0":{"start":{"line":7,"column":2},"end":{"line":63,"column":null}},"1":{"start":{"line":65,"column":1},"end":{"line":6,"column":21}},"2":{"start":{"line":67,"column":25},"end":{"line":67,"column":null}}},"fnMap":{"0":{"name":"AboutPage","decl":{"start":{"line":6,"column":9},"end":{"line":6,"column":21}},"loc":{"start":{"line":6,"column":21},"end":{"line":65,"column":1}}}},"branchMap":{},"s":{"0":2,"1":7,"2":7},"f":{"0":2},"b":{}}
,"C:/Users/Рома/perfumer/src/pages/AuthPage.cy.jsx": {"path":"C:/Users/Рома/perfumer/src/pages/AuthPage.cy.jsx","statementMap":{"0":{"start":{"line":7,"column":0},"end":{"line":57,"column":null}},"1":{"start":{"line":8,"column":20},"end":{"line":28,"column":null}},"2":{"start":{"line":9,"column":22},"end":{"line":15,"column":null}},"3":{"start":{"line":17,"column":21},"end":{"line":17,"column":null}},"4":{"start":{"line":17,"column":56},"end":{"line":17,"column":62}},"5":{"start":{"line":19,"column":4},"end":{"line":27,"column":null}},"6":{"start":{"line":30,"column":2},"end":{"line":35,"column":null}},"7":{"start":{"line":31,"column":4},"end":{"line":31,"column":null}},"8":{"start":{"line":32,"column":4},"end":{"line":32,"column":null}},"9":{"start":{"line":33,"column":4},"end":{"line":33,"column":null}},"10":{"start":{"line":34,"column":4},"end":{"line":34,"column":null}},"11":{"start":{"line":37,"column":2},"end":{"line":42,"column":null}},"12":{"start":{"line":38,"column":4},"end":{"line":38,"column":null}},"13":{"start":{"line":39,"column":4},"end":{"line":39,"column":null}},"14":{"start":{"line":40,"column":4},"end":{"line":40,"column":null}},"15":{"start":{"line":41,"column":4},"end":{"line":41,"column":null}},"16":{"start":{"line":44,"column":2},"end":{"line":56,"column":null}},"17":{"start":{"line":45,"column":26},"end":{"line":45,"column":null}},"18":{"start":{"line":46,"column":4},"end":{"line":46,"column":null}},"19":{"start":{"line":48,"column":4},"end":{"line":48,"column":null}},"20":{"start":{"line":50,"column":4},"end":{"line":50,"column":null}},"21":{"start":{"line":51,"column":4},"end":{"line":51,"column":null}},"22":{"start":{"line":53,"column":4},"end":{"line":53,"column":null}},"23":{"start":{"line":55,"column":4},"end":{"line":55,"column":null}}},"fnMap":{"0":{"name":"(anonymous_0)","decl":{"start":{"line":7,"column":26},"end":{"line":7,"column":32}},"loc":{"start":{"line":7,"column":32},"end":{"line":57,"column":1}}},"1":{"name":"(anonymous_1)","decl":{"start":{"line":8,"column":20},"end":{"line":8,"column":21}},"loc":{"start":{"line":8,"column":60},"end":{"line":28,"column":null}}},"2":{"name":"(anonymous_2)","decl":{"start":{"line":14,"column":14},"end":{"line":14,"column":20}},"loc":{"start":{"line":14,"column":20},"end":{"line":14,"column":null}}},"3":{"name":"(anonymous_3)","decl":{"start":{"line":17,"column":50},"end":{"line":17,"column":56}},"loc":{"start":{"line":17,"column":56},"end":{"line":17,"column":62}}},"4":{"name":"(anonymous_4)","decl":{"start":{"line":30,"column":49},"end":{"line":30,"column":55}},"loc":{"start":{"line":30,"column":55},"end":{"line":35,"column":3}}},"5":{"name":"(anonymous_5)","decl":{"start":{"line":37,"column":41},"end":{"line":37,"column":47}},"loc":{"start":{"line":37,"column":47},"end":{"line":42,"column":3}}},"6":{"name":"(anonymous_6)","decl":{"start":{"line":44,"column":58},"end":{"line":44,"column":64}},"loc":{"start":{"line":44,"column":64},"end":{"line":56,"column":3}}}},"branchMap":{"0":{"loc":{"start":{"line":8,"column":21},"end":{"line":8,"column":60}},"type":"default-arg","locations":[{"start":{"line":8,"column":37},"end":{"line":8,"column":60}}]}},"s":{"0":4,"1":4,"2":9,"3":9,"4":0,"5":9,"6":4,"7":4,"8":4,"9":4,"10":4,"11":4,"12":3,"13":3,"14":3,"15":3,"16":4,"17":2,"18":2,"19":2,"20":2,"21":2,"22":2,"23":2},"f":{"0":4,"1":9,"2":0,"3":0,"4":4,"5":3,"6":2},"b":{"0":[7]}}
,"C:/Users/Рома/perfumer/src/pages/AuthPage.jsx": {"path":"C:/Users/Рома/perfumer/src/pages/AuthPage.jsx","statementMap":{"0":{"start":{"line":8,"column":20},"end":{"line":8,"column":null}},"1":{"start":{"line":9,"column":36},"end":{"line":9,"column":null}},"2":{"start":{"line":10,"column":19},"end":{"line":10,"column":null}},"3":{"start":{"line":12,"column":30},"end":{"line":12,"column":null}},"4":{"start":{"line":14,"column":28},"end":{"line":14,"column":null}},"5":{"start":{"line":15,"column":34},"end":{"line":15,"column":null}},"6":{"start":{"line":16,"column":26},"end":{"line":16,"column":null}},"7":{"start":{"line":17,"column":48},"end":{"line":17,"column":null}},"8":{"start":{"line":18,"column":28},"end":{"line":18,"column":null}},"9":{"start":{"line":20,"column":23},"end":{"line":53,"column":null}},"10":{"start":{"line":21,"column":4},"end":{"line":21,"column":null}},"11":{"start":{"line":22,"column":4},"end":{"line":22,"column":null}},"12":{"start":{"line":24,"column":4},"end":{"line":52,"column":null}},"13":{"start":{"line":25,"column":6},"end":{"line":28,"column":null}},"14":{"start":{"line":26,"column":8},"end":{"line":26,"column":null}},"15":{"start":{"line":27,"column":8},"end":{"line":27,"column":null}},"16":{"start":{"line":29,"column":21},"end":{"line":29,"column":null}},"17":{"start":{"line":30,"column":6},"end":{"line":34,"column":null}},"18":{"start":{"line":31,"column":8},"end":{"line":31,"column":null}},"19":{"start":{"line":33,"column":8},"end":{"line":33,"column":null}},"20":{"start":{"line":36,"column":6},"end":{"line":39,"column":null}},"21":{"start":{"line":37,"column":8},"end":{"line":37,"column":null}},"22":{"start":{"line":38,"column":8},"end":{"line":38,"column":null}},"23":{"start":{"line":40,"column":6},"end":{"line":43,"column":null}},"24":{"start":{"line":41,"column":8},"end":{"line":41,"column":null}},"25":{"start":{"line":42,"column":8},"end":{"line":42,"column":null}},"26":{"start":{"line":45,"column":21},"end":{"line":45,"column":null}},"27":{"start":{"line":47,"column":6},"end":{"line":51,"column":null}},"28":{"start":{"line":48,"column":8},"end":{"line":48,"column":null}},"29":{"start":{"line":50,"column":8},"end":{"line":50,"column":null}},"30":{"start":{"line":55,"column":2},"end":{"line":153,"column":null}},"31":{"start":{"line":64,"column":16},"end":{"line":64,"column":null}},"32":{"start":{"line":65,"column":16},"end":{"line":65,"column":null}},"33":{"start":{"line":73,"column":16},"end":{"line":73,"column":null}},"34":{"start":{"line":74,"column":16},"end":{"line":74,"column":null}},"35":{"start":{"line":91,"column":33},"end":{"line":91,"column":58}},"36":{"start":{"line":109,"column":33},"end":{"line":109,"column":57}},"37":{"start":{"line":122,"column":33},"end":{"line":122,"column":61}},"38":{"start":{"line":140,"column":33},"end":{"line":140,"column":68}},"39":{"start":{"line":155,"column":1},"end":{"line":12,"column":38}},"40":{"start":{"line":8,"column":17},"end":{"line":12,"column":38}},"41":{"start":{"line":12,"column":37},"end":{"line":8,"column":17}},"42":{"start":{"line":157,"column":24},"end":{"line":157,"column":null}},"43":{"start":{"line":9,"column":20},"end":{"line":9,"column":45}},"44":{"start":{"line":14,"column":24},"end":{"line":14,"column":39}},"45":{"start":{"line":15,"column":45},"end":{"line":15,"column":null}},"46":{"start":{"line":17,"column":9},"end":{"line":50,"column":null}},"47":{"start":{"line":18,"column":2},"end":{"line":18,"column":28}},"48":{"start":{"line":20,"column":2},"end":{"line":20,"column":23}},"49":{"start":{"line":21,"column":4},"end":{"line":50,"column":17}},"50":{"start":{"line":22,"column":4},"end":{"line":26,"column":17}},"51":{"start":{"line":24,"column":8},"end":{"line":24,"column":null}},"52":{"start":{"line":25,"column":6},"end":{"line":25,"column":20}},"53":{"start":{"line":28,"column":6},"end":{"line":32,"column":13}},"54":{"start":{"line":29,"column":6},"end":{"line":29,"column":27}},"55":{"start":{"line":34,"column":6},"end":{"line":37,"column":17}},"56":{"start":{"line":35,"column":4},"end":{"line":35,"column":null}},"57":{"start":{"line":36,"column":6},"end":{"line":36,"column":23}},"58":{"start":{"line":38,"column":8},"end":{"line":41,"column":17}},"59":{"start":{"line":39,"column":6},"end":{"line":39,"column":null}},"60":{"start":{"line":40,"column":6},"end":{"line":40,"column":20}},"61":{"start":{"line":43,"column":6},"end":{"line":49,"column":13}},"62":{"start":{"line":45,"column":6},"end":{"line":45,"column":27}},"63":{"start":{"line":51,"column":6},"end":{"line":56,"column":5}},"64":{"start":{"line":62,"column":14},"end":{"line":62,"column":42}},"65":{"start":{"line":63,"column":14},"end":{"line":63,"column":29}},"66":{"start":{"line":71,"column":14},"end":{"line":71,"column":42}},"67":{"start":{"line":72,"column":14},"end":{"line":72,"column":29}},"68":{"start":{"line":89,"column":27},"end":{"line":89,"column":null}},"69":{"start":{"line":107,"column":27},"end":{"line":107,"column":null}},"70":{"start":{"line":120,"column":27},"end":{"line":120,"column":null}},"71":{"start":{"line":138,"column":27},"end":{"line":138,"column":null}}},"fnMap":{"0":{"name":"AuthPage","decl":{"start":{"line":8,"column":9},"end":{"line":8,"column":17}},"loc":{"start":{"line":8,"column":20},"end":{"line":155,"column":1}}},"1":{"name":"(anonymous_1)","decl":{"start":{"line":20,"column":23},"end":{"line":20,"column":30}},"loc":{"start":{"line":20,"column":40},"end":{"line":53,"column":null}}},"2":{"name":"(anonymous_2)","decl":{"start":{"line":63,"column":23},"end":{"line":63,"column":29}},"loc":{"start":{"line":63,"column":29},"end":{"line":66,"column":16}}},"3":{"name":"(anonymous_3)","decl":{"start":{"line":72,"column":23},"end":{"line":72,"column":29}},"loc":{"start":{"line":72,"column":29},"end":{"line":75,"column":16}}},"4":{"name":"(anonymous_4)","decl":{"start":{"line":91,"column":26},"end":{"line":91,"column":27}},"loc":{"start":{"line":91,"column":33},"end":{"line":91,"column":58}}},"5":{"name":"(anonymous_5)","decl":{"start":{"line":109,"column":26},"end":{"line":109,"column":27}},"loc":{"start":{"line":109,"column":33},"end":{"line":109,"column":57}}},"6":{"name":"(anonymous_6)","decl":{"start":{"line":122,"column":26},"end":{"line":122,"column":27}},"loc":{"start":{"line":122,"column":33},"end":{"line":122,"column":61}}},"7":{"name":"(anonymous_7)","decl":{"start":{"line":140,"column":26},"end":{"line":140,"column":27}},"loc":{"start":{"line":140,"column":33},"end":{"line":140,"column":68}}},"8":{"name":"(anonymous_8)","decl":{"start":{"line":8,"column":17},"end":{"line":8,"column":20}},"loc":{"start":{"line":8,"column":17},"end":{"line":12,"column":38}}},"9":{"name":"AuthPage","decl":{"start":{"line":6,"column":9},"end":{"line":6,"column":24}},"loc":{"start":{"line":6,"column":9},"end":{"line":56,"column":5}}},"10":{"name":"(anonymous_1)","decl":{"start":{"line":17,"column":9},"end":{"line":17,"column":26}},"loc":{"start":{"line":17,"column":26},"end":{"line":50,"column":null}}},"11":{"name":"(anonymous_2)","decl":{"start":{"line":61,"column":13},"end":{"line":61,"column":null}},"loc":{"start":{"line":61,"column":13},"end":{"line":64,"column":29}}},"12":{"name":"(anonymous_3)","decl":{"start":{"line":70,"column":13},"end":{"line":70,"column":null}},"loc":{"start":{"line":70,"column":13},"end":{"line":73,"column":29}}},"13":{"name":"(anonymous_4)","decl":{"start":{"line":89,"column":16},"end":{"line":89,"column":27}},"loc":{"start":{"line":89,"column":27},"end":{"line":89,"column":null}}},"14":{"name":"(anonymous_5)","decl":{"start":{"line":107,"column":16},"end":{"line":107,"column":27}},"loc":{"start":{"line":107,"column":27},"end":{"line":107,"column":null}}},"15":{"name":"(anonymous_6)","decl":{"start":{"line":120,"column":16},"end":{"line":120,"column":27}},"loc":{"start":{"line":120,"column":27},"end":{"line":120,"column":null}}},"16":{"name":"(anonymous_7)","decl":{"start":{"line":138,"column":16},"end":{"line":138,"column":27}},"loc":{"start":{"line":138,"column":27},"end":{"line":138,"column":null}}}},"branchMap":{"0":{"loc":{"start":{"line":24,"column":4},"end":{"line":52,"column":null}},"type":"if","locations":[{"start":{"line":24,"column":4},"end":{"line":52,"column":null}},{"start":{"line":35,"column":11},"end":{"line":52,"column":null}}]},"1":{"loc":{"start":{"line":25,"column":6},"end":{"line":28,"column":null}},"type":"if","locations":[{"start":{"line":25,"column":6},"end":{"line":28,"column":null}}]},"2":{"loc":{"start":{"line":25,"column":10},"end":{"line":25,"column":31}},"type":"binary-expr","locations":[{"start":{"line":25,"column":10},"end":{"line":25,"column":20}},{"start":{"line":25,"column":20},"end":{"line":25,"column":31}}]},"3":{"loc":{"start":{"line":30,"column":6},"end":{"line":34,"column":null}},"type":"if","locations":[{"start":{"line":30,"column":6},"end":{"line":34,"column":null}},{"start":{"line":32,"column":13},"end":{"line":34,"column":null}}]},"4":{"loc":{"start":{"line":36,"column":6},"end":{"line":39,"column":null}},"type":"if","locations":[{"start":{"line":36,"column":6},"end":{"line":39,"column":null}}]},"5":{"loc":{"start":{"line":40,"column":6},"end":{"line":43,"column":null}},"type":"if","locations":[{"start":{"line":40,"column":6},"end":{"line":43,"column":null}}]},"6":{"loc":{"start":{"line":40,"column":10},"end":{"line":40,"column":40}},"type":"binary-expr","locations":[{"start":{"line":40,"column":10},"end":{"line":40,"column":20}},{"start":{"line":40,"column":20},"end":{"line":40,"column":33}},{"start":{"line":40,"column":33},"end":{"line":40,"column":40}}]},"7":{"loc":{"start":{"line":47,"column":6},"end":{"line":51,"column":null}},"type":"if","locations":[{"start":{"line":47,"column":6},"end":{"line":51,"column":null}},{"start":{"line":49,"column":13},"end":{"line":51,"column":null}}]},"8":{"loc":{"start":{"line":62,"column":46},"end":{"line":62,"column":91}},"type":"cond-expr","locations":[{"start":{"line":62,"column":70},"end":{"line":62,"column":89}},{"start":{"line":62,"column":89},"end":{"line":62,"column":91}}]},"9":{"loc":{"start":{"line":71,"column":46},"end":{"line":71,"column":94}},"type":"cond-expr","locations":[{"start":{"line":71,"column":73},"end":{"line":71,"column":92}},{"start":{"line":71,"column":92},"end":{"line":71,"column":94}}]},"10":{"loc":{"start":{"line":98,"column":28},"end":{"line":98,"column":null}},"type":"cond-expr","locations":[{"start":{"line":98,"column":55},"end":{"line":98,"column":67}},{"start":{"line":98,"column":67},"end":{"line":98,"column":null}}]},"11":{"loc":{"start":{"line":129,"column":28},"end":{"line":129,"column":null}},"type":"cond-expr","locations":[{"start":{"line":129,"column":55},"end":{"line":129,"column":67}},{"start":{"line":129,"column":67},"end":{"line":129,"column":null}}]},"12":{"loc":{"start":{"line":144,"column":13},"end":{"line":144,"column":null}},"type":"binary-expr","locations":[{"start":{"line":144,"column":13},"end":{"line":144,"column":22}},{"start":{"line":144,"column":22},"end":{"line":144,"column":null}}]},"13":{"loc":{"start":{"line":147,"column":15},"end":{"line":147,"column":null}},"type":"cond-expr","locations":[{"start":{"line":147,"column":42},"end":{"line":147,"column":62}},{"start":{"line":147,"column":62},"end":{"line":147,"column":null}}]},"14":{"loc":{"start":{"line":21,"column":4},"end":{"line":50,"column":17}},"type":"if","locations":[{"start":{"line":21,"column":4},"end":{"line":50,"column":17}},{"start":{"line":33,"column":8},"end":{"line":50,"column":17}}]},"15":{"loc":{"start":{"line":22,"column":4},"end":{"line":26,"column":17}},"type":"if","locations":[{"start":{"line":22,"column":4},"end":{"line":26,"column":17}}]},"16":{"loc":{"start":{"line":22,"column":4},"end":{"line":22,"column":null}},"type":"binary-expr","locations":[{"start":{"line":22,"column":4},"end":{"line":22,"column":null}},{"start":{"line":22,"column":15},"end":{"line":22,"column":null}}]},"17":{"loc":{"start":{"line":28,"column":6},"end":{"line":32,"column":13}},"type":"if","locations":[{"start":{"line":28,"column":6},"end":{"line":32,"column":13}},{"start":{"line":30,"column":10},"end":{"line":32,"column":13}}]},"18":{"loc":{"start":{"line":34,"column":6},"end":{"line":37,"column":17}},"type":"if","locations":[{"start":{"line":34,"column":6},"end":{"line":37,"column":17}}]},"19":{"loc":{"start":{"line":38,"column":8},"end":{"line":41,"column":17}},"type":"if","locations":[{"start":{"line":38,"column":8},"end":{"line":41,"column":17}}]},"20":{"loc":{"start":{"line":38,"column":8},"end":{"line":38,"column":null}},"type":"binary-expr","locations":[{"start":{"line":38,"column":8},"end":{"line":38,"column":null}},{"start":{"line":38,"column":8},"end":{"line":38,"column":null}},{"start":{"line":38,"column":8},"end":{"line":38,"column":null}}]},"21":{"loc":{"start":{"line":43,"column":6},"end":{"line":49,"column":13}},"type":"if","locations":[{"start":{"line":43,"column":6},"end":{"line":49,"column":13}},{"start":{"line":47,"column":10},"end":{"line":49,"column":13}}]},"22":{"loc":{"start":{"line":61,"column":13},"end":{"line":61,"column":null}},"type":"cond-expr","locations":[{"start":{"line":61,"column":13},"end":{"line":61,"column":null}},{"start":{"line":61,"column":13},"end":{"line":61,"column":null}}]},"23":{"loc":{"start":{"line":70,"column":13},"end":{"line":70,"column":null}},"type":"cond-expr","locations":[{"start":{"line":70,"column":13},"end":{"line":70,"column":null}},{"start":{"line":70,"column":13},"end":{"line":70,"column":null}}]},"24":{"loc":{"start":{"line":96,"column":25},"end":{"line":96,"column":null}},"type":"cond-expr","locations":[{"start":{"line":96,"column":32},"end":{"line":96,"column":null}},{"start":{"line":96,"column":32},"end":{"line":96,"column":null}}]},"25":{"loc":{"start":{"line":127,"column":25},"end":{"line":127,"column":null}},"type":"cond-expr","locations":[{"start":{"line":127,"column":32},"end":{"line":127,"column":null}},{"start":{"line":127,"column":32},"end":{"line":127,"column":null}}]},"26":{"loc":{"start":{"line":126,"column":12},"end":{"line":144,"column":23}},"type":"binary-expr","locations":[{"start":{"line":126,"column":12},"end":{"line":126,"column":13}},{"start":{"line":126,"column":12},"end":{"line":144,"column":23}}]},"27":{"loc":{"start":{"line":144,"column":22},"end":{"line":144,"column":23}},"type":"cond-expr","locations":[{"start":{"line":144,"column":22},"end":{"line":144,"column":23}},{"start":{"line":144,"column":22},"end":{"line":144,"column":23}}]}},"s":{"0":354,"1":212,"2":283,"3":283,"4":212,"5":212,"6":283,"7":283,"8":283,"9":212,"10":7,"11":7,"12":2,"13":6,"14":5,"15":8,"16":3,"17":6,"18":5,"19":6,"20":6,"21":5,"22":0,"23":6,"24":5,"25":6,"26":1,"27":1,"28":2,"29":71,"30":212,"31":72,"32":72,"33":72,"34":72,"35":121,"36":89,"37":91,"38":82,"39":7,"40":2,"41":7,"42":7,"43":71,"44":71,"45":71,"46":71,"47":5,"48":5,"49":217,"50":217,"51":5,"52":4,"53":4,"54":2,"55":2,"56":2,"57":1,"58":2,"59":2,"60":1,"61":2,"62":2,"63":71,"64":221,"65":221,"66":212,"67":212,"68":240,"69":212,"70":230,"71":212},"f":{"0":212,"1":73,"2":72,"3":72,"4":121,"5":89,"6":91,"7":82,"8":2,"9":71,"10":217,"11":221,"12":212,"13":240,"14":212,"15":230,"16":212},"b":{"0":[1,1],"1":[5],"2":[4,3],"3":[5,1],"4":[5],"5":[5],"6":[1,1,1],"7":[1,0],"8":[64,148],"9":[148,64],"10":[148,64],"11":[148,64],"12":[212,2],"13":[148,64],"14":[5,0],"15":[3],"16":[5,2],"17":[1,3],"18":[1],"19":[1],"20":[0,1,0],"21":[1,1],"22":[62,9],"23":[9,62],"24":[9,62],"25":[9,62],"26":[71,5],"27":[221,64]}}
,"C:/Users/Рома/perfumer/src/pages/BrandDetailPage.cy.jsx": {"path":"C:/Users/Рома/perfumer/src/pages/BrandDetailPage.cy.jsx","statementMap":{"0":{"start":{"line":5,"column":0},"end":{"line":31,"column":null}},"1":{"start":{"line":6,"column":2},"end":{"line":14,"column":null}},"2":{"start":{"line":7,"column":4},"end":{"line":13,"column":null}},"3":{"start":{"line":16,"column":2},"end":{"line":30,"column":null}},"4":{"start":{"line":17,"column":4},"end":{"line":23,"column":null}},"5":{"start":{"line":25,"column":4},"end":{"line":25,"column":null}},"6":{"start":{"line":27,"column":4},"end":{"line":27,"column":null}},"7":{"start":{"line":28,"column":4},"end":{"line":28,"column":null}},"8":{"start":{"line":29,"column":4},"end":{"line":29,"column":null}}},"fnMap":{"0":{"name":"(anonymous_0)","decl":{"start":{"line":5,"column":32},"end":{"line":5,"column":38}},"loc":{"start":{"line":5,"column":38},"end":{"line":31,"column":1}}},"1":{"name":"(anonymous_1)","decl":{"start":{"line":6,"column":13},"end":{"line":6,"column":19}},"loc":{"start":{"line":6,"column":19},"end":{"line":14,"column":3}}},"2":{"name":"(anonymous_2)","decl":{"start":{"line":16,"column":50},"end":{"line":16,"column":56}},"loc":{"start":{"line":16,"column":56},"end":{"line":30,"column":3}}}},"branchMap":{},"s":{"0":2,"1":2,"2":2,"3":2,"4":2,"5":2,"6":2,"7":2,"8":2},"f":{"0":2,"1":2,"2":2},"b":{}}
[...]
{"start":{"line":156,"column":2},"end":{"line":156,"column":null}},{"start":{"line":156,"column":18},"end":{"line":156,"column":null}}]},"39":{"loc":{"start":{"line":167,"column":2},"end":{"line":171,"column":12}},"type":"if","locations":[{"start":{"line":167,"column":2},"end":{"line":171,"column":12}}]},"40":{"loc":{"start":{"line":169,"column":43},"end":{"line":169,"column":null}},"type":"cond-expr","locations":[{"start":{"line":169,"column":43},"end":{"line":169,"column":null}},{"start":{"line":169,"column":43},"end":{"line":169,"column":null}}]},"41":{"loc":{"start":{"line":174,"column":2},"end":{"line":178,"column":14}},"type":"if","locations":[{"start":{"line":174,"column":2},"end":{"line":178,"column":14}}]},"42":{"loc":{"start":{"line":178,"column":13},"end":{"line":181,"column":9}},"type":"if","locations":[{"start":{"line":178,"column":13},"end":{"line":181,"column":9}}]},"43":{"loc":{"start":{"line":181,"column":8},"end":{"line":181,"column":9}},"type":"binary-expr","locations":[{"start":{"line":181,"column":8},"end":{"line":181,"column":9}},{"start":{"line":181,"column":8},"end":{"line":181,"column":9}}]},"44":{"loc":{"start":{"line":181,"column":8},"end":{"line":188,"column":16}},"type":"if","locations":[{"start":{"line":181,"column":8},"end":{"line":188,"column":16}}]},"45":{"loc":{"start":{"line":185,"column":4},"end":{"line":188,"column":16}},"type":"if","locations":[{"start":{"line":185,"column":4},"end":{"line":188,"column":16}}]},"46":{"loc":{"start":{"line":209,"column":14},"end":{"line":230,"column":21}},"type":"binary-expr","locations":[{"start":{"line":209,"column":14},"end":{"line":209,"column":15}},{"start":{"line":209,"column":14},"end":{"line":209,"column":15}},{"start":{"line":209,"column":14},"end":{"line":230,"column":21}}]},"47":{"loc":{"start":{"line":233,"column":31},"end":{"line":233,"column":null}},"type":"binary-expr","locations":[{"start":{"line":233,"column":31},"end":{"line":233,"column":59}},{"start":{"line":233,"column":37},"end":{"line":233,"column":null}}]},"48":{"loc":{"start":{"line":204,"column":10},"end":{"line":204,"column":11}},"type":"cond-expr","locations":[{"start":{"line":204,"column":10},"end":{"line":204,"column":11}},{"start":{"line":204,"column":10},"end":{"line":204,"column":11}}]},"49":{"loc":{"start":{"line":200,"column":8},"end":{"line":332,"column":15}},"type":"cond-expr","locations":[{"start":{"line":200,"column":8},"end":{"line":270,"column":13}},{"start":{"line":270,"column":12},"end":{"line":332,"column":15}}]},"50":{"loc":{"start":{"line":297,"column":12},"end":{"line":323,"column":null}},"type":"cond-expr","locations":[{"start":{"line":297,"column":12},"end":{"line":312,"column":null}},{"start":{"line":305,"column":33},"end":{"line":323,"column":null}}]},"51":{"loc":{"start":{"line":301,"column":14},"end":{"line":334,"column":17}},"type":"binary-expr","locations":[{"start":{"line":301,"column":14},"end":{"line":301,"column":15}},{"start":{"line":301,"column":14},"end":{"line":334,"column":17}}]}},"s":{"0":7,"1":7,"2":54,"3":54,"4":32,"5":32,"6":32,"7":32,"8":32,"9":32,"10":32,"11":32,"12":32,"13":43,"14":43,"15":32,"16":24,"17":14,"18":10,"19":64,"20":364,"21":71,"22":32,"23":11,"24":32,"25":10,"26":11,"27":11,"28":21,"29":16,"30":32,"31":26,"32":15,"33":11,"34":15,"35":15,"36":11,"37":11,"38":32,"39":22,"40":18,"41":4,"42":104,"43":32,"44":22,"45":18,"46":4,"47":104,"48":32,"49":1,"50":1,"51":32,"52":33,"53":12,"54":12,"55":1,"56":1,"57":32,"58":32,"59":0,"60":0,"61":32,"62":12,"63":11,"64":32,"65":15,"66":13,"67":10,"68":10,"69":5,"70":32,"71":0,"72":11,"73":0,"74":32,"75":43,"76":29,"77":25,"78":11,"79":14,"80":25,"81":11,"82":11,"83":4,"84":14,"85":332,"86":32,"87":21,"88":0,"89":107,"90":33,"91":11,"92":11,"93":71,"94":11,"95":11,"96":7,"97":6,"98":7,"99":7,"100":5,"101":5,"102":11,"103":43,"104":11,"105":11,"106":11,"107":11,"108":11,"109":11,"110":11,"111":11,"112":11,"113":7,"114":4,"115":56,"116":58,"117":34,"118":11,"119":0,"120":11,"121":7,"122":32,"123":32,"124":19,"125":11,"126":11,"127":43,"128":32,"129":15,"130":0,"131":11,"132":43,"133":43,"134":0,"135":32,"136":11,"137":11,"138":11,"139":0,"140":32,"141":11,"142":0,"143":0,"144":11,"145":0,"146":0,"147":32,"148":1,"149":11,"150":0,"151":0,"152":11,"153":0,"154":11,"155":32,"156":32,"157":39,"158":73,"159":11,"160":0,"161":32,"162":0,"163":11,"164":11,"165":7,"166":68,"167":4,"168":36,"169":32,"170":14,"171":0,"172":36,"173":40,"174":11,"175":32,"176":32,"177":65,"178":32,"179":32,"180":32,"181":56,"182":32,"183":32},"f":{"0":32,"1":31,"2":71,"3":364,"4":11,"5":21,"6":11,"7":7,"8":59,"9":26,"10":33,"11":115,"12":33,"13":115,"14":12,"15":12,"16":11,"17":12,"18":21,"19":11,"20":16,"21":11,"22":43,"23":343,"24":21,"25":0,"26":107,"27":33,"28":11,"29":11,"30":71,"31":11,"32":11,"33":6,"34":11,"35":43,"36":44,"37":68,"38":32,"39":39,"40":32,"41":10,"42":2,"43":43,"44":22,"45":43,"46":22,"47":32,"48":32,"49":32,"50":32,"51":39,"52":32,"53":12,"54":32,"55":43,"56":40,"57":32,"58":32,"59":65,"60":32,"61":32,"62":32,"63":56,"64":32,"65":32},"b":{"0":[10],"1":[60,0],"2":[0],"3":[15,11],"4":[18],"5":[22,6],"6":[104,68],"7":[18],"8":[22,4],"9":[104,68],"10":[0],"11":[2],"12":[4,4],"13":[0],"14":[0,0],"15":[18],"16":[0],"17":[14,0],"18":[0],"19":[0],"20":[32,6,2],"21":[21,0],"22":[32,64],"23":[4,28],"24":[60,11],"25":[28,0],"26":[7],"27":[0,24],"28":[0],"29":[11,0],"30":[11],"31":[11,0],"32":[0,0],"33":[11],"34":[11,0],"35":[0,0],"36":[0],"37":[0],"38":[0,0],"39":[0],"40":[0,0],"41":[7],"42":[0],"43":[4,14],"44":[0],"45":[0],"46":[11,0,0],"47":[32,6],"48":[11,22],"49":[0,11],"50":[4,52],"51":[15,28]}}
,"C:/Users/Рома/perfumer/src/pages/NotFoundPage.cy.jsx": {"path":"C:/Users/Рома/perfumer/src/pages/NotFoundPage.cy.jsx","statementMap":{"0":{"start":{"line":5,"column":0},"end":{"line":17,"column":null}},"1":{"start":{"line":6,"column":2},"end":{"line":16,"column":null}},"2":{"start":{"line":7,"column":4},"end":{"line":11,"column":null}},"3":{"start":{"line":13,"column":4},"end":{"line":13,"column":null}},"4":{"start":{"line":14,"column":4},"end":{"line":14,"column":null}},"5":{"start":{"line":15,"column":4},"end":{"line":15,"column":null}}},"fnMap":{"0":{"name":"(anonymous_0)","decl":{"start":{"line":5,"column":29},"end":{"line":5,"column":35}},"loc":{"start":{"line":5,"column":35},"end":{"line":17,"column":1}}},"1":{"name":"(anonymous_1)","decl":{"start":{"line":6,"column":31},"end":{"line":6,"column":37}},"loc":{"start":{"line":6,"column":37},"end":{"line":16,"column":3}}}},"branchMap":{},"s":{"0":2,"1":2,"2":2,"3":2,"4":2,"5":2},"f":{"0":2,"1":2},"b":{}}
,"C:/Users/Рома/perfumer/src/pages/NotFoundPage.jsx": {"path":"C:/Users/Рома/perfumer/src/pages/NotFoundPage.jsx","statementMap":{"0":{"start":{"line":8,"column":2},"end":{"line":22,"column":null}},"1":{"start":{"line":24,"column":1},"end":{"line":7,"column":24}},"2":{"start":{"line":26,"column":28},"end":{"line":26,"column":null}}},"fnMap":{"0":{"name":"NotFoundPage","decl":{"start":{"line":7,"column":9},"end":{"line":7,"column":24}},"loc":{"start":{"line":7,"column":24},"end":{"line":24,"column":1}}}},"branchMap":{},"s":{"0":2,"1":7,"2":7},"f":{"0":2},"b":{}}
,"C:/Users/Рома/perfumer/src/pages/PerfumeDetail.cy.jsx": {"path":"C:/Users/Рома/perfumer/src/pages/PerfumeDetail.cy.jsx","statementMap":{"0":{"start":{"line":5,"column":0},"end":{"line":51,"column":null}},"1":{"start":{"line":6,"column":2},"end":{"line":20,"column":null}},"2":{"start":{"line":7,"column":4},"end":{"line":19,"column":null}},"3":{"start":{"line":22,"column":2},"end":{"line":37,"column":null}},"4":{"start":{"line":23,"column":4},"end":{"line":29,"column":null}},"5":{"start":{"line":31,"column":4},"end":{"line":31,"column":null}},"6":{"start":{"line":33,"column":4},"end":{"line":33,"column":null}},"7":{"start":{"line":34,"column":4},"end":{"line":34,"column":null}},"8":{"start":{"line":35,"column":4},"end":{"line":35,"column":null}},"9":{"start":{"line":36,"column":4},"end":{"line":36,"column":null}},"10":{"start":{"line":39,"column":2},"end":{"line":50,"column":null}},"11":{"start":{"line":40,"column":4},"end":{"line":46,"column":null}},"12":{"start":{"line":48,"column":4},"end":{"line":48,"column":null}},"13":{"start":{"line":49,"column":4},"end":{"line":49,"column":null}}},"fnMap":{"0":{"name":"(anonymous_0)","decl":{"start":{"line":5,"column":34},"end":{"line":5,"column":40}},"loc":{"start":{"line":5,"column":40},"end":{"line":51,"column":1}}},"1":{"name":"(anonymous_1)","decl":{"start":{"line":6,"column":13},"end":{"line":6,"column":19}},"loc":{"start":{"line":6,"column":19},"end":{"line":20,"column":3}}},"2":{"name":"(anonymous_2)","decl":{"start":{"line":22,"column":40},"end":{"line":22,"column":46}},"loc":{"start":{"line":22,"column":46},"end":{"line":37,"column":3}}},"3":{"name":"(anonymous_3)","decl":{"start":{"line":39,"column":49},"end":{"line":39,"column":55}},"loc":{"start":{"line":39,"column":55},"end":{"line":50,"column":3}}}},"branchMap":{},"s":{"0":3,"1":3,"2":5,"3":3,"4":3,"5":3,"6":3,"7":3,"8":3,"9":3,"10":3,"11":2,"12":2,"13":2},"f":{"0":3,"1":5,"2":3,"3":2},"b":{}}
,"C:/Users/Рома/perfumer/src/pages/PerfumeDetail.jsx": {"path":"C:/Users/Рома/perfumer/src/pages/PerfumeDetail.jsx","statementMap":{"0":{"start":{"line":12,"column":29},"end":{"line":12,"column":null}},"1":{"start":{"line":13,"column":17},"end":{"line":13,"column":null}},"2":{"start":{"line":14,"column":48},"end":{"line":14,"column":null}},"3":{"start":{"line":16,"column":41},"end":{"line":16,"column":null}},"4":{"start":{"line":17,"column":25},"end":{"line":17,"column":null}},"5":{"start":{"line":18,"column":19},"end":{"line":18,"column":null}},"6":{"start":{"line":20,"column":18},"end":{"line":20,"column":null}},"7":{"start":{"line":20,"column":56},"end":{"line":20,"column":66}},"8":{"start":{"line":22,"column":2},"end":{"line":32,"column":null}},"9":{"start":{"line":23,"column":4},"end":{"line":30,"column":null}},"10":{"start":{"line":34,"column":2},"end":{"line":49,"column":null}},"11":{"start":{"line":35,"column":4},"end":{"line":47,"column":null}},"12":{"start":{"line":51,"column":16},"end":{"line":51,"column":null}},"13":{"start":{"line":53,"column":30},"end":{"line":61,"column":null}},"14":{"start":{"line":54,"column":4},"end":{"line":54,"column":null}},"15":{"start":{"line":56,"column":4},"end":{"line":60,"column":null}},"16":{"start":{"line":57,"column":6},"end":{"line":57,"column":null}},"17":{"start":{"line":59,"column":6},"end":{"line":59,"column":null}},"18":{"start":{"line":63,"column":20},"end":{"line":68,"column":null}},"19":{"start":{"line":70,"column":2},"end":{"line":138,"column":null}},"20":{"start":{"line":97,"column":18},"end":{"line":108,"column":null}},"21":{"start":{"line":117,"column":14},"end":{"line":122,"column":null}},"22":{"start":{"line":140,"column":1},"end":{"line":18,"column":31}},"23":{"start":{"line":12,"column":26},"end":{"line":18,"column":31}},"24":{"start":{"line":18,"column":30},"end":{"line":12,"column":26}},"25":{"start":{"line":142,"column":33},"end":{"line":142,"column":null}},"26":{"start":{"line":12,"column":9},"end":{"line":12,"column":26}},"27":{"start":{"line":13,"column":27},"end":{"line":13,"column":null}},"28":{"start":{"line":14,"column":16},"end":{"line":14,"column":38}},"29":{"start":{"line":16,"column":10},"end":{"line":16,"column":37}},"30":{"start":{"line":17,"column":10},"end":{"line":17,"column":null}},"31":{"start":{"line":17,"column":33},"end":{"line":17,"column":null}},"32":{"start":{"line":18,"column":2},"end":{"line":24,"column":7}},"33":{"start":{"line":20,"column":2},"end":{"line":24,"column":7}},"34":{"start":{"line":24,"column":6},"end":{"line":36,"column":7}},"35":{"start":{"line":32,"column":2},"end":{"line":36,"column":7}},"36":{"start":{"line":47,"column":6},"end":{"line":47,"column":null}},"37":{"start":{"line":49,"column":2},"end":{"line":59,"column":15}},"38":{"start":{"line":51,"column":2},"end":{"line":51,"column":27}},"39":{"start":{"line":53,"column":2},"end":{"line":58,"column":11}},"40":{"start":{"line":54,"column":6},"end":{"line":54,"column":null}},"41":{"start":{"line":57,"column":6},"end":{"line":57,"column":28}},"42":{"start":{"line":60,"column":4},"end":{"line":65,"column":null}},"43":{"start":{"line":66,"column":24},"end":{"line":137,"column":7}},"44":{"start":{"line":92,"column":12},"end":{"line":97,"column":19}},"45":{"start":{"line":75,"column":8},"end":{"line":119,"column":17}}},"fnMap":{"0":{"name":"PerfumeDetailPage","decl":{"start":{"line":12,"column":9},"end":{"line":12,"column":26}},"loc":{"start":{"line":12,"column":29},"end":{"line":140,"column":1}}},"1":{"name":"(anonymous_1)","decl":{"start":{"line":20,"column":49},"end":{"line":20,"column":50}},"loc":{"start":{"line":20,"column":56},"end":{"line":20,"column":66}}},"2":{"name":"(anonymous_2)","decl":{"start":{"line":53,"column":30},"end":{"line":53,"column":31}},"loc":{"start":{"line":53,"column":37},"end":{"line":61,"column":null}}},"3":{"name":"(anonymous_3)","decl":{"start":{"line":96,"column":34},"end":{"line":96,"column":35}},"loc":{"start":{"line":97,"column":18},"end":{"line":108,"column":null}}},"4":{"name":"(anonymous_4)","decl":{"start":{"line":116,"column":30},"end":{"line":116,"column":31}},"loc":{"start":{"line":117,"column":14},"end":{"line":122,"column":null}}},"5":{"name":"(anonymous_5)","decl":{"start":{"line":12,"column":26},"end":{"line":12,"column":29}},"loc":{"start":{"line":12,"column":26},"end":{"line":18,"column":31}}},"6":{"name":"PerfumeDetailPage","decl":{"start":{"line":10,"column":9},"end":{"line":10,"column":null}},"loc":{"start":{"line":10,"column":24},"end":{"line":137,"column":7}}},"7":{"name":"(anonymous_1)","decl":{"start":{"line":17,"column":33},"end":{"line":17,"column":null}},"loc":{"start":{"line":17,"column":33},"end":{"line":17,"column":null}}},"8":{"name":"(anonymous_2)","decl":{"start":{"line":49,"column":2},"end":{"line":49,"column":null}},"loc":{"start":{"line":49,"column":2},"end":{"line":59,"column":15}}},"9":{"name":"(anonymous_3)","decl":{"start":{"line":92,"column":12},"end":{"line":92,"column":13}},"loc":{"start":{"line":92,"column":12},"end":{"line":97,"column":19}}},"10":{"name":"(anonymous_4)","decl":{"start":{"line":75,"column":8},"end":{"line":75,"column":9}},"loc":{"start":{"line":75,"column":8},"end":{"line":119,"column":17}}}},"branchMap":{"0":{"loc":{"start":{"line":20,"column":18},"end":{"line":20,"column":null}},"type":"cond-expr","locations":[{"start":{"line":20,"column":32},"end":{"line":20,"column":70}},{"start":{"line":20,"column":70},"end":{"line":20,"column":null}}]},"1":{"loc":{"start":{"line":22,"column":2},"end":{"line":32,"column":null}},"type":"if","locations":[{"start":{"line":22,"column":2},"end":{"line":32,"column":null}}]},"2":{"loc":{"start":{"line":34,"column":2},"end":{"line":49,"column":null}},"type":"if","locations":[{"start":{"line":34,"column":2},"end":{"line":49,"column":null}}]},"3":{"loc":{"start":{"line":34,"column":6},"end":{"line":34,"column":25}},"type":"binary-expr","locations":[{"start":{"line":34,"column":6},"end":{"line":34,"column":15}},{"start":{"line":34,"column":15},"end":{"line":34,"column":25}}]},"4":{"loc":{"start":{"line":40,"column":13},"end":{"line":40,"column":null}},"type":"cond-expr","locations":[{"start":{"line":40,"column":21},"end":{"line":40,"column":37}},{"start":{"line":40,"column":37},"end":{"line":40,"column":null}}]},"5":{"loc":{"start":{"line":56,"column":4},"end":{"line":60,"column":null}},"type":"if","locations":[{"start":{"line":56,"column":4},"end":{"line":60,"column":null}},{"start":{"line":58,"column":11},"end":{"line":60,"column":null}}]},"6":{"loc":{"start":{"line":64,"column":28},"end":{"line":64,"column":77}},"type":"binary-expr","locations":[{"start":{"line":64,"column":28},"end":{"line":64,"column":53}},{"start":{"line":64,"column":53},"end":{"line":64,"column":77}}]},"7":{"loc":{"start":{"line":84,"column":21},"end":{"line":84,"column":null}},"type":"cond-expr","locations":[{"start":{"line":84,"column":29},"end":{"line":84,"column":51}},{"start":{"line":84,"column":51},"end":{"line":84,"column":null}}]},"8":{"loc":{"start":{"line":95,"column":15},"end":{"line":109,"column":null}},"type":"binary-expr","locations":[{"start":{"line":95,"column":15},"end":{"line":95,"column":null}},{"start":{"line":96,"column":16},"end":{"line":109,"column":null}}]},"9":{"loc":{"start":{"line":114,"column":9},"end":{"line":124,"column":null}},"type":"binary-expr","locations":[{"start":{"line":114,"column":9},"end":{"line":114,"column":null}},{"start":{"line":115,"column":10},"end":{"line":124,"column":null}}]},"10":{"loc":{"start":{"line":127,"column":9},"end":{"line":133,"column":null}},"type":"binary-expr","locations":[{"start":{"line":127,"column":9},"end":{"line":127,"column":null}},{"start":{"line":128,"column":10},"end":{"line":133,"column":null}}]},"11":{"loc":{"start":{"line":17,"column":10},"end":{"line":17,"column":null}},"type":"cond-expr","locations":[{"start":{"line":17,"column":25},"end":{"line":17,"column":null}},{"start":{"line":17,"column":33},"end":{"line":17,"column":null}}]},"12":{"loc":{"start":{"line":18,"column":2},"end":{"line":24,"column":7}},"type":"if","locations":[{"start":{"line":18,"column":2},"end":{"line":24,"column":7}}]},"13":{"loc":{"start":{"line":24,"column":6},"end":{"line":36,"column":7}},"type":"if","locations":[{"start":{"line":24,"column":6},"end":{"line":36,"column":7}}]},"14":{"loc":{"start":{"line":24,"column":6},"end":{"line":30,"column":null}},"type":"binary-expr","locations":[{"start":{"line":24,"column":6},"end":{"line":24,"column":7}},{"start":{"line":30,"column":6},"end":{"line":30,"column":null}}]},"15":{"loc":{"start":{"line":37,"column":15},"end":{"line":37,"column":null}},"type":"cond-expr","locations":[{"start":{"line":37,"column":15},"end":{"line":37,"column":null}},{"start":{"line":37,"column":15},"end":{"line":37,"column":null}}]},"16":{"loc":{"start":{"line":53,"column":2},"end":{"line":58,"column":11}},"type":"if","locations":[{"start":{"line":53,"column":2},"end":{"line":58,"column":11}},{"start":{"line":56,"column":8},"end":{"line":58,"column":11}}]},"17":{"loc":{"start":{"line":61,"column":2},"end":{"line":61,"column":null}},"type":"binary-expr","locations":[{"start":{"line":61,"column":2},"end":{"line":61,"column":null}},{"start":{"line":61,"column":2},"end":{"line":61,"column":null}}]},"18":{"loc":{"start":{"line":83,"column":15},"end":{"line":83,"column":null}},"type":"cond-expr","locations":[{"start":{"line":83,"column":15},"end":{"line":83,"column":null}},{"start":{"line":83,"column":15},"end":{"line":83,"column":null}}]},"19":{"loc":{"start":{"line":92,"column":12},"end":{"line":97,"column":19}},"type":"binary-expr","locations":[{"start":{"line":92,"column":12},"end":{"line":92,"column":13}},{"start":{"line":92,"column":12},"end":{"line":97,"column":19}}]},"20":{"loc":{"start":{"line":75,"column":8},"end":{"line":117,"column":15}},"type":"binary-expr","locations":[{"start":{"line":75,"column":8},"end":{"line":75,"column":9}},{"start":{"line":75,"column":8},"end":{"line":117,"column":15}}]},"21":{"loc":{"start":{"line":117,"column":14},"end":{"line":129,"column":13}},"type":"binary-expr","locations":[{"start":{"line":117,"column":14},"end":{"line":122,"column":null}},{"start":{"line":122,"column":14},"end":{"line":129,"column":13}}]}},"s":{"0":14,"1":4,"2":4,"3":4,"4":14,"5":14,"6":9,"7":7,"8":4,"9":2,"10":2,"11":0,"12":5,"13":2,"14":0,"15":0,"16":0,"17":0,"18":2,"19":2,"20":17,"21":11,"22":7,"23":1,"24":7,"25":7,"26":10,"27":10,"28":10,"29":10,"30":10,"31":5,"32":10,"33":5,"34":5,"35":2,"36":5,"37":3,"38":0,"39":0,"40":2,"41":0,"42":3,"43":3,"44":5,"45":2},"f":{"0":4,"1":12,"2":10,"3":24,"4":18,"5":1,"6":10,"7":9,"8":4,"9":7,"10":4},"b":{"0":[7,7],"1":[2],"2":[0],"3":[4,5],"4":[2,3],"5":[0,0],"6":[2,0],"7":[0,2],"8":[2,2],"9":[2,2],"10":[2,2],"11":[5,5],"12":[5],"13":[2],"14":[7,7],"15":[0,4],"16":[0,0],"17":[3,3],"18":[0,3],"19":[3,3],"20":[3,0],"21":[3,3]}}
}
