{"C:/Users/Рома/perfumer/src/App.jsx": {"path":"C:/Users/Рома/perfumer/src/App.jsx","statementMap":{"0":{"start":{"line":18,"column":2},"end":{"line":37,"column":null}},"1":{"start":{"line":39,"column":1},"end":{"line":17,"column":15}},"2":{"start":{"line":41,"column":19},"end":{"line":41,"column":null}}},"fnMap":{"0":{"name":"App","decl":{"start":{"line":17,"column":9},"end":{"line":17,"column":15}},"loc":{"start":{"line":17,"column":15},"end":{"line":39,"column":1}}}},"branchMap":{},"s":{"0":6,"1":3,"2":3},"f":{"0":6},"b":{}}
,"C:/Users/Рома/perfumer/src/ProtectedRoute.jsx": {"path":"C:/Users/Рома/perfumer/src/ProtectedRoute.jsx","statementMap":{"0":{"start":{"line":6,"column":23},"end":{"line":14,"column":2}},"1":{"start":{"line":6,"column":29},"end":{"line":6,"column":null}},"2":{"start":{"line":7,"column":25},"end":{"line":7,"column":null}},"3":{"start":{"line":9,"column":2},"end":{"line":11,"column":null}},"4":{"start":{"line":10,"column":4},"end":{"line":10,"column":null}},"5":{"start":{"line":13,"column":2},"end":{"line":13,"column":null}},"6":{"start":{"line":14,"column":2},"end":{"line":7,"column":33}},"7":{"start":{"line":6,"column":20},"end":{"line":7,"column":33}},"8":{"start":{"line":7,"column":32},"end":{"line":6,"column":20}},"9":{"start":{"line":16,"column":30},"end":{"line":16,"column":null}}},"fnMap":{"0":{"name":"(anonymous_0)","decl":{"start":{"line":6,"column":23},"end":{"line":6,"column":29}},"loc":{"start":{"line":6,"column":29},"end":{"line":14,"column":2}}},"1":{"name":"(anonymous_1)","decl":{"start":{"line":6,"column":20},"end":{"line":6,"column":23}},"loc":{"start":{"line":6,"column":20},"end":{"line":7,"column":33}}}},"branchMap":{"0":{"loc":{"start":{"line":9,"column":2},"end":{"line":11,"column":null}},"type":"if","locations":[{"start":{"line":9,"column":2},"end":{"line":11,"column":null}}]}},"s":{"0":3,"1":0,"2":0,"3":0,"4":0,"5":0,"6":3,"7":0,"8":3,"9":3},"f":{"0":0,"1":0},"b":{"0":[0]}}
,"C:/Users/Рома/perfumer/src/main.jsx": {"path":"C:/Users/Рома/perfumer/src/main.jsx","statementMap":{"0":{"start":{"line":6,"column":0},"end":{"line":10,"column":null}}},"fnMap":{},"branchMap":{},"s":{"0":3},"f":{},"b":{}}
,"C:/Users/Рома/perfumer/src/components/Footer/Footer.jsx": {"path":"C:/Users/Рома/perfumer/src/components/Footer/Footer.jsx","statementMap":{"0":{"start":{"line":6,"column":2},"end":{"line":59,"column":null}},"1":{"start":{"line":61,"column":1},"end":{"line":5,"column":18}},"2":{"start":{"line":63,"column":22},"end":{"line":63,"column":null}}},"fnMap":{"0":{"name":"Footer","decl":{"start":{"line":5,"column":9},"end":{"line":5,"column":18}},"loc":{"start":{"line":5,"column":18},"end":{"line":61,"column":1}}}},"branchMap":{},"s":{"0":22,"1":3,"2":3},"f":{"0":22},"b":{}}
,"C:/Users/Рома/perfumer/src/components/Header/Header.jsx": {"path":"C:/Users/Рома/perfumer/src/components/Header/Header.jsx","statementMap":{"0":{"start":{"line":7,"column":18},"end":{"line":7,"column":null}},"1":{"start":{"line":8,"column":39},"end":{"line":8,"column":null}},"2":{"start":{"line":9,"column":19},"end":{"line":9,"column":null}},"3":{"start":{"line":11,"column":23},"end":{"line":14,"column":null}},"4":{"start":{"line":12,"column":4},"end":{"line":12,"column":null}},"5":{"start":{"line":13,"column":4},"end":{"line":13,"column":null}},"6":{"start":{"line":16,"column":2},"end":{"line":83,"column":null}},"7":{"start":{"line":26,"column":12},"end":{"line":26,"column":null}},"8":{"start":{"line":35,"column":12},"end":{"line":35,"column":null}},"9":{"start":{"line":44,"column":12},"end":{"line":44,"column":null}},"10":{"start":{"line":61,"column":14},"end":{"line":61,"column":null}},"11":{"start":{"line":71,"column":12},"end":{"line":73,"column":null}},"12":{"start":{"line":85,"column":1},"end":{"line":9,"column":31}},"13":{"start":{"line":7,"column":15},"end":{"line":9,"column":31}},"14":{"start":{"line":9,"column":30},"end":{"line":7,"column":15}},"15":{"start":{"line":87,"column":22},"end":{"line":87,"column":null}}},"fnMap":{"0":{"name":"Header","decl":{"start":{"line":7,"column":9},"end":{"line":7,"column":15}},"loc":{"start":{"line":7,"column":18},"end":{"line":85,"column":1}}},"1":{"name":"(anonymous_1)","decl":{"start":{"line":11,"column":23},"end":{"line":11,"column":29}},"loc":{"start":{"line":11,"column":29},"end":{"line":14,"column":null}}},"2":{"name":"(anonymous_2)","decl":{"start":{"line":25,"column":21},"end":{"line":25,"column":22}},"loc":{"start":{"line":26,"column":12},"end":{"line":26,"column":null}}},"3":{"name":"(anonymous_3)","decl":{"start":{"line":34,"column":21},"end":{"line":34,"column":22}},"loc":{"start":{"line":35,"column":12},"end":{"line":35,"column":null}}},"4":{"name":"(anonymous_4)","decl":{"start":{"line":43,"column":21},"end":{"line":43,"column":22}},"loc":{"start":{"line":44,"column":12},"end":{"line":44,"column":null}}},"5":{"name":"(anonymous_5)","decl":{"start":{"line":60,"column":23},"end":{"line":60,"column":24}},"loc":{"start":{"line":61,"column":14},"end":{"line":61,"column":null}}},"6":{"name":"(anonymous_6)","decl":{"start":{"line":70,"column":21},"end":{"line":70,"column":22}},"loc":{"start":{"line":71,"column":12},"end":{"line":73,"column":null}}},"7":{"name":"(anonymous_7)","decl":{"start":{"line":7,"column":15},"end":{"line":7,"column":18}},"loc":{"start":{"line":7,"column":15},"end":{"line":9,"column":31}}}},"branchMap":{"0":{"loc":{"start":{"line":26,"column":12},"end":{"line":26,"column":null}},"type":"cond-expr","locations":[{"start":{"line":26,"column":23},"end":{"line":26,"column":62}},{"start":{"line":26,"column":62},"end":{"line":26,"column":null}}]},"1":{"loc":{"start":{"line":35,"column":12},"end":{"line":35,"column":null}},"type":"cond-expr","locations":[{"start":{"line":35,"column":23},"end":{"line":35,"column":62}},{"start":{"line":35,"column":62},"end":{"line":35,"column":null}}]},"2":{"loc":{"start":{"line":44,"column":12},"end":{"line":44,"column":null}},"type":"cond-expr","locations":[{"start":{"line":44,"column":23},"end":{"line":44,"column":62}},{"start":{"line":44,"column":62},"end":{"line":44,"column":null}}]},"3":{"loc":{"start":{"line":50,"column":9},"end":{"line":65,"column":null}},"type":"cond-expr","locations":[{"start":{"line":51,"column":10},"end":{"line":56,"column":null}},{"start":{"line":58,"column":10},"end":{"line":65,"column":null}}]},"4":{"loc":{"start":{"line":61,"column":14},"end":{"line":61,"column":null}},"type":"cond-expr","locations":[{"start":{"line":61,"column":25},"end":{"line":61,"column":64}},{"start":{"line":61,"column":64},"end":{"line":61,"column":null}}]},"5":{"loc":{"start":{"line":71,"column":12},"end":{"line":73,"column":null}},"type":"cond-expr","locations":[{"start":{"line":72,"column":16},"end":{"line":72,"column":null}},{"start":{"line":73,"column":16},"end":{"line":73,"column":null}}]},"6":{"loc":{"start":{"line":72,"column":56},"end":{"line":72,"column":89}},"type":"cond-expr","locations":[{"start":{"line":72,"column":67},"end":{"line":72,"column":87}},{"start":{"line":72,"column":87},"end":{"line":72,"column":89}}]}},"s":{"0":22,"1":22,"2":22,"3":22,"4":0,"5":0,"6":22,"7":22,"8":22,"9":22,"10":22,"11":22,"12":3,"13":3,"14":3,"15":3},"f":{"0":22,"1":0,"2":22,"3":22,"4":22,"5":22,"6":22,"7":3},"b":{"0":[18,4],"1":[0,22],"2":[0,22],"3":[0,22],"4":[0,22],"5":[0,22],"6":[0,0]}}
,"C:/Users/Рома/perfumer/src/components/perfumecard/PerfumeCard.jsx": {"path":"C:/Users/Рома/perfumer/src/components/perfumecard/PerfumeCard.jsx","statementMap":{"0":{"start":{"line":11,"column":58},"end":{"line":11,"column":null}},"1":{"start":{"line":12,"column":18},"end":{"line":12,"column":null}},"2":{"start":{"line":14,"column":41},"end":{"line":14,"column":null}},"3":{"start":{"line":15,"column":25},"end":{"line":15,"column":null}},"4":{"start":{"line":16,"column":19},"end":{"line":16,"column":null}},"5":{"start":{"line":18,"column":16},"end":{"line":18,"column":null}},"6":{"start":{"line":20,"column":30},"end":{"line":29,"column":null}},"7":{"start":{"line":21,"column":4},"end":{"line":21,"column":null}},"8":{"start":{"line":22,"column":4},"end":{"line":22,"column":null}},"9":{"start":{"line":24,"column":4},"end":{"line":28,"column":null}},"10":{"start":{"line":25,"column":6},"end":{"line":25,"column":null}},"11":{"start":{"line":27,"column":6},"end":{"line":27,"column":null}},"12":{"start":{"line":31,"column":2},"end":{"line":58,"column":null}},"13":{"start":{"line":60,"column":1},"end":{"line":16,"column":31}},"14":{"start":{"line":11,"column":20},"end":{"line":16,"column":31}},"15":{"start":{"line":16,"column":30},"end":{"line":11,"column":20}},"16":{"start":{"line":62,"column":27},"end":{"line":62,"column":null}}},"fnMap":{"0":{"name":"PerfumeCard","decl":{"start":{"line":11,"column":9},"end":{"line":11,"column":20}},"loc":{"start":{"line":11,"column":58},"end":{"line":60,"column":1}}},"1":{"name":"(anonymous_1)","decl":{"start":{"line":20,"column":30},"end":{"line":20,"column":31}},"loc":{"start":{"line":20,"column":37},"end":{"line":29,"column":null}}},"2":{"name":"(anonymous_2)","decl":{"start":{"line":11,"column":20},"end":{"line":11,"column":21}},"loc":{"start":{"line":11,"column":20},"end":{"line":16,"column":31}}}},"branchMap":{"0":{"loc":{"start":{"line":24,"column":4},"end":{"line":28,"column":null}},"type":"if","locations":[{"start":{"line":24,"column":4},"end":{"line":28,"column":null}},{"start":{"line":26,"column":11},"end":{"line":28,"column":null}}]},"1":{"loc":{"start":{"line":36,"column":17},"end":{"line":36,"column":null}},"type":"cond-expr","locations":[{"start":{"line":36,"column":25},"end":{"line":36,"column":43}},{"start":{"line":36,"column":43},"end":{"line":36,"column":null}}]},"2":{"loc":{"start":{"line":42,"column":9},"end":{"line":48,"column":null}},"type":"cond-expr","locations":[{"start":{"line":43,"column":10},"end":{"line":43,"column":null}},{"start":{"line":45,"column":10},"end":{"line":48,"column":null}}]}},"s":{"0":228,"1":228,"2":228,"3":228,"4":228,"5":228,"6":228,"7":0,"8":0,"9":0,"10":0,"11":0,"12":228,"13":3,"14":2,"15":3,"16":3},"f":{"0":228,"1":0,"2":2},"b":{"0":[0,0],"1":[0,228],"2":[0,228]}}
,"C:/Users/Рома/perfumer/src/context/AuthContext.jsx": {"path":"C:/Users/Рома/perfumer/src/context/AuthContext.jsx","statementMap":{"0":{"start":{"line":3,"column":27},"end":{"line":3,"column":null}},"1":{"start":{"line":5,"column":43},"end":{"line":5,"column":null}},"2":{"start":{"line":6,"column":26},"end":{"line":11,"column":null}},"3":{"start":{"line":7,"column":22},"end":{"line":7,"column":null}},"4":{"start":{"line":8,"column":23},"end":{"line":8,"column":null}},"5":{"start":{"line":10,"column":4},"end":{"line":10,"column":null}},"6":{"start":{"line":13,"column":21},"end":{"line":13,"column":null}},"7":{"start":{"line":15,"column":2},"end":{"line":24,"column":null}},"8":{"start":{"line":16,"column":4},"end":{"line":23,"column":null}},"9":{"start":{"line":17,"column":40},"end":{"line":17,"column":null}},"10":{"start":{"line":18,"column":6},"end":{"line":18,"column":null}},"11":{"start":{"line":19,"column":6},"end":{"line":19,"column":null}},"12":{"start":{"line":21,"column":6},"end":{"line":21,"column":null}},"13":{"start":{"line":22,"column":6},"end":{"line":22,"column":null}},"14":{"start":{"line":26,"column":16},"end":{"line":57,"column":null}},"15":{"start":{"line":27,"column":4},"end":{"line":56,"column":null}},"16":{"start":{"line":28,"column":22},"end":{"line":28,"column":null}},"17":{"start":{"line":30,"column":23},"end":{"line":36,"column":null}},"18":{"start":{"line":38,"column":19},"end":{"line":38,"column":null}},"19":{"start":{"line":40,"column":6},"end":{"line":53,"column":null}},"20":{"start":{"line":41,"column":8},"end":{"line":41,"column":null}},"21":{"start":{"line":42,"column":8},"end":{"line":45,"column":null}},"22":{"start":{"line":46,"column":8},"end":{"line":46,"column":null}},"23":{"start":{"line":47,"column":8},"end":{"line":47,"column":null}},"24":{"start":{"line":49,"column":8},"end":{"line":52,"column":null}},"25":{"start":{"line":55,"column":6},"end":{"line":55,"column":null}},"26":{"start":{"line":59,"column":19},"end":{"line":88,"column":null}},"27":{"start":{"line":60,"column":4},"end":{"line":87,"column":null}},"28":{"start":{"line":61,"column":22},"end":{"line":61,"column":null}},"29":{"start":{"line":63,"column":23},"end":{"line":67,"column":null}},"30":{"start":{"line":69,"column":19},"end":{"line":69,"column":null}},"31":{"start":{"line":71,"column":6},"end":{"line":84,"column":null}},"32":{"start":{"line":72,"column":8},"end":{"line":72,"column":null}},"33":{"start":{"line":73,"column":8},"end":{"line":76,"column":null}},"34":{"start":{"line":77,"column":8},"end":{"line":77,"column":null}},"35":{"start":{"line":78,"column":8},"end":{"line":78,"column":null}},"36":{"start":{"line":80,"column":8},"end":{"line":83,"column":null}},"37":{"start":{"line":86,"column":6},"end":{"line":86,"column":null}},"38":{"start":{"line":90,"column":17},"end":{"line":94,"column":null}},"39":{"start":{"line":91,"column":4},"end":{"line":91,"column":null}},"40":{"start":{"line":92,"column":4},"end":{"line":92,"column":null}},"41":{"start":{"line":93,"column":4},"end":{"line":93,"column":null}},"42":{"start":{"line":96,"column":16},"end":{"line":102,"column":null}},"43":{"start":{"line":104,"column":2},"end":{"line":104,"column":null}},"44":{"start":{"line":105,"column":1},"end":{"line":5,"column":29}},"45":{"start":{"line":5,"column":28},"end":{"line":null,"column":-1}},"46":{"start":{"line":107,"column":26},"end":{"line":107,"column":null}},"47":{"start":{"line":108,"column":18},"end":{"line":108,"column":null}},"48":{"start":{"line":109,"column":2},"end":{"line":111,"column":null}},"49":{"start":{"line":110,"column":4},"end":{"line":110,"column":null}},"50":{"start":{"line":112,"column":2},"end":{"line":112,"column":null}},"51":{"start":{"line":113,"column":1},"end":{"line":107,"column":26}},"52":{"start":{"line":107,"column":23},"end":{"line":107,"column":26}}},"fnMap":{"0":{"name":"AuthProvider","decl":{"start":{"line":5,"column":16},"end":{"line":5,"column":28}},"loc":{"start":{"line":5,"column":43},"end":{"line":105,"column":1}}},"1":{"name":"(anonymous_1)","decl":{"start":{"line":6,"column":35},"end":{"line":6,"column":41}},"loc":{"start":{"line":6,"column":41},"end":{"line":11,"column":3}}},"2":{"name":"(anonymous_2)","decl":{"start":{"line":15,"column":12},"end":{"line":15,"column":18}},"loc":{"start":{"line":15,"column":18},"end":{"line":24,"column":5}}},"3":{"name":"(anonymous_3)","decl":{"start":{"line":26,"column":16},"end":{"line":26,"column":23}},"loc":{"start":{"line":26,"column":43},"end":{"line":57,"column":null}}},"4":{"name":"(anonymous_4)","decl":{"start":{"line":59,"column":19},"end":{"line":59,"column":26}},"loc":{"start":{"line":59,"column":52},"end":{"line":88,"column":null}}},"5":{"name":"(anonymous_5)","decl":{"start":{"line":90,"column":17},"end":{"line":90,"column":23}},"loc":{"start":{"line":90,"column":23},"end":{"line":94,"column":null}}},"6":{"name":"useAuth","decl":{"start":{"line":107,"column":16},"end":{"line":107,"column":23}},"loc":{"start":{"line":107,"column":26},"end":{"line":113,"column":1}}}},"branchMap":{"0":{"loc":{"start":{"line":10,"column":11},"end":{"line":10,"column":null}},"type":"cond-expr","locations":[{"start":{"line":10,"column":23},"end":{"line":10,"column":73}},{"start":{"line":10,"column":73},"end":{"line":10,"column":null}}]},"1":{"loc":{"start":{"line":16,"column":4},"end":{"line":23,"column":null}},"type":"if","locations":[{"start":{"line":16,"column":4},"end":{"line":23,"column":null}},{"start":{"line":20,"column":11},"end":{"line":23,"column":null}}]},"2":{"loc":{"start":{"line":16,"column":8},"end":{"line":16,"column":28}},"type":"binary-expr","locations":[{"start":{"line":16,"column":8},"end":{"line":16,"column":16}},{"start":{"line":16,"column":16},"end":{"line":16,"column":28}}]},"3":{"loc":{"start":{"line":40,"column":6},"end":{"line":53,"column":null}},"type":"if","locations":[{"start":{"line":40,"column":6},"end":{"line":53,"column":null}},{"start":{"line":48,"column":13},"end":{"line":53,"column":null}}]},"4":{"loc":{"start":{"line":51,"column":19},"end":{"line":51,"column":null}},"type":"binary-expr","locations":[{"start":{"line":51,"column":19},"end":{"line":51,"column":35}},{"start":{"line":51,"column":35},"end":{"line":51,"column":null}}]},"5":{"loc":{"start":{"line":71,"column":6},"end":{"line":84,"column":null}},"type":"if","locations":[{"start":{"line":71,"column":6},"end":{"line":84,"column":null}},{"start":{"line":79,"column":13},"end":{"line":84,"column":null}}]},"6":{"loc":{"start":{"line":82,"column":19},"end":{"line":82,"column":null}},"type":"binary-expr","locations":[{"start":{"line":82,"column":19},"end":{"line":82,"column":35}},{"start":{"line":82,"column":35},"end":{"line":82,"column":null}}]},"7":{"loc":{"start":{"line":109,"column":2},"end":{"line":111,"column":null}},"type":"if","locations":[{"start":{"line":109,"column":2},"end":{"line":111,"column":null}}]}},"s":{"0":3,"1":6,"2":6,"3":6,"4":6,"5":6,"6":6,"7":6,"8":6,"9":0,"10":0,"11":0,"12":6,"13":6,"14":6,"15":0,"16":0,"17":0,"18":0,"19":0,"20":0,"21":0,"22":0,"23":0,"24":0,"25":0,"26":6,"27":0,"28":0,"29":0,"30":0,"31":0,"32":0,"33":0,"34":0,"35":0,"36":0,"37":0,"38":6,"39":0,"40":0,"41":0,"42":6,"43":6,"44":3,"45":3,"46":254,"47":254,"48":254,"49":0,"50":254,"51":3,"52":3},"f":{"0":6,"1":6,"2":6,"3":0,"4":0,"5":0,"6":254},"b":{"0":[0,6],"1":[0,6],"2":[6,0],"3":[0,0],"4":[0,0],"5":[0,0],"6":[0,0],"7":[0]}}
,"C:/Users/Рома/perfumer/src/context/FavoritesContext.jsx": {"path":"C:/Users/Рома/perfumer/src/context/FavoritesContext.jsx","statementMap":{"0":{"start":{"line":3,"column":32},"end":{"line":3,"column":null}},"1":{"start":{"line":5,"column":48},"end":{"line":5,"column":null}},"2":{"start":{"line":6,"column":36},"end":{"line":9,"column":null}},"3":{"start":{"line":7,"column":27},"end":{"line":7,"column":null}},"4":{"start":{"line":8,"column":4},"end":{"line":8,"column":null}},"5":{"start":{"line":11,"column":2},"end":{"line":13,"column":null}},"6":{"start":{"line":12,"column":4},"end":{"line":12,"column":null}},"7":{"start":{"line":15,"column":25},"end":{"line":24,"column":null}},"8":{"start":{"line":16,"column":4},"end":{"line":23,"column":null}},"9":{"start":{"line":17,"column":20},"end":{"line":17,"column":null}},"10":{"start":{"line":17,"column":46},"end":{"line":17,"column":65}},"11":{"start":{"line":18,"column":6},"end":{"line":22,"column":null}},"12":{"start":{"line":19,"column":8},"end":{"line":19,"column":null}},"13":{"start":{"line":19,"column":43},"end":{"line":19,"column":62}},"14":{"start":{"line":21,"column":8},"end":{"line":21,"column":null}},"15":{"start":{"line":26,"column":21},"end":{"line":28,"column":null}},"16":{"start":{"line":27,"column":4},"end":{"line":27,"column":null}},"17":{"start":{"line":27,"column":33},"end":{"line":27,"column":51}},"18":{"start":{"line":30,"column":16},"end":{"line":34,"column":null}},"19":{"start":{"line":36,"column":2},"end":{"line":39,"column":null}},"20":{"start":{"line":41,"column":1},"end":{"line":5,"column":34}},"21":{"start":{"line":5,"column":33},"end":{"line":null,"column":-1}},"22":{"start":{"line":43,"column":31},"end":{"line":43,"column":null}},"23":{"start":{"line":44,"column":18},"end":{"line":44,"column":null}},"24":{"start":{"line":45,"column":2},"end":{"line":47,"column":null}},"25":{"start":{"line":46,"column":4},"end":{"line":46,"column":null}},"26":{"start":{"line":48,"column":2},"end":{"line":48,"column":null}},"27":{"start":{"line":49,"column":1},"end":{"line":43,"column":31}},"28":{"start":{"line":43,"column":28},"end":{"line":43,"column":31}}},"fnMap":{"0":{"name":"FavoritesProvider","decl":{"start":{"line":5,"column":16},"end":{"line":5,"column":33}},"loc":{"start":{"line":5,"column":48},"end":{"line":41,"column":1}}},"1":{"name":"(anonymous_1)","decl":{"start":{"line":6,"column":45},"end":{"line":6,"column":51}},"loc":{"start":{"line":6,"column":51},"end":{"line":9,"column":3}}},"2":{"name":"(anonymous_2)","decl":{"start":{"line":11,"column":12},"end":{"line":11,"column":18}},"loc":{"start":{"line":11,"column":18},"end":{"line":13,"column":5}}},"3":{"name":"(anonymous_3)","decl":{"start":{"line":15,"column":25},"end":{"line":15,"column":26}},"loc":{"start":{"line":15,"column":38},"end":{"line":24,"column":null}}},"4":{"name":"(anonymous_4)","decl":{"start":{"line":16,"column":17},"end":{"line":16,"column":18}},"loc":{"start":{"line":16,"column":36},"end":{"line":23,"column":5}}},"5":{"name":"(anonymous_5)","decl":{"start":{"line":17,"column":39},"end":{"line":17,"column":40}},"loc":{"start":{"line":17,"column":46},"end":{"line":17,"column":65}}},"6":{"name":"(anonymous_6)","decl":{"start":{"line":19,"column":36},"end":{"line":19,"column":37}},"loc":{"start":{"line":19,"column":43},"end":{"line":19,"column":62}}},"7":{"name":"(anonymous_7)","decl":{"start":{"line":26,"column":21},"end":{"line":26,"column":22}},"loc":{"start":{"line":26,"column":36},"end":{"line":28,"column":null}}},"8":{"name":"(anonymous_8)","decl":{"start":{"line":27,"column":26},"end":{"line":27,"column":27}},"loc":{"start":{"line":27,"column":33},"end":{"line":27,"column":51}}},"9":{"name":"useFavorites","decl":{"start":{"line":43,"column":16},"end":{"line":43,"column":28}},"loc":{"start":{"line":43,"column":31},"end":{"line":49,"column":1}}}},"branchMap":{"0":{"loc":{"start":{"line":8,"column":11},"end":{"line":8,"column":null}},"type":"cond-expr","locations":[{"start":{"line":8,"column":28},"end":{"line":8,"column":57}},{"start":{"line":8,"column":57},"end":{"line":8,"column":null}}]},"1":{"loc":{"start":{"line":18,"column":6},"end":{"line":22,"column":null}},"type":"if","locations":[{"start":{"line":18,"column":6},"end":{"line":22,"column":null}},{"start":{"line":20,"column":13},"end":{"line":22,"column":null}}]},"2":{"loc":{"start":{"line":45,"column":2},"end":{"line":47,"column":null}},"type":"if","locations":[{"start":{"line":45,"column":2},"end":{"line":47,"column":null}}]}},"s":{"0":3,"1":6,"2":6,"3":6,"4":6,"5":6,"6":6,"7":6,"8":0,"9":0,"10":0,"11":0,"12":0,"13":0,"14":0,"15":6,"16":230,"17":0,"18":6,"19":6,"20":3,"21":3,"22":254,"23":254,"24":254,"25":0,"26":254,"27":3,"28":3},"f":{"0":6,"1":6,"2":6,"3":0,"4":0,"5":0,"6":0,"7":230,"8":0,"9":254},"b":{"0":[0,6],"1":[0,0],"2":[0]}}
,"C:/Users/Рома/perfumer/src/hooks/useFetch.jsx": {"path":"C:/Users/Рома/perfumer/src/hooks/useFetch.jsx","statementMap":{"0":{"start":{"line":3,"column":28},"end":{"line":3,"column":null}},"1":{"start":{"line":4,"column":26},"end":{"line":4,"column":null}},"2":{"start":{"line":5,"column":32},"end":{"line":5,"column":null}},"3":{"start":{"line":6,"column":28},"end":{"line":6,"column":null}},"4":{"start":{"line":8,"column":2},"end":{"line":37,"column":null}},"5":{"start":{"line":9,"column":4},"end":{"line":9,"column":null}},"6":{"start":{"line":9,"column":19},"end":{"line":9,"column":null}},"7":{"start":{"line":11,"column":22},"end":{"line":34,"column":null}},"8":{"start":{"line":12,"column":6},"end":{"line":12,"column":null}},"9":{"start":{"line":13,"column":6},"end":{"line":13,"column":null}},"10":{"start":{"line":15,"column":6},"end":{"line":33,"column":null}},"11":{"start":{"line":16,"column":24},"end":{"line":16,"column":null}},"12":{"start":{"line":18,"column":24},"end":{"line":18,"column":null}},"13":{"start":{"line":20,"column":25},"end":{"line":20,"column":null}},"14":{"start":{"line":22,"column":8},"end":{"line":24,"column":null}},"15":{"start":{"line":23,"column":10},"end":{"line":23,"column":null}},"16":{"start":{"line":26,"column":23},"end":{"line":26,"column":null}},"17":{"start":{"line":28,"column":8},"end":{"line":28,"column":null}},"18":{"start":{"line":30,"column":8},"end":{"line":30,"column":null}},"19":{"start":{"line":32,"column":8},"end":{"line":32,"column":null}},"20":{"start":{"line":36,"column":4},"end":{"line":36,"column":null}},"21":{"start":{"line":39,"column":2},"end":{"line":39,"column":null}},"22":{"start":{"line":40,"column":1},"end":{"line":3,"column":18}}},"fnMap":{"0":{"name":"useFetch","decl":{"start":{"line":3,"column":9},"end":{"line":3,"column":17}},"loc":{"start":{"line":3,"column":28},"end":{"line":40,"column":1}}},"1":{"name":"(anonymous_1)","decl":{"start":{"line":8,"column":12},"end":{"line":8,"column":18}},"loc":{"start":{"line":8,"column":18},"end":{"line":37,"column":5}}},"2":{"name":"(anonymous_2)","decl":{"start":{"line":11,"column":22},"end":{"line":11,"column":34}},"loc":{"start":{"line":11,"column":34},"end":{"line":34,"column":null}}}},"branchMap":{"0":{"loc":{"start":{"line":9,"column":4},"end":{"line":9,"column":null}},"type":"if","locations":[{"start":{"line":9,"column":4},"end":{"line":9,"column":null}}]},"1":{"loc":{"start":{"line":22,"column":8},"end":{"line":24,"column":null}},"type":"if","locations":[{"start":{"line":22,"column":8},"end":{"line":24,"column":null}}]}},"s":{"0":26,"1":26,"2":26,"3":26,"4":26,"5":8,"6":0,"7":8,"8":8,"9":8,"10":8,"11":8,"12":8,"13":8,"14":5,"15":0,"16":5,"17":5,"18":0,"19":5,"20":8,"21":26,"22":3},"f":{"0":26,"1":8,"2":8},"b":{"0":[0],"1":[0]}}
,"C:/Users/Рома/perfumer/src/pages/AboutPage.jsx": {"path":"C:/Users/Рома/perfumer/src/pages/AboutPage.jsx","statementMap":{"0":{"start":{"line":7,"column":2},"end":{"line":63,"column":null}},"1":{"start":{"line":65,"column":1},"end":{"line":6,"column":21}},"2":{"start":{"line":67,"column":25},"end":{"line":67,"column":null}}},"fnMap":{"0":{"name":"AboutPage","decl":{"start":{"line":6,"column":9},"end":{"line":6,"column":21}},"loc":{"start":{"line":6,"column":21},"end":{"line":65,"column":1}}}},"branchMap":{},"s":{"0":0,"1":3,"2":3},"f":{"0":0},"b":{}}
,"C:/Users/Рома/perfumer/src/pages/AuthPage.jsx": {"path":"C:/Users/Рома/perfumer/src/pages/AuthPage.jsx","statementMap":{"0":{"start":{"line":8,"column":20},"end":{"line":8,"column":null}},"1":{"start":{"line":9,"column":36},"end":{"line":9,"column":null}},"2":{"start":{"line":10,"column":19},"end":{"line":10,"column":null}},"3":{"start":{"line":12,"column":30},"end":{"line":12,"column":null}},"4":{"start":{"line":14,"column":28},"end":{"line":14,"column":null}},"5":{"start":{"line":15,"column":34},"end":{"line":15,"column":null}},"6":{"start":{"line":16,"column":26},"end":{"line":16,"column":null}},"7":{"start":{"line":17,"column":48},"end":{"line":17,"column":null}},"8":{"start":{"line":18,"column":28},"end":{"line":18,"column":null}},"9":{"start":{"line":20,"column":23},"end":{"line":53,"column":null}},"10":{"start":{"line":21,"column":4},"end":{"line":21,"column":null}},"11":{"start":{"line":22,"column":4},"end":{"line":22,"column":null}},"12":{"start":{"line":24,"column":4},"end":{"line":52,"column":null}},"13":{"start":{"line":25,"column":6},"end":{"line":28,"column":null}},"14":{"start":{"line":26,"column":8},"end":{"line":26,"column":null}},"15":{"start":{"line":27,"column":8},"end":{"line":27,"column":null}},"16":{"start":{"line":29,"column":21},"end":{"line":29,"column":null}},"17":{"start":{"line":30,"column":6},"end":{"line":34,"column":null}},"18":{"start":{"line":31,"column":8},"end":{"line":31,"column":null}},"19":{"start":{"line":33,"column":8},"end":{"line":33,"column":null}},"20":{"start":{"line":36,"column":6},"end":{"line":39,"column":null}},"21":{"start":{"line":37,"column":8},"end":{"line":37,"column":null}},"22":{"start":{"line":38,"column":8},"end":{"line":38,"column":null}},"23":{"start":{"line":40,"column":6},"end":{"line":43,"column":null}},"24":{"start":{"line":41,"column":8},"end":{"line":41,"column":null}},"25":{"start":{"line":42,"column":8},"end":{"line":42,"column":null}},"26":{"start":{"line":45,"column":21},"end":{"line":45,"column":null}},"27":{"start":{"line":47,"column":6},"end":{"line":51,"column":null}},"28":{"start":{"line":48,"column":8},"end":{"line":48,"column":null}},"29":{"start":{"line":50,"column":8},"end":{"line":50,"column":null}},"30":{"start":{"line":55,"column":2},"end":{"line":153,"column":null}},"31":{"start":{"line":64,"column":16},"end":{"line":64,"column":null}},"32":{"start":{"line":65,"column":16},"end":{"line":65,"column":null}},"33":{"start":{"line":73,"column":16},"end":{"line":73,"column":null}},"34":{"start":{"line":74,"column":16},"end":{"line":74,"column":null}},"35":{"start":{"line":91,"column":33},"end":{"line":91,"column":58}},"36":{"start":{"line":109,"column":33},"end":{"line":109,"column":57}},"37":{"start":{"line":122,"column":33},"end":{"line":122,"column":61}},"38":{"start":{"line":140,"column":33},"end":{"line":140,"column":68}},"39":{"start":{"line":155,"column":1},"end":{"line":12,"column":38}},"40":{"start":{"line":8,"column":17},"end":{"line":12,"column":38}},"41":{"start":{"line":12,"column":37},"end":{"line":8,"column":17}},"42":{"start":{"line":157,"column":24},"end":{"line":157,"column":null}}},"fnMap":{"0":{"name":"AuthPage","decl":{"start":{"line":8,"column":9},"end":{"line":8,"column":17}},"loc":{"start":{"line":8,"column":20},"end":{"line":155,"column":1}}},"1":{"name":"(anonymous_1)","decl":{"start":{"line":20,"column":23},"end":{"line":20,"column":30}},"loc":{"start":{"line":20,"column":40},"end":{"line":53,"column":null}}},"2":{"name":"(anonymous_2)","decl":{"start":{"line":63,"column":23},"end":{"line":63,"column":29}},"loc":{"start":{"line":63,"column":29},"end":{"line":66,"column":16}}},"3":{"name":"(anonymous_3)","decl":{"start":{"line":72,"column":23},"end":{"line":72,"column":29}},"loc":{"start":{"line":72,"column":29},"end":{"line":75,"column":16}}},"4":{"name":"(anonymous_4)","decl":{"start":{"line":91,"column":26},"end":{"line":91,"column":27}},"loc":{"start":{"line":91,"column":33},"end":{"line":91,"column":58}}},"5":{"name":"(anonymous_5)","decl":{"start":{"line":109,"column":26},"end":{"line":109,"column":27}},"loc":{"start":{"line":109,"column":33},"end":{"line":109,"column":57}}},"6":{"name":"(anonymous_6)","decl":{"start":{"line":122,"column":26},"end":{"line":122,"column":27}},"loc":{"start":{"line":122,"column":33},"end":{"line":122,"column":61}}},"7":{"name":"(anonymous_7)","decl":{"start":{"line":140,"column":26},"end":{"line":140,"column":27}},"loc":{"start":{"line":140,"column":33},"end":{"line":140,"column":68}}},"8":{"name":"(anonymous_8)","decl":{"start":{"line":8,"column":17},"end":{"line":8,"column":20}},"loc":{"start":{"line":8,"column":17},"end":{"line":12,"column":38}}}},"branchMap":{"0":{"loc":{"start":{"line":24,"column":4},"end":{"line":52,"column":null}},"type":"if","locations":[{"start":{"line":24,"column":4},"end":{"line":52,"column":null}},{"start":{"line":35,"column":11},"end":{"line":52,"column":null}}]},"1":{"loc":{"start":{"line":25,"column":6},"end":{"line":28,"column":null}},"type":"if","locations":[{"start":{"line":25,"column":6},"end":{"line":28,"column":null}}]},"2":{"loc":{"start":{"line":25,"column":10},"end":{"line":25,"column":31}},"type":"binary-expr","locations":[{"start":{"line":25,"column":10},"end":{"line":25,"column":20}},{"start":{"line":25,"column":20},"end":{"line":25,"column":31}}]},"3":{"loc":{"start":{"line":30,"column":6},"end":{"line":34,"column":null}},"type":"if","locations":[{"start":{"line":30,"column":6},"end":{"line":34,"column":null}},{"start":{"line":32,"column":13},"end":{"line":34,"column":null}}]},"4":{"loc":{"start":{"line":36,"column":6},"end":{"line":39,"column":null}},"type":"if","locations":[{"start":{"line":36,"column":6},"end":{"line":39,"column":null}}]},"5":{"loc":{"start":{"line":40,"column":6},"end":{"line":43,"column":null}},"type":"if","locations":[{"start":{"line":40,"column":6},"end":{"line":43,"column":null}}]},"6":{"loc":{"start":{"line":40,"column":10},"end":{"line":40,"column":40}},"type":"binary-expr","locations":[{"start":{"line":40,"column":10},"end":{"line":40,"column":20}},{"start":{"line":40,"column":20},"end":{"line":40,"column":33}},{"start":{"line":40,"column":33},"end":{"line":40,"column":40}}]},"7":{"loc":{"start":{"line":47,"column":6},"end":{"line":51,"column":null}},"type":"if","locations":[{"start":{"line":47,"column":6},"end":{"line":51,"column":null}},{"start":{"line":49,"column":13},"end":{"line":51,"column":null}}]},"8":{"loc":{"start":{"line":62,"column":46},"end":{"line":62,"column":91}},"type":"cond-expr","locations":[{"start":{"line":62,"column":70},"end":{"line":62,"column":89}},{"start":{"line":62,"column":89},"end":{"line":62,"column":91}}]},"9":{"loc":{"start":{"line":71,"column":46},"end":{"line":71,"column":94}},"type":"cond-expr","locations":[{"start":{"line":71,"column":73},"end":{"line":71,"column":92}},{"start":{"line":71,"column":92},"end":{"line":71,"column":94}}]},"10":{"loc":{"start":{"line":98,"column":28},"end":{"line":98,"column":null}},"type":"cond-expr","locations":[{"start":{"line":98,"column":55},"end":{"line":98,"column":67}},{"start":{"line":98,"column":67},"end":{"line":98,"column":null}}]},"11":{"loc":{"start":{"line":129,"column":28},"end":{"line":129,"column":null}},"type":"cond-expr","locations":[{"start":{"line":129,"column":55},"end":{"line":129,"column":67}},{"start":{"line":129,"column":67},"end":{"line":129,"column":null}}]},"12":{"loc":{"start":{"line":144,"column":13},"end":{"line":144,"column":null}},"type":"binary-expr","locations":[{"start":{"line":144,"column":13},"end":{"line":144,"column":22}},{"start":{"line":144,"column":22},"end":{"line":144,"column":null}}]},"13":{"loc":{"start":{"line":147,"column":15},"end":{"line":147,"column":null}},"type":"cond-expr","locations":[{"start":{"line":147,"column":42},"end":{"line":147,"column":62}},{"start":{"line":147,"column":62},"end":{"line":147,"column":null}}]}},"s":{"0":0,"1":0,"2":0,"3":0,"4":0,"5":0,"6":0,"7":0,"8":0,"9":0,"10":0,"11":0,"12":0,"13":0,"14":0,"15":0,"16":0,"17":0,"18":0,"19":0,"20":0,"21":0,"22":0,"23":0,"24":0,"25":0,"26":0,"27":0,"28":0,"29":0,"30":0,"31":0,"32":0,"33":0,"34":0,"35":0,"36":0,"37":0,"38":0,"39":3,"40":0,"41":3,"42":3},"f":{"0":0,"1":0,"2":0,"3":0,"4":0,"5":0,"6":0,"7":0,"8":0},"b":{"0":[0,0],"1":[0],"2":[0,0],"3":[0,0],"4":[0],"5":[0],"6":[0,0,0],"7":[0,0],"8":[0,0],"9":[0,0],"10":[0,0],"11":[0,0],"12":[0,0],"13":[0,0]}}
,"C:/Users/Рома/perfumer/src/pages/BrandDetailPage.jsx": {"path":"C:/Users/Рома/perfumer/src/pages/BrandDetailPage.jsx","statementMap":{"0":{"start":{"line":9,"column":27},"end":{"line":9,"column":null}},"1":{"start":{"line":10,"column":24},"end":{"line":10,"column":null}},"2":{"start":{"line":12,"column":48},"end":{"line":12,"column":null}},"3":{"start":{"line":13,"column":24},"end":{"line":17,"column":null}},"4":{"start":{"line":15,"column":21},"end":{"line":15,"column":null}},"5":{"start":{"line":19,"column":2},"end":{"line":50,"column":null}},"6":{"start":{"line":32,"column":14},"end":{"line":38,"column":null}},"7":{"start":{"line":52,"column":1},"end":{"line":12,"column":57}},"8":{"start":{"line":9,"column":24},"end":{"line":12,"column":57}},"9":{"start":{"line":12,"column":56},"end":{"line":9,"column":24}},"10":{"start":{"line":54,"column":31},"end":{"line":54,"column":null}}},"fnMap":{"0":{"name":"BrandDetailPage","decl":{"start":{"line":9,"column":9},"end":{"line":9,"column":24}},"loc":{"start":{"line":9,"column":27},"end":{"line":52,"column":1}}},"1":{"name":"(anonymous_1)","decl":{"start":{"line":15,"column":8},"end":{"line":15,"column":9}},"loc":{"start":{"line":15,"column":21},"end":{"line":15,"column":null}}},"2":{"name":"(anonymous_2)","decl":{"start":{"line":31,"column":30},"end":{"line":31,"column":31}},"loc":{"start":{"line":32,"column":14},"end":{"line":38,"column":null}}},"3":{"name":"(anonymous_3)","decl":{"start":{"line":9,"column":24},"end":{"line":9,"column":27}},"loc":{"start":{"line":9,"column":24},"end":{"line":12,"column":57}}}},"branchMap":{"0":{"loc":{"start":{"line":13,"column":24},"end":{"line":17,"column":null}},"type":"cond-expr","locations":[{"start":{"line":14,"column":6},"end":{"line":16,"column":null}},{"start":{"line":17,"column":6},"end":{"line":17,"column":null}}]},"1":{"loc":{"start":{"line":26,"column":11},"end":{"line":26,"column":null}},"type":"binary-expr","locations":[{"start":{"line":26,"column":11},"end":{"line":26,"column":22}},{"start":{"line":26,"column":22},"end":{"line":26,"column":null}}]},"2":{"loc":{"start":{"line":27,"column":11},"end":{"line":27,"column":null}},"type":"binary-expr","locations":[{"start":{"line":27,"column":11},"end":{"line":27,"column":20}},{"start":{"line":27,"column":20},"end":{"line":27,"column":null}}]},"3":{"loc":{"start":{"line":29,"column":11},"end":{"line":40,"column":null}},"type":"binary-expr","locations":[{"start":{"line":29,"column":11},"end":{"line":29,"column":null}},{"start":{"line":30,"column":12},"end":{"line":30,"column":null}},{"start":{"line":31,"column":12},"end":{"line":40,"column":null}}]},"4":{"loc":{"start":{"line":42,"column":11},"end":{"line":45,"column":null}},"type":"binary-expr","locations":[{"start":{"line":42,"column":11},"end":{"line":42,"column":23}},{"start":{"line":42,"column":23},"end":{"line":42,"column":null}},{"start":{"line":43,"column":12},"end":{"line":45,"column":null}}]}},"s":{"0":0,"1":0,"2":0,"3":0,"4":0,"5":0,"6":0,"7":3,"8":0,"9":3,"10":3},"f":{"0":0,"1":0,"2":0,"3":0},"b":{"0":[0,0],"1":[0,0],"2":[0,0],"3":[0,0,0],"4":[0,0,0]}}
,"C:/Users/Рома/perfumer/src/pages/BrandsPage.jsx": {"path":"C:/Users/Рома/perfumer/src/pages/BrandsPage.jsx","statementMap":{"0":{"start":{"line":7,"column":22},"end":{"line":22,"column":null}},"1":{"start":{"line":25,"column":17},"end":{"line":25,"column":null}},"2":{"start":{"line":27,"column":22},"end":{"line":27,"column":null}},"3":{"start":{"line":28,"column":60},"end":{"line":28,"column":null}},"4":{"start":{"line":30,"column":28},"end":{"line":35,"column":null}},"5":{"start":{"line":31,"column":20},"end":{"line":31,"column":null}},"6":{"start":{"line":32,"column":4},"end":{"line":34,"column":null}},"7":{"start":{"line":33,"column":6},"end":{"line":33,"column":null}},"8":{"start":{"line":37,"column":2},"end":{"line":103,"column":null}},"9":{"start":{"line":46,"column":12},"end":{"line":58,"column":null}},"10":{"start":{"line":65,"column":14},"end":{"line":71,"column":null}},"11":{"start":{"line":68,"column":31},"end":{"line":68,"column":null}},"12":{"start":{"line":81,"column":14},"end":{"line":98,"column":null}},"13":{"start":{"line":89,"column":20},"end":{"line":95,"column":null}},"14":{"start":{"line":105,"column":1},"end":{"line":28,"column":69}},"15":{"start":{"line":27,"column":19},"end":{"line":28,"column":69}},"16":{"start":{"line":28,"column":68},"end":{"line":27,"column":19}},"17":{"start":{"line":107,"column":26},"end":{"line":107,"column":null}}},"fnMap":{"0":{"name":"BrandsPage","decl":{"start":{"line":27,"column":9},"end":{"line":27,"column":19}},"loc":{"start":{"line":27,"column":22},"end":{"line":105,"column":1}}},"1":{"name":"(anonymous_1)","decl":{"start":{"line":30,"column":28},"end":{"line":30,"column":29}},"loc":{"start":{"line":30,"column":40},"end":{"line":35,"column":null}}},"2":{"name":"(anonymous_2)","decl":{"start":{"line":45,"column":29},"end":{"line":45,"column":30}},"loc":{"start":{"line":46,"column":12},"end":{"line":58,"column":null}}},"3":{"name":"(anonymous_3)","decl":{"start":{"line":64,"column":26},"end":{"line":64,"column":27}},"loc":{"start":{"line":65,"column":14},"end":{"line":71,"column":null}}},"4":{"name":"(anonymous_4)","decl":{"start":{"line":68,"column":25},"end":{"line":68,"column":31}},"loc":{"start":{"line":68,"column":31},"end":{"line":68,"column":null}}},"5":{"name":"(anonymous_5)","decl":{"start":{"line":80,"column":43},"end":{"line":80,"column":44}},"loc":{"start":{"line":81,"column":14},"end":{"line":98,"column":null}}},"6":{"name":"(anonymous_6)","decl":{"start":{"line":88,"column":45},"end":{"line":88,"column":46}},"loc":{"start":{"line":89,"column":20},"end":{"line":95,"column":null}}},"7":{"name":"(anonymous_7)","decl":{"start":{"line":27,"column":19},"end":{"line":27,"column":22}},"loc":{"start":{"line":27,"column":19},"end":{"line":28,"column":69}}}},"branchMap":{"0":{"loc":{"start":{"line":32,"column":4},"end":{"line":34,"column":null}},"type":"if","locations":[{"start":{"line":32,"column":4},"end":{"line":34,"column":null}}]},"1":{"loc":{"start":{"line":77,"column":11},"end":{"line":77,"column":null}},"type":"binary-expr","locations":[{"start":{"line":77,"column":11},"end":{"line":77,"column":30}},{"start":{"line":77,"column":30},"end":{"line":77,"column":null}}]},"2":{"loc":{"start":{"line":79,"column":11},"end":{"line":99,"column":null}},"type":"binary-expr","locations":[{"start":{"line":79,"column":11},"end":{"line":79,"column":null}},{"start":{"line":80,"column":12},"end":{"line":99,"column":null}}]}},"s":{"0":3,"1":3,"2":0,"3":0,"4":0,"5":0,"6":0,"7":0,"8":0,"9":0,"10":0,"11":0,"12":0,"13":0,"14":3,"15":0,"16":3,"17":3},"f":{"0":0,"1":0,"2":0,"3":0,"4":0,"5":0,"6":0,"7":0},"b":{"0":[0],"1":[0,0],"2":[0,0]}}
,"C:/Users/Рома/perfumer/src/pages/FavoritesPage.jsx": {"path":"C:/Users/Рома/perfumer/src/pages/FavoritesPage.jsx","statementMap":{"0":{"start":{"line":9,"column":25},"end":{"line":9,"column":null}},"1":{"start":{"line":10,"column":24},"end":{"line":10,"column":null}},"2":{"start":{"line":12,"column":2},"end":{"line":44,"column":null}},"3":{"start":{"line":25,"column":16},"end":{"line":31,"column":null}},"4":{"start":{"line":46,"column":1},"end":{"line":10,"column":37}},"5":{"start":{"line":9,"column":22},"end":{"line":10,"column":37}},"6":{"start":{"line":10,"column":36},"end":{"line":9,"column":22}},"7":{"start":{"line":48,"column":29},"end":{"line":48,"column":null}}},"fnMap":{"0":{"name":"FavoritesPage","decl":{"start":{"line":9,"column":9},"end":{"line":9,"column":22}},"loc":{"start":{"line":9,"column":25},"end":{"line":46,"column":1}}},"1":{"name":"(anonymous_1)","decl":{"start":{"line":24,"column":29},"end":{"line":24,"column":30}},"loc":{"start":{"line":25,"column":16},"end":{"line":31,"column":null}}},"2":{"name":"(anonymous_2)","decl":{"start":{"line":9,"column":22},"end":{"line":9,"column":25}},"loc":{"start":{"line":9,"column":22},"end":{"line":10,"column":37}}}},"branchMap":{"0":{"loc":{"start":{"line":18,"column":9},"end":{"line":40,"column":null}},"type":"cond-expr","locations":[{"start":{"line":19,"column":10},"end":{"line":35,"column":null}},{"start":{"line":37,"column":10},"end":{"line":40,"column":null}}]}},"s":{"0":0,"1":0,"2":0,"3":0,"4":3,"5":0,"6":3,"7":3},"f":{"0":0,"1":0,"2":0},"b":{"0":[0,0]}}
,"C:/Users/Рома/perfumer/src/pages/HomePage.jsx": {"path":"C:/Users/Рома/perfumer/src/pages/HomePage.jsx","statementMap":{"0":{"start":{"line":10,"column":15},"end":{"line":17,"column":null}},"1":{"start":{"line":20,"column":22},"end":{"line":56,"column":null}},"2":{"start":{"line":59,"column":20},"end":{"line":59,"column":null}},"3":{"start":{"line":60,"column":40},"end":{"line":60,"column":null}},"4":{"start":{"line":61,"column":38},"end":{"line":61,"column":null}},"5":{"start":{"line":62,"column":40},"end":{"line":62,"column":null}},"6":{"start":{"line":63,"column":48},"end":{"line":63,"column":null}},"7":{"start":{"line":64,"column":42},"end":{"line":64,"column":null}},"8":{"start":{"line":66,"column":25},"end":{"line":66,"column":null}},"9":{"start":{"line":67,"column":29},"end":{"line":67,"column":null}},"10":{"start":{"line":69,"column":48},"end":{"line":69,"column":null}},"11":{"start":{"line":70,"column":19},"end":{"line":70,"column":null}},"12":{"start":{"line":71,"column":29},"end":{"line":71,"column":null}},"13":{"start":{"line":72,"column":42},"end":{"line":72,"column":null}},"14":{"start":{"line":74,"column":24},"end":{"line":74,"column":null}},"15":{"start":{"line":76,"column":23},"end":{"line":89,"column":null}},"16":{"start":{"line":77,"column":4},"end":{"line":77,"column":null}},"17":{"start":{"line":77,"column":22},"end":{"line":77,"column":null}},"18":{"start":{"line":79,"column":4},"end":{"line":88,"column":null}},"19":{"start":{"line":80,"column":27},"end":{"line":82,"column":null}},"20":{"start":{"line":81,"column":8},"end":{"line":81,"column":null}},"21":{"start":{"line":84,"column":6},"end":{"line":87,"column":null}},"22":{"start":{"line":91,"column":20},"end":{"line":93,"column":null}},"23":{"start":{"line":92,"column":4},"end":{"line":92,"column":null}},"24":{"start":{"line":95,"column":2},"end":{"line":100,"column":null}},"25":{"start":{"line":96,"column":18},"end":{"line":98,"column":null}},"26":{"start":{"line":97,"column":6},"end":{"line":97,"column":null}},"27":{"start":{"line":97,"column":23},"end":{"line":97,"column":68}},"28":{"start":{"line":99,"column":4},"end":{"line":99,"column":null}},"29":{"start":{"line":99,"column":17},"end":{"line":99,"column":null}},"30":{"start":{"line":102,"column":2},"end":{"line":111,"column":null}},"31":{"start":{"line":103,"column":25},"end":{"line":103,"column":null}},"32":{"start":{"line":104,"column":4},"end":{"line":110,"column":null}},"33":{"start":{"line":105,"column":6},"end":{"line":105,"column":null}},"34":{"start":{"line":106,"column":6},"end":{"line":106,"column":null}},"35":{"start":{"line":107,"column":6},"end":{"line":107,"column":null}},"36":{"start":{"line":108,"column":6},"end":{"line":108,"column":null}},"37":{"start":{"line":109,"column":6},"end":{"line":109,"column":null}},"38":{"start":{"line":113,"column":22},"end":{"line":122,"column":null}},"39":{"start":{"line":114,"column":4},"end":{"line":114,"column":null}},"40":{"start":{"line":114,"column":38},"end":{"line":114,"column":null}},"41":{"start":{"line":115,"column":4},"end":{"line":121,"column":null}},"42":{"start":{"line":118,"column":10},"end":{"line":119,"column":null}},"43":{"start":{"line":124,"column":27},"end":{"line":131,"column":null}},"44":{"start":{"line":125,"column":4},"end":{"line":125,"column":null}},"45":{"start":{"line":125,"column":37},"end":{"line":125,"column":null}},"46":{"start":{"line":126,"column":4},"end":{"line":130,"column":null}},"47":{"start":{"line":128,"column":8},"end":{"line":129,"column":null}},"48":{"start":{"line":133,"column":29},"end":{"line":136,"column":null}},"49":{"start":{"line":134,"column":4},"end":{"line":134,"column":null}},"50":{"start":{"line":135,"column":4},"end":{"line":135,"column":null}},"51":{"start":{"line":138,"column":29},"end":{"line":144,"column":null}},"52":{"start":{"line":139,"column":4},"end":{"line":139,"column":null}},"53":{"start":{"line":140,"column":17},"end":{"line":140,"column":null}},"54":{"start":{"line":141,"column":4},"end":{"line":141,"column":null}},"55":{"start":{"line":142,"column":4},"end":{"line":142,"column":null}},"56":{"start":{"line":143,"column":4},"end":{"line":143,"column":null}},"57":{"start":{"line":146,"column":32},"end":{"line":150,"column":null}},"58":{"start":{"line":147,"column":4},"end":{"line":147,"column":null}},"59":{"start":{"line":148,"column":4},"end":{"line":148,"column":null}},"60":{"start":{"line":149,"column":4},"end":{"line":149,"column":null}},"61":{"start":{"line":152,"column":22},"end":{"line":154,"column":null}},"62":{"start":{"line":153,"column":4},"end":{"line":153,"column":null}},"63":{"start":{"line":153,"column":32},"end":{"line":153,"column":null}},"64":{"start":{"line":156,"column":2},"end":{"line":167,"column":null}},"65":{"start":{"line":158,"column":6},"end":{"line":163,"column":null}},"66":{"start":{"line":162,"column":8},"end":{"line":162,"column":null}},"67":{"start":{"line":165,"column":4},"end":{"line":165,"column":null}},"68":{"start":{"line":166,"column":4},"end":{"line":166,"column":null}},"69":{"start":{"line":166,"column":17},"end":{"line":166,"column":null}},"70":{"start":{"line":169,"column":23},"end":{"line":174,"column":null}},"71":{"start":{"line":170,"column":4},"end":{"line":173,"column":null}},"72":{"start":{"line":171,"column":12},"end":{"line":171,"column":null}},"73":{"start":{"line":172,"column":6},"end":{"line":172,"column":null}},"74":{"start":{"line":176,"column":29},"end":{"line":194,"column":null}},"75":{"start":{"line":177,"column":4},"end":{"line":178,"column":null}},"76":{"start":{"line":178,"column":6},"end":{"line":178,"column":null}},"77":{"start":{"line":179,"column":4},"end":{"line":183,"column":null}},"78":{"start":{"line":180,"column":6},"end":{"line":183,"column":null}},"79":{"start":{"line":185,"column":25},"end":{"line":185,"column":null}},"80":{"start":{"line":186,"column":4},"end":{"line":190,"column":null}},"81":{"start":{"line":187,"column":6},"end":{"line":188,"column":null}},"82":{"start":{"line":188,"column":8},"end":{"line":188,"column":null}},"83":{"start":{"line":189,"column":6},"end":{"line":189,"column":null}},"84":{"start":{"line":191,"column":4},"end":{"line":193,"column":null}},"85":{"start":{"line":192,"column":6},"end":{"line":192,"column":null}},"86":{"start":{"line":196,"column":2},"end":{"line":362,"column":null}},"87":{"start":{"line":230,"column":20},"end":{"line":248,"column":null}},"88":{"start":{"line":233,"column":37},"end":{"line":233,"column":null}},"89":{"start":{"line":256,"column":14},"end":{"line":260,"column":null}},"90":{"start":{"line":259,"column":31},"end":{"line":259,"column":null}},"91":{"start":{"line":281,"column":33},"end":{"line":281,"column":null}},"92":{"start":{"line":292,"column":33},"end":{"line":292,"column":null}},"93":{"start":{"line":303,"column":18},"end":{"line":325,"column":null}},"94":{"start":{"line":337,"column":35},"end":{"line":337,"column":null}},"95":{"start":{"line":351,"column":35},"end":{"line":351,"column":null}},"96":{"start":{"line":364,"column":1},"end":{"line":74,"column":37}},"97":{"start":{"line":59,"column":17},"end":{"line":74,"column":37}},"98":{"start":{"line":74,"column":36},"end":{"line":59,"column":17}},"99":{"start":{"line":366,"column":24},"end":{"line":366,"column":null}}},"fnMap":{"0":{"name":"HomePage","decl":{"start":{"line":59,"column":9},"end":{"line":59,"column":17}},"loc":{"start":{"line":59,"column":20},"end":{"line":364,"column":1}}},"1":{"name":"(anonymous_1)","decl":{"start":{"line":76,"column":31},"end":{"line":76,"column":37}},"loc":{"start":{"line":76,"column":37},"end":{"line":89,"column":5}}},"2":{"name":"(anonymous_2)","decl":{"start":{"line":79,"column":29},"end":{"line":79,"column":30}},"loc":{"start":{"line":79,"column":41},"end":{"line":88,"column":5}}},"3":{"name":"(anonymous_3)","decl":{"start":{"line":80,"column":44},"end":{"line":80,"column":45}},"loc":{"start":{"line":81,"column":8},"end":{"line":81,"column":null}}},"4":{"name":"(anonymous_4)","decl":{"start":{"line":91,"column":20},"end":{"line":91,"column":21}},"loc":{"start":{"line":91,"column":36},"end":{"line":93,"column":null}}},"5":{"name":"(anonymous_5)","decl":{"start":{"line":95,"column":12},"end":{"line":95,"column":18}},"loc":{"start":{"line":95,"column":18},"end":{"line":100,"column":5}}},"6":{"name":"(anonymous_6)","decl":{"start":{"line":96,"column":30},"end":{"line":96,"column":36}},"loc":{"start":{"line":96,"column":36},"end":{"line":98,"column":7}}},"7":{"name":"(anonymous_7)","decl":{"start":{"line":97,"column":22},"end":{"line":97,"column":23}},"loc":{"start":{"line":97,"column":23},"end":{"line":97,"column":68}}},"8":{"name":"(anonymous_8)","decl":{"start":{"line":99,"column":11},"end":{"line":99,"column":17}},"loc":{"start":{"line":99,"column":17},"end":{"line":99,"column":null}}},"9":{"name":"(anonymous_9)","decl":{"start":{"line":102,"column":12},"end":{"line":102,"column":18}},"loc":{"start":{"line":102,"column":18},"end":{"line":111,"column":5}}},"10":{"name":"(anonymous_10)","decl":{"start":{"line":113,"column":30},"end":{"line":113,"column":36}},"loc":{"start":{"line":113,"column":36},"end":{"line":122,"column":5}}},"11":{"name":"(anonymous_11)","decl":{"start":{"line":117,"column":8},"end":{"line":117,"column":9}},"loc":{"start":{"line":118,"column":10},"end":{"line":119,"column":null}}},"12":{"name":"(anonymous_12)","decl":{"start":{"line":124,"column":35},"end":{"line":124,"column":41}},"loc":{"start":{"line":124,"column":41},"end":{"line":131,"column":5}}},"13":{"name":"(anonymous_13)","decl":{"start":{"line":127,"column":6},"end":{"line":127,"column":7}},"loc":{"start":{"line":128,"column":8},"end":{"line":129,"column":null}}},"14":{"name":"(anonymous_14)","decl":{"start":{"line":133,"column":29},"end":{"line":133,"column":30}},"loc":{"start":{"line":133,"column":40},"end":{"line":136,"column":null}}},"15":{"name":"(anonymous_15)","decl":{"start":{"line":138,"column":29},"end":{"line":138,"column":30}},"loc":{"start":{"line":138,"column":40},"end":{"line":144,"column":null}}},"16":{"name":"(anonymous_16)","decl":{"start":{"line":146,"column":32},"end":{"line":146,"column":33}},"loc":{"start":{"line":146,"column":45},"end":{"line":150,"column":null}}},"17":{"name":"(anonymous_17)","decl":{"start":{"line":152,"column":22},"end":{"line":152,"column":28}},"loc":{"start":{"line":152,"column":28},"end":{"line":154,"column":null}}},"18":{"name":"(anonymous_18)","decl":{"start":{"line":156,"column":12},"end":{"line":156,"column":18}},"loc":{"start":{"line":156,"column":18},"end":{"line":167,"column":5}}},"19":{"name":"handleClickOutside","decl":{"start":{"line":157,"column":13},"end":{"line":157,"column":32}},"loc":{"start":{"line":157,"column":39},"end":{"line":164,"column":null}}},"20":{"name":"(anonymous_20)","decl":{"start":{"line":166,"column":11},"end":{"line":166,"column":17}},"loc":{"start":{"line":166,"column":17},"end":{"line":166,"column":null}}},"21":{"name":"(anonymous_21)","decl":{"start":{"line":169,"column":23},"end":{"line":169,"column":24}},"loc":{"start":{"line":169,"column":43},"end":{"line":174,"column":null}}},"22":{"name":"(anonymous_22)","decl":{"start":{"line":176,"column":29},"end":{"line":176,"column":30}},"loc":{"start":{"line":176,"column":46},"end":{"line":194,"column":null}}},"23":{"name":"(anonymous_23)","decl":{"start":{"line":191,"column":28},"end":{"line":191,"column":29}},"loc":{"start":{"line":192,"column":6},"end":{"line":192,"column":null}}},"24":{"name":"(anonymous_24)","decl":{"start":{"line":229,"column":35},"end":{"line":229,"column":36}},"loc":{"start":{"line":230,"column":20},"end":{"line":248,"column":null}}},"25":{"name":"(anonymous_25)","decl":{"start":{"line":233,"column":31},"end":{"line":233,"column":37}},"loc":{"start":{"line":233,"column":37},"end":{"line":233,"column":null}}},"26":{"name":"(anonymous_26)","decl":{"start":{"line":255,"column":24},"end":{"line":255,"column":25}},"loc":{"start":{"line":256,"column":14},"end":{"line":260,"column":null}}},"27":{"name":"(anonymous_27)","decl":{"start":{"line":259,"column":25},"end":{"line":259,"column":31}},"loc":{"start":{"line":259,"column":31},"end":{"line":259,"column":null}}},"28":{"name":"(anonymous_28)","decl":{"start":{"line":281,"column":27},"end":{"line":281,"column":33}},"loc":{"start":{"line":281,"column":33},"end":{"line":281,"column":null}}},"29":{"name":"(anonymous_29)","decl":{"start":{"line":292,"column":27},"end":{"line":292,"column":33}},"loc":{"start":{"line":292,"column":33},"end":{"line":292,"column":null}}},"30":{"name":"(anonymous_30)","decl":{"start":{"line":302,"column":34},"end":{"line":302,"column":35}},"loc":{"start":{"line":303,"column":18},"end":{"line":325,"column":null}}},"31":{"name":"(anonymous_31)","decl":{"start":{"line":337,"column":29},"end":{"line":337,"column":35}},"loc":{"start":{"line":337,"column":35},"end":{"line":337,"column":null}}},"32":{"name":"(anonymous_32)","decl":{"start":{"line":351,"column":29},"end":{"line":351,"column":35}},"loc":{"start":{"line":351,"column":35},"end":{"line":351,"column":null}}},"33":{"name":"(anonymous_33)","decl":{"start":{"line":59,"column":17},"end":{"line":59,"column":20}},"loc":{"start":{"line":59,"column":17},"end":{"line":74,"column":37}}}},"branchMap":{"0":{"loc":{"start":{"line":77,"column":4},"end":{"line":77,"column":null}},"type":"if","locations":[{"start":{"line":77,"column":4},"end":{"line":77,"column":null}}]},"1":{"loc":{"start":{"line":86,"column":13},"end":{"line":86,"column":null}},"type":"cond-expr","locations":[{"start":{"line":86,"column":28},"end":{"line":86,"column":47}},{"start":{"line":86,"column":47},"end":{"line":86,"column":null}}]},"2":{"loc":{"start":{"line":104,"column":4},"end":{"line":110,"column":null}},"type":"if","locations":[{"start":{"line":104,"column":4},"end":{"line":110,"column":null}}]},"3":{"loc":{"start":{"line":104,"column":8},"end":{"line":104,"column":37}},"type":"binary-expr","locations":[{"start":{"line":104,"column":8},"end":{"line":104,"column":24}},{"start":{"line":104,"column":24},"end":{"line":104,"column":37}}]},"4":{"loc":{"start":{"line":114,"column":4},"end":{"line":114,"column":null}},"type":"if","locations":[{"start":{"line":114,"column":4},"end":{"line":114,"column":null}}]},"5":{"loc":{"start":{"line":114,"column":8},"end":{"line":114,"column":38}},"type":"binary-expr","locations":[{"start":{"line":114,"column":8},"end":{"line":114,"column":24}},{"start":{"line":114,"column":24},"end":{"line":114,"column":38}}]},"6":{"loc":{"start":{"line":118,"column":10},"end":{"line":119,"column":null}},"type":"binary-expr","locations":[{"start":{"line":118,"column":10},"end":{"line":118,"column":null}},{"start":{"line":119,"column":10},"end":{"line":119,"column":null}}]},"7":{"loc":{"start":{"line":125,"column":4},"end":{"line":125,"column":null}},"type":"if","locations":[{"start":{"line":125,"column":4},"end":{"line":125,"column":null}}]},"8":{"loc":{"start":{"line":125,"column":8},"end":{"line":125,"column":37}},"type":"binary-expr","locations":[{"start":{"line":125,"column":8},"end":{"line":125,"column":23}},{"start":{"line":125,"column":23},"end":{"line":125,"column":37}}]},"9":{"loc":{"start":{"line":128,"column":8},"end":{"line":129,"column":null}},"type":"binary-expr","locations":[{"start":{"line":128,"column":8},"end":{"line":128,"column":null}},{"start":{"line":129,"column":8},"end":{"line":129,"column":null}}]},"10":{"loc":{"start":{"line":153,"column":4},"end":{"line":153,"column":null}},"type":"if","locations":[{"start":{"line":153,"column":4},"end":{"line":153,"column":null}}]},"11":{"loc":{"start":{"line":158,"column":6},"end":{"line":163,"column":null}},"type":"if","locations":[{"start":{"line":158,"column":6},"end":{"line":163,"column":null}}]},"12":{"loc":{"start":{"line":159,"column":8},"end":{"line":160,"column":null}},"type":"binary-expr","locations":[{"start":{"line":159,"column":8},"end":{"line":159,"column":null}},{"start":{"line":160,"column":8},"end":{"line":160,"column":null}}]},"13":{"loc":{"start":{"line":170,"column":4},"end":{"line":173,"column":null}},"type":"if","locations":[{"start":{"line":170,"column":4},"end":{"line":173,"column":null}}]},"14":{"loc":{"start":{"line":171,"column":45},"end":{"line":171,"column":null}},"type":"cond-expr","locations":[{"start":{"line":171,"column":68},"end":{"line":171,"column":72}},{"start":{"line":171,"column":72},"end":{"line":171,"column":null}}]},"15":{"loc":{"start":{"line":177,"column":4},"end":{"line":178,"column":null}},"type":"if","locations":[{"start":{"line":177,"column":4},"end":{"line":178,"column":null}}]},"16":{"loc":{"start":{"line":179,"column":4},"end":{"line":183,"column":null}},"type":"if","locations":[{"start":{"line":179,"column":4},"end":{"line":183,"column":null}}]},"17":{"loc":{"start":{"line":185,"column":25},"end":{"line":185,"column":null}},"type":"binary-expr","locations":[{"start":{"line":185,"column":25},"end":{"line":185,"column":40}},{"start":{"line":185,"column":40},"end":{"line":185,"column":null}}]},"18":{"loc":{"start":{"line":186,"column":4},"end":{"line":190,"column":null}},"type":"if","locations":[{"start":{"line":186,"column":4},"end":{"line":190,"column":null}}]},"19":{"loc":{"start":{"line":187,"column":6},"end":{"line":188,"column":null}},"type":"if","locations":[{"start":{"line":187,"column":6},"end":{"line":188,"column":null}}]},"20":{"loc":{"start":{"line":227,"column":15},"end":{"line":250,"column":null}},"type":"binary-expr","locations":[{"start":{"line":227,"column":15},"end":{"line":227,"column":34}},{"start":{"line":227,"column":34},"end":{"line":227,"column":null}},{"start":{"line":228,"column":16},"end":{"line":250,"column":null}}]},"21":{"loc":{"start":{"line":236,"column":29},"end":{"line":236,"column":null}},"type":"binary-expr","locations":[{"start":{"line":236,"column":29},"end":{"line":236,"column":49}},{"start":{"line":236,"column":49},"end":{"line":236,"column":null}}]},"22":{"loc":{"start":{"line":258,"column":44},"end":{"line":258,"column":90}},"type":"cond-expr","locations":[{"start":{"line":258,"column":69},"end":{"line":258,"column":88}},{"start":{"line":258,"column":88},"end":{"line":258,"column":90}}]},"23":{"loc":{"start":{"line":265,"column":9},"end":{"line":358,"column":null}},"type":"cond-expr","locations":[{"start":{"line":266,"column":10},"end":{"line":273,"column":null}},{"start":{"line":275,"column":10},"end":{"line":358,"column":null}}]},"24":{"loc":{"start":{"line":303,"column":18},"end":{"line":325,"column":null}},"type":"cond-expr","locations":[{"start":{"line":304,"column":20},"end":{"line":314,"column":null}},{"start":{"line":316,"column":20},"end":{"line":325,"column":null}}]},"25":{"loc":{"start":{"line":331,"column":13},"end":{"line":356,"column":null}},"type":"binary-expr","locations":[{"start":{"line":331,"column":13},"end":{"line":331,"column":null}},{"start":{"line":332,"column":14},"end":{"line":356,"column":null}}]}},"s":{"0":3,"1":3,"2":22,"3":22,"4":22,"5":22,"6":22,"7":22,"8":22,"9":22,"10":22,"11":22,"12":22,"13":22,"14":22,"15":22,"16":14,"17":6,"18":8,"19":48,"20":272,"21":48,"22":22,"23":0,"24":22,"25":6,"26":0,"27":0,"28":6,"29":4,"30":22,"31":10,"32":10,"33":0,"34":0,"35":0,"36":0,"37":0,"38":22,"39":16,"40":12,"41":4,"42":104,"43":22,"44":16,"45":12,"46":4,"47":104,"48":22,"49":1,"50":1,"51":22,"52":1,"53":1,"54":1,"55":1,"56":1,"57":22,"58":0,"59":0,"60":0,"61":22,"62":1,"63":0,"64":22,"65":3,"66":1,"67":6,"68":6,"69":4,"70":22,"71":0,"72":0,"73":0,"74":22,"75":22,"76":10,"77":12,"78":0,"79":12,"80":12,"81":0,"82":0,"83":0,"84":12,"85":280,"86":22,"87":10,"88":0,"89":66,"90":0,"91":0,"92":0,"93":48,"94":0,"95":0,"96":3,"97":3,"98":3,"99":3},"f":{"0":22,"1":14,"2":48,"3":272,"4":0,"5":6,"6":0,"7":0,"8":4,"9":10,"10":16,"11":104,"12":16,"13":104,"14":1,"15":1,"16":0,"17":1,"18":6,"19":3,"20":4,"21":0,"22":22,"23":280,"24":10,"25":0,"26":66,"27":0,"28":0,"29":0,"30":48,"31":0,"32":0,"33":3},"b":{"0":[6],"1":[48,0],"2":[0],"3":[10,0],"4":[12],"5":[16,6],"6":[104,68],"7":[12],"8":[16,4],"9":[104,68],"10":[0],"11":[1],"12":[3,3],"13":[0],"14":[0,0],"15":[10],"16":[0],"17":[12,0],"18":[0],"19":[0],"20":[22,6,2],"21":[10,0],"22":[22,44],"23":[4,18],"24":[48,0],"25":[18,0]}}
,"C:/Users/Рома/perfumer/src/pages/NotFoundPage.jsx": {"path":"C:/Users/Рома/perfumer/src/pages/NotFoundPage.jsx","statementMap":{"0":{"start":{"line":8,"column":2},"end":{"line":22,"column":null}},"1":{"start":{"line":24,"column":1},"end":{"line":7,"column":24}},"2":{"start":{"line":26,"column":28},"end":{"line":26,"column":null}}},"fnMap":{"0":{"name":"NotFoundPage","decl":{"start":{"line":7,"column":9},"end":{"line":7,"column":24}},"loc":{"start":{"line":7,"column":24},"end":{"line":24,"column":1}}}},"branchMap":{},"s":{"0":0,"1":3,"2":3},"f":{"0":0},"b":{}}
,"C:/Users/Рома/perfumer/src/pages/PerfumeDetail.jsx": {"path":"C:/Users/Рома/perfumer/src/pages/PerfumeDetail.jsx","statementMap":{"0":{"start":{"line":12,"column":29},"end":{"line":12,"column":null}},"1":{"start":{"line":13,"column":17},"end":{"line":13,"column":null}},"2":{"start":{"line":14,"column":48},"end":{"line":14,"column":null}},"3":{"start":{"line":16,"column":41},"end":{"line":16,"column":null}},"4":{"start":{"line":17,"column":25},"end":{"line":17,"column":null}},"5":{"start":{"line":18,"column":19},"end":{"line":18,"column":null}},"6":{"start":{"line":20,"column":18},"end":{"line":20,"column":null}},"7":{"start":{"line":20,"column":56},"end":{"line":20,"column":66}},"8":{"start":{"line":22,"column":2},"end":{"line":32,"column":null}},"9":{"start":{"line":23,"column":4},"end":{"line":30,"column":null}},"10":{"start":{"line":34,"column":2},"end":{"line":49,"column":null}},"11":{"start":{"line":35,"column":4},"end":{"line":47,"column":null}},"12":{"start":{"line":51,"column":16},"end":{"line":51,"column":null}},"13":{"start":{"line":53,"column":30},"end":{"line":61,"column":null}},"14":{"start":{"line":54,"column":4},"end":{"line":54,"column":null}},"15":{"start":{"line":56,"column":4},"end":{"line":60,"column":null}},"16":{"start":{"line":57,"column":6},"end":{"line":57,"column":null}},"17":{"start":{"line":59,"column":6},"end":{"line":59,"column":null}},"18":{"start":{"line":63,"column":20},"end":{"line":68,"column":null}},"19":{"start":{"line":70,"column":2},"end":{"line":138,"column":null}},"20":{"start":{"line":97,"column":18},"end":{"line":108,"column":null}},"21":{"start":{"line":117,"column":14},"end":{"line":122,"column":null}},"22":{"start":{"line":140,"column":1},"end":{"line":18,"column":31}},"23":{"start":{"line":12,"column":26},"end":{"line":18,"column":31}},"24":{"start":{"line":18,"column":30},"end":{"line":12,"column":26}},"25":{"start":{"line":142,"column":33},"end":{"line":142,"column":null}}},"fnMap":{"0":{"name":"PerfumeDetailPage","decl":{"start":{"line":12,"column":9},"end":{"line":12,"column":26}},"loc":{"start":{"line":12,"column":29},"end":{"line":140,"column":1}}},"1":{"name":"(anonymous_1)","decl":{"start":{"line":20,"column":49},"end":{"line":20,"column":50}},"loc":{"start":{"line":20,"column":56},"end":{"line":20,"column":66}}},"2":{"name":"(anonymous_2)","decl":{"start":{"line":53,"column":30},"end":{"line":53,"column":31}},"loc":{"start":{"line":53,"column":37},"end":{"line":61,"column":null}}},"3":{"name":"(anonymous_3)","decl":{"start":{"line":96,"column":34},"end":{"line":96,"column":35}},"loc":{"start":{"line":97,"column":18},"end":{"line":108,"column":null}}},"4":{"name":"(anonymous_4)","decl":{"start":{"line":116,"column":30},"end":{"line":116,"column":31}},"loc":{"start":{"line":117,"column":14},"end":{"line":122,"column":null}}},"5":{"name":"(anonymous_5)","decl":{"start":{"line":12,"column":26},"end":{"line":12,"column":29}},"loc":{"start":{"line":12,"column":26},"end":{"line":18,"column":31}}}},"branchMap":{"0":{"loc":{"start":{"line":20,"column":18},"end":{"line":20,"column":null}},"type":"cond-expr","locations":[{"start":{"line":20,"column":32},"end":{"line":20,"column":70}},{"start":{"line":20,"column":70},"end":{"line":20,"column":null}}]},"1":{"loc":{"start":{"line":22,"column":2},"end":{"line":32,"column":null}},"type":"if","locations":[{"start":{"line":22,"column":2},"end":{"line":32,"column":null}}]},"2":{"loc":{"start":{"line":34,"column":2},"end":{"line":49,"column":null}},"type":"if","locations":[{"start":{"line":34,"column":2},"end":{"line":49,"column":null}}]},"3":{"loc":{"start":{"line":34,"column":6},"end":{"line":34,"column":25}},"type":"binary-expr","locations":[{"start":{"line":34,"column":6},"end":{"line":34,"column":15}},{"start":{"line":34,"column":15},"end":{"line":34,"column":25}}]},"4":{"loc":{"start":{"line":40,"column":13},"end":{"line":40,"column":null}},"type":"cond-expr","locations":[{"start":{"line":40,"column":21},"end":{"line":40,"column":37}},{"start":{"line":40,"column":37},"end":{"line":40,"column":null}}]},"5":{"loc":{"start":{"line":56,"column":4},"end":{"line":60,"column":null}},"type":"if","locations":[{"start":{"line":56,"column":4},"end":{"line":60,"column":null}},{"start":{"line":58,"column":11},"end":{"line":60,"column":null}}]},"6":{"loc":{"start":{"line":64,"column":28},"end":{"line":64,"column":77}},"type":"binary-expr","locations":[{"start":{"line":64,"column":28},"end":{"line":64,"column":53}},{"start":{"line":64,"column":53},"end":{"line":64,"column":77}}]},"7":{"loc":{"start":{"line":84,"column":21},"end":{"line":84,"column":null}},"type":"cond-expr","locations":[{"start":{"line":84,"column":29},"end":{"line":84,"column":51}},{"start":{"line":84,"column":51},"end":{"line":84,"column":null}}]},"8":{"loc":{"start":{"line":95,"column":15},"end":{"line":109,"column":null}},"type":"binary-expr","locations":[{"start":{"line":95,"column":15},"end":{"line":95,"column":null}},{"start":{"line":96,"column":16},"end":{"line":109,"column":null}}]},"9":{"loc":{"start":{"line":114,"column":9},"end":{"line":124,"column":null}},"type":"binary-expr","locations":[{"start":{"line":114,"column":9},"end":{"line":114,"column":null}},{"start":{"line":115,"column":10},"end":{"line":124,"column":null}}]},"10":{"loc":{"start":{"line":127,"column":9},"end":{"line":133,"column":null}},"type":"binary-expr","locations":[{"start":{"line":127,"column":9},"end":{"line":127,"column":null}},{"start":{"line":128,"column":10},"end":{"line":133,"column":null}}]}},"s":{"0":4,"1":4,"2":4,"3":4,"4":4,"5":4,"6":4,"7":2,"8":4,"9":2,"10":2,"11":0,"12":2,"13":2,"14":0,"15":0,"16":0,"17":0,"18":2,"19":2,"20":14,"21":8,"22":3,"23":1,"24":3,"25":3},"f":{"0":4,"1":2,"2":0,"3":14,"4":8,"5":1},"b":{"0":[2,2],"1":[2],"2":[0],"3":[2,2],"4":[0,0],"5":[0,0],"6":[2,0],"7":[0,2],"8":[2,2],"9":[2,2],"10":[2,2]}}
}
