TN:
SF:cypress\support\component.jsx
FN:7,(anonymous_0)
FNF:1
FNH:1
FNDA:74,(anonymous_0)
DA:7,45
DA:9,74
DA:13,74
LF:3
LH:3
BRDA:7,0,0,74
BRF:1
BRH:1
end_of_record
TN:
SF:src\App.cy.jsx
FN:4,(anonymous_0)
FN:5,(anonymous_1)
FN:14,(anonymous_2)
FNF:3
FNH:3
FNDA:2,(anonymous_0)
FNDA:2,(anonymous_1)
FNDA:2,(anonymous_2)
DA:4,2
DA:5,2
DA:6,2
DA:11,2
DA:14,2
DA:15,2
DA:17,2
DA:19,2
DA:20,2
LF:9
LH:9
BRF:0
BRH:0
end_of_record
TN:
SF:src\App.jsx
FN:17,App
FNF:1
FNH:1
FNDA:2,App
DA:18,2
LF:1
LH:1
BRF:0
BRH:0
end_of_record
TN:
SF:src\ProtectedRoute.cy.jsx
FN:6,(anonymous_0)
FN:7,(anonymous_1)
FN:26,(anonymous_2)
FNF:3
FNH:3
FNDA:3,(anonymous_0)
FNDA:3,(anonymous_1)
FNDA:2,(anonymous_2)
DA:6,3
DA:7,3
DA:8,3
DA:10,3
DA:22,3
DA:23,3
DA:26,3
DA:27,2
DA:29,2
DA:40,2
LF:10
LH:10
BRF:0
BRH:0
end_of_record
TN:
SF:src\ProtectedRoute.jsx
FN:6,(anonymous_0)
FNF:1
FNH:1
FNDA:5,(anonymous_0)
DA:6,5
DA:7,5
DA:9,5
DA:10,3
DA:13,2
LF:5
LH:5
BRDA:9,0,0,3
BRF:1
BRH:1
end_of_record
TN:
SF:src\components\Footer\Footer.cy.jsx
FN:5,(anonymous_0)
FN:6,(anonymous_1)
FN:16,(anonymous_2)
FNF:3
FNH:3
FNDA:3,(anonymous_0)
FNDA:3,(anonymous_1)
FNDA:2,(anonymous_2)
DA:5,3
DA:6,3
DA:7,3
DA:12,3
DA:13,3
DA:16,3
DA:17,2
DA:22,2
LF:8
LH:8
BRF:0
BRH:0
end_of_record
TN:
SF:src\components\Footer\Footer.jsx
FN:5,Footer
FNF:1
FNH:1
FNDA:115,Footer
DA:6,115
LF:1
LH:1
BRF:0
BRH:0
end_of_record
TN:
SF:src\components\Header\Header.cy.jsx
FN:5,(anonymous_0)
FN:6,(anonymous_1)
FN:18,(anonymous_2)
FN:32,(anonymous_3)
FNF:4
FNH:4
FNDA:8,(anonymous_0)
FNDA:8,(anonymous_1)
FNDA:6,(anonymous_2)
FNDA:4,(anonymous_3)
DA:5,8
DA:6,8
DA:7,8
DA:9,8
DA:15,8
DA:18,8
DA:19,6
DA:20,6
DA:22,6
DA:28,6
DA:29,6
DA:32,8
DA:33,4
DA:38,4
LF:14
LH:14
BRF:0
BRH:0
end_of_record
TN:
SF:src\components\Header\Header.jsx
FN:7,Header
FN:11,(anonymous_1)
FN:25,(anonymous_2)
FN:34,(anonymous_3)
FN:43,(anonymous_4)
FN:60,(anonymous_5)
FN:70,(anonymous_6)
FN:7,(anonymous_7)
FN:5,Header
FN:8,(anonymous_1)
FN:23,(anonymous_2)
FN:32,(anonymous_3)
FN:41,(anonymous_4)
FN:58,(anonymous_5)
FN:68,(anonymous_6)
FNF:15
FNH:15
FNDA:9,Header
FNDA:119,(anonymous_1)
FNDA:128,(anonymous_2)
FNDA:128,(anonymous_3)
FNDA:128,(anonymous_4)
FNDA:125,(anonymous_5)
FNDA:128,(anonymous_6)
FNDA:4,(anonymous_7)
FNDA:119,Header
FNDA:9,(anonymous_1)
FNDA:128,(anonymous_2)
FNDA:128,(anonymous_3)
FNDA:128,(anonymous_4)
FNDA:123,(anonymous_5)
FNDA:128,(anonymous_6)
DA:7,247
DA:8,128
DA:9,128
DA:11,9
DA:12,0
DA:13,119
DA:16,9
DA:23,128
DA:26,128
DA:32,128
DA:35,128
DA:41,128
DA:44,128
DA:58,123
DA:61,125
DA:68,128
DA:71,128
DA:85,4
DA:87,4
LF:19
LH:18
BRDA:26,0,0,9
BRDA:26,0,1,0
BRDA:35,1,0,0
BRDA:35,1,1,9
BRDA:44,2,0,0
BRDA:44,2,1,9
BRDA:50,3,0,3
BRDA:50,3,1,6
BRDA:61,4,0,5
BRDA:61,4,1,120
BRDA:71,5,0,0
BRDA:71,5,1,9
BRDA:72,6,0,0
BRDA:72,6,1,0
BRDA:23,7,0,105
BRDA:23,7,1,14
BRDA:32,8,0,4
BRDA:32,8,1,115
BRDA:41,9,0,0
BRDA:41,9,1,119
BRDA:41,10,0,5
BRDA:41,10,1,114
BRDA:58,11,0,3
BRDA:58,11,1,120
BRDA:68,12,0,0
BRDA:68,12,1,119
BRF:26
BRH:18
end_of_record
TN:
SF:src\components\perfumecard\PerfumeCard.cy.jsx
FN:5,(anonymous_0)
FN:14,(anonymous_1)
FN:31,(anonymous_2)
FNF:3
FNH:3
FNDA:3,(anonymous_0)
FNDA:3,(anonymous_1)
FNDA:2,(anonymous_2)
DA:5,3
DA:6,3
DA:14,3
DA:15,3
DA:21,3
DA:22,3
DA:24,3
DA:31,3
DA:32,2
DA:34,2
DA:40,2
LF:11
LH:11
BRF:0
BRH:0
end_of_record
TN:
SF:src\components\perfumecard\PerfumeCard.jsx
FN:11,PerfumeCard
FN:20,(anonymous_1)
FNF:2
FNH:1
FNDA:17,PerfumeCard
FNDA:0,(anonymous_1)
DA:12,17
DA:14,17
DA:15,17
DA:16,17
DA:18,17
DA:20,17
DA:21,0
DA:22,0
DA:24,0
DA:25,0
DA:27,0
DA:31,17
LF:12
LH:7
BRDA:24,0,0,0
BRDA:24,0,1,0
BRDA:36,1,0,2
BRDA:36,1,1,15
BRDA:42,2,0,0
BRDA:42,2,1,17
BRF:6
BRH:3
end_of_record
TN:
SF:src\context\AuthContext.cy.jsx
FN:4,(anonymous_0)
FN:10,(anonymous_1)
FN:16,(anonymous_2)
FN:17,(anonymous_3)
FNF:4
FNH:4
FNDA:6,(anonymous_0)
FNDA:2,(anonymous_1)
FNDA:2,(anonymous_2)
FNDA:2,(anonymous_3)
DA:4,2
DA:5,6
DA:7,6
DA:10,2
DA:16,2
DA:17,2
DA:18,2
DA:23,2
DA:29,2
DA:31,2
DA:32,2
DA:34,2
DA:36,2
DA:37,2
LF:14
LH:14
BRDA:9,0,0,2
BRDA:9,0,1,4
BRF:2
BRH:2
end_of_record
TN:
SF:src\context\AuthContext.jsx
FN:5,AuthProvider
FN:6,(anonymous_1)
FN:15,(anonymous_2)
FN:26,(anonymous_3)
FN:59,(anonymous_4)
FN:90,(anonymous_5)
FN:108,useAuth
FN:3,AuthProvider
FN:5,(anonymous_1)
FN:11,(anonymous_2)
FN:23,(anonymous_3)
FN:56,(anonymous_4)
FN:87,(anonymous_5)
FN:104,useAuth
FNF:14
FNH:14
FNDA:9,AuthProvider
FNDA:82,(anonymous_1)
FNDA:82,(anonymous_2)
FNDA:73,(anonymous_3)
FNDA:73,(anonymous_4)
FNDA:73,(anonymous_5)
FNDA:9,useAuth
FNDA:73,AuthProvider
FNDA:69,(anonymous_1)
FNDA:82,(anonymous_2)
FNDA:11,(anonymous_3)
FNDA:9,(anonymous_4)
FNDA:11,(anonymous_5)
FNDA:228,useAuth
DA:1,41
DA:3,4
DA:5,232
DA:6,69
DA:7,78
DA:8,9
DA:10,82
DA:11,73
DA:13,82
DA:15,14
DA:16,14
DA:17,76
DA:18,76
DA:19,76
DA:20,77
DA:21,79
DA:22,6
DA:23,73
DA:24,2
DA:26,11
DA:27,2
DA:28,2
DA:30,2
DA:35,2
DA:36,2
DA:38,2
DA:40,2
DA:41,2
DA:42,2
DA:43,2
DA:45,2
DA:46,2
DA:47,0
DA:49,2
DA:53,0
DA:55,0
DA:56,73
DA:57,0
DA:59,9
DA:60,0
DA:61,0
DA:63,0
DA:66,0
DA:67,0
DA:69,0
DA:71,0
DA:72,0
DA:73,0
DA:74,0
DA:76,0
DA:77,0
DA:78,0
DA:80,0
DA:84,0
DA:86,0
DA:87,73
DA:88,2
DA:90,9
DA:91,13
DA:92,0
DA:93,73
DA:96,9
DA:100,73
DA:104,9
DA:105,228
DA:107,228
DA:108,465
DA:109,9
DA:110,9
DA:111,0
DA:113,9
DA:114,4
LF:72
LH:50
BRDA:10,0,0,3
BRDA:10,0,1,6
BRDA:16,1,0,3
BRDA:16,1,1,6
BRDA:16,2,0,14
BRDA:16,2,1,71
BRDA:40,3,0,0
BRDA:40,3,1,0
BRDA:51,4,0,0
BRDA:51,4,1,0
BRDA:71,5,0,0
BRDA:71,5,1,0
BRDA:82,6,0,0
BRDA:82,6,1,0
BRDA:110,7,0,0
BRDA:7,8,0,3
BRDA:7,8,1,66
BRDA:13,9,0,5
BRDA:13,9,1,68
BRDA:13,10,0,73
BRDA:13,10,1,5
BRDA:36,11,0,2
BRDA:36,11,1,0
BRDA:49,12,0,0
BRDA:49,12,1,0
BRDA:67,13,0,0
BRDA:67,13,1,0
BRDA:80,14,0,0
BRDA:80,14,1,0
BRDA:107,15,0,0
BRF:30
BRH:13
end_of_record
TN:
SF:src\context\FavoritesContext.cy.jsx
FN:4,(anonymous_0)
FN:12,(anonymous_1)
FN:17,(anonymous_2)
FN:18,(anonymous_3)
FNF:4
FNH:4
FNDA:6,(anonymous_0)
FNDA:4,(anonymous_1)
FNDA:2,(anonymous_2)
FNDA:2,(anonymous_3)
DA:4,2
DA:5,6
DA:6,6
DA:8,6
DA:12,4
DA:17,2
DA:18,2
DA:19,2
DA:21,2
DA:27,2
DA:28,2
DA:30,2
DA:31,2
DA:32,2
DA:34,2
DA:35,2
LF:16
LH:16
BRF:0
BRH:0
end_of_record
TN:
SF:src\context\FavoritesContext.jsx
FN:5,FavoritesProvider
FN:6,(anonymous_1)
FN:11,(anonymous_2)
FN:15,(anonymous_3)
FN:16,(anonymous_4)
FN:17,(anonymous_5)
FN:19,(anonymous_6)
FN:26,(anonymous_7)
FN:27,(anonymous_8)
FN:44,useFavorites
FN:3,FavoritesProvider
FN:5,(anonymous_1)
FN:8,(anonymous_2)
FN:12,(anonymous_3)
FN:13,(anonymous_4)
FN:15,(anonymous_5)
FN:17,(anonymous_6)
FN:23,(anonymous_7)
FN:24,(anonymous_8)
FN:39,useFavorites
FNF:20
FNH:19
FNDA:9,FavoritesProvider
FNDA:82,(anonymous_1)
FNDA:82,(anonymous_2)
FNDA:73,(anonymous_3)
FNDA:73,(anonymous_4)
FNDA:4,(anonymous_5)
FNDA:4,(anonymous_6)
FNDA:73,(anonymous_7)
FNDA:73,(anonymous_8)
FNDA:0,useFavorites
FNDA:73,FavoritesProvider
FNDA:78,(anonymous_1)
FNDA:82,(anonymous_2)
FNDA:13,(anonymous_3)
FNDA:13,(anonymous_4)
FNDA:2,(anonymous_5)
FNDA:2,(anonymous_6)
FNDA:35,(anonymous_7)
FNDA:13,(anonymous_8)
FNDA:49,useFavorites
DA:1,41
DA:3,4
DA:5,151
DA:6,69
DA:7,9
DA:8,82
DA:9,73
DA:11,9
DA:12,73
DA:13,4
DA:15,11
DA:16,4
DA:17,4
DA:18,0
DA:19,4
DA:21,73
DA:23,73
DA:24,30
DA:26,9
DA:27,73
DA:30,9
DA:32,73
DA:36,9
DA:41,49
DA:43,49
DA:44,98
DA:45,0
DA:46,0
DA:47,0
DA:49,0
DA:50,4
LF:31
LH:26
BRDA:8,0,0,0
BRDA:8,0,1,9
BRDA:18,1,0,0
BRDA:18,1,1,0
BRDA:46,2,0,0
BRDA:6,3,0,2
BRDA:6,3,1,67
BRDA:16,4,0,2
BRDA:16,4,1,2
BRDA:43,5,0,0
BRF:10
BRH:5
end_of_record
TN:
SF:src\hooks\useFetch.jsx
FN:3,useFetch
FN:8,(anonymous_1)
FN:11,(anonymous_2)
FNF:3
FNH:3
FNDA:32,useFetch
FNDA:19,(anonymous_1)
FNDA:19,(anonymous_2)
DA:4,32
DA:5,32
DA:6,32
DA:8,32
DA:9,19
DA:11,19
DA:12,19
DA:13,19
DA:15,19
DA:16,19
DA:18,19
DA:20,19
DA:22,15
DA:23,0
DA:26,15
DA:28,15
DA:30,0
DA:32,15
DA:36,19
DA:39,32
LF:20
LH:18
BRDA:9,0,0,0
BRDA:22,1,0,0
BRF:2
BRH:0
end_of_record
TN:
SF:src\pages\AboutPage.cy.jsx
FN:7,(anonymous_0)
FN:8,(anonymous_1)
FN:12,(anonymous_2)
FN:15,(anonymous_3)
FNF:4
FNH:2
FNDA:2,(anonymous_0)
FNDA:2,(anonymous_1)
FNDA:0,(anonymous_2)
FNDA:0,(anonymous_3)
DA:7,2
DA:8,2
DA:9,2
DA:15,2
DA:17,2
DA:27,2
DA:28,2
DA:29,2
LF:8
LH:8
BRF:0
BRH:0
end_of_record
TN:
SF:src\pages\AboutPage.jsx
FN:6,AboutPage
FNF:1
FNH:1
FNDA:2,AboutPage
DA:7,2
LF:1
LH:1
BRF:0
BRH:0
end_of_record
TN:
SF:src\pages\AuthPage.cy.jsx
FN:7,(anonymous_0)
FN:8,(anonymous_1)
FN:14,(anonymous_2)
FN:17,(anonymous_3)
FN:30,(anonymous_4)
FN:37,(anonymous_5)
FN:44,(anonymous_6)
FNF:7
FNH:5
FNDA:4,(anonymous_0)
FNDA:9,(anonymous_1)
FNDA:0,(anonymous_2)
FNDA:0,(anonymous_3)
FNDA:4,(anonymous_4)
FNDA:3,(anonymous_5)
FNDA:2,(anonymous_6)
DA:7,4
DA:8,4
DA:9,9
DA:17,9
DA:19,9
DA:30,4
DA:31,4
DA:32,4
DA:33,4
DA:34,4
DA:37,4
DA:38,3
DA:39,3
DA:40,3
DA:41,3
DA:44,4
DA:45,2
DA:46,2
DA:48,2
DA:50,2
DA:51,2
DA:53,2
DA:55,2
LF:23
LH:23
BRDA:8,0,0,7
BRF:1
BRH:1
end_of_record
TN:
SF:src\pages\AuthPage.jsx
FN:8,AuthPage
FN:20,(anonymous_1)
FN:63,(anonymous_2)
FN:72,(anonymous_3)
FN:91,(anonymous_4)
FN:109,(anonymous_5)
FN:122,(anonymous_6)
FN:140,(anonymous_7)
FNF:8
FNH:5
FNDA:71,AuthPage
FNDA:5,(anonymous_1)
FNDA:9,(anonymous_2)
FNDA:0,(anonymous_3)
FNDA:28,(anonymous_4)
FNDA:0,(anonymous_5)
FNDA:18,(anonymous_6)
FNDA:0,(anonymous_7)
DA:9,71
DA:10,71
DA:12,71
DA:14,71
DA:15,71
DA:16,71
DA:17,71
DA:18,71
DA:20,71
DA:21,5
DA:22,5
DA:24,5
DA:25,5
DA:26,3
DA:27,3
DA:29,2
DA:30,2
DA:31,0
DA:33,2
DA:36,0
DA:37,0
DA:38,0
DA:40,0
DA:41,0
DA:42,0
DA:45,0
DA:47,0
DA:48,0
DA:50,0
DA:55,71
DA:64,9
DA:65,9
DA:73,0
DA:74,0
DA:91,28
DA:109,0
DA:122,18
DA:140,0
LF:38
LH:23
BRDA:24,0,0,5
BRDA:24,0,1,0
BRDA:25,1,0,3
BRDA:25,2,0,5
BRDA:25,2,1,2
BRDA:30,3,0,0
BRDA:30,3,1,2
BRDA:36,4,0,0
BRDA:40,5,0,0
BRDA:40,6,0,0
BRDA:40,6,1,0
BRDA:40,6,2,0
BRDA:47,7,0,0
BRDA:47,7,1,0
BRDA:62,8,0,62
BRDA:62,8,1,9
BRDA:71,9,0,9
BRDA:71,9,1,62
BRDA:98,10,0,9
BRDA:98,10,1,62
BRDA:129,11,0,9
BRDA:129,11,1,62
BRDA:144,12,0,71
BRDA:144,12,1,5
BRDA:147,13,0,9
BRDA:147,13,1,62
BRF:26
BRH:17
end_of_record
TN:
SF:src\pages\BrandDetailPage.cy.jsx
FN:5,(anonymous_0)
FN:6,(anonymous_1)
FN:16,(anonymous_2)
FNF:3
FNH:3
FNDA:2,(anonymous_0)
FNDA:2,(anonymous_1)
FNDA:2,(anonymous_2)
DA:5,2
DA:6,2
DA:7,2
DA:16,2
DA:17,2
DA:25,2
DA:27,2
DA:28,2
DA:29,2
LF:9
LH:9
BRF:0
BRH:0
end_of_record
TN:
SF:src\pages\BrandDetailPage.jsx
FN:9,BrandDetailPage
FN:15,(anonymous_1)
FN:31,(anonymous_2)
FNF:3
FNH:3
FNDA:4,BrandDetailPage
FNDA:4,(anonymous_1)
FNDA:2,(anonymous_2)
DA:10,4
DA:12,4
DA:13,4
DA:15,4
DA:19,4
DA:32,2
LF:6
LH:6
BRDA:13,0,0,2
BRDA:13,0,1,2
BRDA:26,1,0,4
BRDA:26,1,1,2
BRDA:27,2,0,4
BRDA:27,2,1,0
BRDA:29,3,0,4
BRDA:29,3,1,2
BRDA:29,3,2,2
BRDA:42,4,0,4
BRDA:42,4,1,2
BRDA:42,4,2,0
BRF:12
BRH:10
end_of_record
TN:
SF:src\pages\BrandsPage.cy.jsx
FN:5,(anonymous_0)
FN:6,(anonymous_1)
FN:16,(anonymous_2)
FN:26,(anonymous_3)
FNF:4
FNH:4
FNDA:3,(anonymous_0)
FNDA:5,(anonymous_1)
FNDA:3,(anonymous_2)
FNDA:2,(anonymous_3)
DA:5,3
DA:6,3
DA:7,5
DA:16,3
DA:17,3
DA:22,3
DA:23,3
DA:26,3
DA:27,2
DA:32,2
DA:33,2
DA:34,2
LF:12
LH:12
BRF:0
BRH:0
end_of_record
TN:
SF:src\pages\BrandsPage.jsx
FN:27,BrandsPage
FN:30,(anonymous_1)
FN:45,(anonymous_2)
FN:64,(anonymous_3)
FN:68,(anonymous_4)
FN:80,(anonymous_5)
FN:88,(anonymous_6)
FNF:7
FNH:5
FNDA:7,BrandsPage
FNDA:0,(anonymous_1)
FNDA:105,(anonymous_2)
FNDA:182,(anonymous_3)
FNDA:0,(anonymous_4)
FNDA:4,(anonymous_5)
FNDA:8,(anonymous_6)
DA:7,5
DA:25,5
DA:28,7
DA:30,7
DA:31,0
DA:32,0
DA:33,0
DA:37,7
DA:46,105
DA:65,182
DA:68,0
DA:81,4
DA:89,8
LF:13
LH:9
BRDA:32,0,0,0
BRDA:77,1,0,7
BRDA:77,1,1,5
BRDA:79,2,0,7
BRDA:79,2,1,2
BRF:5
BRH:4
end_of_record
TN:
SF:src\pages\FavoritesPage.cy.jsx
FN:5,(anonymous_0)
FN:6,(anonymous_1)
FN:18,(anonymous_2)
FNF:3
FNH:3
FNDA:3,(anonymous_0)
FNDA:3,(anonymous_1)
FNDA:2,(anonymous_2)
DA:5,3
DA:6,3
DA:7,3
DA:9,3
DA:15,3
DA:18,3
DA:19,2
DA:22,2
DA:24,2
DA:30,2
DA:31,2
DA:32,2
LF:12
LH:12
BRF:0
BRH:0
end_of_record
TN:
SF:src\pages\FavoritesPage.jsx
FN:9,FavoritesPage
FN:24,(anonymous_1)
FNF:2
FNH:2
FNDA:5,FavoritesPage
FNDA:2,(anonymous_1)
DA:10,5
DA:12,5
DA:25,2
LF:3
LH:3
BRDA:18,0,0,2
BRDA:18,0,1,3
BRF:2
BRH:2
end_of_record
TN:
SF:src\pages\HomePage.cy.jsx
FN:5,(anonymous_0)
FN:6,(anonymous_1)
FN:26,(anonymous_2)
FN:39,(anonymous_3)
FNF:4
FNH:4
FNDA:3,(anonymous_0)
FNDA:5,(anonymous_1)
FNDA:3,(anonymous_2)
FNDA:2,(anonymous_3)
DA:5,3
DA:6,3
DA:7,5
DA:26,3
DA:27,3
DA:33,3
DA:35,3
DA:36,3
DA:39,3
DA:40,2
DA:45,2
LF:11
LH:11
BRF:0
BRH:0
end_of_record
TN:
SF:src\pages\HomePage.jsx
FN:59,HomePage
FN:76,(anonymous_1)
FN:79,(anonymous_2)
FN:80,(anonymous_3)
FN:91,(anonymous_4)
FN:95,(anonymous_5)
FN:96,(anonymous_6)
FN:97,(anonymous_7)
FN:99,(anonymous_8)
FN:102,(anonymous_9)
FN:113,(anonymous_10)
FN:117,(anonymous_11)
FN:124,(anonymous_12)
FN:127,(anonymous_13)
FN:133,(anonymous_14)
FN:138,(anonymous_15)
FN:146,(anonymous_16)
FN:152,(anonymous_17)
FN:156,(anonymous_18)
FN:157,handleClickOutside
FN:166,(anonymous_20)
FN:169,(anonymous_21)
FN:176,(anonymous_22)
FN:191,(anonymous_23)
FN:229,(anonymous_24)
FN:233,(anonymous_25)
FN:255,(anonymous_26)
FN:259,(anonymous_27)
FN:281,(anonymous_28)
FN:292,(anonymous_29)
FN:302,(anonymous_30)
FN:337,(anonymous_31)
FN:351,(anonymous_32)
FNF:33
FNH:15
FNDA:11,HomePage
FNDA:11,(anonymous_1)
FNDA:24,(anonymous_2)
FNDA:48,(anonymous_3)
FNDA:0,(anonymous_4)
FNDA:7,(anonymous_5)
FNDA:0,(anonymous_6)
FNDA:0,(anonymous_7)
FNDA:2,(anonymous_8)
FNDA:11,(anonymous_9)
FNDA:11,(anonymous_10)
FNDA:0,(anonymous_11)
FNDA:11,(anonymous_12)
FNDA:0,(anonymous_13)
FNDA:0,(anonymous_14)
FNDA:0,(anonymous_15)
FNDA:0,(anonymous_16)
FNDA:0,(anonymous_17)
FNDA:7,(anonymous_18)
FNDA:0,handleClickOutside
FNDA:2,(anonymous_20)
FNDA:0,(anonymous_21)
FNDA:11,(anonymous_22)
FNDA:8,(anonymous_23)
FNDA:0,(anonymous_24)
FNDA:0,(anonymous_25)
FNDA:33,(anonymous_26)
FNDA:0,(anonymous_27)
FNDA:0,(anonymous_28)
FNDA:0,(anonymous_29)
FNDA:24,(anonymous_30)
FNDA:0,(anonymous_31)
FNDA:0,(anonymous_32)
DA:10,5
DA:20,5
DA:60,11
DA:61,11
DA:62,11
DA:63,11
DA:64,11
DA:66,11
DA:67,11
DA:69,11
DA:70,11
DA:71,11
DA:72,11
DA:74,11
DA:76,11
DA:77,11
DA:79,4
DA:80,24
DA:81,48
DA:84,24
DA:91,11
DA:92,0
DA:95,11
DA:96,7
DA:97,0
DA:99,7
DA:102,11
DA:103,11
DA:104,11
DA:105,0
DA:106,0
DA:107,0
DA:108,0
DA:109,0
DA:113,11
DA:114,11
DA:115,0
DA:118,0
DA:124,11
DA:125,11
DA:126,0
DA:128,0
DA:133,11
DA:134,0
DA:135,0
DA:138,11
DA:139,0
DA:140,0
DA:141,0
DA:142,0
DA:143,0
DA:146,11
DA:147,0
DA:148,0
DA:149,0
DA:152,11
DA:153,0
DA:156,11
DA:158,0
DA:162,0
DA:165,7
DA:166,7
DA:169,11
DA:170,0
DA:171,0
DA:172,0
DA:176,11
DA:177,11
DA:178,7
DA:179,4
DA:180,0
DA:185,4
DA:186,4
DA:187,0
DA:188,0
DA:189,0
DA:191,4
DA:192,8
DA:196,11
DA:230,0
DA:233,0
DA:256,33
DA:259,0
DA:281,0
DA:292,0
DA:303,24
DA:337,0
DA:351,0
LF:88
LH:50
BRDA:77,0,0,7
BRDA:86,1,0,0
BRDA:86,1,1,24
BRDA:104,2,0,0
BRDA:104,3,0,11
BRDA:104,3,1,0
BRDA:114,4,0,11
BRDA:114,5,0,11
BRDA:114,5,1,0
BRDA:118,6,0,0
BRDA:118,6,1,0
BRDA:125,7,0,11
BRDA:125,8,0,11
BRDA:125,8,1,0
BRDA:128,9,0,0
BRDA:128,9,1,0
BRDA:153,10,0,0
BRDA:158,11,0,0
BRDA:159,12,0,0
BRDA:159,12,1,0
BRDA:170,13,0,0
BRDA:171,14,0,0
BRDA:171,14,1,0
BRDA:177,15,0,7
BRDA:179,16,0,0
BRDA:185,17,0,4
BRDA:185,17,1,0
BRDA:186,18,0,0
BRDA:187,19,0,0
BRDA:227,20,0,11
BRDA:227,20,1,0
BRDA:227,20,2,0
BRDA:236,21,0,0
BRDA:236,21,1,0
BRDA:258,22,0,11
BRDA:258,22,1,22
BRDA:265,23,0,0
BRDA:265,23,1,11
BRDA:303,24,0,0
BRDA:303,24,1,24
BRDA:331,25,0,11
BRDA:331,25,1,0
BRF:42
BRH:15
end_of_record
TN:
SF:src\pages\NotFoundPage.cy.jsx
FN:5,(anonymous_0)
FN:6,(anonymous_1)
FNF:2
FNH:2
FNDA:2,(anonymous_0)
FNDA:2,(anonymous_1)
DA:5,2
DA:6,2
DA:7,2
DA:13,2
DA:14,2
DA:15,2
LF:6
LH:6
BRF:0
BRH:0
end_of_record
TN:
SF:src\pages\NotFoundPage.jsx
FN:7,NotFoundPage
FNF:1
FNH:1
FNDA:2,NotFoundPage
DA:8,2
LF:1
LH:1
BRF:0
BRH:0
end_of_record
TN:
SF:src\pages\PerfumeDetail.cy.jsx
FN:5,(anonymous_0)
FN:6,(anonymous_1)
FN:22,(anonymous_2)
FN:39,(anonymous_3)
FNF:4
FNH:4
FNDA:3,(anonymous_0)
FNDA:5,(anonymous_1)
FNDA:3,(anonymous_2)
FNDA:2,(anonymous_3)
DA:5,3
DA:6,3
DA:7,5
DA:22,3
DA:23,3
DA:31,3
DA:33,3
DA:34,3
DA:35,3
DA:36,3
DA:39,3
DA:40,2
DA:48,2
DA:49,2
LF:14
LH:14
BRF:0
BRH:0
end_of_record
TN:
SF:src\pages\PerfumeDetail.jsx
FN:12,PerfumeDetailPage
FN:20,(anonymous_1)
FN:53,(anonymous_2)
FN:96,(anonymous_3)
FN:116,(anonymous_4)
FNF:5
FNH:3
FNDA:10,PerfumeDetailPage
FNDA:5,(anonymous_1)
FNDA:0,(anonymous_2)
FNDA:3,(anonymous_3)
FNDA:0,(anonymous_4)
DA:13,10
DA:14,10
DA:16,10
DA:17,10
DA:18,10
DA:20,10
DA:22,10
DA:23,5
DA:34,5
DA:35,2
DA:51,3
DA:53,3
DA:54,0
DA:56,0
DA:57,0
DA:59,0
DA:63,3
DA:70,3
DA:97,3
DA:117,0
LF:20
LH:15
BRDA:20,0,0,5
BRDA:20,0,1,5
BRDA:22,1,0,5
BRDA:34,2,0,2
BRDA:34,3,0,5
BRDA:34,3,1,5
BRDA:40,4,0,0
BRDA:40,4,1,2
BRDA:56,5,0,0
BRDA:56,5,1,0
BRDA:64,6,0,3
BRDA:64,6,1,3
BRDA:84,7,0,0
BRDA:84,7,1,3
BRDA:95,8,0,3
BRDA:95,8,1,3
BRDA:114,9,0,3
BRDA:114,9,1,0
BRDA:127,10,0,3
BRDA:127,10,1,3
BRF:20
BRH:15
end_of_record
