TN:
SF:cypress\support\component.jsx
FN:7,(anonymous_0)
FNF:1
FNH:1
FNDA:67,(anonymous_0)
DA:7,43
DA:9,67
DA:13,67
LF:3
LH:3
BRDA:7,0,0,67
BRF:1
BRH:1
end_of_record
TN:
SF:src\App.cy.jsx
FN:4,(anonymous_0)
FN:5,(anonymous_1)
FN:14,(anonymous_2)
FNF:3
FNH:3
FNDA:4,(anonymous_0)
FNDA:4,(anonymous_1)
FNDA:4,(anonymous_2)
DA:4,4
DA:5,4
DA:6,4
DA:11,4
DA:14,4
DA:15,4
DA:17,4
DA:19,4
DA:20,4
LF:9
LH:9
BRF:0
BRH:0
end_of_record
TN:
SF:src\App.jsx
FN:17,App
FNF:1
FNH:1
FNDA:14,App
DA:18,14
DA:39,7
DA:41,7
LF:3
LH:3
BRF:0
BRH:0
end_of_record
TN:
SF:src\ProtectedRoute.cy.jsx
FN:6,(anonymous_0)
FN:7,(anonymous_1)
FN:26,(anonymous_2)
FNF:3
FNH:3
FNDA:3,(anonymous_0)
FNDA:3,(anonymous_1)
FNDA:2,(anonymous_2)
DA:6,3
DA:7,3
DA:8,3
DA:10,3
DA:22,3
DA:23,3
DA:26,3
DA:27,2
DA:29,2
DA:40,2
LF:10
LH:10
BRF:0
BRH:0
end_of_record
TN:
SF:src\ProtectedRoute.jsx
FN:6,(anonymous_0)
FN:6,(anonymous_1)
FN:4,(anonymous_0)
FNF:3
FNH:1
FNDA:0,(anonymous_0)
FNDA:0,(anonymous_1)
FNDA:5,(anonymous_0)
DA:4,5
DA:6,12
DA:7,10
DA:9,5
DA:10,9
DA:13,0
DA:14,7
DA:16,7
LF:8
LH:7
BRDA:9,0,0,0
BRDA:6,1,0,3
BRF:2
BRH:1
end_of_record
TN:
SF:src\main.jsx
FNF:0
FNH:0
DA:6,5
LF:1
LH:1
BRF:0
BRH:0
end_of_record
TN:
SF:src\components\Footer\Footer.cy.jsx
FN:5,(anonymous_0)
FN:6,(anonymous_1)
FN:16,(anonymous_2)
FNF:3
FNH:3
FNDA:3,(anonymous_0)
FNDA:3,(anonymous_1)
FNDA:2,(anonymous_2)
DA:5,3
DA:6,3
DA:7,3
DA:12,3
DA:13,3
DA:16,3
DA:17,2
DA:22,2
LF:8
LH:8
BRF:0
BRH:0
end_of_record
TN:
SF:src\components\Footer\Footer.jsx
FN:5,Footer
FNF:1
FNH:1
FNDA:355,Footer
DA:6,355
DA:61,7
DA:63,7
LF:3
LH:3
BRF:0
BRH:0
end_of_record
TN:
SF:src\components\Header\Header.cy.jsx
FN:5,(anonymous_0)
FN:6,(anonymous_1)
FN:18,(anonymous_2)
FN:32,(anonymous_3)
FNF:4
FNH:4
FNDA:4,(anonymous_0)
FNDA:4,(anonymous_1)
FNDA:3,(anonymous_2)
FNDA:2,(anonymous_3)
DA:5,4
DA:6,4
DA:7,4
DA:9,4
DA:15,4
DA:18,4
DA:19,3
DA:20,3
DA:22,3
DA:28,3
DA:29,3
DA:32,4
DA:33,2
DA:38,2
LF:14
LH:14
BRF:0
BRH:0
end_of_record
TN:
SF:src\components\Header\Header.jsx
FN:7,Header
FN:11,(anonymous_1)
FN:25,(anonymous_2)
FN:34,(anonymous_3)
FN:43,(anonymous_4)
FN:60,(anonymous_5)
FN:70,(anonymous_6)
FN:7,(anonymous_7)
FN:5,Header
FN:8,(anonymous_1)
FN:23,(anonymous_2)
FN:32,(anonymous_3)
FN:41,(anonymous_4)
FN:58,(anonymous_5)
FN:68,(anonymous_6)
FNF:15
FNH:15
FNDA:240,Header
FNDA:122,(anonymous_1)
FNDA:361,(anonymous_2)
FNDA:361,(anonymous_3)
FNDA:361,(anonymous_4)
FNDA:357,(anonymous_5)
FNDA:361,(anonymous_6)
FNDA:7,(anonymous_7)
FNDA:121,Header
FNDA:240,(anonymous_1)
FNDA:361,(anonymous_2)
FNDA:361,(anonymous_3)
FNDA:361,(anonymous_4)
FNDA:356,(anonymous_5)
FNDA:361,(anonymous_6)
DA:7,482
DA:8,361
DA:9,361
DA:11,240
DA:12,1
DA:13,122
DA:16,240
DA:23,361
DA:26,361
DA:32,361
DA:35,361
DA:41,361
DA:44,361
DA:58,356
DA:61,357
DA:68,361
DA:71,361
DA:85,7
DA:87,7
LF:19
LH:19
BRDA:26,0,0,28
BRDA:26,0,1,212
BRDA:35,1,0,0
BRDA:35,1,1,240
BRDA:44,2,0,0
BRDA:44,2,1,240
BRDA:50,3,0,4
BRDA:50,3,1,236
BRDA:61,4,0,211
BRDA:61,4,1,146
BRDA:71,5,0,0
BRDA:71,5,1,240
BRDA:72,6,0,0
BRDA:72,6,1,0
BRDA:23,7,0,107
BRDA:23,7,1,14
BRDA:32,8,0,4
BRDA:32,8,1,117
BRDA:41,9,0,0
BRDA:41,9,1,121
BRDA:41,10,0,5
BRDA:41,10,1,116
BRDA:58,11,0,4
BRDA:58,11,1,352
BRDA:68,12,0,0
BRDA:68,12,1,121
BRF:26
BRH:19
end_of_record
TN:
SF:src\components\perfumecard\PerfumeCard.cy.jsx
FN:5,(anonymous_0)
FN:14,(anonymous_1)
FN:31,(anonymous_2)
FNF:3
FNH:3
FNDA:3,(anonymous_0)
FNDA:3,(anonymous_1)
FNDA:2,(anonymous_2)
DA:5,3
DA:6,3
DA:14,3
DA:15,3
DA:21,3
DA:22,3
DA:24,3
DA:31,3
DA:32,2
DA:34,2
DA:40,2
LF:11
LH:11
BRF:0
BRH:0
end_of_record
TN:
SF:src\components\perfumecard\PerfumeCard.jsx
FN:11,PerfumeCard
FN:20,(anonymous_1)
FN:11,(anonymous_2)
FN:9,PerfumeCard
FN:16,(anonymous_1)
FNF:5
FNH:5
FNDA:280,PerfumeCard
FNDA:17,(anonymous_1)
FNDA:3,(anonymous_2)
FNDA:17,PerfumeCard
FNDA:280,(anonymous_1)
DA:11,297
DA:12,297
DA:14,280
DA:15,280
DA:16,280
DA:18,297
DA:20,280
DA:21,280
DA:22,280
DA:24,0
DA:25,0
DA:27,17
DA:31,280
DA:60,7
DA:62,7
LF:15
LH:13
BRDA:24,0,0,0
BRDA:24,0,1,0
BRDA:36,1,0,0
BRDA:36,1,1,280
BRDA:42,2,0,0
BRDA:42,2,1,280
BRDA:21,3,0,0
BRDA:21,3,1,0
BRDA:35,4,0,2
BRDA:35,4,1,15
BRDA:34,5,0,0
BRDA:34,5,1,17
BRF:12
BRH:5
end_of_record
TN:
SF:src\context\AuthContext.cy.jsx
FN:4,(anonymous_0)
FN:10,(anonymous_1)
FN:16,(anonymous_2)
FN:17,(anonymous_3)
FNF:4
FNH:4
FNDA:6,(anonymous_0)
FNDA:2,(anonymous_1)
FNDA:2,(anonymous_2)
FNDA:2,(anonymous_3)
DA:4,2
DA:5,6
DA:7,6
DA:10,2
DA:16,2
DA:17,2
DA:18,2
DA:23,2
DA:29,2
DA:31,2
DA:32,2
DA:34,2
DA:36,2
DA:37,2
LF:14
LH:14
BRDA:9,0,0,2
BRDA:9,0,1,4
BRF:2
BRH:2
end_of_record
TN:
SF:src\context\AuthContext.jsx
FN:5,AuthProvider
FN:6,(anonymous_1)
FN:15,(anonymous_2)
FN:26,(anonymous_3)
FN:59,(anonymous_4)
FN:90,(anonymous_5)
FN:107,useAuth
FN:3,AuthProvider
FN:5,(anonymous_1)
FN:11,(anonymous_2)
FN:23,(anonymous_3)
FN:56,(anonymous_4)
FN:87,(anonymous_5)
FN:104,useAuth
FNF:14
FNH:14
FNDA:18,AuthProvider
FNDA:87,(anonymous_1)
FNDA:89,(anonymous_2)
FNDA:74,(anonymous_3)
FNDA:74,(anonymous_4)
FNDA:74,(anonymous_5)
FNDA:736,useAuth
FNDA:73,AuthProvider
FNDA:69,(anonymous_1)
FNDA:91,(anonymous_2)
FNDA:20,(anonymous_3)
FNDA:18,(anonymous_4)
FNDA:20,(anonymous_5)
FNDA:230,useAuth
DA:1,41
DA:3,7
DA:5,237
DA:6,69
DA:7,87
DA:8,14
DA:10,87
DA:11,73
DA:13,91
DA:15,23
DA:16,21
DA:17,74
DA:18,74
DA:19,74
DA:20,84
DA:21,88
DA:22,15
DA:23,73
DA:24,2
DA:26,20
DA:27,3
DA:28,3
DA:30,3
DA:35,3
DA:36,3
DA:38,3
DA:40,3
DA:41,2
DA:42,2
DA:43,2
DA:45,3
DA:46,2
DA:47,1
DA:49,3
DA:53,1
DA:55,0
DA:56,73
DA:57,0
DA:59,18
DA:60,1
DA:61,1
DA:63,1
DA:66,1
DA:67,1
DA:69,1
DA:71,1
DA:72,1
DA:73,1
DA:74,1
DA:76,1
DA:77,1
DA:78,1
DA:80,0
DA:84,1
DA:86,0
DA:87,73
DA:88,2
DA:90,18
DA:91,23
DA:92,1
DA:93,73
DA:96,18
DA:100,73
DA:104,18
DA:105,230
DA:107,1196
DA:108,736
DA:109,736
DA:110,0
DA:112,736
DA:113,7
LF:71
LH:66
BRDA:10,0,0,0
BRDA:10,0,1,14
BRDA:16,1,0,1
BRDA:16,1,1,15
BRDA:16,2,0,21
BRDA:16,2,1,69
BRDA:40,3,0,0
BRDA:40,3,1,1
BRDA:51,4,0,1
BRDA:51,4,1,0
BRDA:71,5,0,1
BRDA:71,5,1,0
BRDA:82,6,0,0
BRDA:82,6,1,0
BRDA:109,7,0,0
BRDA:7,8,0,3
BRDA:7,8,1,66
BRDA:13,9,0,5
BRDA:13,9,1,68
BRDA:13,10,0,73
BRDA:13,10,1,5
BRDA:36,11,0,2
BRDA:36,11,1,0
BRDA:49,12,0,0
BRDA:49,12,1,1
BRDA:67,13,0,0
BRDA:67,13,1,0
BRDA:80,14,0,1
BRDA:80,14,1,0
BRDA:105,15,0,0
BRF:30
BRH:17
end_of_record
TN:
SF:src\context\FavoritesContext.cy.jsx
FN:4,(anonymous_0)
FN:12,(anonymous_1)
FN:17,(anonymous_2)
FN:18,(anonymous_3)
FNF:4
FNH:4
FNDA:6,(anonymous_0)
FNDA:4,(anonymous_1)
FNDA:2,(anonymous_2)
FNDA:2,(anonymous_3)
DA:4,2
DA:5,6
DA:6,6
DA:8,6
DA:12,4
DA:17,2
DA:18,2
DA:19,2
DA:21,2
DA:27,2
DA:28,2
DA:30,2
DA:31,2
DA:32,2
DA:34,2
DA:35,2
LF:16
LH:16
BRF:0
BRH:0
end_of_record
TN:
SF:src\context\FavoritesContext.jsx
FN:5,FavoritesProvider
FN:6,(anonymous_1)
FN:11,(anonymous_2)
FN:15,(anonymous_3)
FN:16,(anonymous_4)
FN:17,(anonymous_5)
FN:19,(anonymous_6)
FN:26,(anonymous_7)
FN:27,(anonymous_8)
FN:43,useFavorites
FN:3,FavoritesProvider
FN:5,(anonymous_1)
FN:8,(anonymous_2)
FN:12,(anonymous_3)
FN:13,(anonymous_4)
FN:15,(anonymous_5)
FN:17,(anonymous_6)
FN:23,(anonymous_7)
FN:24,(anonymous_8)
FN:39,useFavorites
FNF:20
FNH:20
FNDA:14,FavoritesProvider
FNDA:87,(anonymous_1)
FNDA:87,(anonymous_2)
FNDA:73,(anonymous_3)
FNDA:73,(anonymous_4)
FNDA:4,(anonymous_5)
FNDA:4,(anonymous_6)
FNDA:355,(anonymous_7)
FNDA:73,(anonymous_8)
FNDA:316,useFavorites
FNDA:73,FavoritesProvider
FNDA:83,(anonymous_1)
FNDA:87,(anonymous_2)
FNDA:18,(anonymous_3)
FNDA:18,(anonymous_4)
FNDA:2,(anonymous_5)
FNDA:2,(anonymous_6)
FNDA:40,(anonymous_7)
FNDA:18,(anonymous_8)
FNDA:49,useFavorites
DA:1,41
DA:3,7
DA:5,156
DA:6,69
DA:7,14
DA:8,87
DA:9,73
DA:11,14
DA:12,73
DA:13,4
DA:15,16
DA:16,4
DA:17,4
DA:18,0
DA:19,4
DA:21,73
DA:23,73
DA:24,30
DA:26,14
DA:27,282
DA:30,14
DA:32,73
DA:36,14
DA:41,49
DA:43,414
DA:44,316
DA:45,316
DA:46,0
DA:48,316
DA:49,7
LF:30
LH:28
BRDA:8,0,0,0
BRDA:8,0,1,14
BRDA:18,1,0,0
BRDA:18,1,1,0
BRDA:45,2,0,0
BRDA:6,3,0,2
BRDA:6,3,1,67
BRDA:16,4,0,2
BRDA:16,4,1,2
BRDA:41,5,0,0
BRF:10
BRH:5
end_of_record
TN:
SF:src\hooks\useFetch.jsx
FN:3,useFetch
FN:8,(anonymous_1)
FN:11,(anonymous_2)
FN:1,useFetch
FN:5,(anonymous_1)
FN:8,(anonymous_2)
FNF:6
FNH:6
FNDA:36,useFetch
FNDA:12,(anonymous_1)
FNDA:46,(anonymous_2)
FNDA:34,useFetch
FNDA:55,(anonymous_1)
FNDA:31,(anonymous_2)
DA:3,70
DA:4,70
DA:5,70
DA:6,70
DA:8,55
DA:9,62
DA:11,55
DA:12,31
DA:13,31
DA:15,46
DA:16,62
DA:18,28
DA:20,12
DA:22,26
DA:23,19
DA:24,27
DA:26,26
DA:28,25
DA:30,42
DA:32,40
DA:36,116
DA:39,36
DA:40,7
LF:23
LH:23
BRDA:9,0,0,0
BRDA:22,1,0,0
BRDA:6,2,0,0
BRDA:18,3,0,0
BRF:4
BRH:0
end_of_record
TN:
SF:src\pages\AboutPage.cy.jsx
FN:7,(anonymous_0)
FN:8,(anonymous_1)
FN:12,(anonymous_2)
FN:15,(anonymous_3)
FNF:4
FNH:2
FNDA:2,(anonymous_0)
FNDA:2,(anonymous_1)
FNDA:0,(anonymous_2)
FNDA:0,(anonymous_3)
DA:7,2
DA:8,2
DA:9,2
DA:15,2
DA:17,2
DA:27,2
DA:28,2
DA:29,2
LF:8
LH:8
BRF:0
BRH:0
end_of_record
TN:
SF:src\pages\AboutPage.jsx
FN:6,AboutPage
FNF:1
FNH:1
FNDA:2,AboutPage
DA:7,2
DA:65,7
DA:67,7
LF:3
LH:3
BRF:0
BRH:0
end_of_record
TN:
SF:src\pages\AuthPage.cy.jsx
FN:7,(anonymous_0)
FN:8,(anonymous_1)
FN:14,(anonymous_2)
FN:17,(anonymous_3)
FN:30,(anonymous_4)
FN:37,(anonymous_5)
FN:44,(anonymous_6)
FNF:7
FNH:5
FNDA:4,(anonymous_0)
FNDA:9,(anonymous_1)
FNDA:0,(anonymous_2)
FNDA:0,(anonymous_3)
FNDA:4,(anonymous_4)
FNDA:3,(anonymous_5)
FNDA:2,(anonymous_6)
DA:7,4
DA:8,4
DA:9,9
DA:17,9
DA:19,9
DA:30,4
DA:31,4
DA:32,4
DA:33,4
DA:34,4
DA:37,4
DA:38,3
DA:39,3
DA:40,3
DA:41,3
DA:44,4
DA:45,2
DA:46,2
DA:48,2
DA:50,2
DA:51,2
DA:53,2
DA:55,2
LF:23
LH:23
BRDA:8,0,0,7
BRF:1
BRH:1
end_of_record
TN:
SF:src\pages\AuthPage.jsx
FN:8,AuthPage
FN:20,(anonymous_1)
FN:63,(anonymous_2)
FN:72,(anonymous_3)
FN:91,(anonymous_4)
FN:109,(anonymous_5)
FN:122,(anonymous_6)
FN:140,(anonymous_7)
FN:8,(anonymous_8)
FN:6,AuthPage
FN:17,(anonymous_1)
FN:61,(anonymous_2)
FN:70,(anonymous_3)
FN:89,(anonymous_4)
FN:107,(anonymous_5)
FN:120,(anonymous_6)
FN:138,(anonymous_7)
FNF:17
FNH:17
FNDA:212,AuthPage
FNDA:73,(anonymous_1)
FNDA:72,(anonymous_2)
FNDA:72,(anonymous_3)
FNDA:121,(anonymous_4)
FNDA:89,(anonymous_5)
FNDA:91,(anonymous_6)
FNDA:82,(anonymous_7)
FNDA:2,(anonymous_8)
FNDA:71,AuthPage
FNDA:217,(anonymous_1)
FNDA:221,(anonymous_2)
FNDA:212,(anonymous_3)
FNDA:240,(anonymous_4)
FNDA:212,(anonymous_5)
FNDA:230,(anonymous_6)
FNDA:212,(anonymous_7)
DA:8,354
DA:9,212
DA:10,283
DA:12,283
DA:14,212
DA:15,212
DA:16,283
DA:17,283
DA:18,283
DA:20,212
DA:21,217
DA:22,217
DA:24,5
DA:25,6
DA:26,5
DA:27,8
DA:28,4
DA:29,3
DA:30,6
DA:31,5
DA:33,6
DA:34,2
DA:35,2
DA:36,6
DA:37,5
DA:38,2
DA:39,2
DA:40,6
DA:41,5
DA:42,6
DA:43,2
DA:45,2
DA:47,1
DA:48,2
DA:50,71
DA:51,71
DA:55,212
DA:62,221
DA:63,221
DA:64,72
DA:65,72
DA:71,212
DA:72,212
DA:73,72
DA:74,72
DA:89,240
DA:91,121
DA:107,212
DA:109,89
DA:120,230
DA:122,91
DA:138,212
DA:140,82
DA:155,7
DA:157,7
LF:55
LH:55
BRDA:24,0,0,1
BRDA:24,0,1,1
BRDA:25,1,0,5
BRDA:25,2,0,4
BRDA:25,2,1,3
BRDA:30,3,0,5
BRDA:30,3,1,1
BRDA:36,4,0,5
BRDA:40,5,0,5
BRDA:40,6,0,1
BRDA:40,6,1,1
BRDA:40,6,2,1
BRDA:47,7,0,1
BRDA:47,7,1,0
BRDA:62,8,0,64
BRDA:62,8,1,148
BRDA:71,9,0,148
BRDA:71,9,1,64
BRDA:98,10,0,148
BRDA:98,10,1,64
BRDA:129,11,0,148
BRDA:129,11,1,64
BRDA:144,12,0,212
BRDA:144,12,1,2
BRDA:147,13,0,148
BRDA:147,13,1,64
BRDA:21,14,0,5
BRDA:21,14,1,0
BRDA:22,15,0,3
BRDA:22,16,0,5
BRDA:22,16,1,2
BRDA:28,17,0,1
BRDA:28,17,1,3
BRDA:34,18,0,1
BRDA:38,19,0,1
BRDA:38,20,0,0
BRDA:38,20,1,1
BRDA:38,20,2,0
BRDA:43,21,0,1
BRDA:43,21,1,1
BRDA:61,22,0,62
BRDA:61,22,1,9
BRDA:70,23,0,9
BRDA:70,23,1,62
BRDA:96,24,0,9
BRDA:96,24,1,62
BRDA:127,25,0,9
BRDA:127,25,1,62
BRDA:126,26,0,71
BRDA:126,26,1,5
BRDA:144,27,0,221
BRDA:144,27,1,64
BRF:52
BRH:48
end_of_record
TN:
SF:src\pages\BrandDetailPage.cy.jsx
FN:5,(anonymous_0)
FN:6,(anonymous_1)
FN:16,(anonymous_2)
FNF:3
FNH:3
FNDA:2,(anonymous_0)
FNDA:2,(anonymous_1)
FNDA:2,(anonymous_2)
DA:5,2
DA:6,2
DA:7,2
DA:16,2
DA:17,2
DA:25,2
DA:27,2
DA:28,2
DA:29,2
LF:9
LH:9
BRF:0
BRH:0
end_of_record
TN:
SF:src\pages\BrandDetailPage.jsx
FN:9,BrandDetailPage
FN:15,(anonymous_1)
FN:31,(anonymous_2)
FN:9,(anonymous_3)
FN:7,BrandDetailPage
FN:12,(anonymous_1)
FN:27,(anonymous_2)
FNF:7
FNH:5
FNDA:0,BrandDetailPage
FNDA:4,(anonymous_1)
FNDA:4,(anonymous_2)
FNDA:0,(anonymous_3)
FNDA:4,BrandDetailPage
FNDA:4,(anonymous_1)
FNDA:2,(anonymous_2)
DA:9,4
DA:10,4
DA:12,7
DA:13,0
DA:14,4
DA:15,4
DA:19,0
DA:27,2
DA:32,4
DA:52,7
DA:54,7
LF:11
LH:9
BRDA:13,0,0,0
BRDA:13,0,1,0
BRDA:26,1,0,0
BRDA:26,1,1,0
BRDA:27,2,0,0
BRDA:27,2,1,0
BRDA:29,3,0,0
BRDA:29,3,1,0
BRDA:29,3,2,0
BRDA:42,4,0,0
BRDA:42,4,1,0
BRDA:42,4,2,0
BRDA:10,5,0,2
BRDA:10,5,1,2
BRDA:23,6,0,4
BRDA:23,6,1,2
BRDA:26,7,0,4
BRDA:26,7,1,0
BRDA:27,8,0,4
BRDA:27,8,1,2
BRDA:27,8,2,2
BRDA:32,9,0,4
BRDA:32,9,1,2
BRDA:32,9,2,0
BRF:24
BRH:10
end_of_record
TN:
SF:src\pages\BrandsPage.cy.jsx
FN:5,(anonymous_0)
FN:6,(anonymous_1)
FN:16,(anonymous_2)
FN:26,(anonymous_3)
FNF:4
FNH:4
FNDA:3,(anonymous_0)
FNDA:5,(anonymous_1)
FNDA:3,(anonymous_2)
FNDA:2,(anonymous_3)
DA:5,3
DA:6,3
DA:7,5
DA:16,3
DA:17,3
DA:22,3
DA:23,3
DA:26,3
DA:27,2
DA:32,2
DA:33,2
DA:34,2
LF:12
LH:12
BRF:0
BRH:0
end_of_record
TN:
SF:src\pages\BrandsPage.jsx
FN:27,BrandsPage
FN:30,(anonymous_1)
FN:45,(anonymous_2)
FN:64,(anonymous_3)
FN:68,(anonymous_4)
FN:80,(anonymous_5)
FN:88,(anonymous_6)
FN:27,(anonymous_7)
FN:25,BrandsPage
FN:27,(anonymous_1)
FN:42,(anonymous_2)
FN:44,(anonymous_3)
FN:62,(anonymous_4)
FN:76,(anonymous_5)
FN:84,(anonymous_6)
FNF:15
FNH:11
FNDA:0,BrandsPage
FNDA:9,(anonymous_1)
FNDA:9,(anonymous_2)
FNDA:9,(anonymous_3)
FNDA:234,(anonymous_4)
FNDA:9,(anonymous_5)
FNDA:8,(anonymous_6)
FNDA:0,(anonymous_7)
FNDA:9,BrandsPage
FNDA:0,(anonymous_1)
FNDA:135,(anonymous_2)
FNDA:234,(anonymous_3)
FNDA:0,(anonymous_4)
FNDA:8,(anonymous_5)
FNDA:16,(anonymous_6)
DA:5,5
DA:7,7
DA:22,5
DA:25,7
DA:27,9
DA:28,9
DA:30,0
DA:31,0
DA:32,0
DA:33,9
DA:37,0
DA:42,135
DA:44,234
DA:46,9
DA:62,0
DA:65,9
DA:68,234
DA:77,8
DA:81,9
DA:84,16
DA:89,8
DA:105,7
DA:107,7
LF:23
LH:18
BRDA:32,0,0,0
BRDA:77,1,0,9
BRDA:77,1,1,4
BRDA:79,2,0,0
BRDA:79,2,1,0
BRDA:30,3,0,0
BRDA:63,4,0,9
BRDA:63,4,1,5
BRDA:76,5,0,9
BRDA:76,5,1,4
BRF:10
BRH:6
end_of_record
TN:
SF:src\pages\FavoritesPage.cy.jsx
FN:5,(anonymous_0)
FN:6,(anonymous_1)
FN:18,(anonymous_2)
FNF:3
FNH:3
FNDA:3,(anonymous_0)
FNDA:3,(anonymous_1)
FNDA:2,(anonymous_2)
DA:5,3
DA:6,3
DA:7,3
DA:9,3
DA:15,3
DA:18,3
DA:19,2
DA:22,2
DA:24,2
DA:30,2
DA:31,2
DA:32,2
LF:12
LH:12
BRF:0
BRH:0
end_of_record
TN:
SF:src\pages\FavoritesPage.jsx
FN:9,FavoritesPage
FN:24,(anonymous_1)
FN:9,(anonymous_2)
FN:7,FavoritesPage
FN:20,(anonymous_1)
FNF:5
FNH:3
FNDA:0,FavoritesPage
FNDA:5,(anonymous_1)
FNDA:0,(anonymous_2)
FNDA:5,FavoritesPage
FNDA:2,(anonymous_1)
DA:9,5
DA:10,7
DA:12,0
DA:20,2
DA:25,5
DA:46,7
DA:48,7
LF:7
LH:6
BRDA:18,0,0,0
BRDA:18,0,1,0
BRDA:16,1,0,2
BRDA:16,1,1,3
BRF:4
BRH:2
end_of_record
TN:
SF:src\pages\HomePage.cy.jsx
FN:5,(anonymous_0)
FN:6,(anonymous_1)
FN:26,(anonymous_2)
FN:39,(anonymous_3)
FNF:4
FNH:4
FNDA:3,(anonymous_0)
FNDA:5,(anonymous_1)
FNDA:3,(anonymous_2)
FNDA:2,(anonymous_3)
DA:5,3
DA:6,3
DA:7,5
DA:26,3
DA:27,3
DA:33,3
DA:35,3
DA:36,3
DA:39,3
DA:40,2
DA:45,2
LF:11
LH:11
BRF:0
BRH:0
end_of_record
TN:
SF:src\pages\HomePage.jsx
FN:59,HomePage
FN:76,(anonymous_1)
FN:79,(anonymous_2)
FN:80,(anonymous_3)
FN:91,(anonymous_4)
FN:95,(anonymous_5)
FN:96,(anonymous_6)
FN:97,(anonymous_7)
FN:99,(anonymous_8)
FN:102,(anonymous_9)
FN:113,(anonymous_10)
FN:117,(anonymous_11)
FN:124,(anonymous_12)
FN:127,(anonymous_13)
FN:133,(anonymous_14)
FN:138,(anonymous_15)
FN:146,(anonymous_16)
FN:152,(anonymous_17)
FN:156,(anonymous_18)
FN:157,handleClickOutside
FN:166,(anonymous_20)
FN:169,(anonymous_21)
FN:176,(anonymous_22)
FN:191,(anonymous_23)
FN:229,(anonymous_24)
FN:233,(anonymous_25)
FN:255,(anonymous_26)
FN:259,(anonymous_27)
FN:281,(anonymous_28)
FN:292,(anonymous_29)
FN:302,(anonymous_30)
FN:337,(anonymous_31)
FN:351,(anonymous_32)
FN:59,(anonymous_33)
FN:56,HomePage
FN:72,(anonymous_1)
FN:76,(anonymous_2)
FN:79,(anonymous_3)
FN:88,(anonymous_4)
FN:92,(anonymous_5)
FN:93,(anonymous_6)
FN:95,(anonymous_7)
FN:97,(anonymous_8)
FN:110,(anonymous_10)
FN:114,(anonymous_11)
FN:121,(anonymous_12)
FN:125,(anonymous_13)
FN:130,(anonymous_14)
FN:135,(anonymous_15)
FN:143,(anonymous_16)
FN:149,(anonymous_17)
FN:153,(anonymous_18)
FN:154,handleClickOutside
FN:164,(anonymous_20)
FN:166,(anonymous_21)
FN:173,(anonymous_22)
FN:189,(anonymous_23)
FN:209,(anonymous_24)
FN:227,(anonymous_25)
FN:252,(anonymous_26)
FN:204,(anonymous_27)
FN:277,(anonymous_28)
FN:285,(anonymous_29)
FN:276,(anonymous_30)
FN:333,(anonymous_31)
FN:341,(anonymous_32)
FNF:66
FNH:65
FNDA:32,HomePage
FNDA:31,(anonymous_1)
FNDA:71,(anonymous_2)
FNDA:364,(anonymous_3)
FNDA:11,(anonymous_4)
FNDA:21,(anonymous_5)
FNDA:11,(anonymous_6)
FNDA:7,(anonymous_7)
FNDA:59,(anonymous_8)
FNDA:26,(anonymous_9)
FNDA:33,(anonymous_10)
FNDA:115,(anonymous_11)
FNDA:33,(anonymous_12)
FNDA:115,(anonymous_13)
FNDA:12,(anonymous_14)
FNDA:12,(anonymous_15)
FNDA:11,(anonymous_16)
FNDA:12,(anonymous_17)
FNDA:21,(anonymous_18)
FNDA:11,handleClickOutside
FNDA:16,(anonymous_20)
FNDA:11,(anonymous_21)
FNDA:43,(anonymous_22)
FNDA:343,(anonymous_23)
FNDA:21,(anonymous_24)
FNDA:0,(anonymous_25)
FNDA:107,(anonymous_26)
FNDA:33,(anonymous_27)
FNDA:11,(anonymous_28)
FNDA:11,(anonymous_29)
FNDA:71,(anonymous_30)
FNDA:11,(anonymous_31)
FNDA:11,(anonymous_32)
FNDA:6,(anonymous_33)
FNDA:11,HomePage
FNDA:43,(anonymous_1)
FNDA:44,(anonymous_2)
FNDA:68,(anonymous_3)
FNDA:32,(anonymous_4)
FNDA:39,(anonymous_5)
FNDA:32,(anonymous_6)
FNDA:10,(anonymous_7)
FNDA:2,(anonymous_8)
FNDA:43,(anonymous_10)
FNDA:22,(anonymous_11)
FNDA:43,(anonymous_12)
FNDA:22,(anonymous_13)
FNDA:32,(anonymous_14)
FNDA:32,(anonymous_15)
FNDA:32,(anonymous_16)
FNDA:32,(anonymous_17)
FNDA:39,(anonymous_18)
FNDA:32,handleClickOutside
FNDA:12,(anonymous_20)
FNDA:32,(anonymous_21)
FNDA:43,(anonymous_22)
FNDA:40,(anonymous_23)
FNDA:32,(anonymous_24)
FNDA:32,(anonymous_25)
FNDA:65,(anonymous_26)
FNDA:32,(anonymous_27)
FNDA:32,(anonymous_28)
FNDA:32,(anonymous_29)
FNDA:56,(anonymous_30)
FNDA:32,(anonymous_31)
FNDA:32,(anonymous_32)
DA:8,5
DA:10,7
DA:17,5
DA:20,7
DA:59,54
DA:60,54
DA:61,32
DA:62,43
DA:63,32
DA:64,32
DA:66,32
DA:67,32
DA:69,32
DA:70,32
DA:71,32
DA:72,43
DA:74,43
DA:76,32
DA:77,56
DA:79,58
DA:80,64
DA:81,364
DA:84,71
DA:88,11
DA:89,0
DA:91,32
DA:92,11
DA:93,7
DA:95,32
DA:96,10
DA:97,19
DA:99,21
DA:100,11
DA:102,43
DA:103,32
DA:104,15
DA:105,11
DA:106,15
DA:107,15
DA:108,11
DA:109,11
DA:110,11
DA:111,43
DA:113,32
DA:114,32
DA:115,4
DA:118,104
DA:121,11
DA:122,11
DA:124,32
DA:125,32
DA:126,4
DA:128,104
DA:130,11
DA:131,0
DA:133,32
DA:134,1
DA:135,11
DA:136,0
DA:138,32
DA:139,33
DA:140,32
DA:141,12
DA:142,1
DA:143,11
DA:144,0
DA:146,32
DA:147,32
DA:148,0
DA:149,11
DA:150,0
DA:152,32
DA:153,12
DA:156,32
DA:157,32
DA:158,15
DA:162,39
DA:164,73
DA:165,10
DA:166,11
DA:167,0
DA:169,32
DA:170,0
DA:171,11
DA:172,0
DA:173,11
DA:174,11
DA:176,32
DA:177,43
DA:178,68
DA:179,25
DA:180,11
DA:181,36
DA:185,32
DA:186,25
DA:187,11
DA:188,11
DA:189,40
DA:191,14
DA:192,332
DA:196,32
DA:204,32
DA:209,32
DA:227,32
DA:230,21
DA:233,0
DA:252,65
DA:256,107
DA:259,33
DA:277,32
DA:281,11
DA:285,32
DA:292,11
DA:297,56
DA:303,71
DA:333,32
DA:337,11
DA:341,32
DA:351,11
DA:364,7
DA:366,7
LF:121
LH:111
BRDA:77,0,0,10
BRDA:86,1,0,60
BRDA:86,1,1,0
BRDA:104,2,0,0
BRDA:104,3,0,15
BRDA:104,3,1,11
BRDA:114,4,0,18
BRDA:114,5,0,22
BRDA:114,5,1,6
BRDA:118,6,0,104
BRDA:118,6,1,68
BRDA:125,7,0,18
BRDA:125,8,0,22
BRDA:125,8,1,4
BRDA:128,9,0,104
BRDA:128,9,1,68
BRDA:153,10,0,0
BRDA:158,11,0,2
BRDA:159,12,0,4
BRDA:159,12,1,4
BRDA:170,13,0,0
BRDA:171,14,0,0
BRDA:171,14,1,0
BRDA:177,15,0,18
BRDA:179,16,0,0
BRDA:185,17,0,14
BRDA:185,17,1,0
BRDA:186,18,0,0
BRDA:187,19,0,0
BRDA:227,20,0,32
BRDA:227,20,1,6
BRDA:227,20,2,2
BRDA:236,21,0,21
BRDA:236,21,1,0
BRDA:258,22,0,32
BRDA:258,22,1,64
BRDA:265,23,0,4
BRDA:265,23,1,28
BRDA:303,24,0,60
BRDA:303,24,1,11
BRDA:331,25,0,28
BRDA:331,25,1,0
BRDA:74,26,0,7
BRDA:84,27,0,0
BRDA:84,27,1,24
BRDA:102,28,0,0
BRDA:102,29,0,11
BRDA:102,29,1,0
BRDA:111,30,0,11
BRDA:111,31,0,11
BRDA:111,31,1,0
BRDA:114,32,0,0
BRDA:114,32,1,0
BRDA:122,33,0,11
BRDA:122,34,0,11
BRDA:122,34,1,0
BRDA:125,35,0,0
BRDA:125,35,1,0
BRDA:150,36,0,0
BRDA:156,37,0,0
BRDA:156,38,0,0
BRDA:156,38,1,0
BRDA:167,39,0,0
BRDA:169,40,0,0
BRDA:169,40,1,0
BRDA:174,41,0,7
BRDA:178,42,0,0
BRDA:181,43,0,4
BRDA:181,43,1,14
BRDA:181,44,0,0
BRDA:185,45,0,0
BRDA:209,46,0,11
BRDA:209,46,1,0
BRDA:209,46,2,0
BRDA:233,47,0,32
BRDA:233,47,1,6
BRDA:204,48,0,11
BRDA:204,48,1,22
BRDA:200,49,0,0
BRDA:200,49,1,11
BRDA:297,50,0,4
BRDA:297,50,1,52
BRDA:301,51,0,15
BRDA:301,51,1,28
BRF:84
BRH:50
end_of_record
TN:
SF:src\pages\NotFoundPage.cy.jsx
FN:5,(anonymous_0)
FN:6,(anonymous_1)
FNF:2
FNH:2
FNDA:2,(anonymous_0)
FNDA:2,(anonymous_1)
DA:5,2
DA:6,2
DA:7,2
DA:13,2
DA:14,2
DA:15,2
LF:6
LH:6
BRF:0
BRH:0
end_of_record
TN:
SF:src\pages\NotFoundPage.jsx
FN:7,NotFoundPage
FNF:1
FNH:1
FNDA:2,NotFoundPage
DA:8,2
DA:24,7
DA:26,7
LF:3
LH:3
BRF:0
BRH:0
end_of_record
TN:
SF:src\pages\PerfumeDetail.cy.jsx
FN:5,(anonymous_0)
FN:6,(anonymous_1)
FN:22,(anonymous_2)
FN:39,(anonymous_3)
FNF:4
FNH:4
FNDA:3,(anonymous_0)
FNDA:5,(anonymous_1)
FNDA:3,(anonymous_2)
FNDA:2,(anonymous_3)
DA:5,3
DA:6,3
DA:7,5
DA:22,3
DA:23,3
DA:31,3
DA:33,3
DA:34,3
DA:35,3
DA:36,3
DA:39,3
DA:40,2
DA:48,2
DA:49,2
LF:14
LH:14
BRF:0
BRH:0
end_of_record
TN:
SF:src\pages\PerfumeDetail.jsx
FN:12,PerfumeDetailPage
FN:20,(anonymous_1)
FN:53,(anonymous_2)
FN:96,(anonymous_3)
FN:116,(anonymous_4)
FN:12,(anonymous_5)
FN:10,PerfumeDetailPage
FN:17,(anonymous_1)
FN:49,(anonymous_2)
FN:92,(anonymous_3)
FN:75,(anonymous_4)
FNF:11
FNH:11
FNDA:4,PerfumeDetailPage
FNDA:12,(anonymous_1)
FNDA:10,(anonymous_2)
FNDA:24,(anonymous_3)
FNDA:18,(anonymous_4)
FNDA:1,(anonymous_5)
FNDA:10,PerfumeDetailPage
FNDA:9,(anonymous_1)
FNDA:4,(anonymous_2)
FNDA:7,(anonymous_3)
FNDA:4,(anonymous_4)
DA:12,14
DA:13,10
DA:14,10
DA:16,10
DA:17,14
DA:18,14
DA:20,9
DA:22,4
DA:23,2
DA:24,5
DA:32,2
DA:34,2
DA:35,0
DA:47,5
DA:49,3
DA:51,5
DA:53,2
DA:54,2
DA:56,0
DA:57,0
DA:59,0
DA:60,3
DA:63,2
DA:66,3
DA:70,2
DA:75,2
DA:92,5
DA:97,17
DA:117,11
DA:140,7
DA:142,7
LF:31
LH:27
BRDA:20,0,0,7
BRDA:20,0,1,7
BRDA:22,1,0,2
BRDA:34,2,0,0
BRDA:34,3,0,4
BRDA:34,3,1,5
BRDA:40,4,0,2
BRDA:40,4,1,3
BRDA:56,5,0,0
BRDA:56,5,1,0
BRDA:64,6,0,2
BRDA:64,6,1,0
BRDA:84,7,0,0
BRDA:84,7,1,2
BRDA:95,8,0,2
BRDA:95,8,1,2
BRDA:114,9,0,2
BRDA:114,9,1,2
BRDA:127,10,0,2
BRDA:127,10,1,2
BRDA:17,11,0,5
BRDA:17,11,1,5
BRDA:18,12,0,5
BRDA:24,13,0,2
BRDA:24,14,0,7
BRDA:24,14,1,7
BRDA:37,15,0,0
BRDA:37,15,1,4
BRDA:53,16,0,0
BRDA:53,16,1,0
BRDA:61,17,0,3
BRDA:61,17,1,3
BRDA:83,18,0,0
BRDA:83,18,1,3
BRDA:92,19,0,3
BRDA:92,19,1,3
BRDA:75,20,0,3
BRDA:75,20,1,0
BRDA:117,21,0,3
BRDA:117,21,1,3
BRF:40
BRH:30
end_of_record
